[DEBUG] 2020-02-17 10:40:32.920 [main] IntegratorServiceImpl - Adding Integrator [org.hibernate.cfg.beanvalidation.BeanValidationIntegrator].
[DEBUG] 2020-02-17 10:40:32.939 [main] IntegratorServiceImpl - Adding Integrator [org.hibernate.secure.spi.JaccIntegrator].
[DEBUG] 2020-02-17 10:40:32.961 [main] IntegratorServiceImpl - Adding Integrator [org.hibernate.cache.internal.CollectionCacheInvalidator].
[INFO ] 2020-02-17 10:40:33.281 [main] Version - HHH000412: Hibernate Core {5.4.4.Final}
[DEBUG] 2020-02-17 10:40:33.290 [main] Environment - HHH000206: hibernate.properties not found
[DEBUG] 2020-02-17 10:40:33.900 [main] LocalXmlResourceResolver - Interpreting public/system identifier : [-//Hibernate/Hibernate Configuration DTD//EN] - [http://www.hibernate.org/dtd/hibernate-configuration-3.0.dtd]
[DEBUG] 2020-02-17 10:40:33.901 [main] LocalXmlResourceResolver - Recognized hibernate-configuration identifier; attempting to resolve on classpath under org/hibernate/
[DEBUG] 2020-02-17 10:40:33.935 [main] JaxbCfgProcessor - cfg.xml document did not define namespaces; wrapping in custom event reader to introduce namespace information
[DEBUG] 2020-02-17 10:40:34.989 [main] ServiceBinding - Overriding existing service binding [org.hibernate.secure.spi.JaccService]
[DEBUG] 2020-02-17 10:40:35.058 [main] RegionFactoryInitiator - Cannot default RegionFactory based on registered strategies as `[]` RegionFactory strategies were registered
[DEBUG] 2020-02-17 10:40:35.061 [main] RegionFactoryInitiator - Cache region factory : org.hibernate.cache.internal.NoCachingRegionFactory
[INFO ] 2020-02-17 10:40:35.100 [main] Version - HCANN000001: Hibernate Commons Annotations {5.1.0.Final}
[DEBUG] 2020-02-17 10:40:35.180 [main] BasicTypeRegistry - Adding type registration boolean -> org.hibernate.type.BooleanType@5942ee04
[DEBUG] 2020-02-17 10:40:35.181 [main] BasicTypeRegistry - Adding type registration boolean -> org.hibernate.type.BooleanType@5942ee04
[DEBUG] 2020-02-17 10:40:35.181 [main] BasicTypeRegistry - Adding type registration java.lang.Boolean -> org.hibernate.type.BooleanType@5942ee04
[DEBUG] 2020-02-17 10:40:35.182 [main] BasicTypeRegistry - Adding type registration numeric_boolean -> org.hibernate.type.NumericBooleanType@14faa38c
[DEBUG] 2020-02-17 10:40:35.183 [main] BasicTypeRegistry - Adding type registration true_false -> org.hibernate.type.TrueFalseType@2fb5fe30
[DEBUG] 2020-02-17 10:40:35.183 [main] BasicTypeRegistry - Adding type registration yes_no -> org.hibernate.type.YesNoType@5b6e8f77
[DEBUG] 2020-02-17 10:40:35.185 [main] BasicTypeRegistry - Adding type registration byte -> org.hibernate.type.ByteType@c3c4c1c
[DEBUG] 2020-02-17 10:40:35.185 [main] BasicTypeRegistry - Adding type registration byte -> org.hibernate.type.ByteType@c3c4c1c
[DEBUG] 2020-02-17 10:40:35.186 [main] BasicTypeRegistry - Adding type registration java.lang.Byte -> org.hibernate.type.ByteType@c3c4c1c
[DEBUG] 2020-02-17 10:40:35.188 [main] BasicTypeRegistry - Adding type registration character -> org.hibernate.type.CharacterType@41d7b27f
[DEBUG] 2020-02-17 10:40:35.189 [main] BasicTypeRegistry - Adding type registration char -> org.hibernate.type.CharacterType@41d7b27f
[DEBUG] 2020-02-17 10:40:35.189 [main] BasicTypeRegistry - Adding type registration java.lang.Character -> org.hibernate.type.CharacterType@41d7b27f
[DEBUG] 2020-02-17 10:40:35.191 [main] BasicTypeRegistry - Adding type registration short -> org.hibernate.type.ShortType@5a9800f8
[DEBUG] 2020-02-17 10:40:35.192 [main] BasicTypeRegistry - Adding type registration short -> org.hibernate.type.ShortType@5a9800f8
[DEBUG] 2020-02-17 10:40:35.192 [main] BasicTypeRegistry - Adding type registration java.lang.Short -> org.hibernate.type.ShortType@5a9800f8
[DEBUG] 2020-02-17 10:40:35.193 [main] BasicTypeRegistry - Adding type registration integer -> org.hibernate.type.IntegerType@7e97551f
[DEBUG] 2020-02-17 10:40:35.194 [main] BasicTypeRegistry - Adding type registration int -> org.hibernate.type.IntegerType@7e97551f
[DEBUG] 2020-02-17 10:40:35.194 [main] BasicTypeRegistry - Adding type registration java.lang.Integer -> org.hibernate.type.IntegerType@7e97551f
[DEBUG] 2020-02-17 10:40:35.196 [main] BasicTypeRegistry - Adding type registration long -> org.hibernate.type.LongType@73d69c0f
[DEBUG] 2020-02-17 10:40:35.196 [main] BasicTypeRegistry - Adding type registration long -> org.hibernate.type.LongType@73d69c0f
[DEBUG] 2020-02-17 10:40:35.196 [main] BasicTypeRegistry - Adding type registration java.lang.Long -> org.hibernate.type.LongType@73d69c0f
[DEBUG] 2020-02-17 10:40:35.198 [main] BasicTypeRegistry - Adding type registration float -> org.hibernate.type.FloatType@759d81f3
[DEBUG] 2020-02-17 10:40:35.198 [main] BasicTypeRegistry - Adding type registration float -> org.hibernate.type.FloatType@759d81f3
[DEBUG] 2020-02-17 10:40:35.198 [main] BasicTypeRegistry - Adding type registration java.lang.Float -> org.hibernate.type.FloatType@759d81f3
[DEBUG] 2020-02-17 10:40:35.200 [main] BasicTypeRegistry - Adding type registration double -> org.hibernate.type.DoubleType@389562d6
[DEBUG] 2020-02-17 10:40:35.200 [main] BasicTypeRegistry - Adding type registration double -> org.hibernate.type.DoubleType@389562d6
[DEBUG] 2020-02-17 10:40:35.200 [main] BasicTypeRegistry - Adding type registration java.lang.Double -> org.hibernate.type.DoubleType@389562d6
[DEBUG] 2020-02-17 10:40:35.202 [main] BasicTypeRegistry - Adding type registration big_decimal -> org.hibernate.type.BigDecimalType@6b410923
[DEBUG] 2020-02-17 10:40:35.202 [main] BasicTypeRegistry - Adding type registration java.math.BigDecimal -> org.hibernate.type.BigDecimalType@6b410923
[DEBUG] 2020-02-17 10:40:35.204 [main] BasicTypeRegistry - Adding type registration big_integer -> org.hibernate.type.BigIntegerType@6eafb10e
[DEBUG] 2020-02-17 10:40:35.204 [main] BasicTypeRegistry - Adding type registration java.math.BigInteger -> org.hibernate.type.BigIntegerType@6eafb10e
[DEBUG] 2020-02-17 10:40:35.205 [main] BasicTypeRegistry - Adding type registration string -> org.hibernate.type.StringType@757529a4
[DEBUG] 2020-02-17 10:40:35.205 [main] BasicTypeRegistry - Adding type registration java.lang.String -> org.hibernate.type.StringType@757529a4
[DEBUG] 2020-02-17 10:40:35.206 [main] BasicTypeRegistry - Adding type registration nstring -> org.hibernate.type.StringNVarcharType@5ec77191
[DEBUG] 2020-02-17 10:40:35.208 [main] BasicTypeRegistry - Adding type registration ncharacter -> org.hibernate.type.CharacterNCharType@69c6161d
[DEBUG] 2020-02-17 10:40:35.209 [main] BasicTypeRegistry - Adding type registration url -> org.hibernate.type.UrlType@41e1455d
[DEBUG] 2020-02-17 10:40:35.209 [main] BasicTypeRegistry - Adding type registration java.net.URL -> org.hibernate.type.UrlType@41e1455d
[DEBUG] 2020-02-17 10:40:35.211 [main] BasicTypeRegistry - Adding type registration Duration -> org.hibernate.type.DurationType@6999cd39
[DEBUG] 2020-02-17 10:40:35.212 [main] BasicTypeRegistry - Adding type registration java.time.Duration -> org.hibernate.type.DurationType@6999cd39
[DEBUG] 2020-02-17 10:40:35.219 [main] BasicTypeRegistry - Adding type registration Instant -> org.hibernate.type.InstantType@591fd34d
[DEBUG] 2020-02-17 10:40:35.219 [main] BasicTypeRegistry - Adding type registration java.time.Instant -> org.hibernate.type.InstantType@591fd34d
[DEBUG] 2020-02-17 10:40:35.222 [main] BasicTypeRegistry - Adding type registration LocalDateTime -> org.hibernate.type.LocalDateTimeType@6ecd665
[DEBUG] 2020-02-17 10:40:35.222 [main] BasicTypeRegistry - Adding type registration java.time.LocalDateTime -> org.hibernate.type.LocalDateTimeType@6ecd665
[DEBUG] 2020-02-17 10:40:35.225 [main] BasicTypeRegistry - Adding type registration LocalDate -> org.hibernate.type.LocalDateType@2a037324
[DEBUG] 2020-02-17 10:40:35.225 [main] BasicTypeRegistry - Adding type registration java.time.LocalDate -> org.hibernate.type.LocalDateType@2a037324
[DEBUG] 2020-02-17 10:40:35.227 [main] BasicTypeRegistry - Adding type registration LocalTime -> org.hibernate.type.LocalTimeType@4d8539de
[DEBUG] 2020-02-17 10:40:35.227 [main] BasicTypeRegistry - Adding type registration java.time.LocalTime -> org.hibernate.type.LocalTimeType@4d8539de
[DEBUG] 2020-02-17 10:40:35.229 [main] BasicTypeRegistry - Adding type registration OffsetDateTime -> org.hibernate.type.OffsetDateTimeType@a619c2
[DEBUG] 2020-02-17 10:40:35.229 [main] BasicTypeRegistry - Adding type registration java.time.OffsetDateTime -> org.hibernate.type.OffsetDateTimeType@a619c2
[DEBUG] 2020-02-17 10:40:35.232 [main] BasicTypeRegistry - Adding type registration OffsetTime -> org.hibernate.type.OffsetTimeType@5173200b
[DEBUG] 2020-02-17 10:40:35.232 [main] BasicTypeRegistry - Adding type registration java.time.OffsetTime -> org.hibernate.type.OffsetTimeType@5173200b
[DEBUG] 2020-02-17 10:40:35.234 [main] BasicTypeRegistry - Adding type registration ZonedDateTime -> org.hibernate.type.ZonedDateTimeType@644abb8f
[DEBUG] 2020-02-17 10:40:35.235 [main] BasicTypeRegistry - Adding type registration java.time.ZonedDateTime -> org.hibernate.type.ZonedDateTimeType@644abb8f
[DEBUG] 2020-02-17 10:40:35.237 [main] BasicTypeRegistry - Adding type registration date -> org.hibernate.type.DateType@726a6b94
[DEBUG] 2020-02-17 10:40:35.237 [main] BasicTypeRegistry - Adding type registration java.sql.Date -> org.hibernate.type.DateType@726a6b94
[DEBUG] 2020-02-17 10:40:35.239 [main] BasicTypeRegistry - Adding type registration time -> org.hibernate.type.TimeType@69ce2f62
[DEBUG] 2020-02-17 10:40:35.239 [main] BasicTypeRegistry - Adding type registration java.sql.Time -> org.hibernate.type.TimeType@69ce2f62
[DEBUG] 2020-02-17 10:40:35.241 [main] BasicTypeRegistry - Adding type registration timestamp -> org.hibernate.type.TimestampType@720653c2
[DEBUG] 2020-02-17 10:40:35.242 [main] BasicTypeRegistry - Adding type registration java.sql.Timestamp -> org.hibernate.type.TimestampType@720653c2
[DEBUG] 2020-02-17 10:40:35.242 [main] BasicTypeRegistry - Adding type registration java.util.Date -> org.hibernate.type.TimestampType@720653c2
[DEBUG] 2020-02-17 10:40:35.245 [main] BasicTypeRegistry - Adding type registration dbtimestamp -> org.hibernate.type.DbTimestampType@43b0ade
[DEBUG] 2020-02-17 10:40:35.247 [main] BasicTypeRegistry - Adding type registration calendar -> org.hibernate.type.CalendarType@15723761
[DEBUG] 2020-02-17 10:40:35.247 [main] BasicTypeRegistry - Adding type registration java.util.Calendar -> org.hibernate.type.CalendarType@15723761
[DEBUG] 2020-02-17 10:40:35.247 [main] BasicTypeRegistry - Adding type registration java.util.GregorianCalendar -> org.hibernate.type.CalendarType@15723761
[DEBUG] 2020-02-17 10:40:35.248 [main] BasicTypeRegistry - Adding type registration calendar_date -> org.hibernate.type.CalendarDateType@6569dded
[DEBUG] 2020-02-17 10:40:35.250 [main] BasicTypeRegistry - Adding type registration locale -> org.hibernate.type.LocaleType@6d367020
[DEBUG] 2020-02-17 10:40:35.250 [main] BasicTypeRegistry - Adding type registration java.util.Locale -> org.hibernate.type.LocaleType@6d367020
[DEBUG] 2020-02-17 10:40:35.252 [main] BasicTypeRegistry - Adding type registration currency -> org.hibernate.type.CurrencyType@72ba28ee
[DEBUG] 2020-02-17 10:40:35.253 [main] BasicTypeRegistry - Adding type registration java.util.Currency -> org.hibernate.type.CurrencyType@72ba28ee
[DEBUG] 2020-02-17 10:40:35.254 [main] BasicTypeRegistry - Adding type registration timezone -> org.hibernate.type.TimeZoneType@c3fa05a
[DEBUG] 2020-02-17 10:40:35.255 [main] BasicTypeRegistry - Adding type registration java.util.TimeZone -> org.hibernate.type.TimeZoneType@c3fa05a
[DEBUG] 2020-02-17 10:40:35.256 [main] BasicTypeRegistry - Adding type registration class -> org.hibernate.type.ClassType@6579c3d9
[DEBUG] 2020-02-17 10:40:35.256 [main] BasicTypeRegistry - Adding type registration java.lang.Class -> org.hibernate.type.ClassType@6579c3d9
[DEBUG] 2020-02-17 10:40:35.258 [main] BasicTypeRegistry - Adding type registration uuid-binary -> org.hibernate.type.UUIDBinaryType@75f2099
[DEBUG] 2020-02-17 10:40:35.258 [main] BasicTypeRegistry - Adding type registration java.util.UUID -> org.hibernate.type.UUIDBinaryType@75f2099
[DEBUG] 2020-02-17 10:40:35.259 [main] BasicTypeRegistry - Adding type registration uuid-char -> org.hibernate.type.UUIDCharType@57bd802b
[DEBUG] 2020-02-17 10:40:35.261 [main] BasicTypeRegistry - Adding type registration binary -> org.hibernate.type.BinaryType@68e62ca4
[DEBUG] 2020-02-17 10:40:35.262 [main] BasicTypeRegistry - Adding type registration byte[] -> org.hibernate.type.BinaryType@68e62ca4
[DEBUG] 2020-02-17 10:40:35.262 [main] BasicTypeRegistry - Adding type registration [B -> org.hibernate.type.BinaryType@68e62ca4
[DEBUG] 2020-02-17 10:40:35.264 [main] BasicTypeRegistry - Adding type registration wrapper-binary -> org.hibernate.type.WrapperBinaryType@2e52fb3e
[DEBUG] 2020-02-17 10:40:35.264 [main] BasicTypeRegistry - Adding type registration Byte[] -> org.hibernate.type.WrapperBinaryType@2e52fb3e
[DEBUG] 2020-02-17 10:40:35.264 [main] BasicTypeRegistry - Adding type registration [Ljava.lang.Byte; -> org.hibernate.type.WrapperBinaryType@2e52fb3e
[DEBUG] 2020-02-17 10:40:35.266 [main] BasicTypeRegistry - Adding type registration row_version -> org.hibernate.type.RowVersionType@bd2f5a9
[DEBUG] 2020-02-17 10:40:35.267 [main] BasicTypeRegistry - Adding type registration image -> org.hibernate.type.ImageType@6b580b88
[DEBUG] 2020-02-17 10:40:35.269 [main] BasicTypeRegistry - Adding type registration characters -> org.hibernate.type.CharArrayType@6f8f8a80
[DEBUG] 2020-02-17 10:40:35.269 [main] BasicTypeRegistry - Adding type registration char[] -> org.hibernate.type.CharArrayType@6f8f8a80
[DEBUG] 2020-02-17 10:40:35.270 [main] BasicTypeRegistry - Adding type registration [C -> org.hibernate.type.CharArrayType@6f8f8a80
[DEBUG] 2020-02-17 10:40:35.272 [main] BasicTypeRegistry - Adding type registration wrapper-characters -> org.hibernate.type.CharacterArrayType@7004e3d
[DEBUG] 2020-02-17 10:40:35.272 [main] BasicTypeRegistry - Adding type registration [Ljava.lang.Character; -> org.hibernate.type.CharacterArrayType@7004e3d
[DEBUG] 2020-02-17 10:40:35.272 [main] BasicTypeRegistry - Adding type registration Character[] -> org.hibernate.type.CharacterArrayType@7004e3d
[DEBUG] 2020-02-17 10:40:35.273 [main] BasicTypeRegistry - Adding type registration text -> org.hibernate.type.TextType@7c28c1
[DEBUG] 2020-02-17 10:40:35.274 [main] BasicTypeRegistry - Adding type registration ntext -> org.hibernate.type.NTextType@4482469c
[DEBUG] 2020-02-17 10:40:35.277 [main] BasicTypeRegistry - Adding type registration blob -> org.hibernate.type.BlobType@5eeedb60
[DEBUG] 2020-02-17 10:40:35.277 [main] BasicTypeRegistry - Adding type registration java.sql.Blob -> org.hibernate.type.BlobType@5eeedb60
[DEBUG] 2020-02-17 10:40:35.278 [main] BasicTypeRegistry - Adding type registration materialized_blob -> org.hibernate.type.MaterializedBlobType@1b32cd16
[DEBUG] 2020-02-17 10:40:35.281 [main] BasicTypeRegistry - Adding type registration clob -> org.hibernate.type.ClobType@55ea2d70
[DEBUG] 2020-02-17 10:40:35.281 [main] BasicTypeRegistry - Adding type registration java.sql.Clob -> org.hibernate.type.ClobType@55ea2d70
[DEBUG] 2020-02-17 10:40:35.284 [main] BasicTypeRegistry - Adding type registration nclob -> org.hibernate.type.NClobType@6f099cef
[DEBUG] 2020-02-17 10:40:35.284 [main] BasicTypeRegistry - Adding type registration java.sql.NClob -> org.hibernate.type.NClobType@6f099cef
[DEBUG] 2020-02-17 10:40:35.285 [main] BasicTypeRegistry - Adding type registration materialized_clob -> org.hibernate.type.MaterializedClobType@7fedfe27
[DEBUG] 2020-02-17 10:40:35.286 [main] BasicTypeRegistry - Adding type registration materialized_nclob -> org.hibernate.type.MaterializedNClobType@56ccd751
[DEBUG] 2020-02-17 10:40:35.289 [main] BasicTypeRegistry - Adding type registration serializable -> org.hibernate.type.SerializableType@1869f114
[DEBUG] 2020-02-17 10:40:35.294 [main] BasicTypeRegistry - Adding type registration object -> org.hibernate.type.ObjectType@27b22f74
[DEBUG] 2020-02-17 10:40:35.295 [main] BasicTypeRegistry - Adding type registration java.lang.Object -> org.hibernate.type.ObjectType@27b22f74
[DEBUG] 2020-02-17 10:40:35.295 [main] BasicTypeRegistry - Adding type registration imm_date -> org.hibernate.type.AdaptedImmutableType@1917d90f
[DEBUG] 2020-02-17 10:40:35.296 [main] BasicTypeRegistry - Adding type registration imm_time -> org.hibernate.type.AdaptedImmutableType@66bfd864
[DEBUG] 2020-02-17 10:40:35.296 [main] BasicTypeRegistry - Adding type registration imm_timestamp -> org.hibernate.type.AdaptedImmutableType@4aac85fa
[DEBUG] 2020-02-17 10:40:35.296 [main] BasicTypeRegistry - Adding type registration imm_dbtimestamp -> org.hibernate.type.AdaptedImmutableType@21fff664
[DEBUG] 2020-02-17 10:40:35.297 [main] BasicTypeRegistry - Adding type registration imm_calendar -> org.hibernate.type.AdaptedImmutableType@6079cf5
[DEBUG] 2020-02-17 10:40:35.297 [main] BasicTypeRegistry - Adding type registration imm_calendar_date -> org.hibernate.type.AdaptedImmutableType@1e6308a9
[DEBUG] 2020-02-17 10:40:35.297 [main] BasicTypeRegistry - Adding type registration imm_binary -> org.hibernate.type.AdaptedImmutableType@30cecdca
[DEBUG] 2020-02-17 10:40:35.298 [main] BasicTypeRegistry - Adding type registration imm_serializable -> org.hibernate.type.AdaptedImmutableType@6edc4161
[DEBUG] 2020-02-17 10:40:35.384 [main] DefaultIdentifierGeneratorFactory - Registering IdentifierGenerator strategy [uuid2] -> [org.hibernate.id.UUIDGenerator]
[DEBUG] 2020-02-17 10:40:35.391 [main] DefaultIdentifierGeneratorFactory - Registering IdentifierGenerator strategy [guid] -> [org.hibernate.id.GUIDGenerator]
[DEBUG] 2020-02-17 10:40:35.392 [main] DefaultIdentifierGeneratorFactory - Registering IdentifierGenerator strategy [uuid] -> [org.hibernate.id.UUIDHexGenerator]
[DEBUG] 2020-02-17 10:40:35.400 [main] DefaultIdentifierGeneratorFactory - Registering IdentifierGenerator strategy [uuid.hex] -> [org.hibernate.id.UUIDHexGenerator]
[DEBUG] 2020-02-17 10:40:35.401 [main] DefaultIdentifierGeneratorFactory - Registering IdentifierGenerator strategy [assigned] -> [org.hibernate.id.Assigned]
[DEBUG] 2020-02-17 10:40:35.403 [main] DefaultIdentifierGeneratorFactory - Registering IdentifierGenerator strategy [identity] -> [org.hibernate.id.IdentityGenerator]
[DEBUG] 2020-02-17 10:40:35.404 [main] DefaultIdentifierGeneratorFactory - Registering IdentifierGenerator strategy [select] -> [org.hibernate.id.SelectGenerator]
[DEBUG] 2020-02-17 10:40:35.405 [main] DefaultIdentifierGeneratorFactory - Registering IdentifierGenerator strategy [sequence] -> [org.hibernate.id.enhanced.SequenceStyleGenerator]
[DEBUG] 2020-02-17 10:40:35.406 [main] DefaultIdentifierGeneratorFactory - Registering IdentifierGenerator strategy [seqhilo] -> [org.hibernate.id.SequenceHiLoGenerator]
[DEBUG] 2020-02-17 10:40:35.407 [main] DefaultIdentifierGeneratorFactory - Registering IdentifierGenerator strategy [increment] -> [org.hibernate.id.IncrementGenerator]
[DEBUG] 2020-02-17 10:40:35.408 [main] DefaultIdentifierGeneratorFactory - Registering IdentifierGenerator strategy [foreign] -> [org.hibernate.id.ForeignGenerator]
[DEBUG] 2020-02-17 10:40:35.409 [main] DefaultIdentifierGeneratorFactory - Registering IdentifierGenerator strategy [sequence-identity] -> [org.hibernate.id.SequenceIdentityGenerator]
[DEBUG] 2020-02-17 10:40:35.409 [main] DefaultIdentifierGeneratorFactory - Registering IdentifierGenerator strategy [enhanced-sequence] -> [org.hibernate.id.enhanced.SequenceStyleGenerator]
[DEBUG] 2020-02-17 10:40:35.413 [main] DefaultIdentifierGeneratorFactory - Registering IdentifierGenerator strategy [enhanced-table] -> [org.hibernate.id.enhanced.TableGenerator]
[INFO ] 2020-02-17 10:40:35.424 [main] C3P0ConnectionProvider - HHH010002: C3P0 using driver: com.mysql.cj.jdbc.Driver at URL: jdbc:mysql://localhost:3306/test_streamMedia
[INFO ] 2020-02-17 10:40:35.424 [main] C3P0ConnectionProvider - HHH10001001: Connection properties: {password=****, user=root}
[INFO ] 2020-02-17 10:40:35.425 [main] C3P0ConnectionProvider - HHH10001003: Autocommit mode: false
[INFO ] 2020-02-17 10:40:35.649 [main] C3P0ConnectionProvider - HHH10001007: JDBC isolation level: <unknown>
[DEBUG] 2020-02-17 10:40:37.205 [main] JdbcEnvironmentInitiator - Database ->
       name : MySQL
    version : 8.0.19
      major : 8
      minor : 0
[DEBUG] 2020-02-17 10:40:37.207 [main] JdbcEnvironmentInitiator - Driver ->
       name : MySQL Connector/J
    version : mysql-connector-java-8.0.16 (Revision: 34cbc6bc61f72836e26327537a432d6db7c77de6)
      major : 8
      minor : 0
[DEBUG] 2020-02-17 10:40:37.212 [main] JdbcEnvironmentInitiator - JDBC version : 4.2
[INFO ] 2020-02-17 10:40:37.291 [main] Dialect - HHH000400: Using dialect: org.hibernate.dialect.MySQL8Dialect
[DEBUG] 2020-02-17 10:40:37.322 [main] IdentifierHelperBuilder - JDBC driver metadata reported database stores quoted identifiers in more than one case
[DEBUG] 2020-02-17 10:40:37.370 [main] IdentifierHelperBuilder - IdentifierCaseStrategy for both quoted and unquoted identifiers was set to the same strategy [MIXED]; that will likely lead to problems in schema update and validation if using quoted identifiers
[DEBUG] 2020-02-17 10:40:37.481 [main] Namespace - Created database namespace [logicalName=Name{catalog=null, schema=null}, physicalName=Name{catalog=null, schema=null}]
[DEBUG] 2020-02-17 10:40:37.487 [main] TypeConfiguration$Scope - Scoping TypeConfiguration [org.hibernate.type.spi.TypeConfiguration@51a8313b] to MetadataBuildingContext [org.hibernate.boot.internal.MetadataBuildingContextRootImpl@2a03d65c]
[DEBUG] 2020-02-17 10:40:37.595 [main] AnnotationBinder - Binding entity from annotated class: com.streammedia.entity.User
[DEBUG] 2020-02-17 10:40:37.629 [main] Ejb3Column - Binding column: Ejb3DiscriminatorColumn{logicalColumnName'DTYPE', discriminatorTypeName='string'}
[DEBUG] 2020-02-17 10:40:37.637 [main] EntityBinder - Import with entity name User
[DEBUG] 2020-02-17 10:40:37.641 [main] EntityBinder - Bind entity com.streammedia.entity.User on table SM_Users
[DEBUG] 2020-02-17 10:40:37.706 [main] Ejb3Column - Binding column: Ejb3Column{table=org.hibernate.mapping.Table(SM_Users), mappingColumn=user_id, insertable=true, updatable=true, unique=false}
[DEBUG] 2020-02-17 10:40:37.716 [main] PropertyBinder - MetadataSourceProcessor property userId with lazy=false
[DEBUG] 2020-02-17 10:40:37.720 [main] AbstractPropertyHolder - Attempting to locate auto-apply AttributeConverter for property [com.streammedia.entity.User:userId]
[DEBUG] 2020-02-17 10:40:37.723 [main] SimpleValueBinder - building SimpleValue for userId
[DEBUG] 2020-02-17 10:40:37.727 [main] PropertyBinder - Building property userId
[DEBUG] 2020-02-17 10:40:37.735 [main] BinderHelper - #makeIdGenerator(org.hibernate.mapping.SimpleValue([org.hibernate.mapping.Column(user_id)]), userId, org.hibernate.id.enhanced.SequenceStyleGenerator, native, ...)
[DEBUG] 2020-02-17 10:40:37.738 [main] Ejb3Column - Binding column: Ejb3Column{table=org.hibernate.mapping.Table(SM_Users), mappingColumn=biography, insertable=true, updatable=true, unique=false}
[DEBUG] 2020-02-17 10:40:37.738 [main] PropertyBinder - MetadataSourceProcessor property biography with lazy=false
[DEBUG] 2020-02-17 10:40:37.739 [main] AbstractPropertyHolder - Attempting to locate auto-apply AttributeConverter for property [com.streammedia.entity.User:biography]
[DEBUG] 2020-02-17 10:40:37.739 [main] SimpleValueBinder - building SimpleValue for biography
[DEBUG] 2020-02-17 10:40:37.739 [main] PropertyBinder - Building property biography
[DEBUG] 2020-02-17 10:40:37.740 [main] Ejb3Column - Binding column: Ejb3Column{table=org.hibernate.mapping.Table(SM_Users), mappingColumn=birthdate, insertable=true, updatable=true, unique=false}
[DEBUG] 2020-02-17 10:40:37.743 [main] PropertyBinder - MetadataSourceProcessor property birthdate with lazy=false
[DEBUG] 2020-02-17 10:40:37.744 [main] AbstractPropertyHolder - Attempting to locate auto-apply AttributeConverter for property [com.streammedia.entity.User:birthdate]
[DEBUG] 2020-02-17 10:40:37.744 [main] SimpleValueBinder - building SimpleValue for birthdate
[DEBUG] 2020-02-17 10:40:37.744 [main] PropertyBinder - Building property birthdate
[DEBUG] 2020-02-17 10:40:37.745 [main] Ejb3Column - Binding column: Ejb3Column{table=org.hibernate.mapping.Table(SM_Users), mappingColumn=created_at, insertable=true, updatable=true, unique=false}
[DEBUG] 2020-02-17 10:40:37.748 [main] PropertyBinder - MetadataSourceProcessor property createdAt with lazy=false
[DEBUG] 2020-02-17 10:40:37.751 [main] AbstractPropertyHolder - Attempting to locate auto-apply AttributeConverter for property [com.streammedia.entity.User:createdAt]
[DEBUG] 2020-02-17 10:40:37.751 [main] SimpleValueBinder - building SimpleValue for createdAt
[DEBUG] 2020-02-17 10:40:37.751 [main] PropertyBinder - Building property createdAt
[DEBUG] 2020-02-17 10:40:37.752 [main] Ejb3Column - Binding column: Ejb3Column{table=org.hibernate.mapping.Table(SM_Users), mappingColumn=email, insertable=true, updatable=true, unique=false}
[DEBUG] 2020-02-17 10:40:37.752 [main] PropertyBinder - MetadataSourceProcessor property email with lazy=false
[DEBUG] 2020-02-17 10:40:37.752 [main] AbstractPropertyHolder - Attempting to locate auto-apply AttributeConverter for property [com.streammedia.entity.User:email]
[DEBUG] 2020-02-17 10:40:37.752 [main] SimpleValueBinder - building SimpleValue for email
[DEBUG] 2020-02-17 10:40:37.753 [main] PropertyBinder - Building property email
[DEBUG] 2020-02-17 10:40:37.753 [main] Ejb3Column - Binding column: Ejb3Column{table=org.hibernate.mapping.Table(SM_Users), mappingColumn=first_name, insertable=true, updatable=true, unique=false}
[DEBUG] 2020-02-17 10:40:37.753 [main] PropertyBinder - MetadataSourceProcessor property firstName with lazy=false
[DEBUG] 2020-02-17 10:40:37.754 [main] AbstractPropertyHolder - Attempting to locate auto-apply AttributeConverter for property [com.streammedia.entity.User:firstName]
[DEBUG] 2020-02-17 10:40:37.754 [main] SimpleValueBinder - building SimpleValue for firstName
[DEBUG] 2020-02-17 10:40:37.754 [main] PropertyBinder - Building property firstName
[DEBUG] 2020-02-17 10:40:37.754 [main] Ejb3Column - Binding column: Ejb3Column{table=org.hibernate.mapping.Table(SM_Users), mappingColumn=gender, insertable=true, updatable=true, unique=false}
[DEBUG] 2020-02-17 10:40:37.755 [main] PropertyBinder - MetadataSourceProcessor property gender with lazy=false
[DEBUG] 2020-02-17 10:40:37.755 [main] AbstractPropertyHolder - Attempting to locate auto-apply AttributeConverter for property [com.streammedia.entity.User:gender]
[DEBUG] 2020-02-17 10:40:37.755 [main] SimpleValueBinder - building SimpleValue for gender
[DEBUG] 2020-02-17 10:40:37.755 [main] PropertyBinder - Building property gender
[DEBUG] 2020-02-17 10:40:37.756 [main] Ejb3Column - Binding column: Ejb3Column{table=org.hibernate.mapping.Table(SM_Users), mappingColumn=last_name, insertable=true, updatable=true, unique=false}
[DEBUG] 2020-02-17 10:40:37.756 [main] PropertyBinder - MetadataSourceProcessor property lastName with lazy=false
[DEBUG] 2020-02-17 10:40:37.756 [main] AbstractPropertyHolder - Attempting to locate auto-apply AttributeConverter for property [com.streammedia.entity.User:lastName]
[DEBUG] 2020-02-17 10:40:37.756 [main] SimpleValueBinder - building SimpleValue for lastName
[DEBUG] 2020-02-17 10:40:37.756 [main] PropertyBinder - Building property lastName
[DEBUG] 2020-02-17 10:40:37.765 [main] Ejb3Column - Binding column: Ejb3Column{table=org.hibernate.mapping.Table(SM_Users), mappingColumn=password, insertable=true, updatable=true, unique=false}
[DEBUG] 2020-02-17 10:40:37.766 [main] PropertyBinder - MetadataSourceProcessor property password with lazy=false
[DEBUG] 2020-02-17 10:40:37.768 [main] AbstractPropertyHolder - Attempting to locate auto-apply AttributeConverter for property [com.streammedia.entity.User:password]
[DEBUG] 2020-02-17 10:40:37.768 [main] SimpleValueBinder - building SimpleValue for password
[DEBUG] 2020-02-17 10:40:37.768 [main] PropertyBinder - Building property password
[DEBUG] 2020-02-17 10:40:37.769 [main] Ejb3Column - Binding column: Ejb3Column{table=org.hibernate.mapping.Table(SM_Users), mappingColumn=picture, insertable=true, updatable=true, unique=false}
[DEBUG] 2020-02-17 10:40:37.769 [main] PropertyBinder - MetadataSourceProcessor property picture with lazy=false
[DEBUG] 2020-02-17 10:40:37.769 [main] AbstractPropertyHolder - Attempting to locate auto-apply AttributeConverter for property [com.streammedia.entity.User:picture]
[DEBUG] 2020-02-17 10:40:37.770 [main] SimpleValueBinder - building SimpleValue for picture
[DEBUG] 2020-02-17 10:40:37.770 [main] PropertyBinder - Building property picture
[DEBUG] 2020-02-17 10:40:37.773 [main] Ejb3Column - Binding column: Ejb3JoinColumn{logicalColumnName='null', referencedColumn='null', mappedBy='user'}
[DEBUG] 2020-02-17 10:40:37.777 [main] Ejb3Column - Binding column: Ejb3Column{table=org.hibernate.mapping.Table(SM_Users), mappingColumn=roles, insertable=true, updatable=true, unique=false}
[DEBUG] 2020-02-17 10:40:37.780 [main] Ejb3Column - Binding column: Ejb3Column{table=org.hibernate.mapping.Table(SM_Users), mappingColumn=null, insertable=true, updatable=true, unique=false}
[DEBUG] 2020-02-17 10:40:37.805 [main] Ejb3Column - Binding column: Ejb3Column{table=org.hibernate.mapping.Table(SM_Users), mappingColumn=element, insertable=true, updatable=true, unique=false}
[DEBUG] 2020-02-17 10:40:37.816 [main] Ejb3Column - Binding column: Ejb3Column{table=org.hibernate.mapping.Table(SM_Users), mappingColumn=roles_KEY, insertable=true, updatable=true, unique=false}
[DEBUG] 2020-02-17 10:40:37.817 [main] Ejb3Column - Binding column: Ejb3JoinColumn{logicalColumnName='roles_KEY', referencedColumn='null', mappedBy='null'}
[DEBUG] 2020-02-17 10:40:37.831 [main] Ejb3Column - Binding column: Ejb3JoinColumn{logicalColumnName='null', referencedColumn='null', mappedBy='user'}
[DEBUG] 2020-02-17 10:40:37.832 [main] Ejb3Column - Binding column: Ejb3JoinColumn{logicalColumnName='null', referencedColumn='null', mappedBy='user'}
[DEBUG] 2020-02-17 10:40:37.833 [main] CollectionBinder - Collection role: com.streammedia.entity.User.roles
[DEBUG] 2020-02-17 10:40:37.848 [main] PropertyBinder - Building property roles
[DEBUG] 2020-02-17 10:40:37.849 [main] Ejb3Column - Binding column: Ejb3Column{table=org.hibernate.mapping.Table(SM_Users), mappingColumn=updated_at, insertable=true, updatable=true, unique=false}
[DEBUG] 2020-02-17 10:40:37.849 [main] PropertyBinder - MetadataSourceProcessor property updateAt with lazy=false
[DEBUG] 2020-02-17 10:40:37.849 [main] AbstractPropertyHolder - Attempting to locate auto-apply AttributeConverter for property [com.streammedia.entity.User:updateAt]
[DEBUG] 2020-02-17 10:40:37.850 [main] SimpleValueBinder - building SimpleValue for updateAt
[DEBUG] 2020-02-17 10:40:37.850 [main] PropertyBinder - Building property updateAt
[DEBUG] 2020-02-17 10:40:37.850 [main] Ejb3Column - Binding column: Ejb3Column{table=org.hibernate.mapping.Table(SM_Users), mappingColumn=username, insertable=true, updatable=true, unique=true}
[DEBUG] 2020-02-17 10:40:37.851 [main] PropertyBinder - MetadataSourceProcessor property username with lazy=false
[DEBUG] 2020-02-17 10:40:37.851 [main] AbstractPropertyHolder - Attempting to locate auto-apply AttributeConverter for property [com.streammedia.entity.User:username]
[DEBUG] 2020-02-17 10:40:37.851 [main] SimpleValueBinder - building SimpleValue for username
[DEBUG] 2020-02-17 10:40:37.854 [main] PropertyBinder - Building property username
[DEBUG] 2020-02-17 10:40:37.863 [main] AnnotationBinder - Binding entity from annotated class: com.streammedia.entity.Role
[DEBUG] 2020-02-17 10:40:37.863 [main] Ejb3Column - Binding column: Ejb3DiscriminatorColumn{logicalColumnName'DTYPE', discriminatorTypeName='string'}
[DEBUG] 2020-02-17 10:40:37.864 [main] EntityBinder - Import with entity name Role
[DEBUG] 2020-02-17 10:40:37.869 [main] EntityBinder - Bind entity com.streammedia.entity.Role on table Role
[DEBUG] 2020-02-17 10:40:37.907 [main] Ejb3Column - Binding column: Ejb3Column{table=org.hibernate.mapping.Table(Role), mappingColumn=role_id, insertable=true, updatable=true, unique=false}
[DEBUG] 2020-02-17 10:40:37.908 [main] PropertyBinder - MetadataSourceProcessor property roleId with lazy=false
[DEBUG] 2020-02-17 10:40:37.908 [main] AbstractPropertyHolder - Attempting to locate auto-apply AttributeConverter for property [com.streammedia.entity.Role:roleId]
[DEBUG] 2020-02-17 10:40:37.908 [main] SimpleValueBinder - building SimpleValue for roleId
[DEBUG] 2020-02-17 10:40:37.909 [main] PropertyBinder - Building property roleId
[DEBUG] 2020-02-17 10:40:37.909 [main] BinderHelper - #makeIdGenerator(org.hibernate.mapping.SimpleValue([org.hibernate.mapping.Column(role_id)]), roleId, org.hibernate.id.enhanced.SequenceStyleGenerator, native, ...)
[DEBUG] 2020-02-17 10:40:37.910 [main] Ejb3Column - Binding column: Ejb3Column{table=org.hibernate.mapping.Table(Role), mappingColumn=created_at, insertable=true, updatable=true, unique=false}
[DEBUG] 2020-02-17 10:40:37.910 [main] PropertyBinder - MetadataSourceProcessor property createdAt with lazy=false
[DEBUG] 2020-02-17 10:40:37.910 [main] AbstractPropertyHolder - Attempting to locate auto-apply AttributeConverter for property [com.streammedia.entity.Role:createdAt]
[DEBUG] 2020-02-17 10:40:37.911 [main] SimpleValueBinder - building SimpleValue for createdAt
[DEBUG] 2020-02-17 10:40:37.911 [main] PropertyBinder - Building property createdAt
[DEBUG] 2020-02-17 10:40:37.938 [main] Ejb3Column - Binding column: Ejb3Column{table=org.hibernate.mapping.Table(Role), mappingColumn=name, insertable=true, updatable=true, unique=false}
[DEBUG] 2020-02-17 10:40:37.939 [main] PropertyBinder - MetadataSourceProcessor property name with lazy=false
[DEBUG] 2020-02-17 10:40:37.940 [main] AbstractPropertyHolder - Attempting to locate auto-apply AttributeConverter for property [com.streammedia.entity.Role:name]
[DEBUG] 2020-02-17 10:40:37.940 [main] SimpleValueBinder - building SimpleValue for name
[DEBUG] 2020-02-17 10:40:37.940 [main] PropertyBinder - Building property name
[DEBUG] 2020-02-17 10:40:37.941 [main] Ejb3Column - Binding column: Ejb3Column{table=org.hibernate.mapping.Table(Role), mappingColumn=updated_at, insertable=true, updatable=true, unique=false}
[DEBUG] 2020-02-17 10:40:37.941 [main] PropertyBinder - MetadataSourceProcessor property updatedAt with lazy=false
[DEBUG] 2020-02-17 10:40:37.941 [main] AbstractPropertyHolder - Attempting to locate auto-apply AttributeConverter for property [com.streammedia.entity.Role:updatedAt]
[DEBUG] 2020-02-17 10:40:37.942 [main] SimpleValueBinder - building SimpleValue for updatedAt
[DEBUG] 2020-02-17 10:40:37.942 [main] PropertyBinder - Building property updatedAt
[DEBUG] 2020-02-17 10:40:37.943 [main] Ejb3Column - Binding column: Ejb3JoinColumn{logicalColumnName='username', referencedColumn='username', mappedBy=''}
[DEBUG] 2020-02-17 10:40:37.944 [main] Ejb3Column - Binding column: Ejb3Column{table=org.hibernate.mapping.Table(Role), mappingColumn=user, insertable=true, updatable=true, unique=false}
[DEBUG] 2020-02-17 10:40:37.947 [main] PropertyBinder - Building property user
[DEBUG] 2020-02-17 10:40:37.950 [main] SimpleValueBinder - Starting fillSimpleValue for userId
[DEBUG] 2020-02-17 10:40:37.950 [main] SimpleValueBinder - Starting fillSimpleValue for biography
[DEBUG] 2020-02-17 10:40:37.951 [main] SimpleValueBinder - Starting fillSimpleValue for birthdate
[DEBUG] 2020-02-17 10:40:37.951 [main] SimpleValueBinder - Starting fillSimpleValue for createdAt
[DEBUG] 2020-02-17 10:40:37.951 [main] SimpleValueBinder - Starting fillSimpleValue for email
[DEBUG] 2020-02-17 10:40:37.951 [main] SimpleValueBinder - Starting fillSimpleValue for firstName
[DEBUG] 2020-02-17 10:40:37.951 [main] SimpleValueBinder - Starting fillSimpleValue for gender
[DEBUG] 2020-02-17 10:40:37.951 [main] SimpleValueBinder - Starting fillSimpleValue for lastName
[DEBUG] 2020-02-17 10:40:37.952 [main] SimpleValueBinder - Starting fillSimpleValue for password
[DEBUG] 2020-02-17 10:40:37.952 [main] SimpleValueBinder - Starting fillSimpleValue for picture
[DEBUG] 2020-02-17 10:40:37.952 [main] SimpleValueBinder - Starting fillSimpleValue for updateAt
[DEBUG] 2020-02-17 10:40:37.952 [main] SimpleValueBinder - Starting fillSimpleValue for username
[DEBUG] 2020-02-17 10:40:37.952 [main] SimpleValueBinder - Starting fillSimpleValue for roleId
[DEBUG] 2020-02-17 10:40:37.952 [main] SimpleValueBinder - Starting fillSimpleValue for createdAt
[DEBUG] 2020-02-17 10:40:37.953 [main] SimpleValueBinder - Starting fillSimpleValue for name
[DEBUG] 2020-02-17 10:40:37.953 [main] SimpleValueBinder - Starting fillSimpleValue for updatedAt
[DEBUG] 2020-02-17 10:40:37.974 [main] PrimaryKey - Forcing column [user_id] to be non-null as it is part of the primary key for table [sm_users]
[DEBUG] 2020-02-17 10:40:37.974 [main] PrimaryKey - Forcing column [role_id] to be non-null as it is part of the primary key for table [role]
[DEBUG] 2020-02-17 10:40:37.975 [main] CollectionSecondPass - Second pass for collection: com.streammedia.entity.User.roles
[DEBUG] 2020-02-17 10:40:37.975 [main] CollectionBinder - Binding a OneToMany: com.streammedia.entity.User.roles through a foreign key
[DEBUG] 2020-02-17 10:40:37.982 [main] CollectionBinder - Mapping collection: com.streammedia.entity.User.roles -> Role
[DEBUG] 2020-02-17 10:40:37.987 [main] TableBinder - Retrieving property com.streammedia.entity.Role.user
[DEBUG] 2020-02-17 10:40:37.987 [main] CollectionSecondPass - Mapped collection key: username, one-to-many: com.streammedia.entity.Role
[DEBUG] 2020-02-17 10:40:37.991 [main] InFlightMetadataCollectorImpl - Processing association property references
[DEBUG] 2020-02-17 10:40:37.991 [main] InFlightMetadataCollectorImpl - Resolving reference to class: com.streammedia.entity.User
[DEBUG] 2020-02-17 10:40:37.997 [main] InFlightMetadataCollectorImpl - Processing association property references
[DEBUG] 2020-02-17 10:40:37.998 [main] InFlightMetadataCollectorImpl - Resolving reference to class: com.streammedia.entity.User
[DEBUG] 2020-02-17 10:40:38.129 [main] SessionFactoryImpl - Building session factory
[DEBUG] 2020-02-17 10:40:38.132 [main] Settings - SessionFactory name : null
[DEBUG] 2020-02-17 10:40:38.132 [main] Settings - Automatic flush during beforeCompletion(): enabled
[DEBUG] 2020-02-17 10:40:38.132 [main] Settings - Automatic session close at end of transaction: disabled
[DEBUG] 2020-02-17 10:40:38.132 [main] Settings - Statistics: disabled
[DEBUG] 2020-02-17 10:40:38.133 [main] Settings - Deleted entity synthetic identifier rollback: disabled
[DEBUG] 2020-02-17 10:40:38.133 [main] Settings - Default entity-mode: pojo
[DEBUG] 2020-02-17 10:40:38.133 [main] Settings - Check Nullability in Core (should be disabled when Bean Validation is on): enabled
[DEBUG] 2020-02-17 10:40:38.133 [main] Settings - Allow initialization of lazy state outside session : disabled
[DEBUG] 2020-02-17 10:40:38.133 [main] Settings - Using BatchFetchStyle : LEGACY
[DEBUG] 2020-02-17 10:40:38.133 [main] Settings - Default batch fetch size: -1
[DEBUG] 2020-02-17 10:40:38.133 [main] Settings - Maximum outer join fetch depth: 2
[DEBUG] 2020-02-17 10:40:38.134 [main] Settings - Default null ordering: NONE
[DEBUG] 2020-02-17 10:40:38.134 [main] Settings - Order SQL updates by primary key: disabled
[DEBUG] 2020-02-17 10:40:38.134 [main] Settings - Order SQL inserts for batching: disabled
[DEBUG] 2020-02-17 10:40:38.134 [main] Settings - multi-tenancy strategy : NONE
[DEBUG] 2020-02-17 10:40:38.134 [main] Settings - JTA Track by Thread: enabled
[DEBUG] 2020-02-17 10:40:38.135 [main] Settings - Query language substitutions: {}
[DEBUG] 2020-02-17 10:40:38.135 [main] Settings - Named query checking : enabled
[DEBUG] 2020-02-17 10:40:38.135 [main] Settings - Second-level cache: disabled
[DEBUG] 2020-02-17 10:40:38.135 [main] Settings - Second-level query cache: disabled
[DEBUG] 2020-02-17 10:40:38.135 [main] Settings - Second-level query cache factory: null
[DEBUG] 2020-02-17 10:40:38.136 [main] Settings - Second-level cache region prefix: null
[DEBUG] 2020-02-17 10:40:38.136 [main] Settings - Optimize second-level cache for minimal puts: disabled
[DEBUG] 2020-02-17 10:40:38.136 [main] Settings - Structured second-level cache entries: disabled
[DEBUG] 2020-02-17 10:40:38.136 [main] Settings - Second-level cache direct-reference entries: disabled
[DEBUG] 2020-02-17 10:40:38.136 [main] Settings - Automatic eviction of collection cache: disabled
[DEBUG] 2020-02-17 10:40:38.136 [main] Settings - JDBC batch size: 15
[DEBUG] 2020-02-17 10:40:38.136 [main] Settings - JDBC batch updates for versioned data: enabled
[DEBUG] 2020-02-17 10:40:38.137 [main] Settings - Scrollable result sets: enabled
[DEBUG] 2020-02-17 10:40:38.137 [main] Settings - Wrap result sets: disabled
[DEBUG] 2020-02-17 10:40:38.137 [main] Settings - JDBC3 getGeneratedKeys(): enabled
[DEBUG] 2020-02-17 10:40:38.146 [main] Settings - JDBC result set fetch size: null
[DEBUG] 2020-02-17 10:40:38.146 [main] Settings - Connection release mode: AFTER_TRANSACTION
[DEBUG] 2020-02-17 10:40:38.146 [main] Settings - Generate SQL with comments: disabled
[DEBUG] 2020-02-17 10:40:38.146 [main] Settings - JPA compliance - query : 
[DEBUG] 2020-02-17 10:40:38.146 [main] Settings - JPA compliance - closed-handling : 
[DEBUG] 2020-02-17 10:40:38.147 [main] Settings - JPA compliance - lists : 
[DEBUG] 2020-02-17 10:40:38.147 [main] Settings - JPA compliance - transactions : 
[INFO ] 2020-02-17 10:40:38.311 [main] beans - HHH10005002: No explicit CDI BeanManager reference was passed to Hibernate, but CDI is available on the Hibernate ClassLoader.
[DEBUG] 2020-02-17 10:40:38.368 [main] SessionFactoryImpl - Session factory constructed with filter configurations : {}
[DEBUG] 2020-02-17 10:40:38.369 [main] SessionFactoryImpl - Instantiating session factory with properties: {sun.desktop=gnome, awt.toolkit=sun.awt.X11.XToolkit, java.specification.version=11, sun.cpu.isalist=, hibernate.c3p0.idle_test_period=3000, sun.jnu.encoding=UTF-8, hibernate.c3p0.min_size=5, java.class.path=/home/student/intellij/lib/idea_rt.jar:/home/student/intellij/plugins/junit/lib/junit5-rt.jar:/home/student/intellij/plugins/junit/lib/junit-rt.jar:/home/student/IdeaProjects/streamMedia/target/test-classes:/home/student/IdeaProjects/streamMedia/target/classes:/home/student/.m2/repository/org/junit/platform/junit-platform-runner/1.0.0/junit-platform-runner-1.0.0.jar:/home/student/.m2/repository/org/apiguardian/apiguardian-api/1.0.0/apiguardian-api-1.0.0.jar:/home/student/.m2/repository/org/junit/platform/junit-platform-launcher/1.0.0/junit-platform-launcher-1.0.0.jar:/home/student/.m2/repository/org/junit/platform/junit-platform-suite-api/1.0.0/junit-platform-suite-api-1.0.0.jar:/home/student/.m2/repository/org/junit/platform/junit-platform-commons/1.0.0/junit-platform-commons-1.0.0.jar:/home/student/.m2/repository/org/junit/vintage/junit-vintage-engine/4.12.0/junit-vintage-engine-4.12.0.jar:/home/student/.m2/repository/org/junit/platform/junit-platform-engine/1.0.0/junit-platform-engine-1.0.0.jar:/home/student/.m2/repository/org/opentest4j/opentest4j/1.0.0/opentest4j-1.0.0.jar:/home/student/.m2/repository/org/junit/jupiter/junit-jupiter-engine/5.0.0/junit-jupiter-engine-5.0.0.jar:/home/student/.m2/repository/org/junit/jupiter/junit-jupiter-api/5.0.0/junit-jupiter-api-5.0.0.jar:/home/student/.m2/repository/junit/junit/4.12/junit-4.12.jar:/home/student/.m2/repository/org/hamcrest/hamcrest-core/1.3/hamcrest-core-1.3.jar:/home/student/.m2/repository/javax/javaee-web-api/7.0/javaee-web-api-7.0.jar:/home/student/.m2/repository/mysql/mysql-connector-java/8.0.16/mysql-connector-java-8.0.16.jar:/home/student/.m2/repository/com/google/protobuf/protobuf-java/3.6.1/protobuf-java-3.6.1.jar:/home/student/.m2/repository/jstl/jstl/1.2/jstl-1.2.jar:/home/student/.m2/repository/org/apache/logging/log4j/log4j-api/2.10.0/log4j-api-2.10.0.jar:/home/student/.m2/repository/org/apache/logging/log4j/log4j-core/2.10.0/log4j-core-2.10.0.jar:/home/student/.m2/repository/org/junit/platform/junit-platform-surefire-provider/1.0.0/junit-platform-surefire-provider-1.0.0.jar:/home/student/.m2/repository/org/apache/maven/surefire/surefire-api/2.19.1/surefire-api-2.19.1.jar:/home/student/.m2/repository/org/apache/maven/surefire/common-java5/2.19.1/common-java5-2.19.1.jar:/home/student/.m2/repository/org/projectlombok/lombok/1.18.10/lombok-1.18.10.jar:/home/student/.m2/repository/org/hibernate/hibernate-core/5.4.4.Final/hibernate-core-5.4.4.Final.jar:/home/student/.m2/repository/org/jboss/logging/jboss-logging/3.3.2.Final/jboss-logging-3.3.2.Final.jar:/home/student/.m2/repository/javax/persistence/javax.persistence-api/2.2/javax.persistence-api-2.2.jar:/home/student/.m2/repository/org/javassist/javassist/3.24.0-GA/javassist-3.24.0-GA.jar:/home/student/.m2/repository/net/bytebuddy/byte-buddy/1.9.11/byte-buddy-1.9.11.jar:/home/student/.m2/repository/antlr/antlr/2.7.7/antlr-2.7.7.jar:/home/student/.m2/repository/org/jboss/spec/javax/transaction/jboss-transaction-api_1.2_spec/1.1.1.Final/jboss-transaction-api_1.2_spec-1.1.1.Final.jar:/home/student/.m2/repository/org/jboss/jandex/2.0.5.Final/jandex-2.0.5.Final.jar:/home/student/.m2/repository/com/fasterxml/classmate/1.3.4/classmate-1.3.4.jar:/home/student/.m2/repository/javax/activation/javax.activation-api/1.2.0/javax.activation-api-1.2.0.jar:/home/student/.m2/repository/org/dom4j/dom4j/2.1.1/dom4j-2.1.1.jar:/home/student/.m2/repository/org/hibernate/common/hibernate-commons-annotations/5.1.0.Final/hibernate-commons-annotations-5.1.0.Final.jar:/home/student/.m2/repository/javax/xml/bind/jaxb-api/2.3.1/jaxb-api-2.3.1.jar:/home/student/.m2/repository/org/glassfish/jaxb/jaxb-runtime/2.3.1/jaxb-runtime-2.3.1.jar:/home/student/.m2/repository/org/glassfish/jaxb/txw2/2.3.1/txw2-2.3.1.jar:/home/student/.m2/repository/com/sun/istack/istack-commons-runtime/3.0.7/istack-commons-runtime-3.0.7.jar:/home/student/.m2/repository/org/jvnet/staxex/stax-ex/1.8/stax-ex-1.8.jar:/home/student/.m2/repository/com/sun/xml/fastinfoset/FastInfoset/1.2.15/FastInfoset-1.2.15.jar:/home/student/.m2/repository/org/hibernate/hibernate-c3p0/5.4.4.Final/hibernate-c3p0-5.4.4.Final.jar:/home/student/.m2/repository/com/mchange/c3p0/0.9.5.3/c3p0-0.9.5.3.jar:/home/student/.m2/repository/com/mchange/mchange-commons-java/0.2.15/mchange-commons-java-0.2.15.jar:/home/student/.m2/repository/javax/servlet/javax.servlet-api/4.0.1/javax.servlet-api-4.0.1.jar:/home/student/.m2/repository/org/mindrot/jbcrypt/0.3m/jbcrypt-0.3m.jar:/home/student/.m2/repository/com/sun/mail/javax.mail/1.6.2/javax.mail-1.6.2.jar:/home/student/.m2/repository/javax/activation/activation/1.1/activation-1.1.jar, java.vm.vendor=Ubuntu, sun.arch.data.model=64, idea.test.cyclic.buffer.size=1048576, java.vendor.url=https://ubuntu.com/, user.timezone=America/Chicago, os.name=Linux, java.vm.specification.version=11, sun.java.launcher=SUN_STANDARD, user.country=US, sun.boot.library.path=/usr/lib/jvm/java-11-openjdk-amd64/lib, sun.java.command=com.intellij.rt.junit.JUnitStarter -ideVersion5 -junit5 com.streammedia.perisistence.UserDaoTest,insertSuccess, jdk.debug=release, sun.cpu.endian=little, user.home=/home/student, hibernate.c3p0.max_statements=50, user.language=en, java.specification.vendor=Oracle Corporation, java.version.date=2020-01-14, java.home=/usr/lib/jvm/java-11-openjdk-amd64, file.separator=/, java.vm.compressedOopsMode=32-bit, line.separator=
, hibernate.c3p0.timeout=300, java.specification.name=Java Platform API Specification, java.vm.specification.vendor=Oracle Corporation, java.awt.graphicsenv=sun.awt.X11GraphicsEnvironment, connection.password=student, sun.management.compiler=HotSpot 64-Bit Tiered Compilers, hibernate.c3p0.max_size=20, java.runtime.version=11.0.6+10-post-Ubuntu-1ubuntu118.04.1, user.name=student, path.separator=:, hibernate.connection.username=****, os.version=5.3.0-28-generic, java.runtime.name=OpenJDK Runtime Environment, hibernate.connection.url=jdbc:mysql://localhost:3306/test_streamMedia, file.encoding=UTF-8, java.vm.name=OpenJDK 64-Bit Server VM, hibernate.connection.driver_class=com.mysql.cj.jdbc.Driver, java.vendor.url.bug=https://bugs.launchpad.net/ubuntu/+source/openjdk-lts, java.io.tmpdir=/tmp, java.version=11.0.6, user.dir=/home/student/IdeaProjects/streamMedia, os.arch=amd64, connection.username=root, java.vm.specification.name=Java Virtual Machine Specification, java.awt.printerjob=sun.print.PSPrinterJob, hibernate.connection.password=****, sun.os.patch.level=unknown, connection.driver_class=com.mysql.cj.jdbc.Driver, hibernate.boot.CfgXmlAccessService.key=org.hibernate.boot.cfgxml.spi.LoadedConfig@48904d5a, java.library.path=/usr/java/packages/lib:/usr/lib/x86_64-linux-gnu/jni:/lib/x86_64-linux-gnu:/usr/lib/x86_64-linux-gnu:/usr/lib/jni:/lib:/usr/lib, java.vendor=Ubuntu, java.vm.info=mixed mode, sharing, java.vm.version=11.0.6+10-post-Ubuntu-1ubuntu118.04.1, hibernate.bytecode.use_reflection_optimizer=false, sun.io.unicode.encoding=UnicodeLittle, connection.url=jdbc:mysql://localhost:3306/test_streamMedia, java.class.version=55.0}
[DEBUG] 2020-02-17 10:40:38.408 [main] TypeSafeActivator - Unable to acquire Bean Validation ValidatorFactory, skipping activation
[DEBUG] 2020-02-17 10:40:38.409 [main] JaccIntegrator - Skipping JACC integration as it was not enabled
[DEBUG] 2020-02-17 10:40:38.411 [main] SessionFactoryImpl - Instantiated session factory
[DEBUG] 2020-02-17 10:40:38.411 [main] TypeConfiguration$Scope - Scoping TypeConfiguration [org.hibernate.type.spi.TypeConfiguration@51a8313b] to SessionFactoryImpl [org.hibernate.internal.SessionFactoryImpl@1d247525]
[DEBUG] 2020-02-17 10:40:38.541 [main] ClassLoaderAccessImpl - Not known whether passed class name [com.streammedia.entity.Role] is safe
[DEBUG] 2020-02-17 10:40:38.541 [main] ClassLoaderAccessImpl - No temp ClassLoader provided; using live ClassLoader for loading potentially unsafe class : com.streammedia.entity.Role
[DEBUG] 2020-02-17 10:40:38.628 [main] ClassLoaderAccessImpl - Not known whether passed class name [com.streammedia.entity.Role] is safe
[DEBUG] 2020-02-17 10:40:38.628 [main] ClassLoaderAccessImpl - No temp ClassLoader provided; using live ClassLoader for loading potentially unsafe class : com.streammedia.entity.Role
[DEBUG] 2020-02-17 10:40:39.417 [main] ClassLoaderAccessImpl - Not known whether passed class name [com.streammedia.entity.User] is safe
[DEBUG] 2020-02-17 10:40:39.418 [main] ClassLoaderAccessImpl - No temp ClassLoader provided; using live ClassLoader for loading potentially unsafe class : com.streammedia.entity.User
[DEBUG] 2020-02-17 10:40:39.424 [main] ClassLoaderAccessImpl - Not known whether passed class name [com.streammedia.entity.User] is safe
[DEBUG] 2020-02-17 10:40:39.424 [main] ClassLoaderAccessImpl - No temp ClassLoader provided; using live ClassLoader for loading potentially unsafe class : com.streammedia.entity.User
[DEBUG] 2020-02-17 10:40:39.651 [main] AbstractCollectionPersister - Static SQL for collection: com.streammedia.entity.User.roles
[DEBUG] 2020-02-17 10:40:39.651 [main] AbstractCollectionPersister -  Row insert: update Role set username=? where role_id=?
[DEBUG] 2020-02-17 10:40:39.652 [main] AbstractCollectionPersister -  Row update: update Role set  where role_id=?
[DEBUG] 2020-02-17 10:40:39.652 [main] AbstractCollectionPersister -  Row delete: update Role set username=null where username=? and role_id=?
[DEBUG] 2020-02-17 10:40:39.652 [main] AbstractCollectionPersister -  One-shot delete: update Role set username=null where username=?
[DEBUG] 2020-02-17 10:40:39.663 [main] AbstractEntityPersister - Static SQL for entity: com.streammedia.entity.Role
[DEBUG] 2020-02-17 10:40:39.663 [main] AbstractEntityPersister -  Version select: select role_id from Role where role_id =?
[DEBUG] 2020-02-17 10:40:39.663 [main] AbstractEntityPersister -  Snapshot select: select role_.role_id, role_.created_at as created_2_0_, role_.name as name3_0_, role_.updated_at as updated_4_0_, role_.username as username5_0_ from Role role_ where role_.role_id=?
[DEBUG] 2020-02-17 10:40:39.663 [main] AbstractEntityPersister -  Insert 0: insert into Role (created_at, name, updated_at, username, role_id) values (?, ?, ?, ?, ?)
[DEBUG] 2020-02-17 10:40:39.664 [main] AbstractEntityPersister -  Update 0: update Role set created_at=?, name=?, updated_at=?, username=? where role_id=?
[DEBUG] 2020-02-17 10:40:39.664 [main] AbstractEntityPersister -  Delete 0: delete from Role where role_id=?
[DEBUG] 2020-02-17 10:40:39.664 [main] AbstractEntityPersister -  Identity insert: insert into Role (created_at, name, updated_at, username) values (?, ?, ?, ?)
[DEBUG] 2020-02-17 10:40:39.697 [main] QuerySpacesImpl - Adding QuerySpace : uid = <gen:0> -> org.hibernate.loader.plan.build.internal.spaces.EntityQuerySpaceImpl@1980a3f]
[DEBUG] 2020-02-17 10:40:39.699 [main] MetamodelGraphWalker - Visiting attribute path : createdAt
[DEBUG] 2020-02-17 10:40:39.699 [main] MetamodelGraphWalker - Visiting attribute path : name
[DEBUG] 2020-02-17 10:40:39.700 [main] MetamodelGraphWalker - Visiting attribute path : updatedAt
[DEBUG] 2020-02-17 10:40:39.700 [main] MetamodelGraphWalker - Visiting attribute path : user
[DEBUG] 2020-02-17 10:40:39.707 [main] QuerySpacesImpl - Adding QuerySpace : uid = <gen:1> -> org.hibernate.loader.plan.build.internal.spaces.EntityQuerySpaceImpl@6579cdbb]
[DEBUG] 2020-02-17 10:40:39.709 [main] MetamodelGraphWalker - Visiting attribute path : user.biography
[DEBUG] 2020-02-17 10:40:39.709 [main] MetamodelGraphWalker - Visiting attribute path : user.birthdate
[DEBUG] 2020-02-17 10:40:39.710 [main] MetamodelGraphWalker - Visiting attribute path : user.createdAt
[DEBUG] 2020-02-17 10:40:39.710 [main] MetamodelGraphWalker - Visiting attribute path : user.email
[DEBUG] 2020-02-17 10:40:39.710 [main] MetamodelGraphWalker - Visiting attribute path : user.firstName
[DEBUG] 2020-02-17 10:40:39.710 [main] MetamodelGraphWalker - Visiting attribute path : user.gender
[DEBUG] 2020-02-17 10:40:39.712 [main] MetamodelGraphWalker - Visiting attribute path : user.lastName
[DEBUG] 2020-02-17 10:40:39.712 [main] MetamodelGraphWalker - Visiting attribute path : user.password
[DEBUG] 2020-02-17 10:40:39.712 [main] MetamodelGraphWalker - Visiting attribute path : user.picture
[DEBUG] 2020-02-17 10:40:39.713 [main] MetamodelGraphWalker - Visiting attribute path : user.roles
[DEBUG] 2020-02-17 10:40:39.713 [main] MetamodelGraphWalker - Property path deemed to be circular : user.roles
[DEBUG] 2020-02-17 10:40:39.714 [main] MetamodelGraphWalker - Visiting attribute path : user.updateAt
[DEBUG] 2020-02-17 10:40:39.714 [main] MetamodelGraphWalker - Visiting attribute path : user.username
[DEBUG] 2020-02-17 10:40:39.714 [main] MetamodelGraphWalker - Visiting attribute path : user._com_streammedia_entity_Role_user
[DEBUG] 2020-02-17 10:40:39.715 [main] QuerySpacesImpl - Adding QuerySpace : uid = <gen:2> -> org.hibernate.loader.plan.build.internal.spaces.CompositeQuerySpaceImpl@5d318e91]
[DEBUG] 2020-02-17 10:40:39.722 [main] MetamodelGraphWalker - Visiting attribute path : user._com_streammedia_entity_Role_user.username
[DEBUG] 2020-02-17 10:40:39.723 [main] FetchStyleLoadPlanBuildingAssociationVisitationStrategy - Building LoadPlan...
[DEBUG] 2020-02-17 10:40:39.758 [main] LoadQueryJoinAndFetchProcessor - processing queryspace <gen:0>
[DEBUG] 2020-02-17 10:40:39.778 [main] LoadPlanTreePrinter - LoadPlan(entity=com.streammedia.entity.Role)
    - Returns
       - EntityReturnImpl(entity=com.streammedia.entity.Role, querySpaceUid=<gen:0>, path=com.streammedia.entity.Role)
          - EntityAttributeFetchImpl(entity=com.streammedia.entity.User, querySpaceUid=<gen:1>, path=com.streammedia.entity.Role.user)
             - CompositeAttributeFetchImpl(composite=com.streammedia.entity.User, querySpaceUid=<gen:2>, path=com.streammedia.entity.Role.user._com_streammedia_entity_Role_user)
    - QuerySpaces
       - EntityQuerySpaceImpl(uid=<gen:0>, entity=com.streammedia.entity.Role)
          - SQL table alias mapping - role0_
          - alias suffix - 0_
          - suffixed key columns - {role_id1_0_0_}
          - JOIN (JoinDefinedByMetadata(user)) : <gen:0> -> <gen:1>
             - EntityQuerySpaceImpl(uid=<gen:1>, entity=com.streammedia.entity.User)
                - SQL table alias mapping - user1_
                - alias suffix - 1_
                - suffixed key columns - {user_id1_1_1_}
                - JOIN (JoinDefinedByMetadata(_com_streammedia_entity_Role_user)) : <gen:1> -> <gen:2>
                   - CompositeQuerySpaceImpl(uid=<gen:2>)
                      - SQL table alias mapping - user1_

[DEBUG] 2020-02-17 10:40:39.784 [main] EntityLoader - Static select for entity com.streammedia.entity.Role [NONE]: select role0_.role_id as role_id1_0_0_, role0_.created_at as created_2_0_0_, role0_.name as name3_0_0_, role0_.updated_at as updated_4_0_0_, role0_.username as username5_0_0_, user1_.user_id as user_id1_1_1_, user1_.biography as biograph2_1_1_, user1_.birthdate as birthdat3_1_1_, user1_.created_at as created_4_1_1_, user1_.email as email5_1_1_, user1_.first_name as first_na6_1_1_, user1_.gender as gender7_1_1_, user1_.last_name as last_nam8_1_1_, user1_.password as password9_1_1_, user1_.picture as picture10_1_1_, user1_.updated_at as updated11_1_1_, user1_.username as usernam12_1_1_ from Role role0_ inner join SM_Users user1_ on role0_.username=user1_.username where role0_.role_id=?
[DEBUG] 2020-02-17 10:40:39.785 [main] QuerySpacesImpl - Adding QuerySpace : uid = <gen:0> -> org.hibernate.loader.plan.build.internal.spaces.EntityQuerySpaceImpl@12219f6a]
[DEBUG] 2020-02-17 10:40:39.785 [main] MetamodelGraphWalker - Visiting attribute path : createdAt
[DEBUG] 2020-02-17 10:40:39.785 [main] MetamodelGraphWalker - Visiting attribute path : name
[DEBUG] 2020-02-17 10:40:39.785 [main] MetamodelGraphWalker - Visiting attribute path : updatedAt
[DEBUG] 2020-02-17 10:40:39.785 [main] MetamodelGraphWalker - Visiting attribute path : user
[DEBUG] 2020-02-17 10:40:39.785 [main] QuerySpacesImpl - Adding QuerySpace : uid = <gen:1> -> org.hibernate.loader.plan.build.internal.spaces.EntityQuerySpaceImpl@7f0b93b4]
[DEBUG] 2020-02-17 10:40:39.786 [main] MetamodelGraphWalker - Visiting attribute path : user.biography
[DEBUG] 2020-02-17 10:40:39.786 [main] MetamodelGraphWalker - Visiting attribute path : user.birthdate
[DEBUG] 2020-02-17 10:40:39.786 [main] MetamodelGraphWalker - Visiting attribute path : user.createdAt
[DEBUG] 2020-02-17 10:40:39.790 [main] MetamodelGraphWalker - Visiting attribute path : user.email
[DEBUG] 2020-02-17 10:40:39.790 [main] MetamodelGraphWalker - Visiting attribute path : user.firstName
[DEBUG] 2020-02-17 10:40:39.790 [main] MetamodelGraphWalker - Visiting attribute path : user.gender
[DEBUG] 2020-02-17 10:40:39.791 [main] MetamodelGraphWalker - Visiting attribute path : user.lastName
[DEBUG] 2020-02-17 10:40:39.791 [main] MetamodelGraphWalker - Visiting attribute path : user.password
[DEBUG] 2020-02-17 10:40:39.791 [main] MetamodelGraphWalker - Visiting attribute path : user.picture
[DEBUG] 2020-02-17 10:40:39.791 [main] MetamodelGraphWalker - Visiting attribute path : user.roles
[DEBUG] 2020-02-17 10:40:39.791 [main] MetamodelGraphWalker - Property path deemed to be circular : user.roles
[DEBUG] 2020-02-17 10:40:39.791 [main] MetamodelGraphWalker - Visiting attribute path : user.updateAt
[DEBUG] 2020-02-17 10:40:39.791 [main] MetamodelGraphWalker - Visiting attribute path : user.username
[DEBUG] 2020-02-17 10:40:39.791 [main] MetamodelGraphWalker - Visiting attribute path : user._com_streammedia_entity_Role_user
[DEBUG] 2020-02-17 10:40:39.791 [main] QuerySpacesImpl - Adding QuerySpace : uid = <gen:2> -> org.hibernate.loader.plan.build.internal.spaces.CompositeQuerySpaceImpl@1f736d00]
[DEBUG] 2020-02-17 10:40:39.791 [main] MetamodelGraphWalker - Visiting attribute path : user._com_streammedia_entity_Role_user.username
[DEBUG] 2020-02-17 10:40:39.792 [main] FetchStyleLoadPlanBuildingAssociationVisitationStrategy - Building LoadPlan...
[DEBUG] 2020-02-17 10:40:39.792 [main] LoadQueryJoinAndFetchProcessor - processing queryspace <gen:0>
[DEBUG] 2020-02-17 10:40:39.793 [main] LoadPlanTreePrinter - LoadPlan(entity=com.streammedia.entity.Role)
    - Returns
       - EntityReturnImpl(entity=com.streammedia.entity.Role, querySpaceUid=<gen:0>, path=com.streammedia.entity.Role)
          - EntityAttributeFetchImpl(entity=com.streammedia.entity.User, querySpaceUid=<gen:1>, path=com.streammedia.entity.Role.user)
             - CompositeAttributeFetchImpl(composite=com.streammedia.entity.User, querySpaceUid=<gen:2>, path=com.streammedia.entity.Role.user._com_streammedia_entity_Role_user)
    - QuerySpaces
       - EntityQuerySpaceImpl(uid=<gen:0>, entity=com.streammedia.entity.Role)
          - SQL table alias mapping - role0_
          - alias suffix - 0_
          - suffixed key columns - {role_id1_0_0_}
          - JOIN (JoinDefinedByMetadata(user)) : <gen:0> -> <gen:1>
             - EntityQuerySpaceImpl(uid=<gen:1>, entity=com.streammedia.entity.User)
                - SQL table alias mapping - user1_
                - alias suffix - 1_
                - suffixed key columns - {user_id1_1_1_}
                - JOIN (JoinDefinedByMetadata(_com_streammedia_entity_Role_user)) : <gen:1> -> <gen:2>
                   - CompositeQuerySpaceImpl(uid=<gen:2>)
                      - SQL table alias mapping - user1_

[DEBUG] 2020-02-17 10:40:39.794 [main] EntityLoader - Static select for entity com.streammedia.entity.Role [READ]: select role0_.role_id as role_id1_0_0_, role0_.created_at as created_2_0_0_, role0_.name as name3_0_0_, role0_.updated_at as updated_4_0_0_, role0_.username as username5_0_0_, user1_.user_id as user_id1_1_1_, user1_.biography as biograph2_1_1_, user1_.birthdate as birthdat3_1_1_, user1_.created_at as created_4_1_1_, user1_.email as email5_1_1_, user1_.first_name as first_na6_1_1_, user1_.gender as gender7_1_1_, user1_.last_name as last_nam8_1_1_, user1_.password as password9_1_1_, user1_.picture as picture10_1_1_, user1_.updated_at as updated11_1_1_, user1_.username as usernam12_1_1_ from Role role0_ inner join SM_Users user1_ on role0_.username=user1_.username where role0_.role_id=?
[DEBUG] 2020-02-17 10:40:39.836 [main] Loader - Static select for action ACTION_MERGE on entity com.streammedia.entity.Role: select role0_.role_id as role_id1_0_0_, role0_.created_at as created_2_0_0_, role0_.name as name3_0_0_, role0_.updated_at as updated_4_0_0_, role0_.username as username5_0_0_ from Role role0_ where role0_.role_id=?
[DEBUG] 2020-02-17 10:40:39.841 [main] Loader - Static select for action ACTION_REFRESH on entity com.streammedia.entity.Role: select role0_.role_id as role_id1_0_0_, role0_.created_at as created_2_0_0_, role0_.name as name3_0_0_, role0_.updated_at as updated_4_0_0_, role0_.username as username5_0_0_ from Role role0_ where role0_.role_id=?
[DEBUG] 2020-02-17 10:40:39.842 [main] AbstractEntityPersister - Static SQL for entity: com.streammedia.entity.User
[DEBUG] 2020-02-17 10:40:39.852 [main] AbstractEntityPersister -  Version select: select user_id from SM_Users where user_id =?
[DEBUG] 2020-02-17 10:40:39.852 [main] AbstractEntityPersister -  Snapshot select: select user_.user_id, user_.biography as biograph2_1_, user_.birthdate as birthdat3_1_, user_.created_at as created_4_1_, user_.email as email5_1_, user_.first_name as first_na6_1_, user_.gender as gender7_1_, user_.last_name as last_nam8_1_, user_.password as password9_1_, user_.picture as picture10_1_, user_.updated_at as updated11_1_, user_.username as usernam12_1_ from SM_Users user_ where user_.user_id=?
[DEBUG] 2020-02-17 10:40:39.852 [main] AbstractEntityPersister -  Insert 0: insert into SM_Users (biography, birthdate, created_at, email, first_name, gender, last_name, password, picture, updated_at, username, user_id) values (?, ?, ?, ?, ?, ?, ?, ?, ?, ?, ?, ?)
[DEBUG] 2020-02-17 10:40:39.852 [main] AbstractEntityPersister -  Update 0: update SM_Users set biography=?, birthdate=?, created_at=?, email=?, first_name=?, gender=?, last_name=?, password=?, picture=?, updated_at=?, username=? where user_id=?
[DEBUG] 2020-02-17 10:40:39.853 [main] AbstractEntityPersister -  Delete 0: delete from SM_Users where user_id=?
[DEBUG] 2020-02-17 10:40:39.853 [main] AbstractEntityPersister -  Identity insert: insert into SM_Users (biography, birthdate, created_at, email, first_name, gender, last_name, password, picture, updated_at, username) values (?, ?, ?, ?, ?, ?, ?, ?, ?, ?, ?)
[DEBUG] 2020-02-17 10:40:39.853 [main] QuerySpacesImpl - Adding QuerySpace : uid = <gen:0> -> org.hibernate.loader.plan.build.internal.spaces.EntityQuerySpaceImpl@5ef85555]
[DEBUG] 2020-02-17 10:40:39.854 [main] MetamodelGraphWalker - Visiting attribute path : biography
[DEBUG] 2020-02-17 10:40:39.854 [main] MetamodelGraphWalker - Visiting attribute path : birthdate
[DEBUG] 2020-02-17 10:40:39.854 [main] MetamodelGraphWalker - Visiting attribute path : createdAt
[DEBUG] 2020-02-17 10:40:39.854 [main] MetamodelGraphWalker - Visiting attribute path : email
[DEBUG] 2020-02-17 10:40:39.854 [main] MetamodelGraphWalker - Visiting attribute path : firstName
[DEBUG] 2020-02-17 10:40:39.854 [main] MetamodelGraphWalker - Visiting attribute path : gender
[DEBUG] 2020-02-17 10:40:39.854 [main] MetamodelGraphWalker - Visiting attribute path : lastName
[DEBUG] 2020-02-17 10:40:39.855 [main] MetamodelGraphWalker - Visiting attribute path : password
[DEBUG] 2020-02-17 10:40:39.855 [main] MetamodelGraphWalker - Visiting attribute path : picture
[DEBUG] 2020-02-17 10:40:39.855 [main] MetamodelGraphWalker - Visiting attribute path : roles
[DEBUG] 2020-02-17 10:40:39.857 [main] QuerySpacesImpl - Adding QuerySpace : uid = <gen:1> -> org.hibernate.loader.plan.build.internal.spaces.CollectionQuerySpaceImpl@1f66d8e1]
[DEBUG] 2020-02-17 10:40:39.864 [main] QuerySpacesImpl - Adding QuerySpace : uid = <gen:2> -> org.hibernate.loader.plan.build.internal.spaces.EntityQuerySpaceImpl@519c6fcc]
[DEBUG] 2020-02-17 10:40:39.870 [main] MetamodelGraphWalker - Visiting attribute path : roles.createdAt
[DEBUG] 2020-02-17 10:40:39.870 [main] MetamodelGraphWalker - Visiting attribute path : roles.name
[DEBUG] 2020-02-17 10:40:39.871 [main] MetamodelGraphWalker - Visiting attribute path : roles.updatedAt
[DEBUG] 2020-02-17 10:40:39.871 [main] MetamodelGraphWalker - Visiting attribute path : roles.user
[DEBUG] 2020-02-17 10:40:39.871 [main] MetamodelGraphWalker - Property path deemed to be circular : roles.user
[DEBUG] 2020-02-17 10:40:39.873 [main] MetamodelGraphWalker - Visiting attribute path : updateAt
[DEBUG] 2020-02-17 10:40:39.873 [main] MetamodelGraphWalker - Visiting attribute path : username
[DEBUG] 2020-02-17 10:40:39.873 [main] MetamodelGraphWalker - Visiting attribute path : _com_streammedia_entity_Role_user
[DEBUG] 2020-02-17 10:40:39.873 [main] QuerySpacesImpl - Adding QuerySpace : uid = <gen:3> -> org.hibernate.loader.plan.build.internal.spaces.CompositeQuerySpaceImpl@357bc488]
[DEBUG] 2020-02-17 10:40:39.873 [main] MetamodelGraphWalker - Visiting attribute path : _com_streammedia_entity_Role_user.username
[DEBUG] 2020-02-17 10:40:39.873 [main] FetchStyleLoadPlanBuildingAssociationVisitationStrategy - Building LoadPlan...
[DEBUG] 2020-02-17 10:40:39.880 [main] LoadQueryJoinAndFetchProcessor - processing queryspace <gen:0>
[DEBUG] 2020-02-17 10:40:39.900 [main] LoadPlanTreePrinter - LoadPlan(entity=com.streammedia.entity.User)
    - Returns
       - EntityReturnImpl(entity=com.streammedia.entity.User, querySpaceUid=<gen:0>, path=com.streammedia.entity.User)
          - CollectionAttributeFetchImpl(collection=com.streammedia.entity.User.roles, querySpaceUid=<gen:1>, path=com.streammedia.entity.User.roles)
             - (collection element) CollectionFetchableElementEntityGraph(entity=com.streammedia.entity.Role, querySpaceUid=<gen:2>, path=com.streammedia.entity.User.roles.<elements>)
          - CompositeAttributeFetchImpl(composite=com.streammedia.entity.User, querySpaceUid=<gen:3>, path=com.streammedia.entity.User._com_streammedia_entity_Role_user)
    - QuerySpaces
       - EntityQuerySpaceImpl(uid=<gen:0>, entity=com.streammedia.entity.User)
          - SQL table alias mapping - user0_
          - alias suffix - 0_
          - suffixed key columns - {user_id1_1_0_}
          - JOIN (JoinDefinedByMetadata(roles)) : <gen:0> -> <gen:1>
             - CollectionQuerySpaceImpl(uid=<gen:1>, collection=com.streammedia.entity.User.roles)
                - SQL table alias mapping - roles1_
                - alias suffix - 1_
                - suffixed key columns - {username5_0_1_}
                - entity-element alias suffix - 2_
                - 2_entity-element suffixed key columns - role_id1_0_2_
                - JOIN (JoinDefinedByMetadata(elements)) : <gen:1> -> <gen:2>
                   - EntityQuerySpaceImpl(uid=<gen:2>, entity=com.streammedia.entity.Role)
                      - SQL table alias mapping - roles1_
                      - alias suffix - 2_
                      - suffixed key columns - {role_id1_0_2_}
          - JOIN (JoinDefinedByMetadata(_com_streammedia_entity_Role_user)) : <gen:0> -> <gen:3>
             - CompositeQuerySpaceImpl(uid=<gen:3>)
                - SQL table alias mapping - user0_

[DEBUG] 2020-02-17 10:40:39.901 [main] EntityLoader - Static select for entity com.streammedia.entity.User [NONE]: select user0_.user_id as user_id1_1_0_, user0_.biography as biograph2_1_0_, user0_.birthdate as birthdat3_1_0_, user0_.created_at as created_4_1_0_, user0_.email as email5_1_0_, user0_.first_name as first_na6_1_0_, user0_.gender as gender7_1_0_, user0_.last_name as last_nam8_1_0_, user0_.password as password9_1_0_, user0_.picture as picture10_1_0_, user0_.updated_at as updated11_1_0_, user0_.username as usernam12_1_0_, roles1_.username as username5_0_1_, roles1_.role_id as role_id1_0_1_, roles1_.role_id as role_id1_0_2_, roles1_.created_at as created_2_0_2_, roles1_.name as name3_0_2_, roles1_.updated_at as updated_4_0_2_, roles1_.username as username5_0_2_ from SM_Users user0_ left outer join Role roles1_ on user0_.username=roles1_.username where user0_.user_id=?
[DEBUG] 2020-02-17 10:40:39.901 [main] QuerySpacesImpl - Adding QuerySpace : uid = <gen:0> -> org.hibernate.loader.plan.build.internal.spaces.EntityQuerySpaceImpl@66e21568]
[DEBUG] 2020-02-17 10:40:39.902 [main] MetamodelGraphWalker - Visiting attribute path : biography
[DEBUG] 2020-02-17 10:40:39.902 [main] MetamodelGraphWalker - Visiting attribute path : birthdate
[DEBUG] 2020-02-17 10:40:39.902 [main] MetamodelGraphWalker - Visiting attribute path : createdAt
[DEBUG] 2020-02-17 10:40:39.902 [main] MetamodelGraphWalker - Visiting attribute path : email
[DEBUG] 2020-02-17 10:40:39.902 [main] MetamodelGraphWalker - Visiting attribute path : firstName
[DEBUG] 2020-02-17 10:40:39.902 [main] MetamodelGraphWalker - Visiting attribute path : gender
[DEBUG] 2020-02-17 10:40:39.902 [main] MetamodelGraphWalker - Visiting attribute path : lastName
[DEBUG] 2020-02-17 10:40:39.902 [main] MetamodelGraphWalker - Visiting attribute path : password
[DEBUG] 2020-02-17 10:40:39.903 [main] MetamodelGraphWalker - Visiting attribute path : picture
[DEBUG] 2020-02-17 10:40:39.903 [main] MetamodelGraphWalker - Visiting attribute path : roles
[DEBUG] 2020-02-17 10:40:39.903 [main] QuerySpacesImpl - Adding QuerySpace : uid = <gen:1> -> org.hibernate.loader.plan.build.internal.spaces.CollectionQuerySpaceImpl@611b35d6]
[DEBUG] 2020-02-17 10:40:39.903 [main] QuerySpacesImpl - Adding QuerySpace : uid = <gen:2> -> org.hibernate.loader.plan.build.internal.spaces.EntityQuerySpaceImpl@2282400e]
[DEBUG] 2020-02-17 10:40:39.904 [main] MetamodelGraphWalker - Visiting attribute path : roles.createdAt
[DEBUG] 2020-02-17 10:40:39.904 [main] MetamodelGraphWalker - Visiting attribute path : roles.name
[DEBUG] 2020-02-17 10:40:39.904 [main] MetamodelGraphWalker - Visiting attribute path : roles.updatedAt
[DEBUG] 2020-02-17 10:40:39.904 [main] MetamodelGraphWalker - Visiting attribute path : roles.user
[DEBUG] 2020-02-17 10:40:39.904 [main] MetamodelGraphWalker - Property path deemed to be circular : roles.user
[DEBUG] 2020-02-17 10:40:39.905 [main] MetamodelGraphWalker - Visiting attribute path : updateAt
[DEBUG] 2020-02-17 10:40:39.905 [main] MetamodelGraphWalker - Visiting attribute path : username
[DEBUG] 2020-02-17 10:40:39.905 [main] MetamodelGraphWalker - Visiting attribute path : _com_streammedia_entity_Role_user
[DEBUG] 2020-02-17 10:40:39.905 [main] QuerySpacesImpl - Adding QuerySpace : uid = <gen:3> -> org.hibernate.loader.plan.build.internal.spaces.CompositeQuerySpaceImpl@dd3f8aa]
[DEBUG] 2020-02-17 10:40:39.905 [main] MetamodelGraphWalker - Visiting attribute path : _com_streammedia_entity_Role_user.username
[DEBUG] 2020-02-17 10:40:39.907 [main] FetchStyleLoadPlanBuildingAssociationVisitationStrategy - Building LoadPlan...
[DEBUG] 2020-02-17 10:40:39.908 [main] LoadQueryJoinAndFetchProcessor - processing queryspace <gen:0>
[DEBUG] 2020-02-17 10:40:39.911 [main] LoadPlanTreePrinter - LoadPlan(entity=com.streammedia.entity.User)
    - Returns
       - EntityReturnImpl(entity=com.streammedia.entity.User, querySpaceUid=<gen:0>, path=com.streammedia.entity.User)
          - CollectionAttributeFetchImpl(collection=com.streammedia.entity.User.roles, querySpaceUid=<gen:1>, path=com.streammedia.entity.User.roles)
             - (collection element) CollectionFetchableElementEntityGraph(entity=com.streammedia.entity.Role, querySpaceUid=<gen:2>, path=com.streammedia.entity.User.roles.<elements>)
          - CompositeAttributeFetchImpl(composite=com.streammedia.entity.User, querySpaceUid=<gen:3>, path=com.streammedia.entity.User._com_streammedia_entity_Role_user)
    - QuerySpaces
       - EntityQuerySpaceImpl(uid=<gen:0>, entity=com.streammedia.entity.User)
          - SQL table alias mapping - user0_
          - alias suffix - 0_
          - suffixed key columns - {user_id1_1_0_}
          - JOIN (JoinDefinedByMetadata(roles)) : <gen:0> -> <gen:1>
             - CollectionQuerySpaceImpl(uid=<gen:1>, collection=com.streammedia.entity.User.roles)
                - SQL table alias mapping - roles1_
                - alias suffix - 1_
                - suffixed key columns - {username5_0_1_}
                - entity-element alias suffix - 2_
                - 2_entity-element suffixed key columns - role_id1_0_2_
                - JOIN (JoinDefinedByMetadata(elements)) : <gen:1> -> <gen:2>
                   - EntityQuerySpaceImpl(uid=<gen:2>, entity=com.streammedia.entity.Role)
                      - SQL table alias mapping - roles1_
                      - alias suffix - 2_
                      - suffixed key columns - {role_id1_0_2_}
          - JOIN (JoinDefinedByMetadata(_com_streammedia_entity_Role_user)) : <gen:0> -> <gen:3>
             - CompositeQuerySpaceImpl(uid=<gen:3>)
                - SQL table alias mapping - user0_

[DEBUG] 2020-02-17 10:40:39.912 [main] EntityLoader - Static select for entity com.streammedia.entity.User [READ]: select user0_.user_id as user_id1_1_0_, user0_.biography as biograph2_1_0_, user0_.birthdate as birthdat3_1_0_, user0_.created_at as created_4_1_0_, user0_.email as email5_1_0_, user0_.first_name as first_na6_1_0_, user0_.gender as gender7_1_0_, user0_.last_name as last_nam8_1_0_, user0_.password as password9_1_0_, user0_.picture as picture10_1_0_, user0_.updated_at as updated11_1_0_, user0_.username as usernam12_1_0_, roles1_.username as username5_0_1_, roles1_.role_id as role_id1_0_1_, roles1_.role_id as role_id1_0_2_, roles1_.created_at as created_2_0_2_, roles1_.name as name3_0_2_, roles1_.updated_at as updated_4_0_2_, roles1_.username as username5_0_2_ from SM_Users user0_ left outer join Role roles1_ on user0_.username=roles1_.username where user0_.user_id=?
[DEBUG] 2020-02-17 10:40:39.916 [main] Loader - Static select for action ACTION_MERGE on entity com.streammedia.entity.User: select user0_.user_id as user_id1_1_1_, user0_.biography as biograph2_1_1_, user0_.birthdate as birthdat3_1_1_, user0_.created_at as created_4_1_1_, user0_.email as email5_1_1_, user0_.first_name as first_na6_1_1_, user0_.gender as gender7_1_1_, user0_.last_name as last_nam8_1_1_, user0_.password as password9_1_1_, user0_.picture as picture10_1_1_, user0_.updated_at as updated11_1_1_, user0_.username as usernam12_1_1_, roles1_.username as username5_0_3_, roles1_.role_id as role_id1_0_3_, roles1_.role_id as role_id1_0_0_, roles1_.created_at as created_2_0_0_, roles1_.name as name3_0_0_, roles1_.updated_at as updated_4_0_0_, roles1_.username as username5_0_0_ from SM_Users user0_ left outer join Role roles1_ on user0_.username=roles1_.username where user0_.user_id=?
[DEBUG] 2020-02-17 10:40:39.920 [main] Loader - Static select for action ACTION_REFRESH on entity com.streammedia.entity.User: select user0_.user_id as user_id1_1_1_, user0_.biography as biograph2_1_1_, user0_.birthdate as birthdat3_1_1_, user0_.created_at as created_4_1_1_, user0_.email as email5_1_1_, user0_.first_name as first_na6_1_1_, user0_.gender as gender7_1_1_, user0_.last_name as last_nam8_1_1_, user0_.password as password9_1_1_, user0_.picture as picture10_1_1_, user0_.updated_at as updated11_1_1_, user0_.username as usernam12_1_1_, roles1_.username as username5_0_3_, roles1_.role_id as role_id1_0_3_, roles1_.role_id as role_id1_0_0_, roles1_.created_at as created_2_0_0_, roles1_.name as name3_0_0_, roles1_.updated_at as updated_4_0_0_, roles1_.username as username5_0_0_ from SM_Users user0_ left outer join Role roles1_ on user0_.username=roles1_.username where user0_.user_id=?
[DEBUG] 2020-02-17 10:40:39.930 [main] Loader - Static select for entity com.streammedia.entity.User [NONE]: select user0_.user_id as user_id1_1_1_, user0_.biography as biograph2_1_1_, user0_.birthdate as birthdat3_1_1_, user0_.created_at as created_4_1_1_, user0_.email as email5_1_1_, user0_.first_name as first_na6_1_1_, user0_.gender as gender7_1_1_, user0_.last_name as last_nam8_1_1_, user0_.password as password9_1_1_, user0_.picture as picture10_1_1_, user0_.updated_at as updated11_1_1_, user0_.username as usernam12_1_1_, roles1_.username as username5_0_3_, roles1_.role_id as role_id1_0_3_, roles1_.role_id as role_id1_0_0_, roles1_.created_at as created_2_0_0_, roles1_.name as name3_0_0_, roles1_.updated_at as updated_4_0_0_, roles1_.username as username5_0_0_ from SM_Users user0_ left outer join Role roles1_ on user0_.username=roles1_.username where user0_.username=?
[DEBUG] 2020-02-17 10:40:39.944 [main] QuerySpacesImpl - Adding QuerySpace : uid = <gen:0> -> org.hibernate.loader.plan.build.internal.spaces.CollectionQuerySpaceImpl@55acec99]
[DEBUG] 2020-02-17 10:40:39.944 [main] QuerySpacesImpl - Adding QuerySpace : uid = <gen:1> -> org.hibernate.loader.plan.build.internal.spaces.EntityQuerySpaceImpl@61191222]
[DEBUG] 2020-02-17 10:40:39.945 [main] MetamodelGraphWalker - Visiting attribute path : createdAt
[DEBUG] 2020-02-17 10:40:39.945 [main] MetamodelGraphWalker - Visiting attribute path : name
[DEBUG] 2020-02-17 10:40:39.945 [main] MetamodelGraphWalker - Visiting attribute path : updatedAt
[DEBUG] 2020-02-17 10:40:39.945 [main] MetamodelGraphWalker - Visiting attribute path : user
[DEBUG] 2020-02-17 10:40:39.945 [main] MetamodelGraphWalker - Property path deemed to be circular : user
[DEBUG] 2020-02-17 10:40:39.945 [main] FetchStyleLoadPlanBuildingAssociationVisitationStrategy - Building LoadPlan...
[DEBUG] 2020-02-17 10:40:39.948 [main] LoadQueryJoinAndFetchProcessor - processing queryspace <gen:0>
[DEBUG] 2020-02-17 10:40:39.948 [main] LoadPlanTreePrinter - LoadPlan(collection=com.streammedia.entity.User.roles)
    - Returns
       - CollectionReturnImpl(collection=com.streammedia.entity.User.roles, querySpaceUid=<gen:0>, path=[com.streammedia.entity.User.roles])
          - (collection element) CollectionFetchableElementEntityGraph(entity=com.streammedia.entity.Role, querySpaceUid=<gen:1>, path=[com.streammedia.entity.User.roles].<elements>)
    - QuerySpaces
       - CollectionQuerySpaceImpl(uid=<gen:0>, collection=com.streammedia.entity.User.roles)
          - SQL table alias mapping - roles0_
          - alias suffix - 0_
          - suffixed key columns - {username5_0_0_}
          - entity-element alias suffix - 1_
          - 1_entity-element suffixed key columns - role_id1_0_1_
          - JOIN (JoinDefinedByMetadata(elements)) : <gen:0> -> <gen:1>
             - EntityQuerySpaceImpl(uid=<gen:1>, entity=com.streammedia.entity.Role)
                - SQL table alias mapping - roles0_
                - alias suffix - 1_
                - suffixed key columns - {role_id1_0_1_}

[DEBUG] 2020-02-17 10:40:39.949 [main] CollectionLoader - Static select for collection com.streammedia.entity.User.roles: select roles0_.username as username5_0_0_, roles0_.role_id as role_id1_0_0_, roles0_.role_id as role_id1_0_1_, roles0_.created_at as created_2_0_1_, roles0_.name as name3_0_1_, roles0_.updated_at as updated_4_0_1_, roles0_.username as username5_0_1_ from Role roles0_ where roles0_.username=?
[DEBUG] 2020-02-17 10:40:40.051 [main] SchemaManagementToolCoordinator - No actions specified; doing nothing
[DEBUG] 2020-02-17 10:40:40.053 [main] JtaPlatformInitiator - No JtaPlatform was specified, checking resolver
[DEBUG] 2020-02-17 10:40:40.055 [main] JtaPlatformResolverInitiator - No JtaPlatformResolver was specified, using default [org.hibernate.engine.transaction.jta.platform.internal.StandardJtaPlatformResolver]
[DEBUG] 2020-02-17 10:40:40.074 [main] StandardJtaPlatformResolver - Could not resolve JtaPlatform, using default [org.hibernate.engine.transaction.jta.platform.internal.NoJtaPlatform]
[INFO ] 2020-02-17 10:40:40.074 [main] JtaPlatformInitiator - HHH000490: Using JtaPlatform implementation: [org.hibernate.engine.transaction.jta.platform.internal.NoJtaPlatform]
[DEBUG] 2020-02-17 10:40:40.076 [main] NamedQueryRepository - Checking 0 named HQL queries
[DEBUG] 2020-02-17 10:40:40.076 [main] NamedQueryRepository - Checking 0 named SQL queries
[DEBUG] 2020-02-17 10:40:40.083 [main] SessionFactoryRegistry - Initializing SessionFactoryRegistry : org.hibernate.internal.SessionFactoryRegistry@647b9364
[DEBUG] 2020-02-17 10:40:40.086 [main] SessionFactoryRegistry - Registering SessionFactory: 4ca7d1a5-c55d-4a3d-80a3-3ccfb091cd9e (<unnamed>)
[DEBUG] 2020-02-17 10:40:40.086 [main] SessionFactoryRegistry - Not binding SessionFactory to JNDI, no JNDI name configured
[DEBUG] 2020-02-17 10:40:40.458 [main] StatisticsInitiator - Statistics initialized [enabled=false]
[DEBUG] 2020-02-17 10:40:40.469 [main] TransactionImpl - On TransactionImpl creation, JpaCompliance#isJpaTransactionComplianceEnabled == false
[DEBUG] 2020-02-17 10:40:40.469 [main] TransactionImpl - begin
[DEBUG] 2020-02-17 10:40:40.500 [main] ActionQueue - Executing identity-insert immediately
[DEBUG] 2020-02-17 10:40:40.507 [main] SQL - insert into SM_Users (biography, birthdate, created_at, email, first_name, gender, last_name, password, picture, updated_at, username) values (?, ?, ?, ?, ?, ?, ?, ?, ?, ?, ?)
[DEBUG] 2020-02-17 10:40:40.578 [main] IdentifierGeneratorHelper - Natively generated identity: 31
[DEBUG] 2020-02-17 10:40:40.581 [main] ResourceRegistryStandardImpl - HHH000387: ResultSet's statement was not registered
[DEBUG] 2020-02-17 10:40:40.592 [main] TransactionImpl - committing
[DEBUG] 2020-02-17 10:40:40.593 [main] AbstractFlushingEventListener - Processing flush-time cascades
[DEBUG] 2020-02-17 10:40:40.594 [main] AbstractFlushingEventListener - Dirty checking collections
[DEBUG] 2020-02-17 10:40:40.601 [main] Collections - Collection found: [com.streammedia.entity.User.roles#31], was: [<unreferenced>] (initialized)
[DEBUG] 2020-02-17 10:40:40.605 [main] AbstractFlushingEventListener - Flushed: 0 insertions, 0 updates, 0 deletions to 1 objects
[DEBUG] 2020-02-17 10:40:40.605 [main] AbstractFlushingEventListener - Flushed: 1 (re)creations, 0 updates, 0 removals to 1 collections
[DEBUG] 2020-02-17 10:40:40.612 [main] EntityPrinter - Listing entities:
[DEBUG] 2020-02-17 10:40:40.614 [main] EntityPrinter - com.streammedia.entity.User{lastName=null, birthdate=null, gender=null, roles=[], updateAt=2020-02-17, biography=null, userId=31, picture=null, createdAt=2020-02-17, firstName=null, password=fflintstone, email=fflintstone@streammedia.com, username=fflintstone}
[DEBUG] 2020-02-17 10:40:40.623 [main] LogicalConnectionManagedImpl - Initiating JDBC connection release from afterTransaction
[DEBUG] 2020-02-17 10:40:40.626 [main] LogicalConnectionManagedImpl - Initiating JDBC connection release from afterTransaction
[DEBUG] 2020-02-17 10:40:40.657 [main] SQL - select user0_.user_id as user_id1_1_0_, user0_.biography as biograph2_1_0_, user0_.birthdate as birthdat3_1_0_, user0_.created_at as created_4_1_0_, user0_.email as email5_1_0_, user0_.first_name as first_na6_1_0_, user0_.gender as gender7_1_0_, user0_.last_name as last_nam8_1_0_, user0_.password as password9_1_0_, user0_.picture as picture10_1_0_, user0_.updated_at as updated11_1_0_, user0_.username as usernam12_1_0_, roles1_.username as username5_0_1_, roles1_.role_id as role_id1_0_1_, roles1_.role_id as role_id1_0_2_, roles1_.created_at as created_2_0_2_, roles1_.name as name3_0_2_, roles1_.updated_at as updated_4_0_2_, roles1_.username as username5_0_2_ from SM_Users user0_ left outer join Role roles1_ on user0_.username=roles1_.username where user0_.user_id=?
[DEBUG] 2020-02-17 10:40:40.674 [main] ResultSetProcessorImpl - Starting ResultSet row #0
[DEBUG] 2020-02-17 10:40:40.683 [main] EntityReferenceInitializerImpl - On call to EntityIdentifierReaderImpl#resolve, EntityKey was already known; should only happen on root returns with an optional identifier specified
[DEBUG] 2020-02-17 10:40:40.878 [main] CollectionReferenceInitializerImpl - Result set contains (possibly empty) collection: [com.streammedia.entity.User.roles#User(userId=31, username=fflintstone, email=null, password=null, firstName=null, lastName=null, birthdate=null, picture=null, gender=null, biography=null, createdAt=null, updateAt=null)]
[DEBUG] 2020-02-17 10:40:40.887 [main] TwoPhaseLoad - Resolving attributes for [com.streammedia.entity.User#31]
[DEBUG] 2020-02-17 10:40:40.887 [main] TwoPhaseLoad - Processing attribute `biography` : value = null
[DEBUG] 2020-02-17 10:40:40.891 [main] TwoPhaseLoad - Attribute (`biography`)  - enhanced for lazy-loading? - false
[DEBUG] 2020-02-17 10:40:40.892 [main] TwoPhaseLoad - Processing attribute `birthdate` : value = null
[DEBUG] 2020-02-17 10:40:40.892 [main] TwoPhaseLoad - Attribute (`birthdate`)  - enhanced for lazy-loading? - false
[DEBUG] 2020-02-17 10:40:40.894 [main] TwoPhaseLoad - Processing attribute `createdAt` : value = 2020-02-17
[DEBUG] 2020-02-17 10:40:40.898 [main] TwoPhaseLoad - Attribute (`createdAt`)  - enhanced for lazy-loading? - false
[DEBUG] 2020-02-17 10:40:40.898 [main] TwoPhaseLoad - Processing attribute `email` : value = fflintstone@streammedia.com
[DEBUG] 2020-02-17 10:40:40.898 [main] TwoPhaseLoad - Attribute (`email`)  - enhanced for lazy-loading? - false
[DEBUG] 2020-02-17 10:40:40.898 [main] TwoPhaseLoad - Processing attribute `firstName` : value = null
[DEBUG] 2020-02-17 10:40:40.898 [main] TwoPhaseLoad - Attribute (`firstName`)  - enhanced for lazy-loading? - false
[DEBUG] 2020-02-17 10:40:40.898 [main] TwoPhaseLoad - Processing attribute `gender` : value = null
[DEBUG] 2020-02-17 10:40:40.898 [main] TwoPhaseLoad - Attribute (`gender`)  - enhanced for lazy-loading? - false
[DEBUG] 2020-02-17 10:40:40.898 [main] TwoPhaseLoad - Processing attribute `lastName` : value = null
[DEBUG] 2020-02-17 10:40:40.899 [main] TwoPhaseLoad - Attribute (`lastName`)  - enhanced for lazy-loading? - false
[DEBUG] 2020-02-17 10:40:40.899 [main] TwoPhaseLoad - Processing attribute `password` : value = fflintstone
[DEBUG] 2020-02-17 10:40:40.899 [main] TwoPhaseLoad - Attribute (`password`)  - enhanced for lazy-loading? - false
[DEBUG] 2020-02-17 10:40:40.899 [main] TwoPhaseLoad - Processing attribute `picture` : value = null
[DEBUG] 2020-02-17 10:40:40.899 [main] TwoPhaseLoad - Attribute (`picture`)  - enhanced for lazy-loading? - false
[DEBUG] 2020-02-17 10:40:40.899 [main] TwoPhaseLoad - Processing attribute `roles` : value = NOT NULL COLLECTION
[DEBUG] 2020-02-17 10:40:40.899 [main] TwoPhaseLoad - Attribute (`roles`)  - enhanced for lazy-loading? - false
[DEBUG] 2020-02-17 10:40:40.900 [main] TwoPhaseLoad - Processing attribute `updateAt` : value = 2020-02-17
[DEBUG] 2020-02-17 10:40:40.900 [main] TwoPhaseLoad - Attribute (`updateAt`)  - enhanced for lazy-loading? - false
[DEBUG] 2020-02-17 10:40:40.900 [main] TwoPhaseLoad - Processing attribute `username` : value = fflintstone
[DEBUG] 2020-02-17 10:40:40.900 [main] TwoPhaseLoad - Attribute (`username`)  - enhanced for lazy-loading? - false
[DEBUG] 2020-02-17 10:40:40.900 [main] TwoPhaseLoad - Processing attribute `_com_streammedia_entity_Role_user` : value = [Ljava.lang.Object;@71936a92
[DEBUG] 2020-02-17 10:40:40.900 [main] TwoPhaseLoad - Attribute (`_com_streammedia_entity_Role_user`)  - enhanced for lazy-loading? - false
[DEBUG] 2020-02-17 10:40:40.901 [main] TwoPhaseLoad - Done materializing entity [com.streammedia.entity.User#31]
[DEBUG] 2020-02-17 10:40:40.901 [main] CollectionLoadContext - 1 collections were found in result set for role: com.streammedia.entity.User.roles
[DEBUG] 2020-02-17 10:40:40.901 [main] CollectionLoadContext - Collection fully initialized: [com.streammedia.entity.User.roles#31]
[DEBUG] 2020-02-17 10:40:40.901 [main] CollectionLoadContext - 1 collections initialized for role: com.streammedia.entity.User.roles
[DEBUG] 2020-02-17 10:40:40.908 [main] ResourceRegistryStandardImpl - HHH000387: ResultSet's statement was not registered
[DEBUG] 2020-02-17 10:40:40.909 [main] AbstractLoadPlanBasedEntityLoader - Done entity load : com.streammedia.entity.User#31
[DEBUG] 2020-02-17 10:40:40.909 [main] LogicalConnectionManagedImpl - Initiating JDBC connection release from afterTransaction
