[DEBUG] 2020-02-17 10:38:26.607 [main] IntegratorServiceImpl - Adding Integrator [org.hibernate.cfg.beanvalidation.BeanValidationIntegrator].
[DEBUG] 2020-02-17 10:38:26.627 [main] IntegratorServiceImpl - Adding Integrator [org.hibernate.secure.spi.JaccIntegrator].
[DEBUG] 2020-02-17 10:38:26.643 [main] IntegratorServiceImpl - Adding Integrator [org.hibernate.cache.internal.CollectionCacheInvalidator].
[INFO ] 2020-02-17 10:38:26.942 [main] Version - HHH000412: Hibernate Core {5.4.4.Final}
[DEBUG] 2020-02-17 10:38:26.951 [main] Environment - HHH000206: hibernate.properties not found
[DEBUG] 2020-02-17 10:38:27.527 [main] LocalXmlResourceResolver - Interpreting public/system identifier : [-//Hibernate/Hibernate Configuration DTD//EN] - [http://www.hibernate.org/dtd/hibernate-configuration-3.0.dtd]
[DEBUG] 2020-02-17 10:38:27.528 [main] LocalXmlResourceResolver - Recognized hibernate-configuration identifier; attempting to resolve on classpath under org/hibernate/
[DEBUG] 2020-02-17 10:38:27.552 [main] JaxbCfgProcessor - cfg.xml document did not define namespaces; wrapping in custom event reader to introduce namespace information
[DEBUG] 2020-02-17 10:38:28.515 [main] ServiceBinding - Overriding existing service binding [org.hibernate.secure.spi.JaccService]
[DEBUG] 2020-02-17 10:38:28.572 [main] RegionFactoryInitiator - Cannot default RegionFactory based on registered strategies as `[]` RegionFactory strategies were registered
[DEBUG] 2020-02-17 10:38:28.576 [main] RegionFactoryInitiator - Cache region factory : org.hibernate.cache.internal.NoCachingRegionFactory
[INFO ] 2020-02-17 10:38:28.621 [main] Version - HCANN000001: Hibernate Commons Annotations {5.1.0.Final}
[DEBUG] 2020-02-17 10:38:28.765 [main] BasicTypeRegistry - Adding type registration boolean -> org.hibernate.type.BooleanType@73eb8672
[DEBUG] 2020-02-17 10:38:28.773 [main] BasicTypeRegistry - Adding type registration boolean -> org.hibernate.type.BooleanType@73eb8672
[DEBUG] 2020-02-17 10:38:28.773 [main] BasicTypeRegistry - Adding type registration java.lang.Boolean -> org.hibernate.type.BooleanType@73eb8672
[DEBUG] 2020-02-17 10:38:28.774 [main] BasicTypeRegistry - Adding type registration numeric_boolean -> org.hibernate.type.NumericBooleanType@5a865416
[DEBUG] 2020-02-17 10:38:28.776 [main] BasicTypeRegistry - Adding type registration true_false -> org.hibernate.type.TrueFalseType@6e92c6ad
[DEBUG] 2020-02-17 10:38:28.777 [main] BasicTypeRegistry - Adding type registration yes_no -> org.hibernate.type.YesNoType@5baaae4c
[DEBUG] 2020-02-17 10:38:28.788 [main] BasicTypeRegistry - Adding type registration byte -> org.hibernate.type.ByteType@27e32fe4
[DEBUG] 2020-02-17 10:38:28.789 [main] BasicTypeRegistry - Adding type registration byte -> org.hibernate.type.ByteType@27e32fe4
[DEBUG] 2020-02-17 10:38:28.792 [main] BasicTypeRegistry - Adding type registration java.lang.Byte -> org.hibernate.type.ByteType@27e32fe4
[DEBUG] 2020-02-17 10:38:28.794 [main] BasicTypeRegistry - Adding type registration character -> org.hibernate.type.CharacterType@3044e9c7
[DEBUG] 2020-02-17 10:38:28.799 [main] BasicTypeRegistry - Adding type registration char -> org.hibernate.type.CharacterType@3044e9c7
[DEBUG] 2020-02-17 10:38:28.799 [main] BasicTypeRegistry - Adding type registration java.lang.Character -> org.hibernate.type.CharacterType@3044e9c7
[DEBUG] 2020-02-17 10:38:28.803 [main] BasicTypeRegistry - Adding type registration short -> org.hibernate.type.ShortType@28952dea
[DEBUG] 2020-02-17 10:38:28.804 [main] BasicTypeRegistry - Adding type registration short -> org.hibernate.type.ShortType@28952dea
[DEBUG] 2020-02-17 10:38:28.804 [main] BasicTypeRegistry - Adding type registration java.lang.Short -> org.hibernate.type.ShortType@28952dea
[DEBUG] 2020-02-17 10:38:28.809 [main] BasicTypeRegistry - Adding type registration integer -> org.hibernate.type.IntegerType@70807224
[DEBUG] 2020-02-17 10:38:28.809 [main] BasicTypeRegistry - Adding type registration int -> org.hibernate.type.IntegerType@70807224
[DEBUG] 2020-02-17 10:38:28.810 [main] BasicTypeRegistry - Adding type registration java.lang.Integer -> org.hibernate.type.IntegerType@70807224
[DEBUG] 2020-02-17 10:38:28.816 [main] BasicTypeRegistry - Adding type registration long -> org.hibernate.type.LongType@2caf6912
[DEBUG] 2020-02-17 10:38:28.818 [main] BasicTypeRegistry - Adding type registration long -> org.hibernate.type.LongType@2caf6912
[DEBUG] 2020-02-17 10:38:28.818 [main] BasicTypeRegistry - Adding type registration java.lang.Long -> org.hibernate.type.LongType@2caf6912
[DEBUG] 2020-02-17 10:38:28.821 [main] BasicTypeRegistry - Adding type registration float -> org.hibernate.type.FloatType@31ff1390
[DEBUG] 2020-02-17 10:38:28.821 [main] BasicTypeRegistry - Adding type registration float -> org.hibernate.type.FloatType@31ff1390
[DEBUG] 2020-02-17 10:38:28.822 [main] BasicTypeRegistry - Adding type registration java.lang.Float -> org.hibernate.type.FloatType@31ff1390
[DEBUG] 2020-02-17 10:38:28.824 [main] BasicTypeRegistry - Adding type registration double -> org.hibernate.type.DoubleType@1f12e153
[DEBUG] 2020-02-17 10:38:28.824 [main] BasicTypeRegistry - Adding type registration double -> org.hibernate.type.DoubleType@1f12e153
[DEBUG] 2020-02-17 10:38:28.827 [main] BasicTypeRegistry - Adding type registration java.lang.Double -> org.hibernate.type.DoubleType@1f12e153
[DEBUG] 2020-02-17 10:38:28.829 [main] BasicTypeRegistry - Adding type registration big_decimal -> org.hibernate.type.BigDecimalType@469d003c
[DEBUG] 2020-02-17 10:38:28.829 [main] BasicTypeRegistry - Adding type registration java.math.BigDecimal -> org.hibernate.type.BigDecimalType@469d003c
[DEBUG] 2020-02-17 10:38:28.832 [main] BasicTypeRegistry - Adding type registration big_integer -> org.hibernate.type.BigIntegerType@1d3e6d34
[DEBUG] 2020-02-17 10:38:28.832 [main] BasicTypeRegistry - Adding type registration java.math.BigInteger -> org.hibernate.type.BigIntegerType@1d3e6d34
[DEBUG] 2020-02-17 10:38:28.835 [main] BasicTypeRegistry - Adding type registration string -> org.hibernate.type.StringType@4303b7f0
[DEBUG] 2020-02-17 10:38:28.835 [main] BasicTypeRegistry - Adding type registration java.lang.String -> org.hibernate.type.StringType@4303b7f0
[DEBUG] 2020-02-17 10:38:28.836 [main] BasicTypeRegistry - Adding type registration nstring -> org.hibernate.type.StringNVarcharType@2234078
[DEBUG] 2020-02-17 10:38:28.838 [main] BasicTypeRegistry - Adding type registration ncharacter -> org.hibernate.type.CharacterNCharType@c68a5f8
[DEBUG] 2020-02-17 10:38:28.841 [main] BasicTypeRegistry - Adding type registration url -> org.hibernate.type.UrlType@6bff19ff
[DEBUG] 2020-02-17 10:38:28.842 [main] BasicTypeRegistry - Adding type registration java.net.URL -> org.hibernate.type.UrlType@6bff19ff
[DEBUG] 2020-02-17 10:38:28.844 [main] BasicTypeRegistry - Adding type registration Duration -> org.hibernate.type.DurationType@5c089b2f
[DEBUG] 2020-02-17 10:38:28.845 [main] BasicTypeRegistry - Adding type registration java.time.Duration -> org.hibernate.type.DurationType@5c089b2f
[DEBUG] 2020-02-17 10:38:28.855 [main] BasicTypeRegistry - Adding type registration Instant -> org.hibernate.type.InstantType@6fe46b62
[DEBUG] 2020-02-17 10:38:28.857 [main] BasicTypeRegistry - Adding type registration java.time.Instant -> org.hibernate.type.InstantType@6fe46b62
[DEBUG] 2020-02-17 10:38:28.861 [main] BasicTypeRegistry - Adding type registration LocalDateTime -> org.hibernate.type.LocalDateTimeType@736ac09a
[DEBUG] 2020-02-17 10:38:28.864 [main] BasicTypeRegistry - Adding type registration java.time.LocalDateTime -> org.hibernate.type.LocalDateTimeType@736ac09a
[DEBUG] 2020-02-17 10:38:28.867 [main] BasicTypeRegistry - Adding type registration LocalDate -> org.hibernate.type.LocalDateType@74fef3f7
[DEBUG] 2020-02-17 10:38:28.868 [main] BasicTypeRegistry - Adding type registration java.time.LocalDate -> org.hibernate.type.LocalDateType@74fef3f7
[DEBUG] 2020-02-17 10:38:28.870 [main] BasicTypeRegistry - Adding type registration LocalTime -> org.hibernate.type.LocalTimeType@516ebdf8
[DEBUG] 2020-02-17 10:38:28.870 [main] BasicTypeRegistry - Adding type registration java.time.LocalTime -> org.hibernate.type.LocalTimeType@516ebdf8
[DEBUG] 2020-02-17 10:38:28.873 [main] BasicTypeRegistry - Adding type registration OffsetDateTime -> org.hibernate.type.OffsetDateTimeType@7c2a69b4
[DEBUG] 2020-02-17 10:38:28.873 [main] BasicTypeRegistry - Adding type registration java.time.OffsetDateTime -> org.hibernate.type.OffsetDateTimeType@7c2a69b4
[DEBUG] 2020-02-17 10:38:28.875 [main] BasicTypeRegistry - Adding type registration OffsetTime -> org.hibernate.type.OffsetTimeType@56781d96
[DEBUG] 2020-02-17 10:38:28.875 [main] BasicTypeRegistry - Adding type registration java.time.OffsetTime -> org.hibernate.type.OffsetTimeType@56781d96
[DEBUG] 2020-02-17 10:38:28.878 [main] BasicTypeRegistry - Adding type registration ZonedDateTime -> org.hibernate.type.ZonedDateTimeType@a10c1b5
[DEBUG] 2020-02-17 10:38:28.879 [main] BasicTypeRegistry - Adding type registration java.time.ZonedDateTime -> org.hibernate.type.ZonedDateTimeType@a10c1b5
[DEBUG] 2020-02-17 10:38:28.882 [main] BasicTypeRegistry - Adding type registration date -> org.hibernate.type.DateType@187eb9a8
[DEBUG] 2020-02-17 10:38:28.882 [main] BasicTypeRegistry - Adding type registration java.sql.Date -> org.hibernate.type.DateType@187eb9a8
[DEBUG] 2020-02-17 10:38:28.885 [main] BasicTypeRegistry - Adding type registration time -> org.hibernate.type.TimeType@63429932
[DEBUG] 2020-02-17 10:38:28.885 [main] BasicTypeRegistry - Adding type registration java.sql.Time -> org.hibernate.type.TimeType@63429932
[DEBUG] 2020-02-17 10:38:28.887 [main] BasicTypeRegistry - Adding type registration timestamp -> org.hibernate.type.TimestampType@732bb66d
[DEBUG] 2020-02-17 10:38:28.888 [main] BasicTypeRegistry - Adding type registration java.sql.Timestamp -> org.hibernate.type.TimestampType@732bb66d
[DEBUG] 2020-02-17 10:38:28.888 [main] BasicTypeRegistry - Adding type registration java.util.Date -> org.hibernate.type.TimestampType@732bb66d
[DEBUG] 2020-02-17 10:38:28.892 [main] BasicTypeRegistry - Adding type registration dbtimestamp -> org.hibernate.type.DbTimestampType@4463d9d3
[DEBUG] 2020-02-17 10:38:28.894 [main] BasicTypeRegistry - Adding type registration calendar -> org.hibernate.type.CalendarType@a0a9fa5
[DEBUG] 2020-02-17 10:38:28.895 [main] BasicTypeRegistry - Adding type registration java.util.Calendar -> org.hibernate.type.CalendarType@a0a9fa5
[DEBUG] 2020-02-17 10:38:28.895 [main] BasicTypeRegistry - Adding type registration java.util.GregorianCalendar -> org.hibernate.type.CalendarType@a0a9fa5
[DEBUG] 2020-02-17 10:38:28.897 [main] BasicTypeRegistry - Adding type registration calendar_date -> org.hibernate.type.CalendarDateType@3fbfa96
[DEBUG] 2020-02-17 10:38:28.900 [main] BasicTypeRegistry - Adding type registration locale -> org.hibernate.type.LocaleType@301d8120
[DEBUG] 2020-02-17 10:38:28.900 [main] BasicTypeRegistry - Adding type registration java.util.Locale -> org.hibernate.type.LocaleType@301d8120
[DEBUG] 2020-02-17 10:38:28.903 [main] BasicTypeRegistry - Adding type registration currency -> org.hibernate.type.CurrencyType@3e134896
[DEBUG] 2020-02-17 10:38:28.904 [main] BasicTypeRegistry - Adding type registration java.util.Currency -> org.hibernate.type.CurrencyType@3e134896
[DEBUG] 2020-02-17 10:38:28.908 [main] BasicTypeRegistry - Adding type registration timezone -> org.hibernate.type.TimeZoneType@2d0bfb24
[DEBUG] 2020-02-17 10:38:28.908 [main] BasicTypeRegistry - Adding type registration java.util.TimeZone -> org.hibernate.type.TimeZoneType@2d0bfb24
[DEBUG] 2020-02-17 10:38:28.910 [main] BasicTypeRegistry - Adding type registration class -> org.hibernate.type.ClassType@1136b469
[DEBUG] 2020-02-17 10:38:28.910 [main] BasicTypeRegistry - Adding type registration java.lang.Class -> org.hibernate.type.ClassType@1136b469
[DEBUG] 2020-02-17 10:38:28.913 [main] BasicTypeRegistry - Adding type registration uuid-binary -> org.hibernate.type.UUIDBinaryType@5432050b
[DEBUG] 2020-02-17 10:38:28.913 [main] BasicTypeRegistry - Adding type registration java.util.UUID -> org.hibernate.type.UUIDBinaryType@5432050b
[DEBUG] 2020-02-17 10:38:28.914 [main] BasicTypeRegistry - Adding type registration uuid-char -> org.hibernate.type.UUIDCharType@29182679
[DEBUG] 2020-02-17 10:38:28.916 [main] BasicTypeRegistry - Adding type registration binary -> org.hibernate.type.BinaryType@27068a50
[DEBUG] 2020-02-17 10:38:28.916 [main] BasicTypeRegistry - Adding type registration byte[] -> org.hibernate.type.BinaryType@27068a50
[DEBUG] 2020-02-17 10:38:28.916 [main] BasicTypeRegistry - Adding type registration [B -> org.hibernate.type.BinaryType@27068a50
[DEBUG] 2020-02-17 10:38:28.918 [main] BasicTypeRegistry - Adding type registration wrapper-binary -> org.hibernate.type.WrapperBinaryType@1b9c1b51
[DEBUG] 2020-02-17 10:38:28.919 [main] BasicTypeRegistry - Adding type registration Byte[] -> org.hibernate.type.WrapperBinaryType@1b9c1b51
[DEBUG] 2020-02-17 10:38:28.919 [main] BasicTypeRegistry - Adding type registration [Ljava.lang.Byte; -> org.hibernate.type.WrapperBinaryType@1b9c1b51
[DEBUG] 2020-02-17 10:38:28.921 [main] BasicTypeRegistry - Adding type registration row_version -> org.hibernate.type.RowVersionType@60921b21
[DEBUG] 2020-02-17 10:38:28.926 [main] BasicTypeRegistry - Adding type registration image -> org.hibernate.type.ImageType@773bd77b
[DEBUG] 2020-02-17 10:38:28.929 [main] BasicTypeRegistry - Adding type registration characters -> org.hibernate.type.CharArrayType@1a5b8489
[DEBUG] 2020-02-17 10:38:28.930 [main] BasicTypeRegistry - Adding type registration char[] -> org.hibernate.type.CharArrayType@1a5b8489
[DEBUG] 2020-02-17 10:38:28.930 [main] BasicTypeRegistry - Adding type registration [C -> org.hibernate.type.CharArrayType@1a5b8489
[DEBUG] 2020-02-17 10:38:28.932 [main] BasicTypeRegistry - Adding type registration wrapper-characters -> org.hibernate.type.CharacterArrayType@7c211fd0
[DEBUG] 2020-02-17 10:38:28.933 [main] BasicTypeRegistry - Adding type registration [Ljava.lang.Character; -> org.hibernate.type.CharacterArrayType@7c211fd0
[DEBUG] 2020-02-17 10:38:28.934 [main] BasicTypeRegistry - Adding type registration Character[] -> org.hibernate.type.CharacterArrayType@7c211fd0
[DEBUG] 2020-02-17 10:38:28.935 [main] BasicTypeRegistry - Adding type registration text -> org.hibernate.type.TextType@588ffeb
[DEBUG] 2020-02-17 10:38:28.936 [main] BasicTypeRegistry - Adding type registration ntext -> org.hibernate.type.NTextType@25d958c6
[DEBUG] 2020-02-17 10:38:28.942 [main] BasicTypeRegistry - Adding type registration blob -> org.hibernate.type.BlobType@6443b128
[DEBUG] 2020-02-17 10:38:28.944 [main] BasicTypeRegistry - Adding type registration java.sql.Blob -> org.hibernate.type.BlobType@6443b128
[DEBUG] 2020-02-17 10:38:28.946 [main] BasicTypeRegistry - Adding type registration materialized_blob -> org.hibernate.type.MaterializedBlobType@332f25c8
[DEBUG] 2020-02-17 10:38:28.950 [main] BasicTypeRegistry - Adding type registration clob -> org.hibernate.type.ClobType@6ad6fa53
[DEBUG] 2020-02-17 10:38:28.952 [main] BasicTypeRegistry - Adding type registration java.sql.Clob -> org.hibernate.type.ClobType@6ad6fa53
[DEBUG] 2020-02-17 10:38:28.958 [main] BasicTypeRegistry - Adding type registration nclob -> org.hibernate.type.NClobType@247667dd
[DEBUG] 2020-02-17 10:38:28.959 [main] BasicTypeRegistry - Adding type registration java.sql.NClob -> org.hibernate.type.NClobType@247667dd
[DEBUG] 2020-02-17 10:38:28.963 [main] BasicTypeRegistry - Adding type registration materialized_clob -> org.hibernate.type.MaterializedClobType@5c20ffa8
[DEBUG] 2020-02-17 10:38:28.964 [main] BasicTypeRegistry - Adding type registration materialized_nclob -> org.hibernate.type.MaterializedNClobType@46c00568
[DEBUG] 2020-02-17 10:38:28.967 [main] BasicTypeRegistry - Adding type registration serializable -> org.hibernate.type.SerializableType@59942b48
[DEBUG] 2020-02-17 10:38:28.972 [main] BasicTypeRegistry - Adding type registration object -> org.hibernate.type.ObjectType@6df7988f
[DEBUG] 2020-02-17 10:38:28.972 [main] BasicTypeRegistry - Adding type registration java.lang.Object -> org.hibernate.type.ObjectType@6df7988f
[DEBUG] 2020-02-17 10:38:28.973 [main] BasicTypeRegistry - Adding type registration imm_date -> org.hibernate.type.AdaptedImmutableType@2fe88a09
[DEBUG] 2020-02-17 10:38:28.974 [main] BasicTypeRegistry - Adding type registration imm_time -> org.hibernate.type.AdaptedImmutableType@1917d90f
[DEBUG] 2020-02-17 10:38:28.974 [main] BasicTypeRegistry - Adding type registration imm_timestamp -> org.hibernate.type.AdaptedImmutableType@66bfd864
[DEBUG] 2020-02-17 10:38:28.974 [main] BasicTypeRegistry - Adding type registration imm_dbtimestamp -> org.hibernate.type.AdaptedImmutableType@4aac85fa
[DEBUG] 2020-02-17 10:38:28.975 [main] BasicTypeRegistry - Adding type registration imm_calendar -> org.hibernate.type.AdaptedImmutableType@21fff664
[DEBUG] 2020-02-17 10:38:28.975 [main] BasicTypeRegistry - Adding type registration imm_calendar_date -> org.hibernate.type.AdaptedImmutableType@6079cf5
[DEBUG] 2020-02-17 10:38:28.975 [main] BasicTypeRegistry - Adding type registration imm_binary -> org.hibernate.type.AdaptedImmutableType@1e6308a9
[DEBUG] 2020-02-17 10:38:28.976 [main] BasicTypeRegistry - Adding type registration imm_serializable -> org.hibernate.type.AdaptedImmutableType@30cecdca
[DEBUG] 2020-02-17 10:38:29.083 [main] DefaultIdentifierGeneratorFactory - Registering IdentifierGenerator strategy [uuid2] -> [org.hibernate.id.UUIDGenerator]
[DEBUG] 2020-02-17 10:38:29.085 [main] DefaultIdentifierGeneratorFactory - Registering IdentifierGenerator strategy [guid] -> [org.hibernate.id.GUIDGenerator]
[DEBUG] 2020-02-17 10:38:29.086 [main] DefaultIdentifierGeneratorFactory - Registering IdentifierGenerator strategy [uuid] -> [org.hibernate.id.UUIDHexGenerator]
[DEBUG] 2020-02-17 10:38:29.087 [main] DefaultIdentifierGeneratorFactory - Registering IdentifierGenerator strategy [uuid.hex] -> [org.hibernate.id.UUIDHexGenerator]
[DEBUG] 2020-02-17 10:38:29.088 [main] DefaultIdentifierGeneratorFactory - Registering IdentifierGenerator strategy [assigned] -> [org.hibernate.id.Assigned]
[DEBUG] 2020-02-17 10:38:29.090 [main] DefaultIdentifierGeneratorFactory - Registering IdentifierGenerator strategy [identity] -> [org.hibernate.id.IdentityGenerator]
[DEBUG] 2020-02-17 10:38:29.091 [main] DefaultIdentifierGeneratorFactory - Registering IdentifierGenerator strategy [select] -> [org.hibernate.id.SelectGenerator]
[DEBUG] 2020-02-17 10:38:29.097 [main] DefaultIdentifierGeneratorFactory - Registering IdentifierGenerator strategy [sequence] -> [org.hibernate.id.enhanced.SequenceStyleGenerator]
[DEBUG] 2020-02-17 10:38:29.099 [main] DefaultIdentifierGeneratorFactory - Registering IdentifierGenerator strategy [seqhilo] -> [org.hibernate.id.SequenceHiLoGenerator]
[DEBUG] 2020-02-17 10:38:29.100 [main] DefaultIdentifierGeneratorFactory - Registering IdentifierGenerator strategy [increment] -> [org.hibernate.id.IncrementGenerator]
[DEBUG] 2020-02-17 10:38:29.101 [main] DefaultIdentifierGeneratorFactory - Registering IdentifierGenerator strategy [foreign] -> [org.hibernate.id.ForeignGenerator]
[DEBUG] 2020-02-17 10:38:29.102 [main] DefaultIdentifierGeneratorFactory - Registering IdentifierGenerator strategy [sequence-identity] -> [org.hibernate.id.SequenceIdentityGenerator]
[DEBUG] 2020-02-17 10:38:29.103 [main] DefaultIdentifierGeneratorFactory - Registering IdentifierGenerator strategy [enhanced-sequence] -> [org.hibernate.id.enhanced.SequenceStyleGenerator]
[DEBUG] 2020-02-17 10:38:29.105 [main] DefaultIdentifierGeneratorFactory - Registering IdentifierGenerator strategy [enhanced-table] -> [org.hibernate.id.enhanced.TableGenerator]
[INFO ] 2020-02-17 10:38:29.123 [main] C3P0ConnectionProvider - HHH010002: C3P0 using driver: com.mysql.cj.jdbc.Driver at URL: jdbc:mysql://localhost:3306/test_streamMedia
[INFO ] 2020-02-17 10:38:29.124 [main] C3P0ConnectionProvider - HHH10001001: Connection properties: {password=****, user=root}
[INFO ] 2020-02-17 10:38:29.124 [main] C3P0ConnectionProvider - HHH10001003: Autocommit mode: false
[INFO ] 2020-02-17 10:38:29.549 [main] C3P0ConnectionProvider - HHH10001007: JDBC isolation level: <unknown>
[DEBUG] 2020-02-17 10:38:31.032 [main] JdbcEnvironmentInitiator - Database ->
       name : MySQL
    version : 8.0.19
      major : 8
      minor : 0
[DEBUG] 2020-02-17 10:38:31.037 [main] JdbcEnvironmentInitiator - Driver ->
       name : MySQL Connector/J
    version : mysql-connector-java-8.0.16 (Revision: 34cbc6bc61f72836e26327537a432d6db7c77de6)
      major : 8
      minor : 0
[DEBUG] 2020-02-17 10:38:31.038 [main] JdbcEnvironmentInitiator - JDBC version : 4.2
[INFO ] 2020-02-17 10:38:31.131 [main] Dialect - HHH000400: Using dialect: org.hibernate.dialect.MySQL8Dialect
[DEBUG] 2020-02-17 10:38:31.182 [main] IdentifierHelperBuilder - JDBC driver metadata reported database stores quoted identifiers in more than one case
[DEBUG] 2020-02-17 10:38:31.258 [main] IdentifierHelperBuilder - IdentifierCaseStrategy for both quoted and unquoted identifiers was set to the same strategy [MIXED]; that will likely lead to problems in schema update and validation if using quoted identifiers
[DEBUG] 2020-02-17 10:38:31.364 [main] Namespace - Created database namespace [logicalName=Name{catalog=null, schema=null}, physicalName=Name{catalog=null, schema=null}]
[DEBUG] 2020-02-17 10:38:31.372 [main] TypeConfiguration$Scope - Scoping TypeConfiguration [org.hibernate.type.spi.TypeConfiguration@6642dc5a] to MetadataBuildingContext [org.hibernate.boot.internal.MetadataBuildingContextRootImpl@43da41e]
[DEBUG] 2020-02-17 10:38:31.458 [main] AnnotationBinder - Binding entity from annotated class: com.streammedia.entity.User
[DEBUG] 2020-02-17 10:38:31.494 [main] Ejb3Column - Binding column: Ejb3DiscriminatorColumn{logicalColumnName'DTYPE', discriminatorTypeName='string'}
[DEBUG] 2020-02-17 10:38:31.502 [main] EntityBinder - Import with entity name User
[DEBUG] 2020-02-17 10:38:31.506 [main] EntityBinder - Bind entity com.streammedia.entity.User on table SM_Users
[DEBUG] 2020-02-17 10:38:31.556 [main] Ejb3Column - Binding column: Ejb3Column{table=org.hibernate.mapping.Table(SM_Users), mappingColumn=user_id, insertable=true, updatable=true, unique=false}
[DEBUG] 2020-02-17 10:38:31.563 [main] PropertyBinder - MetadataSourceProcessor property userId with lazy=false
[DEBUG] 2020-02-17 10:38:31.566 [main] AbstractPropertyHolder - Attempting to locate auto-apply AttributeConverter for property [com.streammedia.entity.User:userId]
[DEBUG] 2020-02-17 10:38:31.569 [main] SimpleValueBinder - building SimpleValue for userId
[DEBUG] 2020-02-17 10:38:31.573 [main] PropertyBinder - Building property userId
[DEBUG] 2020-02-17 10:38:31.580 [main] BinderHelper - #makeIdGenerator(org.hibernate.mapping.SimpleValue([org.hibernate.mapping.Column(user_id)]), userId, org.hibernate.id.enhanced.SequenceStyleGenerator, native, ...)
[DEBUG] 2020-02-17 10:38:31.582 [main] Ejb3Column - Binding column: Ejb3Column{table=org.hibernate.mapping.Table(SM_Users), mappingColumn=biography, insertable=true, updatable=true, unique=false}
[DEBUG] 2020-02-17 10:38:31.583 [main] PropertyBinder - MetadataSourceProcessor property biography with lazy=false
[DEBUG] 2020-02-17 10:38:31.583 [main] AbstractPropertyHolder - Attempting to locate auto-apply AttributeConverter for property [com.streammedia.entity.User:biography]
[DEBUG] 2020-02-17 10:38:31.583 [main] SimpleValueBinder - building SimpleValue for biography
[DEBUG] 2020-02-17 10:38:31.583 [main] PropertyBinder - Building property biography
[DEBUG] 2020-02-17 10:38:31.584 [main] Ejb3Column - Binding column: Ejb3Column{table=org.hibernate.mapping.Table(SM_Users), mappingColumn=birthdate, insertable=true, updatable=true, unique=false}
[DEBUG] 2020-02-17 10:38:31.585 [main] PropertyBinder - MetadataSourceProcessor property birthdate with lazy=false
[DEBUG] 2020-02-17 10:38:31.585 [main] AbstractPropertyHolder - Attempting to locate auto-apply AttributeConverter for property [com.streammedia.entity.User:birthdate]
[DEBUG] 2020-02-17 10:38:31.585 [main] SimpleValueBinder - building SimpleValue for birthdate
[DEBUG] 2020-02-17 10:38:31.586 [main] PropertyBinder - Building property birthdate
[DEBUG] 2020-02-17 10:38:31.586 [main] Ejb3Column - Binding column: Ejb3Column{table=org.hibernate.mapping.Table(SM_Users), mappingColumn=created_at, insertable=true, updatable=true, unique=false}
[DEBUG] 2020-02-17 10:38:31.586 [main] PropertyBinder - MetadataSourceProcessor property createdAt with lazy=false
[DEBUG] 2020-02-17 10:38:31.587 [main] AbstractPropertyHolder - Attempting to locate auto-apply AttributeConverter for property [com.streammedia.entity.User:createdAt]
[DEBUG] 2020-02-17 10:38:31.587 [main] SimpleValueBinder - building SimpleValue for createdAt
[DEBUG] 2020-02-17 10:38:31.587 [main] PropertyBinder - Building property createdAt
[DEBUG] 2020-02-17 10:38:31.588 [main] Ejb3Column - Binding column: Ejb3Column{table=org.hibernate.mapping.Table(SM_Users), mappingColumn=email, insertable=true, updatable=true, unique=false}
[DEBUG] 2020-02-17 10:38:31.588 [main] PropertyBinder - MetadataSourceProcessor property email with lazy=false
[DEBUG] 2020-02-17 10:38:31.589 [main] AbstractPropertyHolder - Attempting to locate auto-apply AttributeConverter for property [com.streammedia.entity.User:email]
[DEBUG] 2020-02-17 10:38:31.589 [main] SimpleValueBinder - building SimpleValue for email
[DEBUG] 2020-02-17 10:38:31.589 [main] PropertyBinder - Building property email
[DEBUG] 2020-02-17 10:38:31.590 [main] Ejb3Column - Binding column: Ejb3Column{table=org.hibernate.mapping.Table(SM_Users), mappingColumn=first_name, insertable=true, updatable=true, unique=false}
[DEBUG] 2020-02-17 10:38:31.590 [main] PropertyBinder - MetadataSourceProcessor property firstName with lazy=false
[DEBUG] 2020-02-17 10:38:31.590 [main] AbstractPropertyHolder - Attempting to locate auto-apply AttributeConverter for property [com.streammedia.entity.User:firstName]
[DEBUG] 2020-02-17 10:38:31.591 [main] SimpleValueBinder - building SimpleValue for firstName
[DEBUG] 2020-02-17 10:38:31.591 [main] PropertyBinder - Building property firstName
[DEBUG] 2020-02-17 10:38:31.591 [main] Ejb3Column - Binding column: Ejb3Column{table=org.hibernate.mapping.Table(SM_Users), mappingColumn=gender, insertable=true, updatable=true, unique=false}
[DEBUG] 2020-02-17 10:38:31.592 [main] PropertyBinder - MetadataSourceProcessor property gender with lazy=false
[DEBUG] 2020-02-17 10:38:31.592 [main] AbstractPropertyHolder - Attempting to locate auto-apply AttributeConverter for property [com.streammedia.entity.User:gender]
[DEBUG] 2020-02-17 10:38:31.592 [main] SimpleValueBinder - building SimpleValue for gender
[DEBUG] 2020-02-17 10:38:31.593 [main] PropertyBinder - Building property gender
[DEBUG] 2020-02-17 10:38:31.593 [main] Ejb3Column - Binding column: Ejb3Column{table=org.hibernate.mapping.Table(SM_Users), mappingColumn=last_name, insertable=true, updatable=true, unique=false}
[DEBUG] 2020-02-17 10:38:31.593 [main] PropertyBinder - MetadataSourceProcessor property lastName with lazy=false
[DEBUG] 2020-02-17 10:38:31.594 [main] AbstractPropertyHolder - Attempting to locate auto-apply AttributeConverter for property [com.streammedia.entity.User:lastName]
[DEBUG] 2020-02-17 10:38:31.594 [main] SimpleValueBinder - building SimpleValue for lastName
[DEBUG] 2020-02-17 10:38:31.594 [main] PropertyBinder - Building property lastName
[DEBUG] 2020-02-17 10:38:31.594 [main] Ejb3Column - Binding column: Ejb3Column{table=org.hibernate.mapping.Table(SM_Users), mappingColumn=password, insertable=true, updatable=true, unique=false}
[DEBUG] 2020-02-17 10:38:31.595 [main] PropertyBinder - MetadataSourceProcessor property password with lazy=false
[DEBUG] 2020-02-17 10:38:31.595 [main] AbstractPropertyHolder - Attempting to locate auto-apply AttributeConverter for property [com.streammedia.entity.User:password]
[DEBUG] 2020-02-17 10:38:31.596 [main] SimpleValueBinder - building SimpleValue for password
[DEBUG] 2020-02-17 10:38:31.596 [main] PropertyBinder - Building property password
[DEBUG] 2020-02-17 10:38:31.596 [main] Ejb3Column - Binding column: Ejb3Column{table=org.hibernate.mapping.Table(SM_Users), mappingColumn=picture, insertable=true, updatable=true, unique=false}
[DEBUG] 2020-02-17 10:38:31.597 [main] PropertyBinder - MetadataSourceProcessor property picture with lazy=false
[DEBUG] 2020-02-17 10:38:31.597 [main] AbstractPropertyHolder - Attempting to locate auto-apply AttributeConverter for property [com.streammedia.entity.User:picture]
[DEBUG] 2020-02-17 10:38:31.597 [main] SimpleValueBinder - building SimpleValue for picture
[DEBUG] 2020-02-17 10:38:31.598 [main] PropertyBinder - Building property picture
[DEBUG] 2020-02-17 10:38:31.601 [main] Ejb3Column - Binding column: Ejb3JoinColumn{logicalColumnName='null', referencedColumn='null', mappedBy='user'}
[DEBUG] 2020-02-17 10:38:31.605 [main] Ejb3Column - Binding column: Ejb3Column{table=org.hibernate.mapping.Table(SM_Users), mappingColumn=roles, insertable=true, updatable=true, unique=false}
[DEBUG] 2020-02-17 10:38:31.609 [main] Ejb3Column - Binding column: Ejb3Column{table=org.hibernate.mapping.Table(SM_Users), mappingColumn=null, insertable=true, updatable=true, unique=false}
[DEBUG] 2020-02-17 10:38:31.631 [main] Ejb3Column - Binding column: Ejb3Column{table=org.hibernate.mapping.Table(SM_Users), mappingColumn=element, insertable=true, updatable=true, unique=false}
[DEBUG] 2020-02-17 10:38:31.632 [main] Ejb3Column - Binding column: Ejb3Column{table=org.hibernate.mapping.Table(SM_Users), mappingColumn=roles_KEY, insertable=true, updatable=true, unique=false}
[DEBUG] 2020-02-17 10:38:31.635 [main] Ejb3Column - Binding column: Ejb3JoinColumn{logicalColumnName='roles_KEY', referencedColumn='null', mappedBy='null'}
[DEBUG] 2020-02-17 10:38:31.639 [main] Ejb3Column - Binding column: Ejb3JoinColumn{logicalColumnName='null', referencedColumn='null', mappedBy='user'}
[DEBUG] 2020-02-17 10:38:31.639 [main] Ejb3Column - Binding column: Ejb3JoinColumn{logicalColumnName='null', referencedColumn='null', mappedBy='user'}
[DEBUG] 2020-02-17 10:38:31.640 [main] CollectionBinder - Collection role: com.streammedia.entity.User.roles
[DEBUG] 2020-02-17 10:38:31.645 [main] PropertyBinder - Building property roles
[DEBUG] 2020-02-17 10:38:31.650 [main] Ejb3Column - Binding column: Ejb3Column{table=org.hibernate.mapping.Table(SM_Users), mappingColumn=updated_at, insertable=true, updatable=true, unique=false}
[DEBUG] 2020-02-17 10:38:31.651 [main] PropertyBinder - MetadataSourceProcessor property updateAt with lazy=false
[DEBUG] 2020-02-17 10:38:31.653 [main] AbstractPropertyHolder - Attempting to locate auto-apply AttributeConverter for property [com.streammedia.entity.User:updateAt]
[DEBUG] 2020-02-17 10:38:31.653 [main] SimpleValueBinder - building SimpleValue for updateAt
[DEBUG] 2020-02-17 10:38:31.654 [main] PropertyBinder - Building property updateAt
[DEBUG] 2020-02-17 10:38:31.654 [main] Ejb3Column - Binding column: Ejb3Column{table=org.hibernate.mapping.Table(SM_Users), mappingColumn=username, insertable=true, updatable=true, unique=true}
[DEBUG] 2020-02-17 10:38:31.654 [main] PropertyBinder - MetadataSourceProcessor property username with lazy=false
[DEBUG] 2020-02-17 10:38:31.655 [main] AbstractPropertyHolder - Attempting to locate auto-apply AttributeConverter for property [com.streammedia.entity.User:username]
[DEBUG] 2020-02-17 10:38:31.655 [main] SimpleValueBinder - building SimpleValue for username
[DEBUG] 2020-02-17 10:38:31.655 [main] PropertyBinder - Building property username
[DEBUG] 2020-02-17 10:38:31.659 [main] AnnotationBinder - Binding entity from annotated class: com.streammedia.entity.Role
[DEBUG] 2020-02-17 10:38:31.660 [main] Ejb3Column - Binding column: Ejb3DiscriminatorColumn{logicalColumnName'DTYPE', discriminatorTypeName='string'}
[DEBUG] 2020-02-17 10:38:31.661 [main] EntityBinder - Import with entity name Role
[DEBUG] 2020-02-17 10:38:31.661 [main] EntityBinder - Bind entity com.streammedia.entity.Role on table Role
[DEBUG] 2020-02-17 10:38:31.680 [main] Ejb3Column - Binding column: Ejb3Column{table=org.hibernate.mapping.Table(Role), mappingColumn=role_id, insertable=true, updatable=true, unique=false}
[DEBUG] 2020-02-17 10:38:31.680 [main] PropertyBinder - MetadataSourceProcessor property roleId with lazy=false
[DEBUG] 2020-02-17 10:38:31.681 [main] AbstractPropertyHolder - Attempting to locate auto-apply AttributeConverter for property [com.streammedia.entity.Role:roleId]
[DEBUG] 2020-02-17 10:38:31.681 [main] SimpleValueBinder - building SimpleValue for roleId
[DEBUG] 2020-02-17 10:38:31.681 [main] PropertyBinder - Building property roleId
[DEBUG] 2020-02-17 10:38:31.681 [main] BinderHelper - #makeIdGenerator(org.hibernate.mapping.SimpleValue([org.hibernate.mapping.Column(role_id)]), roleId, org.hibernate.id.enhanced.SequenceStyleGenerator, native, ...)
[DEBUG] 2020-02-17 10:38:31.685 [main] Ejb3Column - Binding column: Ejb3Column{table=org.hibernate.mapping.Table(Role), mappingColumn=created_at, insertable=true, updatable=true, unique=false}
[DEBUG] 2020-02-17 10:38:31.686 [main] PropertyBinder - MetadataSourceProcessor property createdAt with lazy=false
[DEBUG] 2020-02-17 10:38:31.686 [main] AbstractPropertyHolder - Attempting to locate auto-apply AttributeConverter for property [com.streammedia.entity.Role:createdAt]
[DEBUG] 2020-02-17 10:38:31.686 [main] SimpleValueBinder - building SimpleValue for createdAt
[DEBUG] 2020-02-17 10:38:31.687 [main] PropertyBinder - Building property createdAt
[DEBUG] 2020-02-17 10:38:31.711 [main] Ejb3Column - Binding column: Ejb3Column{table=org.hibernate.mapping.Table(Role), mappingColumn=name, insertable=true, updatable=true, unique=false}
[DEBUG] 2020-02-17 10:38:31.711 [main] PropertyBinder - MetadataSourceProcessor property name with lazy=false
[DEBUG] 2020-02-17 10:38:31.711 [main] AbstractPropertyHolder - Attempting to locate auto-apply AttributeConverter for property [com.streammedia.entity.Role:name]
[DEBUG] 2020-02-17 10:38:31.711 [main] SimpleValueBinder - building SimpleValue for name
[DEBUG] 2020-02-17 10:38:31.712 [main] PropertyBinder - Building property name
[DEBUG] 2020-02-17 10:38:31.712 [main] Ejb3Column - Binding column: Ejb3Column{table=org.hibernate.mapping.Table(Role), mappingColumn=updated_at, insertable=true, updatable=true, unique=false}
[DEBUG] 2020-02-17 10:38:31.712 [main] PropertyBinder - MetadataSourceProcessor property updatedAt with lazy=false
[DEBUG] 2020-02-17 10:38:31.712 [main] AbstractPropertyHolder - Attempting to locate auto-apply AttributeConverter for property [com.streammedia.entity.Role:updatedAt]
[DEBUG] 2020-02-17 10:38:31.713 [main] SimpleValueBinder - building SimpleValue for updatedAt
[DEBUG] 2020-02-17 10:38:31.713 [main] PropertyBinder - Building property updatedAt
[DEBUG] 2020-02-17 10:38:31.714 [main] Ejb3Column - Binding column: Ejb3JoinColumn{logicalColumnName='username', referencedColumn='username', mappedBy=''}
[DEBUG] 2020-02-17 10:38:31.714 [main] Ejb3Column - Binding column: Ejb3Column{table=org.hibernate.mapping.Table(Role), mappingColumn=user, insertable=true, updatable=true, unique=false}
[DEBUG] 2020-02-17 10:38:31.716 [main] PropertyBinder - Building property user
[DEBUG] 2020-02-17 10:38:31.718 [main] SimpleValueBinder - Starting fillSimpleValue for userId
[DEBUG] 2020-02-17 10:38:31.719 [main] SimpleValueBinder - Starting fillSimpleValue for biography
[DEBUG] 2020-02-17 10:38:31.719 [main] SimpleValueBinder - Starting fillSimpleValue for birthdate
[DEBUG] 2020-02-17 10:38:31.719 [main] SimpleValueBinder - Starting fillSimpleValue for createdAt
[DEBUG] 2020-02-17 10:38:31.719 [main] SimpleValueBinder - Starting fillSimpleValue for email
[DEBUG] 2020-02-17 10:38:31.720 [main] SimpleValueBinder - Starting fillSimpleValue for firstName
[DEBUG] 2020-02-17 10:38:31.720 [main] SimpleValueBinder - Starting fillSimpleValue for gender
[DEBUG] 2020-02-17 10:38:31.720 [main] SimpleValueBinder - Starting fillSimpleValue for lastName
[DEBUG] 2020-02-17 10:38:31.720 [main] SimpleValueBinder - Starting fillSimpleValue for password
[DEBUG] 2020-02-17 10:38:31.720 [main] SimpleValueBinder - Starting fillSimpleValue for picture
[DEBUG] 2020-02-17 10:38:31.720 [main] SimpleValueBinder - Starting fillSimpleValue for updateAt
[DEBUG] 2020-02-17 10:38:31.720 [main] SimpleValueBinder - Starting fillSimpleValue for username
[DEBUG] 2020-02-17 10:38:31.721 [main] SimpleValueBinder - Starting fillSimpleValue for roleId
[DEBUG] 2020-02-17 10:38:31.721 [main] SimpleValueBinder - Starting fillSimpleValue for createdAt
[DEBUG] 2020-02-17 10:38:31.721 [main] SimpleValueBinder - Starting fillSimpleValue for name
[DEBUG] 2020-02-17 10:38:31.721 [main] SimpleValueBinder - Starting fillSimpleValue for updatedAt
[DEBUG] 2020-02-17 10:38:31.732 [main] PrimaryKey - Forcing column [user_id] to be non-null as it is part of the primary key for table [sm_users]
[DEBUG] 2020-02-17 10:38:31.732 [main] PrimaryKey - Forcing column [role_id] to be non-null as it is part of the primary key for table [role]
[DEBUG] 2020-02-17 10:38:31.733 [main] CollectionSecondPass - Second pass for collection: com.streammedia.entity.User.roles
[DEBUG] 2020-02-17 10:38:31.733 [main] CollectionBinder - Binding a OneToMany: com.streammedia.entity.User.roles through a foreign key
[DEBUG] 2020-02-17 10:38:31.734 [main] CollectionBinder - Mapping collection: com.streammedia.entity.User.roles -> Role
[DEBUG] 2020-02-17 10:38:31.736 [main] TableBinder - Retrieving property com.streammedia.entity.Role.user
[DEBUG] 2020-02-17 10:38:31.736 [main] CollectionSecondPass - Mapped collection key: username, one-to-many: com.streammedia.entity.Role
[DEBUG] 2020-02-17 10:38:31.736 [main] InFlightMetadataCollectorImpl - Processing association property references
[DEBUG] 2020-02-17 10:38:31.737 [main] InFlightMetadataCollectorImpl - Resolving reference to class: com.streammedia.entity.User
[DEBUG] 2020-02-17 10:38:31.741 [main] InFlightMetadataCollectorImpl - Processing association property references
[DEBUG] 2020-02-17 10:38:31.742 [main] InFlightMetadataCollectorImpl - Resolving reference to class: com.streammedia.entity.User
[DEBUG] 2020-02-17 10:38:31.888 [main] SessionFactoryImpl - Building session factory
[DEBUG] 2020-02-17 10:38:31.891 [main] Settings - SessionFactory name : null
[DEBUG] 2020-02-17 10:38:31.891 [main] Settings - Automatic flush during beforeCompletion(): enabled
[DEBUG] 2020-02-17 10:38:31.891 [main] Settings - Automatic session close at end of transaction: disabled
[DEBUG] 2020-02-17 10:38:31.891 [main] Settings - Statistics: disabled
[DEBUG] 2020-02-17 10:38:31.891 [main] Settings - Deleted entity synthetic identifier rollback: disabled
[DEBUG] 2020-02-17 10:38:31.892 [main] Settings - Default entity-mode: pojo
[DEBUG] 2020-02-17 10:38:31.892 [main] Settings - Check Nullability in Core (should be disabled when Bean Validation is on): enabled
[DEBUG] 2020-02-17 10:38:31.892 [main] Settings - Allow initialization of lazy state outside session : disabled
[DEBUG] 2020-02-17 10:38:31.892 [main] Settings - Using BatchFetchStyle : LEGACY
[DEBUG] 2020-02-17 10:38:31.892 [main] Settings - Default batch fetch size: -1
[DEBUG] 2020-02-17 10:38:31.892 [main] Settings - Maximum outer join fetch depth: 2
[DEBUG] 2020-02-17 10:38:31.892 [main] Settings - Default null ordering: NONE
[DEBUG] 2020-02-17 10:38:31.893 [main] Settings - Order SQL updates by primary key: disabled
[DEBUG] 2020-02-17 10:38:31.893 [main] Settings - Order SQL inserts for batching: disabled
[DEBUG] 2020-02-17 10:38:31.893 [main] Settings - multi-tenancy strategy : NONE
[DEBUG] 2020-02-17 10:38:31.893 [main] Settings - JTA Track by Thread: enabled
[DEBUG] 2020-02-17 10:38:31.893 [main] Settings - Query language substitutions: {}
[DEBUG] 2020-02-17 10:38:31.893 [main] Settings - Named query checking : enabled
[DEBUG] 2020-02-17 10:38:31.893 [main] Settings - Second-level cache: disabled
[DEBUG] 2020-02-17 10:38:31.894 [main] Settings - Second-level query cache: disabled
[DEBUG] 2020-02-17 10:38:31.894 [main] Settings - Second-level query cache factory: null
[DEBUG] 2020-02-17 10:38:31.894 [main] Settings - Second-level cache region prefix: null
[DEBUG] 2020-02-17 10:38:31.894 [main] Settings - Optimize second-level cache for minimal puts: disabled
[DEBUG] 2020-02-17 10:38:31.894 [main] Settings - Structured second-level cache entries: disabled
[DEBUG] 2020-02-17 10:38:31.894 [main] Settings - Second-level cache direct-reference entries: disabled
[DEBUG] 2020-02-17 10:38:31.895 [main] Settings - Automatic eviction of collection cache: disabled
[DEBUG] 2020-02-17 10:38:31.895 [main] Settings - JDBC batch size: 15
[DEBUG] 2020-02-17 10:38:31.895 [main] Settings - JDBC batch updates for versioned data: enabled
[DEBUG] 2020-02-17 10:38:31.895 [main] Settings - Scrollable result sets: enabled
[DEBUG] 2020-02-17 10:38:31.895 [main] Settings - Wrap result sets: disabled
[DEBUG] 2020-02-17 10:38:31.895 [main] Settings - JDBC3 getGeneratedKeys(): enabled
[DEBUG] 2020-02-17 10:38:31.895 [main] Settings - JDBC result set fetch size: null
[DEBUG] 2020-02-17 10:38:31.896 [main] Settings - Connection release mode: AFTER_TRANSACTION
[DEBUG] 2020-02-17 10:38:31.896 [main] Settings - Generate SQL with comments: disabled
[DEBUG] 2020-02-17 10:38:31.896 [main] Settings - JPA compliance - query : 
[DEBUG] 2020-02-17 10:38:31.896 [main] Settings - JPA compliance - closed-handling : 
[DEBUG] 2020-02-17 10:38:31.896 [main] Settings - JPA compliance - lists : 
[DEBUG] 2020-02-17 10:38:31.896 [main] Settings - JPA compliance - transactions : 
[INFO ] 2020-02-17 10:38:32.010 [main] beans - HHH10005002: No explicit CDI BeanManager reference was passed to Hibernate, but CDI is available on the Hibernate ClassLoader.
[DEBUG] 2020-02-17 10:38:32.049 [main] SessionFactoryImpl - Session factory constructed with filter configurations : {}
[DEBUG] 2020-02-17 10:38:32.050 [main] SessionFactoryImpl - Instantiating session factory with properties: {sun.desktop=gnome, awt.toolkit=sun.awt.X11.XToolkit, java.specification.version=11, sun.cpu.isalist=, hibernate.c3p0.idle_test_period=3000, sun.jnu.encoding=UTF-8, hibernate.c3p0.min_size=5, java.class.path=/home/student/intellij/lib/idea_rt.jar:/home/student/intellij/plugins/junit/lib/junit5-rt.jar:/home/student/intellij/plugins/junit/lib/junit-rt.jar:/home/student/IdeaProjects/streamMedia/target/test-classes:/home/student/IdeaProjects/streamMedia/target/classes:/home/student/.m2/repository/org/junit/platform/junit-platform-runner/1.0.0/junit-platform-runner-1.0.0.jar:/home/student/.m2/repository/org/apiguardian/apiguardian-api/1.0.0/apiguardian-api-1.0.0.jar:/home/student/.m2/repository/org/junit/platform/junit-platform-launcher/1.0.0/junit-platform-launcher-1.0.0.jar:/home/student/.m2/repository/org/junit/platform/junit-platform-suite-api/1.0.0/junit-platform-suite-api-1.0.0.jar:/home/student/.m2/repository/org/junit/platform/junit-platform-commons/1.0.0/junit-platform-commons-1.0.0.jar:/home/student/.m2/repository/org/junit/vintage/junit-vintage-engine/4.12.0/junit-vintage-engine-4.12.0.jar:/home/student/.m2/repository/org/junit/platform/junit-platform-engine/1.0.0/junit-platform-engine-1.0.0.jar:/home/student/.m2/repository/org/opentest4j/opentest4j/1.0.0/opentest4j-1.0.0.jar:/home/student/.m2/repository/org/junit/jupiter/junit-jupiter-engine/5.0.0/junit-jupiter-engine-5.0.0.jar:/home/student/.m2/repository/org/junit/jupiter/junit-jupiter-api/5.0.0/junit-jupiter-api-5.0.0.jar:/home/student/.m2/repository/junit/junit/4.12/junit-4.12.jar:/home/student/.m2/repository/org/hamcrest/hamcrest-core/1.3/hamcrest-core-1.3.jar:/home/student/.m2/repository/javax/javaee-web-api/7.0/javaee-web-api-7.0.jar:/home/student/.m2/repository/mysql/mysql-connector-java/8.0.16/mysql-connector-java-8.0.16.jar:/home/student/.m2/repository/com/google/protobuf/protobuf-java/3.6.1/protobuf-java-3.6.1.jar:/home/student/.m2/repository/jstl/jstl/1.2/jstl-1.2.jar:/home/student/.m2/repository/org/apache/logging/log4j/log4j-api/2.10.0/log4j-api-2.10.0.jar:/home/student/.m2/repository/org/apache/logging/log4j/log4j-core/2.10.0/log4j-core-2.10.0.jar:/home/student/.m2/repository/org/junit/platform/junit-platform-surefire-provider/1.0.0/junit-platform-surefire-provider-1.0.0.jar:/home/student/.m2/repository/org/apache/maven/surefire/surefire-api/2.19.1/surefire-api-2.19.1.jar:/home/student/.m2/repository/org/apache/maven/surefire/common-java5/2.19.1/common-java5-2.19.1.jar:/home/student/.m2/repository/org/projectlombok/lombok/1.18.10/lombok-1.18.10.jar:/home/student/.m2/repository/org/hibernate/hibernate-core/5.4.4.Final/hibernate-core-5.4.4.Final.jar:/home/student/.m2/repository/org/jboss/logging/jboss-logging/3.3.2.Final/jboss-logging-3.3.2.Final.jar:/home/student/.m2/repository/javax/persistence/javax.persistence-api/2.2/javax.persistence-api-2.2.jar:/home/student/.m2/repository/org/javassist/javassist/3.24.0-GA/javassist-3.24.0-GA.jar:/home/student/.m2/repository/net/bytebuddy/byte-buddy/1.9.11/byte-buddy-1.9.11.jar:/home/student/.m2/repository/antlr/antlr/2.7.7/antlr-2.7.7.jar:/home/student/.m2/repository/org/jboss/spec/javax/transaction/jboss-transaction-api_1.2_spec/1.1.1.Final/jboss-transaction-api_1.2_spec-1.1.1.Final.jar:/home/student/.m2/repository/org/jboss/jandex/2.0.5.Final/jandex-2.0.5.Final.jar:/home/student/.m2/repository/com/fasterxml/classmate/1.3.4/classmate-1.3.4.jar:/home/student/.m2/repository/javax/activation/javax.activation-api/1.2.0/javax.activation-api-1.2.0.jar:/home/student/.m2/repository/org/dom4j/dom4j/2.1.1/dom4j-2.1.1.jar:/home/student/.m2/repository/org/hibernate/common/hibernate-commons-annotations/5.1.0.Final/hibernate-commons-annotations-5.1.0.Final.jar:/home/student/.m2/repository/javax/xml/bind/jaxb-api/2.3.1/jaxb-api-2.3.1.jar:/home/student/.m2/repository/org/glassfish/jaxb/jaxb-runtime/2.3.1/jaxb-runtime-2.3.1.jar:/home/student/.m2/repository/org/glassfish/jaxb/txw2/2.3.1/txw2-2.3.1.jar:/home/student/.m2/repository/com/sun/istack/istack-commons-runtime/3.0.7/istack-commons-runtime-3.0.7.jar:/home/student/.m2/repository/org/jvnet/staxex/stax-ex/1.8/stax-ex-1.8.jar:/home/student/.m2/repository/com/sun/xml/fastinfoset/FastInfoset/1.2.15/FastInfoset-1.2.15.jar:/home/student/.m2/repository/org/hibernate/hibernate-c3p0/5.4.4.Final/hibernate-c3p0-5.4.4.Final.jar:/home/student/.m2/repository/com/mchange/c3p0/0.9.5.3/c3p0-0.9.5.3.jar:/home/student/.m2/repository/com/mchange/mchange-commons-java/0.2.15/mchange-commons-java-0.2.15.jar:/home/student/.m2/repository/javax/servlet/javax.servlet-api/4.0.1/javax.servlet-api-4.0.1.jar:/home/student/.m2/repository/org/mindrot/jbcrypt/0.3m/jbcrypt-0.3m.jar:/home/student/.m2/repository/com/sun/mail/javax.mail/1.6.2/javax.mail-1.6.2.jar:/home/student/.m2/repository/javax/activation/activation/1.1/activation-1.1.jar, java.vm.vendor=Ubuntu, sun.arch.data.model=64, idea.test.cyclic.buffer.size=1048576, java.vendor.url=https://ubuntu.com/, user.timezone=America/Chicago, os.name=Linux, java.vm.specification.version=11, sun.java.launcher=SUN_STANDARD, user.country=US, sun.boot.library.path=/usr/lib/jvm/java-11-openjdk-amd64/lib, sun.java.command=com.intellij.rt.junit.JUnitStarter -ideVersion5 -junit5 com.streammedia.perisistence.UserDaoTest,insertSuccess, jdk.debug=release, sun.cpu.endian=little, user.home=/home/student, hibernate.c3p0.max_statements=50, user.language=en, java.specification.vendor=Oracle Corporation, java.version.date=2020-01-14, java.home=/usr/lib/jvm/java-11-openjdk-amd64, file.separator=/, java.vm.compressedOopsMode=32-bit, line.separator=
, hibernate.c3p0.timeout=300, java.specification.name=Java Platform API Specification, java.vm.specification.vendor=Oracle Corporation, java.awt.graphicsenv=sun.awt.X11GraphicsEnvironment, connection.password=student, sun.management.compiler=HotSpot 64-Bit Tiered Compilers, hibernate.c3p0.max_size=20, java.runtime.version=11.0.6+10-post-Ubuntu-1ubuntu118.04.1, user.name=student, path.separator=:, hibernate.connection.username=****, os.version=5.3.0-28-generic, java.runtime.name=OpenJDK Runtime Environment, hibernate.connection.url=jdbc:mysql://localhost:3306/test_streamMedia, file.encoding=UTF-8, java.vm.name=OpenJDK 64-Bit Server VM, hibernate.connection.driver_class=com.mysql.cj.jdbc.Driver, java.vendor.url.bug=https://bugs.launchpad.net/ubuntu/+source/openjdk-lts, java.io.tmpdir=/tmp, java.version=11.0.6, user.dir=/home/student/IdeaProjects/streamMedia, os.arch=amd64, connection.username=root, java.vm.specification.name=Java Virtual Machine Specification, java.awt.printerjob=sun.print.PSPrinterJob, hibernate.connection.password=****, sun.os.patch.level=unknown, connection.driver_class=com.mysql.cj.jdbc.Driver, hibernate.boot.CfgXmlAccessService.key=org.hibernate.boot.cfgxml.spi.LoadedConfig@1491344a, java.library.path=/usr/java/packages/lib:/usr/lib/x86_64-linux-gnu/jni:/lib/x86_64-linux-gnu:/usr/lib/x86_64-linux-gnu:/usr/lib/jni:/lib:/usr/lib, java.vendor=Ubuntu, java.vm.info=mixed mode, sharing, java.vm.version=11.0.6+10-post-Ubuntu-1ubuntu118.04.1, hibernate.bytecode.use_reflection_optimizer=false, sun.io.unicode.encoding=UnicodeLittle, connection.url=jdbc:mysql://localhost:3306/test_streamMedia, java.class.version=55.0}
[DEBUG] 2020-02-17 10:38:32.087 [main] TypeSafeActivator - Unable to acquire Bean Validation ValidatorFactory, skipping activation
[DEBUG] 2020-02-17 10:38:32.087 [main] JaccIntegrator - Skipping JACC integration as it was not enabled
[DEBUG] 2020-02-17 10:38:32.091 [main] SessionFactoryImpl - Instantiated session factory
[DEBUG] 2020-02-17 10:38:32.091 [main] TypeConfiguration$Scope - Scoping TypeConfiguration [org.hibernate.type.spi.TypeConfiguration@6642dc5a] to SessionFactoryImpl [org.hibernate.internal.SessionFactoryImpl@32e652b6]
[DEBUG] 2020-02-17 10:38:32.205 [main] ClassLoaderAccessImpl - Not known whether passed class name [com.streammedia.entity.Role] is safe
[DEBUG] 2020-02-17 10:38:32.206 [main] ClassLoaderAccessImpl - No temp ClassLoader provided; using live ClassLoader for loading potentially unsafe class : com.streammedia.entity.Role
[DEBUG] 2020-02-17 10:38:32.276 [main] ClassLoaderAccessImpl - Not known whether passed class name [com.streammedia.entity.Role] is safe
[DEBUG] 2020-02-17 10:38:32.276 [main] ClassLoaderAccessImpl - No temp ClassLoader provided; using live ClassLoader for loading potentially unsafe class : com.streammedia.entity.Role
[DEBUG] 2020-02-17 10:38:32.798 [main] ClassLoaderAccessImpl - Not known whether passed class name [com.streammedia.entity.User] is safe
[DEBUG] 2020-02-17 10:38:32.798 [main] ClassLoaderAccessImpl - No temp ClassLoader provided; using live ClassLoader for loading potentially unsafe class : com.streammedia.entity.User
[DEBUG] 2020-02-17 10:38:32.803 [main] ClassLoaderAccessImpl - Not known whether passed class name [com.streammedia.entity.User] is safe
[DEBUG] 2020-02-17 10:38:32.803 [main] ClassLoaderAccessImpl - No temp ClassLoader provided; using live ClassLoader for loading potentially unsafe class : com.streammedia.entity.User
[DEBUG] 2020-02-17 10:38:32.893 [main] AbstractCollectionPersister - Static SQL for collection: com.streammedia.entity.User.roles
[DEBUG] 2020-02-17 10:38:32.894 [main] AbstractCollectionPersister -  Row insert: update Role set username=? where role_id=?
[DEBUG] 2020-02-17 10:38:32.894 [main] AbstractCollectionPersister -  Row update: update Role set  where role_id=?
[DEBUG] 2020-02-17 10:38:32.894 [main] AbstractCollectionPersister -  Row delete: update Role set username=null where username=? and role_id=?
[DEBUG] 2020-02-17 10:38:32.894 [main] AbstractCollectionPersister -  One-shot delete: update Role set username=null where username=?
[DEBUG] 2020-02-17 10:38:32.902 [main] AbstractEntityPersister - Static SQL for entity: com.streammedia.entity.Role
[DEBUG] 2020-02-17 10:38:32.903 [main] AbstractEntityPersister -  Version select: select role_id from Role where role_id =?
[DEBUG] 2020-02-17 10:38:32.903 [main] AbstractEntityPersister -  Snapshot select: select role_.role_id, role_.created_at as created_2_0_, role_.name as name3_0_, role_.updated_at as updated_4_0_, role_.username as username5_0_ from Role role_ where role_.role_id=?
[DEBUG] 2020-02-17 10:38:32.903 [main] AbstractEntityPersister -  Insert 0: insert into Role (created_at, name, updated_at, username, role_id) values (?, ?, ?, ?, ?)
[DEBUG] 2020-02-17 10:38:32.903 [main] AbstractEntityPersister -  Update 0: update Role set created_at=?, name=?, updated_at=?, username=? where role_id=?
[DEBUG] 2020-02-17 10:38:32.903 [main] AbstractEntityPersister -  Delete 0: delete from Role where role_id=?
[DEBUG] 2020-02-17 10:38:32.904 [main] AbstractEntityPersister -  Identity insert: insert into Role (created_at, name, updated_at, username) values (?, ?, ?, ?)
[DEBUG] 2020-02-17 10:38:32.951 [main] QuerySpacesImpl - Adding QuerySpace : uid = <gen:0> -> org.hibernate.loader.plan.build.internal.spaces.EntityQuerySpaceImpl@62b09715]
[DEBUG] 2020-02-17 10:38:32.955 [main] MetamodelGraphWalker - Visiting attribute path : createdAt
[DEBUG] 2020-02-17 10:38:32.955 [main] MetamodelGraphWalker - Visiting attribute path : name
[DEBUG] 2020-02-17 10:38:32.955 [main] MetamodelGraphWalker - Visiting attribute path : updatedAt
[DEBUG] 2020-02-17 10:38:32.955 [main] MetamodelGraphWalker - Visiting attribute path : user
[DEBUG] 2020-02-17 10:38:32.965 [main] QuerySpacesImpl - Adding QuerySpace : uid = <gen:1> -> org.hibernate.loader.plan.build.internal.spaces.EntityQuerySpaceImpl@286855ea]
[DEBUG] 2020-02-17 10:38:32.968 [main] MetamodelGraphWalker - Visiting attribute path : user.biography
[DEBUG] 2020-02-17 10:38:32.968 [main] MetamodelGraphWalker - Visiting attribute path : user.birthdate
[DEBUG] 2020-02-17 10:38:32.969 [main] MetamodelGraphWalker - Visiting attribute path : user.createdAt
[DEBUG] 2020-02-17 10:38:32.969 [main] MetamodelGraphWalker - Visiting attribute path : user.email
[DEBUG] 2020-02-17 10:38:32.969 [main] MetamodelGraphWalker - Visiting attribute path : user.firstName
[DEBUG] 2020-02-17 10:38:32.969 [main] MetamodelGraphWalker - Visiting attribute path : user.gender
[DEBUG] 2020-02-17 10:38:32.969 [main] MetamodelGraphWalker - Visiting attribute path : user.lastName
[DEBUG] 2020-02-17 10:38:32.970 [main] MetamodelGraphWalker - Visiting attribute path : user.password
[DEBUG] 2020-02-17 10:38:32.970 [main] MetamodelGraphWalker - Visiting attribute path : user.picture
[DEBUG] 2020-02-17 10:38:32.970 [main] MetamodelGraphWalker - Visiting attribute path : user.roles
[DEBUG] 2020-02-17 10:38:32.970 [main] MetamodelGraphWalker - Property path deemed to be circular : user.roles
[DEBUG] 2020-02-17 10:38:32.971 [main] MetamodelGraphWalker - Visiting attribute path : user.updateAt
[DEBUG] 2020-02-17 10:38:32.971 [main] MetamodelGraphWalker - Visiting attribute path : user.username
[DEBUG] 2020-02-17 10:38:32.971 [main] MetamodelGraphWalker - Visiting attribute path : user._com_streammedia_entity_Role_user
[DEBUG] 2020-02-17 10:38:32.973 [main] QuerySpacesImpl - Adding QuerySpace : uid = <gen:2> -> org.hibernate.loader.plan.build.internal.spaces.CompositeQuerySpaceImpl@5af5d76f]
[DEBUG] 2020-02-17 10:38:32.978 [main] MetamodelGraphWalker - Visiting attribute path : user._com_streammedia_entity_Role_user.username
[DEBUG] 2020-02-17 10:38:32.979 [main] FetchStyleLoadPlanBuildingAssociationVisitationStrategy - Building LoadPlan...
[DEBUG] 2020-02-17 10:38:33.005 [main] LoadQueryJoinAndFetchProcessor - processing queryspace <gen:0>
[DEBUG] 2020-02-17 10:38:33.017 [main] LoadPlanTreePrinter - LoadPlan(entity=com.streammedia.entity.Role)
    - Returns
       - EntityReturnImpl(entity=com.streammedia.entity.Role, querySpaceUid=<gen:0>, path=com.streammedia.entity.Role)
          - EntityAttributeFetchImpl(entity=com.streammedia.entity.User, querySpaceUid=<gen:1>, path=com.streammedia.entity.Role.user)
             - CompositeAttributeFetchImpl(composite=com.streammedia.entity.User, querySpaceUid=<gen:2>, path=com.streammedia.entity.Role.user._com_streammedia_entity_Role_user)
    - QuerySpaces
       - EntityQuerySpaceImpl(uid=<gen:0>, entity=com.streammedia.entity.Role)
          - SQL table alias mapping - role0_
          - alias suffix - 0_
          - suffixed key columns - {role_id1_0_0_}
          - JOIN (JoinDefinedByMetadata(user)) : <gen:0> -> <gen:1>
             - EntityQuerySpaceImpl(uid=<gen:1>, entity=com.streammedia.entity.User)
                - SQL table alias mapping - user1_
                - alias suffix - 1_
                - suffixed key columns - {user_id1_1_1_}
                - JOIN (JoinDefinedByMetadata(_com_streammedia_entity_Role_user)) : <gen:1> -> <gen:2>
                   - CompositeQuerySpaceImpl(uid=<gen:2>)
                      - SQL table alias mapping - user1_

[DEBUG] 2020-02-17 10:38:33.021 [main] EntityLoader - Static select for entity com.streammedia.entity.Role [NONE]: select role0_.role_id as role_id1_0_0_, role0_.created_at as created_2_0_0_, role0_.name as name3_0_0_, role0_.updated_at as updated_4_0_0_, role0_.username as username5_0_0_, user1_.user_id as user_id1_1_1_, user1_.biography as biograph2_1_1_, user1_.birthdate as birthdat3_1_1_, user1_.created_at as created_4_1_1_, user1_.email as email5_1_1_, user1_.first_name as first_na6_1_1_, user1_.gender as gender7_1_1_, user1_.last_name as last_nam8_1_1_, user1_.password as password9_1_1_, user1_.picture as picture10_1_1_, user1_.updated_at as updated11_1_1_, user1_.username as usernam12_1_1_ from Role role0_ inner join SM_Users user1_ on role0_.username=user1_.username where role0_.role_id=?
[DEBUG] 2020-02-17 10:38:33.022 [main] QuerySpacesImpl - Adding QuerySpace : uid = <gen:0> -> org.hibernate.loader.plan.build.internal.spaces.EntityQuerySpaceImpl@131a7516]
[DEBUG] 2020-02-17 10:38:33.022 [main] MetamodelGraphWalker - Visiting attribute path : createdAt
[DEBUG] 2020-02-17 10:38:33.022 [main] MetamodelGraphWalker - Visiting attribute path : name
[DEBUG] 2020-02-17 10:38:33.022 [main] MetamodelGraphWalker - Visiting attribute path : updatedAt
[DEBUG] 2020-02-17 10:38:33.023 [main] MetamodelGraphWalker - Visiting attribute path : user
[DEBUG] 2020-02-17 10:38:33.023 [main] QuerySpacesImpl - Adding QuerySpace : uid = <gen:1> -> org.hibernate.loader.plan.build.internal.spaces.EntityQuerySpaceImpl@577536e0]
[DEBUG] 2020-02-17 10:38:33.023 [main] MetamodelGraphWalker - Visiting attribute path : user.biography
[DEBUG] 2020-02-17 10:38:33.023 [main] MetamodelGraphWalker - Visiting attribute path : user.birthdate
[DEBUG] 2020-02-17 10:38:33.024 [main] MetamodelGraphWalker - Visiting attribute path : user.createdAt
[DEBUG] 2020-02-17 10:38:33.024 [main] MetamodelGraphWalker - Visiting attribute path : user.email
[DEBUG] 2020-02-17 10:38:33.024 [main] MetamodelGraphWalker - Visiting attribute path : user.firstName
[DEBUG] 2020-02-17 10:38:33.024 [main] MetamodelGraphWalker - Visiting attribute path : user.gender
[DEBUG] 2020-02-17 10:38:33.024 [main] MetamodelGraphWalker - Visiting attribute path : user.lastName
[DEBUG] 2020-02-17 10:38:33.024 [main] MetamodelGraphWalker - Visiting attribute path : user.password
[DEBUG] 2020-02-17 10:38:33.025 [main] MetamodelGraphWalker - Visiting attribute path : user.picture
[DEBUG] 2020-02-17 10:38:33.025 [main] MetamodelGraphWalker - Visiting attribute path : user.roles
[DEBUG] 2020-02-17 10:38:33.025 [main] MetamodelGraphWalker - Property path deemed to be circular : user.roles
[DEBUG] 2020-02-17 10:38:33.025 [main] MetamodelGraphWalker - Visiting attribute path : user.updateAt
[DEBUG] 2020-02-17 10:38:33.025 [main] MetamodelGraphWalker - Visiting attribute path : user.username
[DEBUG] 2020-02-17 10:38:33.025 [main] MetamodelGraphWalker - Visiting attribute path : user._com_streammedia_entity_Role_user
[DEBUG] 2020-02-17 10:38:33.026 [main] QuerySpacesImpl - Adding QuerySpace : uid = <gen:2> -> org.hibernate.loader.plan.build.internal.spaces.CompositeQuerySpaceImpl@52d3fafd]
[DEBUG] 2020-02-17 10:38:33.026 [main] MetamodelGraphWalker - Visiting attribute path : user._com_streammedia_entity_Role_user.username
[DEBUG] 2020-02-17 10:38:33.026 [main] FetchStyleLoadPlanBuildingAssociationVisitationStrategy - Building LoadPlan...
[DEBUG] 2020-02-17 10:38:33.027 [main] LoadQueryJoinAndFetchProcessor - processing queryspace <gen:0>
[DEBUG] 2020-02-17 10:38:33.028 [main] LoadPlanTreePrinter - LoadPlan(entity=com.streammedia.entity.Role)
    - Returns
       - EntityReturnImpl(entity=com.streammedia.entity.Role, querySpaceUid=<gen:0>, path=com.streammedia.entity.Role)
          - EntityAttributeFetchImpl(entity=com.streammedia.entity.User, querySpaceUid=<gen:1>, path=com.streammedia.entity.Role.user)
             - CompositeAttributeFetchImpl(composite=com.streammedia.entity.User, querySpaceUid=<gen:2>, path=com.streammedia.entity.Role.user._com_streammedia_entity_Role_user)
    - QuerySpaces
       - EntityQuerySpaceImpl(uid=<gen:0>, entity=com.streammedia.entity.Role)
          - SQL table alias mapping - role0_
          - alias suffix - 0_
          - suffixed key columns - {role_id1_0_0_}
          - JOIN (JoinDefinedByMetadata(user)) : <gen:0> -> <gen:1>
             - EntityQuerySpaceImpl(uid=<gen:1>, entity=com.streammedia.entity.User)
                - SQL table alias mapping - user1_
                - alias suffix - 1_
                - suffixed key columns - {user_id1_1_1_}
                - JOIN (JoinDefinedByMetadata(_com_streammedia_entity_Role_user)) : <gen:1> -> <gen:2>
                   - CompositeQuerySpaceImpl(uid=<gen:2>)
                      - SQL table alias mapping - user1_

[DEBUG] 2020-02-17 10:38:33.029 [main] EntityLoader - Static select for entity com.streammedia.entity.Role [READ]: select role0_.role_id as role_id1_0_0_, role0_.created_at as created_2_0_0_, role0_.name as name3_0_0_, role0_.updated_at as updated_4_0_0_, role0_.username as username5_0_0_, user1_.user_id as user_id1_1_1_, user1_.biography as biograph2_1_1_, user1_.birthdate as birthdat3_1_1_, user1_.created_at as created_4_1_1_, user1_.email as email5_1_1_, user1_.first_name as first_na6_1_1_, user1_.gender as gender7_1_1_, user1_.last_name as last_nam8_1_1_, user1_.password as password9_1_1_, user1_.picture as picture10_1_1_, user1_.updated_at as updated11_1_1_, user1_.username as usernam12_1_1_ from Role role0_ inner join SM_Users user1_ on role0_.username=user1_.username where role0_.role_id=?
[DEBUG] 2020-02-17 10:38:33.057 [main] Loader - Static select for action ACTION_MERGE on entity com.streammedia.entity.Role: select role0_.role_id as role_id1_0_0_, role0_.created_at as created_2_0_0_, role0_.name as name3_0_0_, role0_.updated_at as updated_4_0_0_, role0_.username as username5_0_0_ from Role role0_ where role0_.role_id=?
[DEBUG] 2020-02-17 10:38:33.058 [main] Loader - Static select for action ACTION_REFRESH on entity com.streammedia.entity.Role: select role0_.role_id as role_id1_0_0_, role0_.created_at as created_2_0_0_, role0_.name as name3_0_0_, role0_.updated_at as updated_4_0_0_, role0_.username as username5_0_0_ from Role role0_ where role0_.role_id=?
[DEBUG] 2020-02-17 10:38:33.059 [main] AbstractEntityPersister - Static SQL for entity: com.streammedia.entity.User
[DEBUG] 2020-02-17 10:38:33.059 [main] AbstractEntityPersister -  Version select: select user_id from SM_Users where user_id =?
[DEBUG] 2020-02-17 10:38:33.059 [main] AbstractEntityPersister -  Snapshot select: select user_.user_id, user_.biography as biograph2_1_, user_.birthdate as birthdat3_1_, user_.created_at as created_4_1_, user_.email as email5_1_, user_.first_name as first_na6_1_, user_.gender as gender7_1_, user_.last_name as last_nam8_1_, user_.password as password9_1_, user_.picture as picture10_1_, user_.updated_at as updated11_1_, user_.username as usernam12_1_ from SM_Users user_ where user_.user_id=?
[DEBUG] 2020-02-17 10:38:33.060 [main] AbstractEntityPersister -  Insert 0: insert into SM_Users (biography, birthdate, created_at, email, first_name, gender, last_name, password, picture, updated_at, username, user_id) values (?, ?, ?, ?, ?, ?, ?, ?, ?, ?, ?, ?)
[DEBUG] 2020-02-17 10:38:33.060 [main] AbstractEntityPersister -  Update 0: update SM_Users set biography=?, birthdate=?, created_at=?, email=?, first_name=?, gender=?, last_name=?, password=?, picture=?, updated_at=?, username=? where user_id=?
[DEBUG] 2020-02-17 10:38:33.060 [main] AbstractEntityPersister -  Delete 0: delete from SM_Users where user_id=?
[DEBUG] 2020-02-17 10:38:33.060 [main] AbstractEntityPersister -  Identity insert: insert into SM_Users (biography, birthdate, created_at, email, first_name, gender, last_name, password, picture, updated_at, username) values (?, ?, ?, ?, ?, ?, ?, ?, ?, ?, ?)
[DEBUG] 2020-02-17 10:38:33.060 [main] QuerySpacesImpl - Adding QuerySpace : uid = <gen:0> -> org.hibernate.loader.plan.build.internal.spaces.EntityQuerySpaceImpl@6b2dd3df]
[DEBUG] 2020-02-17 10:38:33.060 [main] MetamodelGraphWalker - Visiting attribute path : biography
[DEBUG] 2020-02-17 10:38:33.061 [main] MetamodelGraphWalker - Visiting attribute path : birthdate
[DEBUG] 2020-02-17 10:38:33.061 [main] MetamodelGraphWalker - Visiting attribute path : createdAt
[DEBUG] 2020-02-17 10:38:33.061 [main] MetamodelGraphWalker - Visiting attribute path : email
[DEBUG] 2020-02-17 10:38:33.061 [main] MetamodelGraphWalker - Visiting attribute path : firstName
[DEBUG] 2020-02-17 10:38:33.061 [main] MetamodelGraphWalker - Visiting attribute path : gender
[DEBUG] 2020-02-17 10:38:33.061 [main] MetamodelGraphWalker - Visiting attribute path : lastName
[DEBUG] 2020-02-17 10:38:33.061 [main] MetamodelGraphWalker - Visiting attribute path : password
[DEBUG] 2020-02-17 10:38:33.061 [main] MetamodelGraphWalker - Visiting attribute path : picture
[DEBUG] 2020-02-17 10:38:33.061 [main] MetamodelGraphWalker - Visiting attribute path : roles
[DEBUG] 2020-02-17 10:38:33.063 [main] QuerySpacesImpl - Adding QuerySpace : uid = <gen:1> -> org.hibernate.loader.plan.build.internal.spaces.CollectionQuerySpaceImpl@66e17eff]
[DEBUG] 2020-02-17 10:38:33.065 [main] QuerySpacesImpl - Adding QuerySpace : uid = <gen:2> -> org.hibernate.loader.plan.build.internal.spaces.EntityQuerySpaceImpl@6d6ac396]
[DEBUG] 2020-02-17 10:38:33.167 [main] MetamodelGraphWalker - Visiting attribute path : roles.createdAt
[DEBUG] 2020-02-17 10:38:33.167 [main] MetamodelGraphWalker - Visiting attribute path : roles.name
[DEBUG] 2020-02-17 10:38:33.168 [main] MetamodelGraphWalker - Visiting attribute path : roles.updatedAt
[DEBUG] 2020-02-17 10:38:33.168 [main] MetamodelGraphWalker - Visiting attribute path : roles.user
[DEBUG] 2020-02-17 10:38:33.169 [main] MetamodelGraphWalker - Property path deemed to be circular : roles.user
[DEBUG] 2020-02-17 10:38:33.170 [main] MetamodelGraphWalker - Visiting attribute path : updateAt
[DEBUG] 2020-02-17 10:38:33.170 [main] MetamodelGraphWalker - Visiting attribute path : username
[DEBUG] 2020-02-17 10:38:33.170 [main] MetamodelGraphWalker - Visiting attribute path : _com_streammedia_entity_Role_user
[DEBUG] 2020-02-17 10:38:33.171 [main] QuerySpacesImpl - Adding QuerySpace : uid = <gen:3> -> org.hibernate.loader.plan.build.internal.spaces.CompositeQuerySpaceImpl@6b321262]
[DEBUG] 2020-02-17 10:38:33.171 [main] MetamodelGraphWalker - Visiting attribute path : _com_streammedia_entity_Role_user.username
[DEBUG] 2020-02-17 10:38:33.172 [main] FetchStyleLoadPlanBuildingAssociationVisitationStrategy - Building LoadPlan...
[DEBUG] 2020-02-17 10:38:33.173 [main] LoadQueryJoinAndFetchProcessor - processing queryspace <gen:0>
[DEBUG] 2020-02-17 10:38:33.208 [main] LoadPlanTreePrinter - LoadPlan(entity=com.streammedia.entity.User)
    - Returns
       - EntityReturnImpl(entity=com.streammedia.entity.User, querySpaceUid=<gen:0>, path=com.streammedia.entity.User)
          - CollectionAttributeFetchImpl(collection=com.streammedia.entity.User.roles, querySpaceUid=<gen:1>, path=com.streammedia.entity.User.roles)
             - (collection element) CollectionFetchableElementEntityGraph(entity=com.streammedia.entity.Role, querySpaceUid=<gen:2>, path=com.streammedia.entity.User.roles.<elements>)
          - CompositeAttributeFetchImpl(composite=com.streammedia.entity.User, querySpaceUid=<gen:3>, path=com.streammedia.entity.User._com_streammedia_entity_Role_user)
    - QuerySpaces
       - EntityQuerySpaceImpl(uid=<gen:0>, entity=com.streammedia.entity.User)
          - SQL table alias mapping - user0_
          - alias suffix - 0_
          - suffixed key columns - {user_id1_1_0_}
          - JOIN (JoinDefinedByMetadata(roles)) : <gen:0> -> <gen:1>
             - CollectionQuerySpaceImpl(uid=<gen:1>, collection=com.streammedia.entity.User.roles)
                - SQL table alias mapping - roles1_
                - alias suffix - 1_
                - suffixed key columns - {username5_0_1_}
                - entity-element alias suffix - 2_
                - 2_entity-element suffixed key columns - role_id1_0_2_
                - JOIN (JoinDefinedByMetadata(elements)) : <gen:1> -> <gen:2>
                   - EntityQuerySpaceImpl(uid=<gen:2>, entity=com.streammedia.entity.Role)
                      - SQL table alias mapping - roles1_
                      - alias suffix - 2_
                      - suffixed key columns - {role_id1_0_2_}
          - JOIN (JoinDefinedByMetadata(_com_streammedia_entity_Role_user)) : <gen:0> -> <gen:3>
             - CompositeQuerySpaceImpl(uid=<gen:3>)
                - SQL table alias mapping - user0_

[DEBUG] 2020-02-17 10:38:33.208 [main] EntityLoader - Static select for entity com.streammedia.entity.User [NONE]: select user0_.user_id as user_id1_1_0_, user0_.biography as biograph2_1_0_, user0_.birthdate as birthdat3_1_0_, user0_.created_at as created_4_1_0_, user0_.email as email5_1_0_, user0_.first_name as first_na6_1_0_, user0_.gender as gender7_1_0_, user0_.last_name as last_nam8_1_0_, user0_.password as password9_1_0_, user0_.picture as picture10_1_0_, user0_.updated_at as updated11_1_0_, user0_.username as usernam12_1_0_, roles1_.username as username5_0_1_, roles1_.role_id as role_id1_0_1_, roles1_.role_id as role_id1_0_2_, roles1_.created_at as created_2_0_2_, roles1_.name as name3_0_2_, roles1_.updated_at as updated_4_0_2_, roles1_.username as username5_0_2_ from SM_Users user0_ left outer join Role roles1_ on user0_.username=roles1_.username where user0_.user_id=?
[DEBUG] 2020-02-17 10:38:33.209 [main] QuerySpacesImpl - Adding QuerySpace : uid = <gen:0> -> org.hibernate.loader.plan.build.internal.spaces.EntityQuerySpaceImpl@bb25753]
[DEBUG] 2020-02-17 10:38:33.209 [main] MetamodelGraphWalker - Visiting attribute path : biography
[DEBUG] 2020-02-17 10:38:33.209 [main] MetamodelGraphWalker - Visiting attribute path : birthdate
[DEBUG] 2020-02-17 10:38:33.209 [main] MetamodelGraphWalker - Visiting attribute path : createdAt
[DEBUG] 2020-02-17 10:38:33.210 [main] MetamodelGraphWalker - Visiting attribute path : email
[DEBUG] 2020-02-17 10:38:33.212 [main] MetamodelGraphWalker - Visiting attribute path : firstName
[DEBUG] 2020-02-17 10:38:33.212 [main] MetamodelGraphWalker - Visiting attribute path : gender
[DEBUG] 2020-02-17 10:38:33.213 [main] MetamodelGraphWalker - Visiting attribute path : lastName
[DEBUG] 2020-02-17 10:38:33.213 [main] MetamodelGraphWalker - Visiting attribute path : password
[DEBUG] 2020-02-17 10:38:33.213 [main] MetamodelGraphWalker - Visiting attribute path : picture
[DEBUG] 2020-02-17 10:38:33.213 [main] MetamodelGraphWalker - Visiting attribute path : roles
[DEBUG] 2020-02-17 10:38:33.213 [main] QuerySpacesImpl - Adding QuerySpace : uid = <gen:1> -> org.hibernate.loader.plan.build.internal.spaces.CollectionQuerySpaceImpl@40c06358]
[DEBUG] 2020-02-17 10:38:33.214 [main] QuerySpacesImpl - Adding QuerySpace : uid = <gen:2> -> org.hibernate.loader.plan.build.internal.spaces.EntityQuerySpaceImpl@66e21568]
[DEBUG] 2020-02-17 10:38:33.214 [main] MetamodelGraphWalker - Visiting attribute path : roles.createdAt
[DEBUG] 2020-02-17 10:38:33.215 [main] MetamodelGraphWalker - Visiting attribute path : roles.name
[DEBUG] 2020-02-17 10:38:33.215 [main] MetamodelGraphWalker - Visiting attribute path : roles.updatedAt
[DEBUG] 2020-02-17 10:38:33.215 [main] MetamodelGraphWalker - Visiting attribute path : roles.user
[DEBUG] 2020-02-17 10:38:33.215 [main] MetamodelGraphWalker - Property path deemed to be circular : roles.user
[DEBUG] 2020-02-17 10:38:33.215 [main] MetamodelGraphWalker - Visiting attribute path : updateAt
[DEBUG] 2020-02-17 10:38:33.216 [main] MetamodelGraphWalker - Visiting attribute path : username
[DEBUG] 2020-02-17 10:38:33.216 [main] MetamodelGraphWalker - Visiting attribute path : _com_streammedia_entity_Role_user
[DEBUG] 2020-02-17 10:38:33.216 [main] QuerySpacesImpl - Adding QuerySpace : uid = <gen:3> -> org.hibernate.loader.plan.build.internal.spaces.CompositeQuerySpaceImpl@2282400e]
[DEBUG] 2020-02-17 10:38:33.216 [main] MetamodelGraphWalker - Visiting attribute path : _com_streammedia_entity_Role_user.username
[DEBUG] 2020-02-17 10:38:33.218 [main] FetchStyleLoadPlanBuildingAssociationVisitationStrategy - Building LoadPlan...
[DEBUG] 2020-02-17 10:38:33.221 [main] LoadQueryJoinAndFetchProcessor - processing queryspace <gen:0>
[DEBUG] 2020-02-17 10:38:33.227 [main] LoadPlanTreePrinter - LoadPlan(entity=com.streammedia.entity.User)
    - Returns
       - EntityReturnImpl(entity=com.streammedia.entity.User, querySpaceUid=<gen:0>, path=com.streammedia.entity.User)
          - CollectionAttributeFetchImpl(collection=com.streammedia.entity.User.roles, querySpaceUid=<gen:1>, path=com.streammedia.entity.User.roles)
             - (collection element) CollectionFetchableElementEntityGraph(entity=com.streammedia.entity.Role, querySpaceUid=<gen:2>, path=com.streammedia.entity.User.roles.<elements>)
          - CompositeAttributeFetchImpl(composite=com.streammedia.entity.User, querySpaceUid=<gen:3>, path=com.streammedia.entity.User._com_streammedia_entity_Role_user)
    - QuerySpaces
       - EntityQuerySpaceImpl(uid=<gen:0>, entity=com.streammedia.entity.User)
          - SQL table alias mapping - user0_
          - alias suffix - 0_
          - suffixed key columns - {user_id1_1_0_}
          - JOIN (JoinDefinedByMetadata(roles)) : <gen:0> -> <gen:1>
             - CollectionQuerySpaceImpl(uid=<gen:1>, collection=com.streammedia.entity.User.roles)
                - SQL table alias mapping - roles1_
                - alias suffix - 1_
                - suffixed key columns - {username5_0_1_}
                - entity-element alias suffix - 2_
                - 2_entity-element suffixed key columns - role_id1_0_2_
                - JOIN (JoinDefinedByMetadata(elements)) : <gen:1> -> <gen:2>
                   - EntityQuerySpaceImpl(uid=<gen:2>, entity=com.streammedia.entity.Role)
                      - SQL table alias mapping - roles1_
                      - alias suffix - 2_
                      - suffixed key columns - {role_id1_0_2_}
          - JOIN (JoinDefinedByMetadata(_com_streammedia_entity_Role_user)) : <gen:0> -> <gen:3>
             - CompositeQuerySpaceImpl(uid=<gen:3>)
                - SQL table alias mapping - user0_

[DEBUG] 2020-02-17 10:38:33.232 [main] EntityLoader - Static select for entity com.streammedia.entity.User [READ]: select user0_.user_id as user_id1_1_0_, user0_.biography as biograph2_1_0_, user0_.birthdate as birthdat3_1_0_, user0_.created_at as created_4_1_0_, user0_.email as email5_1_0_, user0_.first_name as first_na6_1_0_, user0_.gender as gender7_1_0_, user0_.last_name as last_nam8_1_0_, user0_.password as password9_1_0_, user0_.picture as picture10_1_0_, user0_.updated_at as updated11_1_0_, user0_.username as usernam12_1_0_, roles1_.username as username5_0_1_, roles1_.role_id as role_id1_0_1_, roles1_.role_id as role_id1_0_2_, roles1_.created_at as created_2_0_2_, roles1_.name as name3_0_2_, roles1_.updated_at as updated_4_0_2_, roles1_.username as username5_0_2_ from SM_Users user0_ left outer join Role roles1_ on user0_.username=roles1_.username where user0_.user_id=?
[DEBUG] 2020-02-17 10:38:33.237 [main] Loader - Static select for action ACTION_MERGE on entity com.streammedia.entity.User: select user0_.user_id as user_id1_1_1_, user0_.biography as biograph2_1_1_, user0_.birthdate as birthdat3_1_1_, user0_.created_at as created_4_1_1_, user0_.email as email5_1_1_, user0_.first_name as first_na6_1_1_, user0_.gender as gender7_1_1_, user0_.last_name as last_nam8_1_1_, user0_.password as password9_1_1_, user0_.picture as picture10_1_1_, user0_.updated_at as updated11_1_1_, user0_.username as usernam12_1_1_, roles1_.username as username5_0_3_, roles1_.role_id as role_id1_0_3_, roles1_.role_id as role_id1_0_0_, roles1_.created_at as created_2_0_0_, roles1_.name as name3_0_0_, roles1_.updated_at as updated_4_0_0_, roles1_.username as username5_0_0_ from SM_Users user0_ left outer join Role roles1_ on user0_.username=roles1_.username where user0_.user_id=?
[DEBUG] 2020-02-17 10:38:33.241 [main] Loader - Static select for action ACTION_REFRESH on entity com.streammedia.entity.User: select user0_.user_id as user_id1_1_1_, user0_.biography as biograph2_1_1_, user0_.birthdate as birthdat3_1_1_, user0_.created_at as created_4_1_1_, user0_.email as email5_1_1_, user0_.first_name as first_na6_1_1_, user0_.gender as gender7_1_1_, user0_.last_name as last_nam8_1_1_, user0_.password as password9_1_1_, user0_.picture as picture10_1_1_, user0_.updated_at as updated11_1_1_, user0_.username as usernam12_1_1_, roles1_.username as username5_0_3_, roles1_.role_id as role_id1_0_3_, roles1_.role_id as role_id1_0_0_, roles1_.created_at as created_2_0_0_, roles1_.name as name3_0_0_, roles1_.updated_at as updated_4_0_0_, roles1_.username as username5_0_0_ from SM_Users user0_ left outer join Role roles1_ on user0_.username=roles1_.username where user0_.user_id=?
[DEBUG] 2020-02-17 10:38:33.256 [main] Loader - Static select for entity com.streammedia.entity.User [NONE]: select user0_.user_id as user_id1_1_1_, user0_.biography as biograph2_1_1_, user0_.birthdate as birthdat3_1_1_, user0_.created_at as created_4_1_1_, user0_.email as email5_1_1_, user0_.first_name as first_na6_1_1_, user0_.gender as gender7_1_1_, user0_.last_name as last_nam8_1_1_, user0_.password as password9_1_1_, user0_.picture as picture10_1_1_, user0_.updated_at as updated11_1_1_, user0_.username as usernam12_1_1_, roles1_.username as username5_0_3_, roles1_.role_id as role_id1_0_3_, roles1_.role_id as role_id1_0_0_, roles1_.created_at as created_2_0_0_, roles1_.name as name3_0_0_, roles1_.updated_at as updated_4_0_0_, roles1_.username as username5_0_0_ from SM_Users user0_ left outer join Role roles1_ on user0_.username=roles1_.username where user0_.username=?
[DEBUG] 2020-02-17 10:38:33.275 [main] QuerySpacesImpl - Adding QuerySpace : uid = <gen:0> -> org.hibernate.loader.plan.build.internal.spaces.CollectionQuerySpaceImpl@656a3d6b]
[DEBUG] 2020-02-17 10:38:33.275 [main] QuerySpacesImpl - Adding QuerySpace : uid = <gen:1> -> org.hibernate.loader.plan.build.internal.spaces.EntityQuerySpaceImpl@25b38203]
[DEBUG] 2020-02-17 10:38:33.276 [main] MetamodelGraphWalker - Visiting attribute path : createdAt
[DEBUG] 2020-02-17 10:38:33.276 [main] MetamodelGraphWalker - Visiting attribute path : name
[DEBUG] 2020-02-17 10:38:33.276 [main] MetamodelGraphWalker - Visiting attribute path : updatedAt
[DEBUG] 2020-02-17 10:38:33.277 [main] MetamodelGraphWalker - Visiting attribute path : user
[DEBUG] 2020-02-17 10:38:33.277 [main] MetamodelGraphWalker - Property path deemed to be circular : user
[DEBUG] 2020-02-17 10:38:33.277 [main] FetchStyleLoadPlanBuildingAssociationVisitationStrategy - Building LoadPlan...
[DEBUG] 2020-02-17 10:38:33.285 [main] LoadQueryJoinAndFetchProcessor - processing queryspace <gen:0>
[DEBUG] 2020-02-17 10:38:33.288 [main] LoadPlanTreePrinter - LoadPlan(collection=com.streammedia.entity.User.roles)
    - Returns
       - CollectionReturnImpl(collection=com.streammedia.entity.User.roles, querySpaceUid=<gen:0>, path=[com.streammedia.entity.User.roles])
          - (collection element) CollectionFetchableElementEntityGraph(entity=com.streammedia.entity.Role, querySpaceUid=<gen:1>, path=[com.streammedia.entity.User.roles].<elements>)
    - QuerySpaces
       - CollectionQuerySpaceImpl(uid=<gen:0>, collection=com.streammedia.entity.User.roles)
          - SQL table alias mapping - roles0_
          - alias suffix - 0_
          - suffixed key columns - {username5_0_0_}
          - entity-element alias suffix - 1_
          - 1_entity-element suffixed key columns - role_id1_0_1_
          - JOIN (JoinDefinedByMetadata(elements)) : <gen:0> -> <gen:1>
             - EntityQuerySpaceImpl(uid=<gen:1>, entity=com.streammedia.entity.Role)
                - SQL table alias mapping - roles0_
                - alias suffix - 1_
                - suffixed key columns - {role_id1_0_1_}

[DEBUG] 2020-02-17 10:38:33.289 [main] CollectionLoader - Static select for collection com.streammedia.entity.User.roles: select roles0_.username as username5_0_0_, roles0_.role_id as role_id1_0_0_, roles0_.role_id as role_id1_0_1_, roles0_.created_at as created_2_0_1_, roles0_.name as name3_0_1_, roles0_.updated_at as updated_4_0_1_, roles0_.username as username5_0_1_ from Role roles0_ where roles0_.username=?
[DEBUG] 2020-02-17 10:38:33.399 [main] SchemaManagementToolCoordinator - No actions specified; doing nothing
[DEBUG] 2020-02-17 10:38:33.400 [main] JtaPlatformInitiator - No JtaPlatform was specified, checking resolver
[DEBUG] 2020-02-17 10:38:33.401 [main] JtaPlatformResolverInitiator - No JtaPlatformResolver was specified, using default [org.hibernate.engine.transaction.jta.platform.internal.StandardJtaPlatformResolver]
[DEBUG] 2020-02-17 10:38:33.468 [main] StandardJtaPlatformResolver - Could not resolve JtaPlatform, using default [org.hibernate.engine.transaction.jta.platform.internal.NoJtaPlatform]
[INFO ] 2020-02-17 10:38:33.468 [main] JtaPlatformInitiator - HHH000490: Using JtaPlatform implementation: [org.hibernate.engine.transaction.jta.platform.internal.NoJtaPlatform]
[DEBUG] 2020-02-17 10:38:33.470 [main] NamedQueryRepository - Checking 0 named HQL queries
[DEBUG] 2020-02-17 10:38:33.470 [main] NamedQueryRepository - Checking 0 named SQL queries
[DEBUG] 2020-02-17 10:38:33.475 [main] SessionFactoryRegistry - Initializing SessionFactoryRegistry : org.hibernate.internal.SessionFactoryRegistry@e5c2463
[DEBUG] 2020-02-17 10:38:33.480 [main] SessionFactoryRegistry - Registering SessionFactory: 5d309bdf-225b-48a4-8aad-a5ab858f90fa (<unnamed>)
[DEBUG] 2020-02-17 10:38:33.480 [main] SessionFactoryRegistry - Not binding SessionFactory to JNDI, no JNDI name configured
[DEBUG] 2020-02-17 10:38:34.120 [main] StatisticsInitiator - Statistics initialized [enabled=false]
[DEBUG] 2020-02-17 10:38:34.153 [main] TransactionImpl - On TransactionImpl creation, JpaCompliance#isJpaTransactionComplianceEnabled == false
[DEBUG] 2020-02-17 10:38:34.154 [main] TransactionImpl - begin
[DEBUG] 2020-02-17 10:38:34.231 [main] ActionQueue - Executing identity-insert immediately
[DEBUG] 2020-02-17 10:38:34.251 [main] SQL - insert into SM_Users (biography, birthdate, created_at, email, first_name, gender, last_name, password, picture, updated_at, username) values (?, ?, ?, ?, ?, ?, ?, ?, ?, ?, ?)
[DEBUG] 2020-02-17 10:38:34.358 [main] IdentifierGeneratorHelper - Natively generated identity: 30
[DEBUG] 2020-02-17 10:38:34.358 [main] ResourceRegistryStandardImpl - HHH000387: ResultSet's statement was not registered
[DEBUG] 2020-02-17 10:38:34.369 [main] TransactionImpl - committing
[DEBUG] 2020-02-17 10:38:34.371 [main] AbstractFlushingEventListener - Processing flush-time cascades
[DEBUG] 2020-02-17 10:38:34.374 [main] AbstractFlushingEventListener - Dirty checking collections
[DEBUG] 2020-02-17 10:38:34.389 [main] Collections - Collection found: [com.streammedia.entity.User.roles#30], was: [<unreferenced>] (initialized)
[DEBUG] 2020-02-17 10:38:34.398 [main] AbstractFlushingEventListener - Flushed: 0 insertions, 0 updates, 0 deletions to 1 objects
[DEBUG] 2020-02-17 10:38:34.399 [main] AbstractFlushingEventListener - Flushed: 1 (re)creations, 0 updates, 0 removals to 1 collections
[DEBUG] 2020-02-17 10:38:34.410 [main] EntityPrinter - Listing entities:
[DEBUG] 2020-02-17 10:38:34.411 [main] EntityPrinter - com.streammedia.entity.User{lastName=null, birthdate=null, gender=null, roles=[], updateAt=2020-02-17, biography=null, userId=30, picture=null, createdAt=2020-02-17, firstName=null, password=fflintstone, email=fflintstone@streammedia.com, username=fflintstone}
[DEBUG] 2020-02-17 10:38:34.429 [main] LogicalConnectionManagedImpl - Initiating JDBC connection release from afterTransaction
[DEBUG] 2020-02-17 10:38:34.432 [main] LogicalConnectionManagedImpl - Initiating JDBC connection release from afterTransaction
[DEBUG] 2020-02-17 10:38:34.484 [main] SQL - select user0_.user_id as user_id1_1_0_, user0_.biography as biograph2_1_0_, user0_.birthdate as birthdat3_1_0_, user0_.created_at as created_4_1_0_, user0_.email as email5_1_0_, user0_.first_name as first_na6_1_0_, user0_.gender as gender7_1_0_, user0_.last_name as last_nam8_1_0_, user0_.password as password9_1_0_, user0_.picture as picture10_1_0_, user0_.updated_at as updated11_1_0_, user0_.username as usernam12_1_0_, roles1_.username as username5_0_1_, roles1_.role_id as role_id1_0_1_, roles1_.role_id as role_id1_0_2_, roles1_.created_at as created_2_0_2_, roles1_.name as name3_0_2_, roles1_.updated_at as updated_4_0_2_, roles1_.username as username5_0_2_ from SM_Users user0_ left outer join Role roles1_ on user0_.username=roles1_.username where user0_.user_id=?
[DEBUG] 2020-02-17 10:38:34.507 [main] ResultSetProcessorImpl - Starting ResultSet row #0
[DEBUG] 2020-02-17 10:38:34.519 [main] EntityReferenceInitializerImpl - On call to EntityIdentifierReaderImpl#resolve, EntityKey was already known; should only happen on root returns with an optional identifier specified
[DEBUG] 2020-02-17 10:38:34.834 [main] CollectionReferenceInitializerImpl - Result set contains (possibly empty) collection: [com.streammedia.entity.User.roles#User(userId=30, username=fflintstone, email=null, password=null, firstName=null, lastName=null, birthdate=null, picture=null, gender=null, biography=null, createdAt=null, updateAt=null)]
[DEBUG] 2020-02-17 10:38:34.844 [main] TwoPhaseLoad - Resolving attributes for [com.streammedia.entity.User#30]
[DEBUG] 2020-02-17 10:38:34.845 [main] TwoPhaseLoad - Processing attribute `biography` : value = null
[DEBUG] 2020-02-17 10:38:34.845 [main] TwoPhaseLoad - Attribute (`biography`)  - enhanced for lazy-loading? - false
[DEBUG] 2020-02-17 10:38:34.846 [main] TwoPhaseLoad - Processing attribute `birthdate` : value = null
[DEBUG] 2020-02-17 10:38:34.849 [main] TwoPhaseLoad - Attribute (`birthdate`)  - enhanced for lazy-loading? - false
[DEBUG] 2020-02-17 10:38:34.851 [main] TwoPhaseLoad - Processing attribute `createdAt` : value = 2020-02-17
[DEBUG] 2020-02-17 10:38:34.852 [main] TwoPhaseLoad - Attribute (`createdAt`)  - enhanced for lazy-loading? - false
[DEBUG] 2020-02-17 10:38:34.852 [main] TwoPhaseLoad - Processing attribute `email` : value = fflintstone@streammedia.com
[DEBUG] 2020-02-17 10:38:34.852 [main] TwoPhaseLoad - Attribute (`email`)  - enhanced for lazy-loading? - false
[DEBUG] 2020-02-17 10:38:34.852 [main] TwoPhaseLoad - Processing attribute `firstName` : value = null
[DEBUG] 2020-02-17 10:38:34.852 [main] TwoPhaseLoad - Attribute (`firstName`)  - enhanced for lazy-loading? - false
[DEBUG] 2020-02-17 10:38:34.852 [main] TwoPhaseLoad - Processing attribute `gender` : value = null
[DEBUG] 2020-02-17 10:38:34.852 [main] TwoPhaseLoad - Attribute (`gender`)  - enhanced for lazy-loading? - false
[DEBUG] 2020-02-17 10:38:34.852 [main] TwoPhaseLoad - Processing attribute `lastName` : value = null
[DEBUG] 2020-02-17 10:38:34.853 [main] TwoPhaseLoad - Attribute (`lastName`)  - enhanced for lazy-loading? - false
[DEBUG] 2020-02-17 10:38:34.853 [main] TwoPhaseLoad - Processing attribute `password` : value = fflintstone
[DEBUG] 2020-02-17 10:38:34.853 [main] TwoPhaseLoad - Attribute (`password`)  - enhanced for lazy-loading? - false
[DEBUG] 2020-02-17 10:38:34.853 [main] TwoPhaseLoad - Processing attribute `picture` : value = null
[DEBUG] 2020-02-17 10:38:34.853 [main] TwoPhaseLoad - Attribute (`picture`)  - enhanced for lazy-loading? - false
[DEBUG] 2020-02-17 10:38:34.853 [main] TwoPhaseLoad - Processing attribute `roles` : value = NOT NULL COLLECTION
[DEBUG] 2020-02-17 10:38:34.853 [main] TwoPhaseLoad - Attribute (`roles`)  - enhanced for lazy-loading? - false
[DEBUG] 2020-02-17 10:38:34.853 [main] TwoPhaseLoad - Processing attribute `updateAt` : value = 2020-02-17
[DEBUG] 2020-02-17 10:38:34.854 [main] TwoPhaseLoad - Attribute (`updateAt`)  - enhanced for lazy-loading? - false
[DEBUG] 2020-02-17 10:38:34.854 [main] TwoPhaseLoad - Processing attribute `username` : value = fflintstone
[DEBUG] 2020-02-17 10:38:34.854 [main] TwoPhaseLoad - Attribute (`username`)  - enhanced for lazy-loading? - false
[DEBUG] 2020-02-17 10:38:34.854 [main] TwoPhaseLoad - Processing attribute `_com_streammedia_entity_Role_user` : value = [Ljava.lang.Object;@3815146b
[DEBUG] 2020-02-17 10:38:34.854 [main] TwoPhaseLoad - Attribute (`_com_streammedia_entity_Role_user`)  - enhanced for lazy-loading? - false
[DEBUG] 2020-02-17 10:38:34.855 [main] TwoPhaseLoad - Done materializing entity [com.streammedia.entity.User#30]
[DEBUG] 2020-02-17 10:38:34.855 [main] CollectionLoadContext - 1 collections were found in result set for role: com.streammedia.entity.User.roles
[DEBUG] 2020-02-17 10:38:34.862 [main] CollectionLoadContext - Collection fully initialized: [com.streammedia.entity.User.roles#30]
[DEBUG] 2020-02-17 10:38:34.862 [main] CollectionLoadContext - 1 collections initialized for role: com.streammedia.entity.User.roles
[DEBUG] 2020-02-17 10:38:34.863 [main] ResourceRegistryStandardImpl - HHH000387: ResultSet's statement was not registered
[DEBUG] 2020-02-17 10:38:34.863 [main] AbstractLoadPlanBasedEntityLoader - Done entity load : com.streammedia.entity.User#30
[DEBUG] 2020-02-17 10:38:34.863 [main] LogicalConnectionManagedImpl - Initiating JDBC connection release from afterTransaction
