[DEBUG] 2020-02-17 10:36:02.973 [main] IntegratorServiceImpl - Adding Integrator [org.hibernate.cfg.beanvalidation.BeanValidationIntegrator].
[DEBUG] 2020-02-17 10:36:02.990 [main] IntegratorServiceImpl - Adding Integrator [org.hibernate.secure.spi.JaccIntegrator].
[DEBUG] 2020-02-17 10:36:03.007 [main] IntegratorServiceImpl - Adding Integrator [org.hibernate.cache.internal.CollectionCacheInvalidator].
[INFO ] 2020-02-17 10:36:03.273 [main] Version - HHH000412: Hibernate Core {5.4.4.Final}
[DEBUG] 2020-02-17 10:36:03.278 [main] Environment - HHH000206: hibernate.properties not found
[DEBUG] 2020-02-17 10:36:04.161 [main] LocalXmlResourceResolver - Interpreting public/system identifier : [-//Hibernate/Hibernate Configuration DTD//EN] - [http://www.hibernate.org/dtd/hibernate-configuration-3.0.dtd]
[DEBUG] 2020-02-17 10:36:04.170 [main] LocalXmlResourceResolver - Recognized hibernate-configuration identifier; attempting to resolve on classpath under org/hibernate/
[DEBUG] 2020-02-17 10:36:04.206 [main] JaxbCfgProcessor - cfg.xml document did not define namespaces; wrapping in custom event reader to introduce namespace information
[DEBUG] 2020-02-17 10:36:05.368 [main] ServiceBinding - Overriding existing service binding [org.hibernate.secure.spi.JaccService]
[DEBUG] 2020-02-17 10:36:05.430 [main] RegionFactoryInitiator - Cannot default RegionFactory based on registered strategies as `[]` RegionFactory strategies were registered
[DEBUG] 2020-02-17 10:36:05.434 [main] RegionFactoryInitiator - Cache region factory : org.hibernate.cache.internal.NoCachingRegionFactory
[INFO ] 2020-02-17 10:36:05.489 [main] Version - HCANN000001: Hibernate Commons Annotations {5.1.0.Final}
[DEBUG] 2020-02-17 10:36:05.609 [main] BasicTypeRegistry - Adding type registration boolean -> org.hibernate.type.BooleanType@73eb8672
[DEBUG] 2020-02-17 10:36:05.612 [main] BasicTypeRegistry - Adding type registration boolean -> org.hibernate.type.BooleanType@73eb8672
[DEBUG] 2020-02-17 10:36:05.612 [main] BasicTypeRegistry - Adding type registration java.lang.Boolean -> org.hibernate.type.BooleanType@73eb8672
[DEBUG] 2020-02-17 10:36:05.613 [main] BasicTypeRegistry - Adding type registration numeric_boolean -> org.hibernate.type.NumericBooleanType@5a865416
[DEBUG] 2020-02-17 10:36:05.614 [main] BasicTypeRegistry - Adding type registration true_false -> org.hibernate.type.TrueFalseType@6e92c6ad
[DEBUG] 2020-02-17 10:36:05.619 [main] BasicTypeRegistry - Adding type registration yes_no -> org.hibernate.type.YesNoType@5baaae4c
[DEBUG] 2020-02-17 10:36:05.621 [main] BasicTypeRegistry - Adding type registration byte -> org.hibernate.type.ByteType@27e32fe4
[DEBUG] 2020-02-17 10:36:05.621 [main] BasicTypeRegistry - Adding type registration byte -> org.hibernate.type.ByteType@27e32fe4
[DEBUG] 2020-02-17 10:36:05.621 [main] BasicTypeRegistry - Adding type registration java.lang.Byte -> org.hibernate.type.ByteType@27e32fe4
[DEBUG] 2020-02-17 10:36:05.626 [main] BasicTypeRegistry - Adding type registration character -> org.hibernate.type.CharacterType@3044e9c7
[DEBUG] 2020-02-17 10:36:05.627 [main] BasicTypeRegistry - Adding type registration char -> org.hibernate.type.CharacterType@3044e9c7
[DEBUG] 2020-02-17 10:36:05.627 [main] BasicTypeRegistry - Adding type registration java.lang.Character -> org.hibernate.type.CharacterType@3044e9c7
[DEBUG] 2020-02-17 10:36:05.628 [main] BasicTypeRegistry - Adding type registration short -> org.hibernate.type.ShortType@28952dea
[DEBUG] 2020-02-17 10:36:05.641 [main] BasicTypeRegistry - Adding type registration short -> org.hibernate.type.ShortType@28952dea
[DEBUG] 2020-02-17 10:36:05.641 [main] BasicTypeRegistry - Adding type registration java.lang.Short -> org.hibernate.type.ShortType@28952dea
[DEBUG] 2020-02-17 10:36:05.643 [main] BasicTypeRegistry - Adding type registration integer -> org.hibernate.type.IntegerType@70807224
[DEBUG] 2020-02-17 10:36:05.643 [main] BasicTypeRegistry - Adding type registration int -> org.hibernate.type.IntegerType@70807224
[DEBUG] 2020-02-17 10:36:05.643 [main] BasicTypeRegistry - Adding type registration java.lang.Integer -> org.hibernate.type.IntegerType@70807224
[DEBUG] 2020-02-17 10:36:05.644 [main] BasicTypeRegistry - Adding type registration long -> org.hibernate.type.LongType@2caf6912
[DEBUG] 2020-02-17 10:36:05.645 [main] BasicTypeRegistry - Adding type registration long -> org.hibernate.type.LongType@2caf6912
[DEBUG] 2020-02-17 10:36:05.645 [main] BasicTypeRegistry - Adding type registration java.lang.Long -> org.hibernate.type.LongType@2caf6912
[DEBUG] 2020-02-17 10:36:05.646 [main] BasicTypeRegistry - Adding type registration float -> org.hibernate.type.FloatType@31ff1390
[DEBUG] 2020-02-17 10:36:05.658 [main] BasicTypeRegistry - Adding type registration float -> org.hibernate.type.FloatType@31ff1390
[DEBUG] 2020-02-17 10:36:05.659 [main] BasicTypeRegistry - Adding type registration java.lang.Float -> org.hibernate.type.FloatType@31ff1390
[DEBUG] 2020-02-17 10:36:05.664 [main] BasicTypeRegistry - Adding type registration double -> org.hibernate.type.DoubleType@1f12e153
[DEBUG] 2020-02-17 10:36:05.664 [main] BasicTypeRegistry - Adding type registration double -> org.hibernate.type.DoubleType@1f12e153
[DEBUG] 2020-02-17 10:36:05.665 [main] BasicTypeRegistry - Adding type registration java.lang.Double -> org.hibernate.type.DoubleType@1f12e153
[DEBUG] 2020-02-17 10:36:05.672 [main] BasicTypeRegistry - Adding type registration big_decimal -> org.hibernate.type.BigDecimalType@469d003c
[DEBUG] 2020-02-17 10:36:05.672 [main] BasicTypeRegistry - Adding type registration java.math.BigDecimal -> org.hibernate.type.BigDecimalType@469d003c
[DEBUG] 2020-02-17 10:36:05.674 [main] BasicTypeRegistry - Adding type registration big_integer -> org.hibernate.type.BigIntegerType@1d3e6d34
[DEBUG] 2020-02-17 10:36:05.674 [main] BasicTypeRegistry - Adding type registration java.math.BigInteger -> org.hibernate.type.BigIntegerType@1d3e6d34
[DEBUG] 2020-02-17 10:36:05.675 [main] BasicTypeRegistry - Adding type registration string -> org.hibernate.type.StringType@4303b7f0
[DEBUG] 2020-02-17 10:36:05.675 [main] BasicTypeRegistry - Adding type registration java.lang.String -> org.hibernate.type.StringType@4303b7f0
[DEBUG] 2020-02-17 10:36:05.678 [main] BasicTypeRegistry - Adding type registration nstring -> org.hibernate.type.StringNVarcharType@2234078
[DEBUG] 2020-02-17 10:36:05.679 [main] BasicTypeRegistry - Adding type registration ncharacter -> org.hibernate.type.CharacterNCharType@c68a5f8
[DEBUG] 2020-02-17 10:36:05.681 [main] BasicTypeRegistry - Adding type registration url -> org.hibernate.type.UrlType@6bff19ff
[DEBUG] 2020-02-17 10:36:05.681 [main] BasicTypeRegistry - Adding type registration java.net.URL -> org.hibernate.type.UrlType@6bff19ff
[DEBUG] 2020-02-17 10:36:05.691 [main] BasicTypeRegistry - Adding type registration Duration -> org.hibernate.type.DurationType@5c089b2f
[DEBUG] 2020-02-17 10:36:05.691 [main] BasicTypeRegistry - Adding type registration java.time.Duration -> org.hibernate.type.DurationType@5c089b2f
[DEBUG] 2020-02-17 10:36:05.712 [main] BasicTypeRegistry - Adding type registration Instant -> org.hibernate.type.InstantType@6fe46b62
[DEBUG] 2020-02-17 10:36:05.713 [main] BasicTypeRegistry - Adding type registration java.time.Instant -> org.hibernate.type.InstantType@6fe46b62
[DEBUG] 2020-02-17 10:36:05.723 [main] BasicTypeRegistry - Adding type registration LocalDateTime -> org.hibernate.type.LocalDateTimeType@736ac09a
[DEBUG] 2020-02-17 10:36:05.733 [main] BasicTypeRegistry - Adding type registration java.time.LocalDateTime -> org.hibernate.type.LocalDateTimeType@736ac09a
[DEBUG] 2020-02-17 10:36:05.737 [main] BasicTypeRegistry - Adding type registration LocalDate -> org.hibernate.type.LocalDateType@74fef3f7
[DEBUG] 2020-02-17 10:36:05.737 [main] BasicTypeRegistry - Adding type registration java.time.LocalDate -> org.hibernate.type.LocalDateType@74fef3f7
[DEBUG] 2020-02-17 10:36:05.739 [main] BasicTypeRegistry - Adding type registration LocalTime -> org.hibernate.type.LocalTimeType@516ebdf8
[DEBUG] 2020-02-17 10:36:05.739 [main] BasicTypeRegistry - Adding type registration java.time.LocalTime -> org.hibernate.type.LocalTimeType@516ebdf8
[DEBUG] 2020-02-17 10:36:05.749 [main] BasicTypeRegistry - Adding type registration OffsetDateTime -> org.hibernate.type.OffsetDateTimeType@7c2a69b4
[DEBUG] 2020-02-17 10:36:05.750 [main] BasicTypeRegistry - Adding type registration java.time.OffsetDateTime -> org.hibernate.type.OffsetDateTimeType@7c2a69b4
[DEBUG] 2020-02-17 10:36:05.755 [main] BasicTypeRegistry - Adding type registration OffsetTime -> org.hibernate.type.OffsetTimeType@56781d96
[DEBUG] 2020-02-17 10:36:05.755 [main] BasicTypeRegistry - Adding type registration java.time.OffsetTime -> org.hibernate.type.OffsetTimeType@56781d96
[DEBUG] 2020-02-17 10:36:05.763 [main] BasicTypeRegistry - Adding type registration ZonedDateTime -> org.hibernate.type.ZonedDateTimeType@a10c1b5
[DEBUG] 2020-02-17 10:36:05.764 [main] BasicTypeRegistry - Adding type registration java.time.ZonedDateTime -> org.hibernate.type.ZonedDateTimeType@a10c1b5
[DEBUG] 2020-02-17 10:36:05.768 [main] BasicTypeRegistry - Adding type registration date -> org.hibernate.type.DateType@187eb9a8
[DEBUG] 2020-02-17 10:36:05.768 [main] BasicTypeRegistry - Adding type registration java.sql.Date -> org.hibernate.type.DateType@187eb9a8
[DEBUG] 2020-02-17 10:36:05.771 [main] BasicTypeRegistry - Adding type registration time -> org.hibernate.type.TimeType@63429932
[DEBUG] 2020-02-17 10:36:05.776 [main] BasicTypeRegistry - Adding type registration java.sql.Time -> org.hibernate.type.TimeType@63429932
[DEBUG] 2020-02-17 10:36:05.778 [main] BasicTypeRegistry - Adding type registration timestamp -> org.hibernate.type.TimestampType@732bb66d
[DEBUG] 2020-02-17 10:36:05.778 [main] BasicTypeRegistry - Adding type registration java.sql.Timestamp -> org.hibernate.type.TimestampType@732bb66d
[DEBUG] 2020-02-17 10:36:05.781 [main] BasicTypeRegistry - Adding type registration java.util.Date -> org.hibernate.type.TimestampType@732bb66d
[DEBUG] 2020-02-17 10:36:05.787 [main] BasicTypeRegistry - Adding type registration dbtimestamp -> org.hibernate.type.DbTimestampType@4463d9d3
[DEBUG] 2020-02-17 10:36:05.788 [main] BasicTypeRegistry - Adding type registration calendar -> org.hibernate.type.CalendarType@a0a9fa5
[DEBUG] 2020-02-17 10:36:05.789 [main] BasicTypeRegistry - Adding type registration java.util.Calendar -> org.hibernate.type.CalendarType@a0a9fa5
[DEBUG] 2020-02-17 10:36:05.789 [main] BasicTypeRegistry - Adding type registration java.util.GregorianCalendar -> org.hibernate.type.CalendarType@a0a9fa5
[DEBUG] 2020-02-17 10:36:05.794 [main] BasicTypeRegistry - Adding type registration calendar_date -> org.hibernate.type.CalendarDateType@3fbfa96
[DEBUG] 2020-02-17 10:36:05.797 [main] BasicTypeRegistry - Adding type registration locale -> org.hibernate.type.LocaleType@301d8120
[DEBUG] 2020-02-17 10:36:05.798 [main] BasicTypeRegistry - Adding type registration java.util.Locale -> org.hibernate.type.LocaleType@301d8120
[DEBUG] 2020-02-17 10:36:05.801 [main] BasicTypeRegistry - Adding type registration currency -> org.hibernate.type.CurrencyType@3e134896
[DEBUG] 2020-02-17 10:36:05.804 [main] BasicTypeRegistry - Adding type registration java.util.Currency -> org.hibernate.type.CurrencyType@3e134896
[DEBUG] 2020-02-17 10:36:05.805 [main] BasicTypeRegistry - Adding type registration timezone -> org.hibernate.type.TimeZoneType@2d0bfb24
[DEBUG] 2020-02-17 10:36:05.808 [main] BasicTypeRegistry - Adding type registration java.util.TimeZone -> org.hibernate.type.TimeZoneType@2d0bfb24
[DEBUG] 2020-02-17 10:36:05.810 [main] BasicTypeRegistry - Adding type registration class -> org.hibernate.type.ClassType@1136b469
[DEBUG] 2020-02-17 10:36:05.810 [main] BasicTypeRegistry - Adding type registration java.lang.Class -> org.hibernate.type.ClassType@1136b469
[DEBUG] 2020-02-17 10:36:05.814 [main] BasicTypeRegistry - Adding type registration uuid-binary -> org.hibernate.type.UUIDBinaryType@5432050b
[DEBUG] 2020-02-17 10:36:05.814 [main] BasicTypeRegistry - Adding type registration java.util.UUID -> org.hibernate.type.UUIDBinaryType@5432050b
[DEBUG] 2020-02-17 10:36:05.815 [main] BasicTypeRegistry - Adding type registration uuid-char -> org.hibernate.type.UUIDCharType@29182679
[DEBUG] 2020-02-17 10:36:05.817 [main] BasicTypeRegistry - Adding type registration binary -> org.hibernate.type.BinaryType@27068a50
[DEBUG] 2020-02-17 10:36:05.823 [main] BasicTypeRegistry - Adding type registration byte[] -> org.hibernate.type.BinaryType@27068a50
[DEBUG] 2020-02-17 10:36:05.824 [main] BasicTypeRegistry - Adding type registration [B -> org.hibernate.type.BinaryType@27068a50
[DEBUG] 2020-02-17 10:36:05.825 [main] BasicTypeRegistry - Adding type registration wrapper-binary -> org.hibernate.type.WrapperBinaryType@1b9c1b51
[DEBUG] 2020-02-17 10:36:05.826 [main] BasicTypeRegistry - Adding type registration Byte[] -> org.hibernate.type.WrapperBinaryType@1b9c1b51
[DEBUG] 2020-02-17 10:36:05.830 [main] BasicTypeRegistry - Adding type registration [Ljava.lang.Byte; -> org.hibernate.type.WrapperBinaryType@1b9c1b51
[DEBUG] 2020-02-17 10:36:05.832 [main] BasicTypeRegistry - Adding type registration row_version -> org.hibernate.type.RowVersionType@60921b21
[DEBUG] 2020-02-17 10:36:05.833 [main] BasicTypeRegistry - Adding type registration image -> org.hibernate.type.ImageType@773bd77b
[DEBUG] 2020-02-17 10:36:05.840 [main] BasicTypeRegistry - Adding type registration characters -> org.hibernate.type.CharArrayType@1a5b8489
[DEBUG] 2020-02-17 10:36:05.841 [main] BasicTypeRegistry - Adding type registration char[] -> org.hibernate.type.CharArrayType@1a5b8489
[DEBUG] 2020-02-17 10:36:05.841 [main] BasicTypeRegistry - Adding type registration [C -> org.hibernate.type.CharArrayType@1a5b8489
[DEBUG] 2020-02-17 10:36:05.842 [main] BasicTypeRegistry - Adding type registration wrapper-characters -> org.hibernate.type.CharacterArrayType@7c211fd0
[DEBUG] 2020-02-17 10:36:05.843 [main] BasicTypeRegistry - Adding type registration [Ljava.lang.Character; -> org.hibernate.type.CharacterArrayType@7c211fd0
[DEBUG] 2020-02-17 10:36:05.843 [main] BasicTypeRegistry - Adding type registration Character[] -> org.hibernate.type.CharacterArrayType@7c211fd0
[DEBUG] 2020-02-17 10:36:05.844 [main] BasicTypeRegistry - Adding type registration text -> org.hibernate.type.TextType@588ffeb
[DEBUG] 2020-02-17 10:36:05.844 [main] BasicTypeRegistry - Adding type registration ntext -> org.hibernate.type.NTextType@25d958c6
[DEBUG] 2020-02-17 10:36:05.853 [main] BasicTypeRegistry - Adding type registration blob -> org.hibernate.type.BlobType@6443b128
[DEBUG] 2020-02-17 10:36:05.854 [main] BasicTypeRegistry - Adding type registration java.sql.Blob -> org.hibernate.type.BlobType@6443b128
[DEBUG] 2020-02-17 10:36:05.854 [main] BasicTypeRegistry - Adding type registration materialized_blob -> org.hibernate.type.MaterializedBlobType@332f25c8
[DEBUG] 2020-02-17 10:36:05.856 [main] BasicTypeRegistry - Adding type registration clob -> org.hibernate.type.ClobType@6ad6fa53
[DEBUG] 2020-02-17 10:36:05.861 [main] BasicTypeRegistry - Adding type registration java.sql.Clob -> org.hibernate.type.ClobType@6ad6fa53
[DEBUG] 2020-02-17 10:36:05.868 [main] BasicTypeRegistry - Adding type registration nclob -> org.hibernate.type.NClobType@247667dd
[DEBUG] 2020-02-17 10:36:05.871 [main] BasicTypeRegistry - Adding type registration java.sql.NClob -> org.hibernate.type.NClobType@247667dd
[DEBUG] 2020-02-17 10:36:05.873 [main] BasicTypeRegistry - Adding type registration materialized_clob -> org.hibernate.type.MaterializedClobType@5c20ffa8
[DEBUG] 2020-02-17 10:36:05.874 [main] BasicTypeRegistry - Adding type registration materialized_nclob -> org.hibernate.type.MaterializedNClobType@46c00568
[DEBUG] 2020-02-17 10:36:05.883 [main] BasicTypeRegistry - Adding type registration serializable -> org.hibernate.type.SerializableType@59942b48
[DEBUG] 2020-02-17 10:36:05.893 [main] BasicTypeRegistry - Adding type registration object -> org.hibernate.type.ObjectType@6df7988f
[DEBUG] 2020-02-17 10:36:05.893 [main] BasicTypeRegistry - Adding type registration java.lang.Object -> org.hibernate.type.ObjectType@6df7988f
[DEBUG] 2020-02-17 10:36:05.894 [main] BasicTypeRegistry - Adding type registration imm_date -> org.hibernate.type.AdaptedImmutableType@2fe88a09
[DEBUG] 2020-02-17 10:36:05.895 [main] BasicTypeRegistry - Adding type registration imm_time -> org.hibernate.type.AdaptedImmutableType@1917d90f
[DEBUG] 2020-02-17 10:36:05.895 [main] BasicTypeRegistry - Adding type registration imm_timestamp -> org.hibernate.type.AdaptedImmutableType@66bfd864
[DEBUG] 2020-02-17 10:36:05.895 [main] BasicTypeRegistry - Adding type registration imm_dbtimestamp -> org.hibernate.type.AdaptedImmutableType@4aac85fa
[DEBUG] 2020-02-17 10:36:05.895 [main] BasicTypeRegistry - Adding type registration imm_calendar -> org.hibernate.type.AdaptedImmutableType@21fff664
[DEBUG] 2020-02-17 10:36:05.895 [main] BasicTypeRegistry - Adding type registration imm_calendar_date -> org.hibernate.type.AdaptedImmutableType@6079cf5
[DEBUG] 2020-02-17 10:36:05.895 [main] BasicTypeRegistry - Adding type registration imm_binary -> org.hibernate.type.AdaptedImmutableType@1e6308a9
[DEBUG] 2020-02-17 10:36:05.895 [main] BasicTypeRegistry - Adding type registration imm_serializable -> org.hibernate.type.AdaptedImmutableType@30cecdca
[DEBUG] 2020-02-17 10:36:06.008 [main] DefaultIdentifierGeneratorFactory - Registering IdentifierGenerator strategy [uuid2] -> [org.hibernate.id.UUIDGenerator]
[DEBUG] 2020-02-17 10:36:06.013 [main] DefaultIdentifierGeneratorFactory - Registering IdentifierGenerator strategy [guid] -> [org.hibernate.id.GUIDGenerator]
[DEBUG] 2020-02-17 10:36:06.016 [main] DefaultIdentifierGeneratorFactory - Registering IdentifierGenerator strategy [uuid] -> [org.hibernate.id.UUIDHexGenerator]
[DEBUG] 2020-02-17 10:36:06.018 [main] DefaultIdentifierGeneratorFactory - Registering IdentifierGenerator strategy [uuid.hex] -> [org.hibernate.id.UUIDHexGenerator]
[DEBUG] 2020-02-17 10:36:06.019 [main] DefaultIdentifierGeneratorFactory - Registering IdentifierGenerator strategy [assigned] -> [org.hibernate.id.Assigned]
[DEBUG] 2020-02-17 10:36:06.021 [main] DefaultIdentifierGeneratorFactory - Registering IdentifierGenerator strategy [identity] -> [org.hibernate.id.IdentityGenerator]
[DEBUG] 2020-02-17 10:36:06.022 [main] DefaultIdentifierGeneratorFactory - Registering IdentifierGenerator strategy [select] -> [org.hibernate.id.SelectGenerator]
[DEBUG] 2020-02-17 10:36:06.024 [main] DefaultIdentifierGeneratorFactory - Registering IdentifierGenerator strategy [sequence] -> [org.hibernate.id.enhanced.SequenceStyleGenerator]
[DEBUG] 2020-02-17 10:36:06.026 [main] DefaultIdentifierGeneratorFactory - Registering IdentifierGenerator strategy [seqhilo] -> [org.hibernate.id.SequenceHiLoGenerator]
[DEBUG] 2020-02-17 10:36:06.027 [main] DefaultIdentifierGeneratorFactory - Registering IdentifierGenerator strategy [increment] -> [org.hibernate.id.IncrementGenerator]
[DEBUG] 2020-02-17 10:36:06.027 [main] DefaultIdentifierGeneratorFactory - Registering IdentifierGenerator strategy [foreign] -> [org.hibernate.id.ForeignGenerator]
[DEBUG] 2020-02-17 10:36:06.028 [main] DefaultIdentifierGeneratorFactory - Registering IdentifierGenerator strategy [sequence-identity] -> [org.hibernate.id.SequenceIdentityGenerator]
[DEBUG] 2020-02-17 10:36:06.028 [main] DefaultIdentifierGeneratorFactory - Registering IdentifierGenerator strategy [enhanced-sequence] -> [org.hibernate.id.enhanced.SequenceStyleGenerator]
[DEBUG] 2020-02-17 10:36:06.030 [main] DefaultIdentifierGeneratorFactory - Registering IdentifierGenerator strategy [enhanced-table] -> [org.hibernate.id.enhanced.TableGenerator]
[INFO ] 2020-02-17 10:36:06.047 [main] C3P0ConnectionProvider - HHH010002: C3P0 using driver: com.mysql.cj.jdbc.Driver at URL: jdbc:mysql://localhost:3306/test_streamMedia
[INFO ] 2020-02-17 10:36:06.048 [main] C3P0ConnectionProvider - HHH10001001: Connection properties: {password=****, user=root}
[INFO ] 2020-02-17 10:36:06.048 [main] C3P0ConnectionProvider - HHH10001003: Autocommit mode: false
[INFO ] 2020-02-17 10:36:06.322 [main] C3P0ConnectionProvider - HHH10001007: JDBC isolation level: <unknown>
[DEBUG] 2020-02-17 10:36:07.721 [main] JdbcEnvironmentInitiator - Database ->
       name : MySQL
    version : 8.0.19
      major : 8
      minor : 0
[DEBUG] 2020-02-17 10:36:07.722 [main] JdbcEnvironmentInitiator - Driver ->
       name : MySQL Connector/J
    version : mysql-connector-java-8.0.16 (Revision: 34cbc6bc61f72836e26327537a432d6db7c77de6)
      major : 8
      minor : 0
[DEBUG] 2020-02-17 10:36:07.722 [main] JdbcEnvironmentInitiator - JDBC version : 4.2
[INFO ] 2020-02-17 10:36:07.818 [main] Dialect - HHH000400: Using dialect: org.hibernate.dialect.MySQL8Dialect
[DEBUG] 2020-02-17 10:36:07.855 [main] IdentifierHelperBuilder - JDBC driver metadata reported database stores quoted identifiers in more than one case
[DEBUG] 2020-02-17 10:36:07.943 [main] IdentifierHelperBuilder - IdentifierCaseStrategy for both quoted and unquoted identifiers was set to the same strategy [MIXED]; that will likely lead to problems in schema update and validation if using quoted identifiers
[DEBUG] 2020-02-17 10:36:08.094 [main] Namespace - Created database namespace [logicalName=Name{catalog=null, schema=null}, physicalName=Name{catalog=null, schema=null}]
[DEBUG] 2020-02-17 10:36:08.110 [main] TypeConfiguration$Scope - Scoping TypeConfiguration [org.hibernate.type.spi.TypeConfiguration@5496c165] to MetadataBuildingContext [org.hibernate.boot.internal.MetadataBuildingContextRootImpl@51a8313b]
[DEBUG] 2020-02-17 10:36:08.245 [main] AnnotationBinder - Binding entity from annotated class: com.streammedia.entity.User
[DEBUG] 2020-02-17 10:36:08.351 [main] Ejb3Column - Binding column: Ejb3DiscriminatorColumn{logicalColumnName'DTYPE', discriminatorTypeName='string'}
[DEBUG] 2020-02-17 10:36:08.368 [main] EntityBinder - Import with entity name User
[DEBUG] 2020-02-17 10:36:08.386 [main] EntityBinder - Bind entity com.streammedia.entity.User on table SM_Users
[DEBUG] 2020-02-17 10:36:08.466 [main] Ejb3Column - Binding column: Ejb3Column{table=org.hibernate.mapping.Table(SM_Users), mappingColumn=user_id, insertable=true, updatable=true, unique=false}
[DEBUG] 2020-02-17 10:36:08.479 [main] PropertyBinder - MetadataSourceProcessor property userId with lazy=false
[DEBUG] 2020-02-17 10:36:08.483 [main] AbstractPropertyHolder - Attempting to locate auto-apply AttributeConverter for property [com.streammedia.entity.User:userId]
[DEBUG] 2020-02-17 10:36:08.487 [main] SimpleValueBinder - building SimpleValue for userId
[DEBUG] 2020-02-17 10:36:08.493 [main] PropertyBinder - Building property userId
[DEBUG] 2020-02-17 10:36:08.498 [main] BinderHelper - #makeIdGenerator(org.hibernate.mapping.SimpleValue([org.hibernate.mapping.Column(user_id)]), userId, org.hibernate.id.enhanced.SequenceStyleGenerator, native, ...)
[DEBUG] 2020-02-17 10:36:08.500 [main] Ejb3Column - Binding column: Ejb3Column{table=org.hibernate.mapping.Table(SM_Users), mappingColumn=biography, insertable=true, updatable=true, unique=false}
[DEBUG] 2020-02-17 10:36:08.501 [main] PropertyBinder - MetadataSourceProcessor property biography with lazy=false
[DEBUG] 2020-02-17 10:36:08.501 [main] AbstractPropertyHolder - Attempting to locate auto-apply AttributeConverter for property [com.streammedia.entity.User:biography]
[DEBUG] 2020-02-17 10:36:08.501 [main] SimpleValueBinder - building SimpleValue for biography
[DEBUG] 2020-02-17 10:36:08.501 [main] PropertyBinder - Building property biography
[DEBUG] 2020-02-17 10:36:08.501 [main] Ejb3Column - Binding column: Ejb3Column{table=org.hibernate.mapping.Table(SM_Users), mappingColumn=birthdate, insertable=true, updatable=true, unique=false}
[DEBUG] 2020-02-17 10:36:08.503 [main] PropertyBinder - MetadataSourceProcessor property birthdate with lazy=false
[DEBUG] 2020-02-17 10:36:08.503 [main] AbstractPropertyHolder - Attempting to locate auto-apply AttributeConverter for property [com.streammedia.entity.User:birthdate]
[DEBUG] 2020-02-17 10:36:08.503 [main] SimpleValueBinder - building SimpleValue for birthdate
[DEBUG] 2020-02-17 10:36:08.504 [main] PropertyBinder - Building property birthdate
[DEBUG] 2020-02-17 10:36:08.504 [main] Ejb3Column - Binding column: Ejb3Column{table=org.hibernate.mapping.Table(SM_Users), mappingColumn=created_at, insertable=true, updatable=true, unique=false}
[DEBUG] 2020-02-17 10:36:08.507 [main] PropertyBinder - MetadataSourceProcessor property createdAt with lazy=false
[DEBUG] 2020-02-17 10:36:08.510 [main] AbstractPropertyHolder - Attempting to locate auto-apply AttributeConverter for property [com.streammedia.entity.User:createdAt]
[DEBUG] 2020-02-17 10:36:08.511 [main] SimpleValueBinder - building SimpleValue for createdAt
[DEBUG] 2020-02-17 10:36:08.511 [main] PropertyBinder - Building property createdAt
[DEBUG] 2020-02-17 10:36:08.515 [main] Ejb3Column - Binding column: Ejb3Column{table=org.hibernate.mapping.Table(SM_Users), mappingColumn=email, insertable=true, updatable=true, unique=false}
[DEBUG] 2020-02-17 10:36:08.515 [main] PropertyBinder - MetadataSourceProcessor property email with lazy=false
[DEBUG] 2020-02-17 10:36:08.515 [main] AbstractPropertyHolder - Attempting to locate auto-apply AttributeConverter for property [com.streammedia.entity.User:email]
[DEBUG] 2020-02-17 10:36:08.516 [main] SimpleValueBinder - building SimpleValue for email
[DEBUG] 2020-02-17 10:36:08.516 [main] PropertyBinder - Building property email
[DEBUG] 2020-02-17 10:36:08.517 [main] Ejb3Column - Binding column: Ejb3Column{table=org.hibernate.mapping.Table(SM_Users), mappingColumn=first_name, insertable=true, updatable=true, unique=false}
[DEBUG] 2020-02-17 10:36:08.517 [main] PropertyBinder - MetadataSourceProcessor property firstName with lazy=false
[DEBUG] 2020-02-17 10:36:08.517 [main] AbstractPropertyHolder - Attempting to locate auto-apply AttributeConverter for property [com.streammedia.entity.User:firstName]
[DEBUG] 2020-02-17 10:36:08.523 [main] SimpleValueBinder - building SimpleValue for firstName
[DEBUG] 2020-02-17 10:36:08.523 [main] PropertyBinder - Building property firstName
[DEBUG] 2020-02-17 10:36:08.523 [main] Ejb3Column - Binding column: Ejb3Column{table=org.hibernate.mapping.Table(SM_Users), mappingColumn=gender, insertable=true, updatable=true, unique=false}
[DEBUG] 2020-02-17 10:36:08.523 [main] PropertyBinder - MetadataSourceProcessor property gender with lazy=false
[DEBUG] 2020-02-17 10:36:08.523 [main] AbstractPropertyHolder - Attempting to locate auto-apply AttributeConverter for property [com.streammedia.entity.User:gender]
[DEBUG] 2020-02-17 10:36:08.524 [main] SimpleValueBinder - building SimpleValue for gender
[DEBUG] 2020-02-17 10:36:08.524 [main] PropertyBinder - Building property gender
[DEBUG] 2020-02-17 10:36:08.524 [main] Ejb3Column - Binding column: Ejb3Column{table=org.hibernate.mapping.Table(SM_Users), mappingColumn=last_name, insertable=true, updatable=true, unique=false}
[DEBUG] 2020-02-17 10:36:08.525 [main] PropertyBinder - MetadataSourceProcessor property lastName with lazy=false
[DEBUG] 2020-02-17 10:36:08.525 [main] AbstractPropertyHolder - Attempting to locate auto-apply AttributeConverter for property [com.streammedia.entity.User:lastName]
[DEBUG] 2020-02-17 10:36:08.525 [main] SimpleValueBinder - building SimpleValue for lastName
[DEBUG] 2020-02-17 10:36:08.525 [main] PropertyBinder - Building property lastName
[DEBUG] 2020-02-17 10:36:08.525 [main] Ejb3Column - Binding column: Ejb3Column{table=org.hibernate.mapping.Table(SM_Users), mappingColumn=password, insertable=true, updatable=true, unique=false}
[DEBUG] 2020-02-17 10:36:08.526 [main] PropertyBinder - MetadataSourceProcessor property password with lazy=false
[DEBUG] 2020-02-17 10:36:08.526 [main] AbstractPropertyHolder - Attempting to locate auto-apply AttributeConverter for property [com.streammedia.entity.User:password]
[DEBUG] 2020-02-17 10:36:08.526 [main] SimpleValueBinder - building SimpleValue for password
[DEBUG] 2020-02-17 10:36:08.526 [main] PropertyBinder - Building property password
[DEBUG] 2020-02-17 10:36:08.526 [main] Ejb3Column - Binding column: Ejb3Column{table=org.hibernate.mapping.Table(SM_Users), mappingColumn=picture, insertable=true, updatable=true, unique=false}
[DEBUG] 2020-02-17 10:36:08.526 [main] PropertyBinder - MetadataSourceProcessor property picture with lazy=false
[DEBUG] 2020-02-17 10:36:08.527 [main] AbstractPropertyHolder - Attempting to locate auto-apply AttributeConverter for property [com.streammedia.entity.User:picture]
[DEBUG] 2020-02-17 10:36:08.527 [main] SimpleValueBinder - building SimpleValue for picture
[DEBUG] 2020-02-17 10:36:08.527 [main] PropertyBinder - Building property picture
[DEBUG] 2020-02-17 10:36:08.532 [main] Ejb3Column - Binding column: Ejb3JoinColumn{logicalColumnName='null', referencedColumn='null', mappedBy='user'}
[DEBUG] 2020-02-17 10:36:08.536 [main] Ejb3Column - Binding column: Ejb3Column{table=org.hibernate.mapping.Table(SM_Users), mappingColumn=roles, insertable=true, updatable=true, unique=false}
[DEBUG] 2020-02-17 10:36:08.541 [main] Ejb3Column - Binding column: Ejb3Column{table=org.hibernate.mapping.Table(SM_Users), mappingColumn=null, insertable=true, updatable=true, unique=false}
[DEBUG] 2020-02-17 10:36:08.560 [main] Ejb3Column - Binding column: Ejb3Column{table=org.hibernate.mapping.Table(SM_Users), mappingColumn=element, insertable=true, updatable=true, unique=false}
[DEBUG] 2020-02-17 10:36:08.565 [main] Ejb3Column - Binding column: Ejb3Column{table=org.hibernate.mapping.Table(SM_Users), mappingColumn=roles_KEY, insertable=true, updatable=true, unique=false}
[DEBUG] 2020-02-17 10:36:08.567 [main] Ejb3Column - Binding column: Ejb3JoinColumn{logicalColumnName='roles_KEY', referencedColumn='null', mappedBy='null'}
[DEBUG] 2020-02-17 10:36:08.569 [main] Ejb3Column - Binding column: Ejb3JoinColumn{logicalColumnName='null', referencedColumn='null', mappedBy='user'}
[DEBUG] 2020-02-17 10:36:08.569 [main] Ejb3Column - Binding column: Ejb3JoinColumn{logicalColumnName='null', referencedColumn='null', mappedBy='user'}
[DEBUG] 2020-02-17 10:36:08.570 [main] CollectionBinder - Collection role: com.streammedia.entity.User.roles
[DEBUG] 2020-02-17 10:36:08.573 [main] PropertyBinder - Building property roles
[DEBUG] 2020-02-17 10:36:08.577 [main] Ejb3Column - Binding column: Ejb3Column{table=org.hibernate.mapping.Table(SM_Users), mappingColumn=updated_at, insertable=true, updatable=true, unique=false}
[DEBUG] 2020-02-17 10:36:08.578 [main] PropertyBinder - MetadataSourceProcessor property updateAt with lazy=false
[DEBUG] 2020-02-17 10:36:08.580 [main] AbstractPropertyHolder - Attempting to locate auto-apply AttributeConverter for property [com.streammedia.entity.User:updateAt]
[DEBUG] 2020-02-17 10:36:08.580 [main] SimpleValueBinder - building SimpleValue for updateAt
[DEBUG] 2020-02-17 10:36:08.580 [main] PropertyBinder - Building property updateAt
[DEBUG] 2020-02-17 10:36:08.581 [main] Ejb3Column - Binding column: Ejb3Column{table=org.hibernate.mapping.Table(SM_Users), mappingColumn=username, insertable=true, updatable=true, unique=true}
[DEBUG] 2020-02-17 10:36:08.582 [main] PropertyBinder - MetadataSourceProcessor property username with lazy=false
[DEBUG] 2020-02-17 10:36:08.582 [main] AbstractPropertyHolder - Attempting to locate auto-apply AttributeConverter for property [com.streammedia.entity.User:username]
[DEBUG] 2020-02-17 10:36:08.582 [main] SimpleValueBinder - building SimpleValue for username
[DEBUG] 2020-02-17 10:36:08.582 [main] PropertyBinder - Building property username
[DEBUG] 2020-02-17 10:36:08.585 [main] AnnotationBinder - Binding entity from annotated class: com.streammedia.entity.Role
[DEBUG] 2020-02-17 10:36:08.585 [main] Ejb3Column - Binding column: Ejb3DiscriminatorColumn{logicalColumnName'DTYPE', discriminatorTypeName='string'}
[DEBUG] 2020-02-17 10:36:08.586 [main] EntityBinder - Import with entity name Role
[DEBUG] 2020-02-17 10:36:08.586 [main] EntityBinder - Bind entity com.streammedia.entity.Role on table Role
[DEBUG] 2020-02-17 10:36:08.600 [main] Ejb3Column - Binding column: Ejb3Column{table=org.hibernate.mapping.Table(Role), mappingColumn=role_id, insertable=true, updatable=true, unique=false}
[DEBUG] 2020-02-17 10:36:08.600 [main] PropertyBinder - MetadataSourceProcessor property roleId with lazy=false
[DEBUG] 2020-02-17 10:36:08.601 [main] AbstractPropertyHolder - Attempting to locate auto-apply AttributeConverter for property [com.streammedia.entity.Role:roleId]
[DEBUG] 2020-02-17 10:36:08.601 [main] SimpleValueBinder - building SimpleValue for roleId
[DEBUG] 2020-02-17 10:36:08.601 [main] PropertyBinder - Building property roleId
[DEBUG] 2020-02-17 10:36:08.602 [main] BinderHelper - #makeIdGenerator(org.hibernate.mapping.SimpleValue([org.hibernate.mapping.Column(role_id)]), roleId, org.hibernate.id.enhanced.SequenceStyleGenerator, native, ...)
[DEBUG] 2020-02-17 10:36:08.602 [main] Ejb3Column - Binding column: Ejb3Column{table=org.hibernate.mapping.Table(Role), mappingColumn=created_at, insertable=true, updatable=true, unique=false}
[DEBUG] 2020-02-17 10:36:08.602 [main] PropertyBinder - MetadataSourceProcessor property createdAt with lazy=false
[DEBUG] 2020-02-17 10:36:08.602 [main] AbstractPropertyHolder - Attempting to locate auto-apply AttributeConverter for property [com.streammedia.entity.Role:createdAt]
[DEBUG] 2020-02-17 10:36:08.603 [main] SimpleValueBinder - building SimpleValue for createdAt
[DEBUG] 2020-02-17 10:36:08.603 [main] PropertyBinder - Building property createdAt
[DEBUG] 2020-02-17 10:36:08.632 [main] Ejb3Column - Binding column: Ejb3Column{table=org.hibernate.mapping.Table(Role), mappingColumn=name, insertable=true, updatable=true, unique=false}
[DEBUG] 2020-02-17 10:36:08.633 [main] PropertyBinder - MetadataSourceProcessor property name with lazy=false
[DEBUG] 2020-02-17 10:36:08.634 [main] AbstractPropertyHolder - Attempting to locate auto-apply AttributeConverter for property [com.streammedia.entity.Role:name]
[DEBUG] 2020-02-17 10:36:08.634 [main] SimpleValueBinder - building SimpleValue for name
[DEBUG] 2020-02-17 10:36:08.635 [main] PropertyBinder - Building property name
[DEBUG] 2020-02-17 10:36:08.636 [main] Ejb3Column - Binding column: Ejb3Column{table=org.hibernate.mapping.Table(Role), mappingColumn=updated_at, insertable=true, updatable=true, unique=false}
[DEBUG] 2020-02-17 10:36:08.636 [main] PropertyBinder - MetadataSourceProcessor property updatedAt with lazy=false
[DEBUG] 2020-02-17 10:36:08.637 [main] AbstractPropertyHolder - Attempting to locate auto-apply AttributeConverter for property [com.streammedia.entity.Role:updatedAt]
[DEBUG] 2020-02-17 10:36:08.637 [main] SimpleValueBinder - building SimpleValue for updatedAt
[DEBUG] 2020-02-17 10:36:08.637 [main] PropertyBinder - Building property updatedAt
[DEBUG] 2020-02-17 10:36:08.638 [main] Ejb3Column - Binding column: Ejb3JoinColumn{logicalColumnName='username', referencedColumn='username', mappedBy=''}
[DEBUG] 2020-02-17 10:36:08.639 [main] Ejb3Column - Binding column: Ejb3Column{table=org.hibernate.mapping.Table(Role), mappingColumn=user, insertable=true, updatable=true, unique=false}
[DEBUG] 2020-02-17 10:36:08.644 [main] PropertyBinder - Building property user
[DEBUG] 2020-02-17 10:36:08.654 [main] SimpleValueBinder - Starting fillSimpleValue for userId
[DEBUG] 2020-02-17 10:36:08.655 [main] SimpleValueBinder - Starting fillSimpleValue for biography
[DEBUG] 2020-02-17 10:36:08.655 [main] SimpleValueBinder - Starting fillSimpleValue for birthdate
[DEBUG] 2020-02-17 10:36:08.659 [main] SimpleValueBinder - Starting fillSimpleValue for createdAt
[DEBUG] 2020-02-17 10:36:08.659 [main] SimpleValueBinder - Starting fillSimpleValue for email
[DEBUG] 2020-02-17 10:36:08.659 [main] SimpleValueBinder - Starting fillSimpleValue for firstName
[DEBUG] 2020-02-17 10:36:08.659 [main] SimpleValueBinder - Starting fillSimpleValue for gender
[DEBUG] 2020-02-17 10:36:08.660 [main] SimpleValueBinder - Starting fillSimpleValue for lastName
[DEBUG] 2020-02-17 10:36:08.660 [main] SimpleValueBinder - Starting fillSimpleValue for password
[DEBUG] 2020-02-17 10:36:08.660 [main] SimpleValueBinder - Starting fillSimpleValue for picture
[DEBUG] 2020-02-17 10:36:08.661 [main] SimpleValueBinder - Starting fillSimpleValue for updateAt
[DEBUG] 2020-02-17 10:36:08.661 [main] SimpleValueBinder - Starting fillSimpleValue for username
[DEBUG] 2020-02-17 10:36:08.661 [main] SimpleValueBinder - Starting fillSimpleValue for roleId
[DEBUG] 2020-02-17 10:36:08.661 [main] SimpleValueBinder - Starting fillSimpleValue for createdAt
[DEBUG] 2020-02-17 10:36:08.661 [main] SimpleValueBinder - Starting fillSimpleValue for name
[DEBUG] 2020-02-17 10:36:08.661 [main] SimpleValueBinder - Starting fillSimpleValue for updatedAt
[DEBUG] 2020-02-17 10:36:08.679 [main] PrimaryKey - Forcing column [user_id] to be non-null as it is part of the primary key for table [sm_users]
[DEBUG] 2020-02-17 10:36:08.684 [main] PrimaryKey - Forcing column [role_id] to be non-null as it is part of the primary key for table [role]
[DEBUG] 2020-02-17 10:36:08.685 [main] CollectionSecondPass - Second pass for collection: com.streammedia.entity.User.roles
[DEBUG] 2020-02-17 10:36:08.686 [main] CollectionBinder - Binding a OneToMany: com.streammedia.entity.User.roles through a foreign key
[DEBUG] 2020-02-17 10:36:08.688 [main] CollectionBinder - Mapping collection: com.streammedia.entity.User.roles -> Role
[DEBUG] 2020-02-17 10:36:08.689 [main] TableBinder - Retrieving property com.streammedia.entity.Role.user
[DEBUG] 2020-02-17 10:36:08.690 [main] CollectionSecondPass - Mapped collection key: username, one-to-many: com.streammedia.entity.Role
[DEBUG] 2020-02-17 10:36:08.692 [main] InFlightMetadataCollectorImpl - Processing association property references
[DEBUG] 2020-02-17 10:36:08.693 [main] InFlightMetadataCollectorImpl - Resolving reference to class: com.streammedia.entity.User
[DEBUG] 2020-02-17 10:36:08.702 [main] InFlightMetadataCollectorImpl - Processing association property references
[DEBUG] 2020-02-17 10:36:08.703 [main] InFlightMetadataCollectorImpl - Resolving reference to class: com.streammedia.entity.User
[DEBUG] 2020-02-17 10:36:08.908 [main] SessionFactoryImpl - Building session factory
[DEBUG] 2020-02-17 10:36:08.912 [main] Settings - SessionFactory name : null
[DEBUG] 2020-02-17 10:36:08.912 [main] Settings - Automatic flush during beforeCompletion(): enabled
[DEBUG] 2020-02-17 10:36:08.913 [main] Settings - Automatic session close at end of transaction: disabled
[DEBUG] 2020-02-17 10:36:08.913 [main] Settings - Statistics: disabled
[DEBUG] 2020-02-17 10:36:08.913 [main] Settings - Deleted entity synthetic identifier rollback: disabled
[DEBUG] 2020-02-17 10:36:08.913 [main] Settings - Default entity-mode: pojo
[DEBUG] 2020-02-17 10:36:08.917 [main] Settings - Check Nullability in Core (should be disabled when Bean Validation is on): enabled
[DEBUG] 2020-02-17 10:36:08.918 [main] Settings - Allow initialization of lazy state outside session : disabled
[DEBUG] 2020-02-17 10:36:08.918 [main] Settings - Using BatchFetchStyle : LEGACY
[DEBUG] 2020-02-17 10:36:08.918 [main] Settings - Default batch fetch size: -1
[DEBUG] 2020-02-17 10:36:08.918 [main] Settings - Maximum outer join fetch depth: 2
[DEBUG] 2020-02-17 10:36:08.919 [main] Settings - Default null ordering: NONE
[DEBUG] 2020-02-17 10:36:08.919 [main] Settings - Order SQL updates by primary key: disabled
[DEBUG] 2020-02-17 10:36:08.919 [main] Settings - Order SQL inserts for batching: disabled
[DEBUG] 2020-02-17 10:36:08.919 [main] Settings - multi-tenancy strategy : NONE
[DEBUG] 2020-02-17 10:36:08.919 [main] Settings - JTA Track by Thread: enabled
[DEBUG] 2020-02-17 10:36:08.919 [main] Settings - Query language substitutions: {}
[DEBUG] 2020-02-17 10:36:08.920 [main] Settings - Named query checking : enabled
[DEBUG] 2020-02-17 10:36:08.920 [main] Settings - Second-level cache: disabled
[DEBUG] 2020-02-17 10:36:08.920 [main] Settings - Second-level query cache: disabled
[DEBUG] 2020-02-17 10:36:08.920 [main] Settings - Second-level query cache factory: null
[DEBUG] 2020-02-17 10:36:08.920 [main] Settings - Second-level cache region prefix: null
[DEBUG] 2020-02-17 10:36:08.920 [main] Settings - Optimize second-level cache for minimal puts: disabled
[DEBUG] 2020-02-17 10:36:08.920 [main] Settings - Structured second-level cache entries: disabled
[DEBUG] 2020-02-17 10:36:08.921 [main] Settings - Second-level cache direct-reference entries: disabled
[DEBUG] 2020-02-17 10:36:08.927 [main] Settings - Automatic eviction of collection cache: disabled
[DEBUG] 2020-02-17 10:36:08.927 [main] Settings - JDBC batch size: 15
[DEBUG] 2020-02-17 10:36:08.927 [main] Settings - JDBC batch updates for versioned data: enabled
[DEBUG] 2020-02-17 10:36:08.927 [main] Settings - Scrollable result sets: enabled
[DEBUG] 2020-02-17 10:36:08.928 [main] Settings - Wrap result sets: disabled
[DEBUG] 2020-02-17 10:36:08.928 [main] Settings - JDBC3 getGeneratedKeys(): enabled
[DEBUG] 2020-02-17 10:36:08.928 [main] Settings - JDBC result set fetch size: null
[DEBUG] 2020-02-17 10:36:08.928 [main] Settings - Connection release mode: AFTER_TRANSACTION
[DEBUG] 2020-02-17 10:36:08.928 [main] Settings - Generate SQL with comments: disabled
[DEBUG] 2020-02-17 10:36:08.928 [main] Settings - JPA compliance - query : 
[DEBUG] 2020-02-17 10:36:08.929 [main] Settings - JPA compliance - closed-handling : 
[DEBUG] 2020-02-17 10:36:08.929 [main] Settings - JPA compliance - lists : 
[DEBUG] 2020-02-17 10:36:08.929 [main] Settings - JPA compliance - transactions : 
[INFO ] 2020-02-17 10:36:09.094 [main] beans - HHH10005002: No explicit CDI BeanManager reference was passed to Hibernate, but CDI is available on the Hibernate ClassLoader.
[DEBUG] 2020-02-17 10:36:09.132 [main] SessionFactoryImpl - Session factory constructed with filter configurations : {}
[DEBUG] 2020-02-17 10:36:09.133 [main] SessionFactoryImpl - Instantiating session factory with properties: {sun.desktop=gnome, awt.toolkit=sun.awt.X11.XToolkit, java.specification.version=11, sun.cpu.isalist=, hibernate.c3p0.idle_test_period=3000, sun.jnu.encoding=UTF-8, hibernate.c3p0.min_size=5, java.class.path=/home/student/intellij/lib/idea_rt.jar:/home/student/intellij/plugins/junit/lib/junit5-rt.jar:/home/student/intellij/plugins/junit/lib/junit-rt.jar:/home/student/IdeaProjects/streamMedia/target/test-classes:/home/student/IdeaProjects/streamMedia/target/classes:/home/student/.m2/repository/org/junit/platform/junit-platform-runner/1.0.0/junit-platform-runner-1.0.0.jar:/home/student/.m2/repository/org/apiguardian/apiguardian-api/1.0.0/apiguardian-api-1.0.0.jar:/home/student/.m2/repository/org/junit/platform/junit-platform-launcher/1.0.0/junit-platform-launcher-1.0.0.jar:/home/student/.m2/repository/org/junit/platform/junit-platform-suite-api/1.0.0/junit-platform-suite-api-1.0.0.jar:/home/student/.m2/repository/org/junit/platform/junit-platform-commons/1.0.0/junit-platform-commons-1.0.0.jar:/home/student/.m2/repository/org/junit/vintage/junit-vintage-engine/4.12.0/junit-vintage-engine-4.12.0.jar:/home/student/.m2/repository/org/junit/platform/junit-platform-engine/1.0.0/junit-platform-engine-1.0.0.jar:/home/student/.m2/repository/org/opentest4j/opentest4j/1.0.0/opentest4j-1.0.0.jar:/home/student/.m2/repository/org/junit/jupiter/junit-jupiter-engine/5.0.0/junit-jupiter-engine-5.0.0.jar:/home/student/.m2/repository/org/junit/jupiter/junit-jupiter-api/5.0.0/junit-jupiter-api-5.0.0.jar:/home/student/.m2/repository/junit/junit/4.12/junit-4.12.jar:/home/student/.m2/repository/org/hamcrest/hamcrest-core/1.3/hamcrest-core-1.3.jar:/home/student/.m2/repository/javax/javaee-web-api/7.0/javaee-web-api-7.0.jar:/home/student/.m2/repository/mysql/mysql-connector-java/8.0.16/mysql-connector-java-8.0.16.jar:/home/student/.m2/repository/com/google/protobuf/protobuf-java/3.6.1/protobuf-java-3.6.1.jar:/home/student/.m2/repository/jstl/jstl/1.2/jstl-1.2.jar:/home/student/.m2/repository/org/apache/logging/log4j/log4j-api/2.10.0/log4j-api-2.10.0.jar:/home/student/.m2/repository/org/apache/logging/log4j/log4j-core/2.10.0/log4j-core-2.10.0.jar:/home/student/.m2/repository/org/junit/platform/junit-platform-surefire-provider/1.0.0/junit-platform-surefire-provider-1.0.0.jar:/home/student/.m2/repository/org/apache/maven/surefire/surefire-api/2.19.1/surefire-api-2.19.1.jar:/home/student/.m2/repository/org/apache/maven/surefire/common-java5/2.19.1/common-java5-2.19.1.jar:/home/student/.m2/repository/org/projectlombok/lombok/1.18.10/lombok-1.18.10.jar:/home/student/.m2/repository/org/hibernate/hibernate-core/5.4.4.Final/hibernate-core-5.4.4.Final.jar:/home/student/.m2/repository/org/jboss/logging/jboss-logging/3.3.2.Final/jboss-logging-3.3.2.Final.jar:/home/student/.m2/repository/javax/persistence/javax.persistence-api/2.2/javax.persistence-api-2.2.jar:/home/student/.m2/repository/org/javassist/javassist/3.24.0-GA/javassist-3.24.0-GA.jar:/home/student/.m2/repository/net/bytebuddy/byte-buddy/1.9.11/byte-buddy-1.9.11.jar:/home/student/.m2/repository/antlr/antlr/2.7.7/antlr-2.7.7.jar:/home/student/.m2/repository/org/jboss/spec/javax/transaction/jboss-transaction-api_1.2_spec/1.1.1.Final/jboss-transaction-api_1.2_spec-1.1.1.Final.jar:/home/student/.m2/repository/org/jboss/jandex/2.0.5.Final/jandex-2.0.5.Final.jar:/home/student/.m2/repository/com/fasterxml/classmate/1.3.4/classmate-1.3.4.jar:/home/student/.m2/repository/javax/activation/javax.activation-api/1.2.0/javax.activation-api-1.2.0.jar:/home/student/.m2/repository/org/dom4j/dom4j/2.1.1/dom4j-2.1.1.jar:/home/student/.m2/repository/org/hibernate/common/hibernate-commons-annotations/5.1.0.Final/hibernate-commons-annotations-5.1.0.Final.jar:/home/student/.m2/repository/javax/xml/bind/jaxb-api/2.3.1/jaxb-api-2.3.1.jar:/home/student/.m2/repository/org/glassfish/jaxb/jaxb-runtime/2.3.1/jaxb-runtime-2.3.1.jar:/home/student/.m2/repository/org/glassfish/jaxb/txw2/2.3.1/txw2-2.3.1.jar:/home/student/.m2/repository/com/sun/istack/istack-commons-runtime/3.0.7/istack-commons-runtime-3.0.7.jar:/home/student/.m2/repository/org/jvnet/staxex/stax-ex/1.8/stax-ex-1.8.jar:/home/student/.m2/repository/com/sun/xml/fastinfoset/FastInfoset/1.2.15/FastInfoset-1.2.15.jar:/home/student/.m2/repository/org/hibernate/hibernate-c3p0/5.4.4.Final/hibernate-c3p0-5.4.4.Final.jar:/home/student/.m2/repository/com/mchange/c3p0/0.9.5.3/c3p0-0.9.5.3.jar:/home/student/.m2/repository/com/mchange/mchange-commons-java/0.2.15/mchange-commons-java-0.2.15.jar:/home/student/.m2/repository/javax/servlet/javax.servlet-api/4.0.1/javax.servlet-api-4.0.1.jar:/home/student/.m2/repository/org/mindrot/jbcrypt/0.3m/jbcrypt-0.3m.jar:/home/student/.m2/repository/com/sun/mail/javax.mail/1.6.2/javax.mail-1.6.2.jar:/home/student/.m2/repository/javax/activation/activation/1.1/activation-1.1.jar, java.vm.vendor=Ubuntu, sun.arch.data.model=64, idea.test.cyclic.buffer.size=1048576, java.vendor.url=https://ubuntu.com/, user.timezone=America/Chicago, os.name=Linux, java.vm.specification.version=11, sun.java.launcher=SUN_STANDARD, user.country=US, sun.boot.library.path=/usr/lib/jvm/java-11-openjdk-amd64/lib, sun.java.command=com.intellij.rt.junit.JUnitStarter -ideVersion5 -junit5 com.streammedia.perisistence.UserDaoTest,insertSuccess, jdk.debug=release, sun.cpu.endian=little, user.home=/home/student, hibernate.c3p0.max_statements=50, user.language=en, java.specification.vendor=Oracle Corporation, java.version.date=2020-01-14, java.home=/usr/lib/jvm/java-11-openjdk-amd64, file.separator=/, java.vm.compressedOopsMode=32-bit, line.separator=
, hibernate.c3p0.timeout=300, java.specification.name=Java Platform API Specification, java.vm.specification.vendor=Oracle Corporation, java.awt.graphicsenv=sun.awt.X11GraphicsEnvironment, connection.password=student, sun.management.compiler=HotSpot 64-Bit Tiered Compilers, hibernate.c3p0.max_size=20, java.runtime.version=11.0.6+10-post-Ubuntu-1ubuntu118.04.1, user.name=student, path.separator=:, hibernate.connection.username=****, os.version=5.3.0-28-generic, java.runtime.name=OpenJDK Runtime Environment, hibernate.connection.url=jdbc:mysql://localhost:3306/test_streamMedia, file.encoding=UTF-8, java.vm.name=OpenJDK 64-Bit Server VM, hibernate.connection.driver_class=com.mysql.cj.jdbc.Driver, java.vendor.url.bug=https://bugs.launchpad.net/ubuntu/+source/openjdk-lts, java.io.tmpdir=/tmp, java.version=11.0.6, user.dir=/home/student/IdeaProjects/streamMedia, os.arch=amd64, connection.username=root, java.vm.specification.name=Java Virtual Machine Specification, java.awt.printerjob=sun.print.PSPrinterJob, hibernate.connection.password=****, sun.os.patch.level=unknown, connection.driver_class=com.mysql.cj.jdbc.Driver, hibernate.boot.CfgXmlAccessService.key=org.hibernate.boot.cfgxml.spi.LoadedConfig@58a2b917, java.library.path=/usr/java/packages/lib:/usr/lib/x86_64-linux-gnu/jni:/lib/x86_64-linux-gnu:/usr/lib/x86_64-linux-gnu:/usr/lib/jni:/lib:/usr/lib, java.vendor=Ubuntu, java.vm.info=mixed mode, sharing, java.vm.version=11.0.6+10-post-Ubuntu-1ubuntu118.04.1, hibernate.bytecode.use_reflection_optimizer=false, sun.io.unicode.encoding=UnicodeLittle, connection.url=jdbc:mysql://localhost:3306/test_streamMedia, java.class.version=55.0}
[DEBUG] 2020-02-17 10:36:09.172 [main] TypeSafeActivator - Unable to acquire Bean Validation ValidatorFactory, skipping activation
[DEBUG] 2020-02-17 10:36:09.173 [main] JaccIntegrator - Skipping JACC integration as it was not enabled
[DEBUG] 2020-02-17 10:36:09.174 [main] SessionFactoryImpl - Instantiated session factory
[DEBUG] 2020-02-17 10:36:09.178 [main] TypeConfiguration$Scope - Scoping TypeConfiguration [org.hibernate.type.spi.TypeConfiguration@5496c165] to SessionFactoryImpl [org.hibernate.internal.SessionFactoryImpl@123d7057]
[DEBUG] 2020-02-17 10:36:09.459 [main] ClassLoaderAccessImpl - Not known whether passed class name [com.streammedia.entity.Role] is safe
[DEBUG] 2020-02-17 10:36:09.486 [main] ClassLoaderAccessImpl - No temp ClassLoader provided; using live ClassLoader for loading potentially unsafe class : com.streammedia.entity.Role
[DEBUG] 2020-02-17 10:36:09.568 [main] ClassLoaderAccessImpl - Not known whether passed class name [com.streammedia.entity.Role] is safe
[DEBUG] 2020-02-17 10:36:09.569 [main] ClassLoaderAccessImpl - No temp ClassLoader provided; using live ClassLoader for loading potentially unsafe class : com.streammedia.entity.Role
[DEBUG] 2020-02-17 10:36:10.089 [main] ClassLoaderAccessImpl - Not known whether passed class name [com.streammedia.entity.User] is safe
[DEBUG] 2020-02-17 10:36:10.089 [main] ClassLoaderAccessImpl - No temp ClassLoader provided; using live ClassLoader for loading potentially unsafe class : com.streammedia.entity.User
[DEBUG] 2020-02-17 10:36:10.093 [main] ClassLoaderAccessImpl - Not known whether passed class name [com.streammedia.entity.User] is safe
[DEBUG] 2020-02-17 10:36:10.094 [main] ClassLoaderAccessImpl - No temp ClassLoader provided; using live ClassLoader for loading potentially unsafe class : com.streammedia.entity.User
[DEBUG] 2020-02-17 10:36:10.244 [main] AbstractCollectionPersister - Static SQL for collection: com.streammedia.entity.User.roles
[DEBUG] 2020-02-17 10:36:10.244 [main] AbstractCollectionPersister -  Row insert: update Role set username=? where role_id=?
[DEBUG] 2020-02-17 10:36:10.244 [main] AbstractCollectionPersister -  Row update: update Role set  where role_id=?
[DEBUG] 2020-02-17 10:36:10.244 [main] AbstractCollectionPersister -  Row delete: update Role set username=null where username=? and role_id=?
[DEBUG] 2020-02-17 10:36:10.244 [main] AbstractCollectionPersister -  One-shot delete: update Role set username=null where username=?
[DEBUG] 2020-02-17 10:36:10.250 [main] AbstractEntityPersister - Static SQL for entity: com.streammedia.entity.Role
[DEBUG] 2020-02-17 10:36:10.250 [main] AbstractEntityPersister -  Version select: select role_id from Role where role_id =?
[DEBUG] 2020-02-17 10:36:10.250 [main] AbstractEntityPersister -  Snapshot select: select role_.role_id, role_.created_at as created_2_0_, role_.name as name3_0_, role_.updated_at as updated_4_0_, role_.username as username5_0_ from Role role_ where role_.role_id=?
[DEBUG] 2020-02-17 10:36:10.250 [main] AbstractEntityPersister -  Insert 0: insert into Role (created_at, name, updated_at, username, role_id) values (?, ?, ?, ?, ?)
[DEBUG] 2020-02-17 10:36:10.252 [main] AbstractEntityPersister -  Update 0: update Role set created_at=?, name=?, updated_at=?, username=? where role_id=?
[DEBUG] 2020-02-17 10:36:10.254 [main] AbstractEntityPersister -  Delete 0: delete from Role where role_id=?
[DEBUG] 2020-02-17 10:36:10.254 [main] AbstractEntityPersister -  Identity insert: insert into Role (created_at, name, updated_at, username) values (?, ?, ?, ?)
[DEBUG] 2020-02-17 10:36:10.288 [main] QuerySpacesImpl - Adding QuerySpace : uid = <gen:0> -> org.hibernate.loader.plan.build.internal.spaces.EntityQuerySpaceImpl@64b70f41]
[DEBUG] 2020-02-17 10:36:10.290 [main] MetamodelGraphWalker - Visiting attribute path : createdAt
[DEBUG] 2020-02-17 10:36:10.290 [main] MetamodelGraphWalker - Visiting attribute path : name
[DEBUG] 2020-02-17 10:36:10.290 [main] MetamodelGraphWalker - Visiting attribute path : updatedAt
[DEBUG] 2020-02-17 10:36:10.290 [main] MetamodelGraphWalker - Visiting attribute path : user
[DEBUG] 2020-02-17 10:36:10.296 [main] QuerySpacesImpl - Adding QuerySpace : uid = <gen:1> -> org.hibernate.loader.plan.build.internal.spaces.EntityQuerySpaceImpl@71e7adbb]
[DEBUG] 2020-02-17 10:36:10.298 [main] MetamodelGraphWalker - Visiting attribute path : user.biography
[DEBUG] 2020-02-17 10:36:10.299 [main] MetamodelGraphWalker - Visiting attribute path : user.birthdate
[DEBUG] 2020-02-17 10:36:10.299 [main] MetamodelGraphWalker - Visiting attribute path : user.createdAt
[DEBUG] 2020-02-17 10:36:10.299 [main] MetamodelGraphWalker - Visiting attribute path : user.email
[DEBUG] 2020-02-17 10:36:10.299 [main] MetamodelGraphWalker - Visiting attribute path : user.firstName
[DEBUG] 2020-02-17 10:36:10.299 [main] MetamodelGraphWalker - Visiting attribute path : user.gender
[DEBUG] 2020-02-17 10:36:10.302 [main] MetamodelGraphWalker - Visiting attribute path : user.lastName
[DEBUG] 2020-02-17 10:36:10.302 [main] MetamodelGraphWalker - Visiting attribute path : user.password
[DEBUG] 2020-02-17 10:36:10.302 [main] MetamodelGraphWalker - Visiting attribute path : user.picture
[DEBUG] 2020-02-17 10:36:10.303 [main] MetamodelGraphWalker - Visiting attribute path : user.roles
[DEBUG] 2020-02-17 10:36:10.303 [main] MetamodelGraphWalker - Property path deemed to be circular : user.roles
[DEBUG] 2020-02-17 10:36:10.303 [main] MetamodelGraphWalker - Visiting attribute path : user.updateAt
[DEBUG] 2020-02-17 10:36:10.304 [main] MetamodelGraphWalker - Visiting attribute path : user.username
[DEBUG] 2020-02-17 10:36:10.304 [main] MetamodelGraphWalker - Visiting attribute path : user._com_streammedia_entity_Role_user
[DEBUG] 2020-02-17 10:36:10.305 [main] QuerySpacesImpl - Adding QuerySpace : uid = <gen:2> -> org.hibernate.loader.plan.build.internal.spaces.CompositeQuerySpaceImpl@67e0ff3a]
[DEBUG] 2020-02-17 10:36:10.308 [main] MetamodelGraphWalker - Visiting attribute path : user._com_streammedia_entity_Role_user.username
[DEBUG] 2020-02-17 10:36:10.309 [main] FetchStyleLoadPlanBuildingAssociationVisitationStrategy - Building LoadPlan...
[DEBUG] 2020-02-17 10:36:10.332 [main] LoadQueryJoinAndFetchProcessor - processing queryspace <gen:0>
[DEBUG] 2020-02-17 10:36:10.340 [main] LoadPlanTreePrinter - LoadPlan(entity=com.streammedia.entity.Role)
    - Returns
       - EntityReturnImpl(entity=com.streammedia.entity.Role, querySpaceUid=<gen:0>, path=com.streammedia.entity.Role)
          - EntityAttributeFetchImpl(entity=com.streammedia.entity.User, querySpaceUid=<gen:1>, path=com.streammedia.entity.Role.user)
             - CompositeAttributeFetchImpl(composite=com.streammedia.entity.User, querySpaceUid=<gen:2>, path=com.streammedia.entity.Role.user._com_streammedia_entity_Role_user)
    - QuerySpaces
       - EntityQuerySpaceImpl(uid=<gen:0>, entity=com.streammedia.entity.Role)
          - SQL table alias mapping - role0_
          - alias suffix - 0_
          - suffixed key columns - {role_id1_0_0_}
          - JOIN (JoinDefinedByMetadata(user)) : <gen:0> -> <gen:1>
             - EntityQuerySpaceImpl(uid=<gen:1>, entity=com.streammedia.entity.User)
                - SQL table alias mapping - user1_
                - alias suffix - 1_
                - suffixed key columns - {user_id1_1_1_}
                - JOIN (JoinDefinedByMetadata(_com_streammedia_entity_Role_user)) : <gen:1> -> <gen:2>
                   - CompositeQuerySpaceImpl(uid=<gen:2>)
                      - SQL table alias mapping - user1_

[DEBUG] 2020-02-17 10:36:10.343 [main] EntityLoader - Static select for entity com.streammedia.entity.Role [NONE]: select role0_.role_id as role_id1_0_0_, role0_.created_at as created_2_0_0_, role0_.name as name3_0_0_, role0_.updated_at as updated_4_0_0_, role0_.username as username5_0_0_, user1_.user_id as user_id1_1_1_, user1_.biography as biograph2_1_1_, user1_.birthdate as birthdat3_1_1_, user1_.created_at as created_4_1_1_, user1_.email as email5_1_1_, user1_.first_name as first_na6_1_1_, user1_.gender as gender7_1_1_, user1_.last_name as last_nam8_1_1_, user1_.password as password9_1_1_, user1_.picture as picture10_1_1_, user1_.updated_at as updated11_1_1_, user1_.username as usernam12_1_1_ from Role role0_ inner join SM_Users user1_ on role0_.username=user1_.username where role0_.role_id=?
[DEBUG] 2020-02-17 10:36:10.343 [main] QuerySpacesImpl - Adding QuerySpace : uid = <gen:0> -> org.hibernate.loader.plan.build.internal.spaces.EntityQuerySpaceImpl@1c61eda5]
[DEBUG] 2020-02-17 10:36:10.344 [main] MetamodelGraphWalker - Visiting attribute path : createdAt
[DEBUG] 2020-02-17 10:36:10.344 [main] MetamodelGraphWalker - Visiting attribute path : name
[DEBUG] 2020-02-17 10:36:10.344 [main] MetamodelGraphWalker - Visiting attribute path : updatedAt
[DEBUG] 2020-02-17 10:36:10.344 [main] MetamodelGraphWalker - Visiting attribute path : user
[DEBUG] 2020-02-17 10:36:10.344 [main] QuerySpacesImpl - Adding QuerySpace : uid = <gen:1> -> org.hibernate.loader.plan.build.internal.spaces.EntityQuerySpaceImpl@59838256]
[DEBUG] 2020-02-17 10:36:10.345 [main] MetamodelGraphWalker - Visiting attribute path : user.biography
[DEBUG] 2020-02-17 10:36:10.345 [main] MetamodelGraphWalker - Visiting attribute path : user.birthdate
[DEBUG] 2020-02-17 10:36:10.347 [main] MetamodelGraphWalker - Visiting attribute path : user.createdAt
[DEBUG] 2020-02-17 10:36:10.348 [main] MetamodelGraphWalker - Visiting attribute path : user.email
[DEBUG] 2020-02-17 10:36:10.350 [main] MetamodelGraphWalker - Visiting attribute path : user.firstName
[DEBUG] 2020-02-17 10:36:10.352 [main] MetamodelGraphWalker - Visiting attribute path : user.gender
[DEBUG] 2020-02-17 10:36:10.352 [main] MetamodelGraphWalker - Visiting attribute path : user.lastName
[DEBUG] 2020-02-17 10:36:10.352 [main] MetamodelGraphWalker - Visiting attribute path : user.password
[DEBUG] 2020-02-17 10:36:10.352 [main] MetamodelGraphWalker - Visiting attribute path : user.picture
[DEBUG] 2020-02-17 10:36:10.352 [main] MetamodelGraphWalker - Visiting attribute path : user.roles
[DEBUG] 2020-02-17 10:36:10.352 [main] MetamodelGraphWalker - Property path deemed to be circular : user.roles
[DEBUG] 2020-02-17 10:36:10.353 [main] MetamodelGraphWalker - Visiting attribute path : user.updateAt
[DEBUG] 2020-02-17 10:36:10.353 [main] MetamodelGraphWalker - Visiting attribute path : user.username
[DEBUG] 2020-02-17 10:36:10.353 [main] MetamodelGraphWalker - Visiting attribute path : user._com_streammedia_entity_Role_user
[DEBUG] 2020-02-17 10:36:10.353 [main] QuerySpacesImpl - Adding QuerySpace : uid = <gen:2> -> org.hibernate.loader.plan.build.internal.spaces.CompositeQuerySpaceImpl@5ae15]
[DEBUG] 2020-02-17 10:36:10.353 [main] MetamodelGraphWalker - Visiting attribute path : user._com_streammedia_entity_Role_user.username
[DEBUG] 2020-02-17 10:36:10.354 [main] FetchStyleLoadPlanBuildingAssociationVisitationStrategy - Building LoadPlan...
[DEBUG] 2020-02-17 10:36:10.358 [main] LoadQueryJoinAndFetchProcessor - processing queryspace <gen:0>
[DEBUG] 2020-02-17 10:36:10.360 [main] LoadPlanTreePrinter - LoadPlan(entity=com.streammedia.entity.Role)
    - Returns
       - EntityReturnImpl(entity=com.streammedia.entity.Role, querySpaceUid=<gen:0>, path=com.streammedia.entity.Role)
          - EntityAttributeFetchImpl(entity=com.streammedia.entity.User, querySpaceUid=<gen:1>, path=com.streammedia.entity.Role.user)
             - CompositeAttributeFetchImpl(composite=com.streammedia.entity.User, querySpaceUid=<gen:2>, path=com.streammedia.entity.Role.user._com_streammedia_entity_Role_user)
    - QuerySpaces
       - EntityQuerySpaceImpl(uid=<gen:0>, entity=com.streammedia.entity.Role)
          - SQL table alias mapping - role0_
          - alias suffix - 0_
          - suffixed key columns - {role_id1_0_0_}
          - JOIN (JoinDefinedByMetadata(user)) : <gen:0> -> <gen:1>
             - EntityQuerySpaceImpl(uid=<gen:1>, entity=com.streammedia.entity.User)
                - SQL table alias mapping - user1_
                - alias suffix - 1_
                - suffixed key columns - {user_id1_1_1_}
                - JOIN (JoinDefinedByMetadata(_com_streammedia_entity_Role_user)) : <gen:1> -> <gen:2>
                   - CompositeQuerySpaceImpl(uid=<gen:2>)
                      - SQL table alias mapping - user1_

[DEBUG] 2020-02-17 10:36:10.360 [main] EntityLoader - Static select for entity com.streammedia.entity.Role [READ]: select role0_.role_id as role_id1_0_0_, role0_.created_at as created_2_0_0_, role0_.name as name3_0_0_, role0_.updated_at as updated_4_0_0_, role0_.username as username5_0_0_, user1_.user_id as user_id1_1_1_, user1_.biography as biograph2_1_1_, user1_.birthdate as birthdat3_1_1_, user1_.created_at as created_4_1_1_, user1_.email as email5_1_1_, user1_.first_name as first_na6_1_1_, user1_.gender as gender7_1_1_, user1_.last_name as last_nam8_1_1_, user1_.password as password9_1_1_, user1_.picture as picture10_1_1_, user1_.updated_at as updated11_1_1_, user1_.username as usernam12_1_1_ from Role role0_ inner join SM_Users user1_ on role0_.username=user1_.username where role0_.role_id=?
[DEBUG] 2020-02-17 10:36:10.388 [main] Loader - Static select for action ACTION_MERGE on entity com.streammedia.entity.Role: select role0_.role_id as role_id1_0_0_, role0_.created_at as created_2_0_0_, role0_.name as name3_0_0_, role0_.updated_at as updated_4_0_0_, role0_.username as username5_0_0_ from Role role0_ where role0_.role_id=?
[DEBUG] 2020-02-17 10:36:10.389 [main] Loader - Static select for action ACTION_REFRESH on entity com.streammedia.entity.Role: select role0_.role_id as role_id1_0_0_, role0_.created_at as created_2_0_0_, role0_.name as name3_0_0_, role0_.updated_at as updated_4_0_0_, role0_.username as username5_0_0_ from Role role0_ where role0_.role_id=?
[DEBUG] 2020-02-17 10:36:10.391 [main] AbstractEntityPersister - Static SQL for entity: com.streammedia.entity.User
[DEBUG] 2020-02-17 10:36:10.391 [main] AbstractEntityPersister -  Version select: select user_id from SM_Users where user_id =?
[DEBUG] 2020-02-17 10:36:10.391 [main] AbstractEntityPersister -  Snapshot select: select user_.user_id, user_.biography as biograph2_1_, user_.birthdate as birthdat3_1_, user_.created_at as created_4_1_, user_.email as email5_1_, user_.first_name as first_na6_1_, user_.gender as gender7_1_, user_.last_name as last_nam8_1_, user_.password as password9_1_, user_.picture as picture10_1_, user_.updated_at as updated11_1_, user_.username as usernam12_1_ from SM_Users user_ where user_.user_id=?
[DEBUG] 2020-02-17 10:36:10.391 [main] AbstractEntityPersister -  Insert 0: insert into SM_Users (biography, birthdate, created_at, email, first_name, gender, last_name, password, picture, updated_at, username, user_id) values (?, ?, ?, ?, ?, ?, ?, ?, ?, ?, ?, ?)
[DEBUG] 2020-02-17 10:36:10.391 [main] AbstractEntityPersister -  Update 0: update SM_Users set biography=?, birthdate=?, created_at=?, email=?, first_name=?, gender=?, last_name=?, password=?, picture=?, updated_at=?, username=? where user_id=?
[DEBUG] 2020-02-17 10:36:10.391 [main] AbstractEntityPersister -  Delete 0: delete from SM_Users where user_id=?
[DEBUG] 2020-02-17 10:36:10.392 [main] AbstractEntityPersister -  Identity insert: insert into SM_Users (biography, birthdate, created_at, email, first_name, gender, last_name, password, picture, updated_at, username) values (?, ?, ?, ?, ?, ?, ?, ?, ?, ?, ?)
[DEBUG] 2020-02-17 10:36:10.392 [main] QuerySpacesImpl - Adding QuerySpace : uid = <gen:0> -> org.hibernate.loader.plan.build.internal.spaces.EntityQuerySpaceImpl@6909f6be]
[DEBUG] 2020-02-17 10:36:10.394 [main] MetamodelGraphWalker - Visiting attribute path : biography
[DEBUG] 2020-02-17 10:36:10.394 [main] MetamodelGraphWalker - Visiting attribute path : birthdate
[DEBUG] 2020-02-17 10:36:10.394 [main] MetamodelGraphWalker - Visiting attribute path : createdAt
[DEBUG] 2020-02-17 10:36:10.394 [main] MetamodelGraphWalker - Visiting attribute path : email
[DEBUG] 2020-02-17 10:36:10.394 [main] MetamodelGraphWalker - Visiting attribute path : firstName
[DEBUG] 2020-02-17 10:36:10.394 [main] MetamodelGraphWalker - Visiting attribute path : gender
[DEBUG] 2020-02-17 10:36:10.394 [main] MetamodelGraphWalker - Visiting attribute path : lastName
[DEBUG] 2020-02-17 10:36:10.395 [main] MetamodelGraphWalker - Visiting attribute path : password
[DEBUG] 2020-02-17 10:36:10.395 [main] MetamodelGraphWalker - Visiting attribute path : picture
[DEBUG] 2020-02-17 10:36:10.395 [main] MetamodelGraphWalker - Visiting attribute path : roles
[DEBUG] 2020-02-17 10:36:10.396 [main] QuerySpacesImpl - Adding QuerySpace : uid = <gen:1> -> org.hibernate.loader.plan.build.internal.spaces.CollectionQuerySpaceImpl@5bcec67e]
[DEBUG] 2020-02-17 10:36:10.403 [main] QuerySpacesImpl - Adding QuerySpace : uid = <gen:2> -> org.hibernate.loader.plan.build.internal.spaces.EntityQuerySpaceImpl@764b14b8]
[DEBUG] 2020-02-17 10:36:10.406 [main] MetamodelGraphWalker - Visiting attribute path : roles.createdAt
[DEBUG] 2020-02-17 10:36:10.407 [main] MetamodelGraphWalker - Visiting attribute path : roles.name
[DEBUG] 2020-02-17 10:36:10.407 [main] MetamodelGraphWalker - Visiting attribute path : roles.updatedAt
[DEBUG] 2020-02-17 10:36:10.407 [main] MetamodelGraphWalker - Visiting attribute path : roles.user
[DEBUG] 2020-02-17 10:36:10.408 [main] MetamodelGraphWalker - Property path deemed to be circular : roles.user
[DEBUG] 2020-02-17 10:36:10.409 [main] MetamodelGraphWalker - Visiting attribute path : updateAt
[DEBUG] 2020-02-17 10:36:10.410 [main] MetamodelGraphWalker - Visiting attribute path : username
[DEBUG] 2020-02-17 10:36:10.410 [main] MetamodelGraphWalker - Visiting attribute path : _com_streammedia_entity_Role_user
[DEBUG] 2020-02-17 10:36:10.410 [main] QuerySpacesImpl - Adding QuerySpace : uid = <gen:3> -> org.hibernate.loader.plan.build.internal.spaces.CompositeQuerySpaceImpl@319642db]
[DEBUG] 2020-02-17 10:36:10.410 [main] MetamodelGraphWalker - Visiting attribute path : _com_streammedia_entity_Role_user.username
[DEBUG] 2020-02-17 10:36:10.411 [main] FetchStyleLoadPlanBuildingAssociationVisitationStrategy - Building LoadPlan...
[DEBUG] 2020-02-17 10:36:10.413 [main] LoadQueryJoinAndFetchProcessor - processing queryspace <gen:0>
[DEBUG] 2020-02-17 10:36:10.421 [main] LoadPlanTreePrinter - LoadPlan(entity=com.streammedia.entity.User)
    - Returns
       - EntityReturnImpl(entity=com.streammedia.entity.User, querySpaceUid=<gen:0>, path=com.streammedia.entity.User)
          - CollectionAttributeFetchImpl(collection=com.streammedia.entity.User.roles, querySpaceUid=<gen:1>, path=com.streammedia.entity.User.roles)
             - (collection element) CollectionFetchableElementEntityGraph(entity=com.streammedia.entity.Role, querySpaceUid=<gen:2>, path=com.streammedia.entity.User.roles.<elements>)
          - CompositeAttributeFetchImpl(composite=com.streammedia.entity.User, querySpaceUid=<gen:3>, path=com.streammedia.entity.User._com_streammedia_entity_Role_user)
    - QuerySpaces
       - EntityQuerySpaceImpl(uid=<gen:0>, entity=com.streammedia.entity.User)
          - SQL table alias mapping - user0_
          - alias suffix - 0_
          - suffixed key columns - {user_id1_1_0_}
          - JOIN (JoinDefinedByMetadata(roles)) : <gen:0> -> <gen:1>
             - CollectionQuerySpaceImpl(uid=<gen:1>, collection=com.streammedia.entity.User.roles)
                - SQL table alias mapping - roles1_
                - alias suffix - 1_
                - suffixed key columns - {username5_0_1_}
                - entity-element alias suffix - 2_
                - 2_entity-element suffixed key columns - role_id1_0_2_
                - JOIN (JoinDefinedByMetadata(elements)) : <gen:1> -> <gen:2>
                   - EntityQuerySpaceImpl(uid=<gen:2>, entity=com.streammedia.entity.Role)
                      - SQL table alias mapping - roles1_
                      - alias suffix - 2_
                      - suffixed key columns - {role_id1_0_2_}
          - JOIN (JoinDefinedByMetadata(_com_streammedia_entity_Role_user)) : <gen:0> -> <gen:3>
             - CompositeQuerySpaceImpl(uid=<gen:3>)
                - SQL table alias mapping - user0_

[DEBUG] 2020-02-17 10:36:10.424 [main] EntityLoader - Static select for entity com.streammedia.entity.User [NONE]: select user0_.user_id as user_id1_1_0_, user0_.biography as biograph2_1_0_, user0_.birthdate as birthdat3_1_0_, user0_.created_at as created_4_1_0_, user0_.email as email5_1_0_, user0_.first_name as first_na6_1_0_, user0_.gender as gender7_1_0_, user0_.last_name as last_nam8_1_0_, user0_.password as password9_1_0_, user0_.picture as picture10_1_0_, user0_.updated_at as updated11_1_0_, user0_.username as usernam12_1_0_, roles1_.username as username5_0_1_, roles1_.role_id as role_id1_0_1_, roles1_.role_id as role_id1_0_2_, roles1_.created_at as created_2_0_2_, roles1_.name as name3_0_2_, roles1_.updated_at as updated_4_0_2_, roles1_.username as username5_0_2_ from SM_Users user0_ left outer join Role roles1_ on user0_.username=roles1_.username where user0_.user_id=?
[DEBUG] 2020-02-17 10:36:10.424 [main] QuerySpacesImpl - Adding QuerySpace : uid = <gen:0> -> org.hibernate.loader.plan.build.internal.spaces.EntityQuerySpaceImpl@445821a6]
[DEBUG] 2020-02-17 10:36:10.425 [main] MetamodelGraphWalker - Visiting attribute path : biography
[DEBUG] 2020-02-17 10:36:10.425 [main] MetamodelGraphWalker - Visiting attribute path : birthdate
[DEBUG] 2020-02-17 10:36:10.425 [main] MetamodelGraphWalker - Visiting attribute path : createdAt
[DEBUG] 2020-02-17 10:36:10.425 [main] MetamodelGraphWalker - Visiting attribute path : email
[DEBUG] 2020-02-17 10:36:10.425 [main] MetamodelGraphWalker - Visiting attribute path : firstName
[DEBUG] 2020-02-17 10:36:10.425 [main] MetamodelGraphWalker - Visiting attribute path : gender
[DEBUG] 2020-02-17 10:36:10.425 [main] MetamodelGraphWalker - Visiting attribute path : lastName
[DEBUG] 2020-02-17 10:36:10.426 [main] MetamodelGraphWalker - Visiting attribute path : password
[DEBUG] 2020-02-17 10:36:10.426 [main] MetamodelGraphWalker - Visiting attribute path : picture
[DEBUG] 2020-02-17 10:36:10.426 [main] MetamodelGraphWalker - Visiting attribute path : roles
[DEBUG] 2020-02-17 10:36:10.426 [main] QuerySpacesImpl - Adding QuerySpace : uid = <gen:1> -> org.hibernate.loader.plan.build.internal.spaces.CollectionQuerySpaceImpl@35d26ad2]
[DEBUG] 2020-02-17 10:36:10.426 [main] QuerySpacesImpl - Adding QuerySpace : uid = <gen:2> -> org.hibernate.loader.plan.build.internal.spaces.EntityQuerySpaceImpl@bb25753]
[DEBUG] 2020-02-17 10:36:10.426 [main] MetamodelGraphWalker - Visiting attribute path : roles.createdAt
[DEBUG] 2020-02-17 10:36:10.427 [main] MetamodelGraphWalker - Visiting attribute path : roles.name
[DEBUG] 2020-02-17 10:36:10.427 [main] MetamodelGraphWalker - Visiting attribute path : roles.updatedAt
[DEBUG] 2020-02-17 10:36:10.428 [main] MetamodelGraphWalker - Visiting attribute path : roles.user
[DEBUG] 2020-02-17 10:36:10.428 [main] MetamodelGraphWalker - Property path deemed to be circular : roles.user
[DEBUG] 2020-02-17 10:36:10.428 [main] MetamodelGraphWalker - Visiting attribute path : updateAt
[DEBUG] 2020-02-17 10:36:10.428 [main] MetamodelGraphWalker - Visiting attribute path : username
[DEBUG] 2020-02-17 10:36:10.429 [main] MetamodelGraphWalker - Visiting attribute path : _com_streammedia_entity_Role_user
[DEBUG] 2020-02-17 10:36:10.429 [main] QuerySpacesImpl - Adding QuerySpace : uid = <gen:3> -> org.hibernate.loader.plan.build.internal.spaces.CompositeQuerySpaceImpl@66e21568]
[DEBUG] 2020-02-17 10:36:10.429 [main] MetamodelGraphWalker - Visiting attribute path : _com_streammedia_entity_Role_user.username
[DEBUG] 2020-02-17 10:36:10.429 [main] FetchStyleLoadPlanBuildingAssociationVisitationStrategy - Building LoadPlan...
[DEBUG] 2020-02-17 10:36:10.430 [main] LoadQueryJoinAndFetchProcessor - processing queryspace <gen:0>
[DEBUG] 2020-02-17 10:36:10.433 [main] LoadPlanTreePrinter - LoadPlan(entity=com.streammedia.entity.User)
    - Returns
       - EntityReturnImpl(entity=com.streammedia.entity.User, querySpaceUid=<gen:0>, path=com.streammedia.entity.User)
          - CollectionAttributeFetchImpl(collection=com.streammedia.entity.User.roles, querySpaceUid=<gen:1>, path=com.streammedia.entity.User.roles)
             - (collection element) CollectionFetchableElementEntityGraph(entity=com.streammedia.entity.Role, querySpaceUid=<gen:2>, path=com.streammedia.entity.User.roles.<elements>)
          - CompositeAttributeFetchImpl(composite=com.streammedia.entity.User, querySpaceUid=<gen:3>, path=com.streammedia.entity.User._com_streammedia_entity_Role_user)
    - QuerySpaces
       - EntityQuerySpaceImpl(uid=<gen:0>, entity=com.streammedia.entity.User)
          - SQL table alias mapping - user0_
          - alias suffix - 0_
          - suffixed key columns - {user_id1_1_0_}
          - JOIN (JoinDefinedByMetadata(roles)) : <gen:0> -> <gen:1>
             - CollectionQuerySpaceImpl(uid=<gen:1>, collection=com.streammedia.entity.User.roles)
                - SQL table alias mapping - roles1_
                - alias suffix - 1_
                - suffixed key columns - {username5_0_1_}
                - entity-element alias suffix - 2_
                - 2_entity-element suffixed key columns - role_id1_0_2_
                - JOIN (JoinDefinedByMetadata(elements)) : <gen:1> -> <gen:2>
                   - EntityQuerySpaceImpl(uid=<gen:2>, entity=com.streammedia.entity.Role)
                      - SQL table alias mapping - roles1_
                      - alias suffix - 2_
                      - suffixed key columns - {role_id1_0_2_}
          - JOIN (JoinDefinedByMetadata(_com_streammedia_entity_Role_user)) : <gen:0> -> <gen:3>
             - CompositeQuerySpaceImpl(uid=<gen:3>)
                - SQL table alias mapping - user0_

[DEBUG] 2020-02-17 10:36:10.433 [main] EntityLoader - Static select for entity com.streammedia.entity.User [READ]: select user0_.user_id as user_id1_1_0_, user0_.biography as biograph2_1_0_, user0_.birthdate as birthdat3_1_0_, user0_.created_at as created_4_1_0_, user0_.email as email5_1_0_, user0_.first_name as first_na6_1_0_, user0_.gender as gender7_1_0_, user0_.last_name as last_nam8_1_0_, user0_.password as password9_1_0_, user0_.picture as picture10_1_0_, user0_.updated_at as updated11_1_0_, user0_.username as usernam12_1_0_, roles1_.username as username5_0_1_, roles1_.role_id as role_id1_0_1_, roles1_.role_id as role_id1_0_2_, roles1_.created_at as created_2_0_2_, roles1_.name as name3_0_2_, roles1_.updated_at as updated_4_0_2_, roles1_.username as username5_0_2_ from SM_Users user0_ left outer join Role roles1_ on user0_.username=roles1_.username where user0_.user_id=?
[DEBUG] 2020-02-17 10:36:10.436 [main] Loader - Static select for action ACTION_MERGE on entity com.streammedia.entity.User: select user0_.user_id as user_id1_1_1_, user0_.biography as biograph2_1_1_, user0_.birthdate as birthdat3_1_1_, user0_.created_at as created_4_1_1_, user0_.email as email5_1_1_, user0_.first_name as first_na6_1_1_, user0_.gender as gender7_1_1_, user0_.last_name as last_nam8_1_1_, user0_.password as password9_1_1_, user0_.picture as picture10_1_1_, user0_.updated_at as updated11_1_1_, user0_.username as usernam12_1_1_, roles1_.username as username5_0_3_, roles1_.role_id as role_id1_0_3_, roles1_.role_id as role_id1_0_0_, roles1_.created_at as created_2_0_0_, roles1_.name as name3_0_0_, roles1_.updated_at as updated_4_0_0_, roles1_.username as username5_0_0_ from SM_Users user0_ left outer join Role roles1_ on user0_.username=roles1_.username where user0_.user_id=?
[DEBUG] 2020-02-17 10:36:10.438 [main] Loader - Static select for action ACTION_REFRESH on entity com.streammedia.entity.User: select user0_.user_id as user_id1_1_1_, user0_.biography as biograph2_1_1_, user0_.birthdate as birthdat3_1_1_, user0_.created_at as created_4_1_1_, user0_.email as email5_1_1_, user0_.first_name as first_na6_1_1_, user0_.gender as gender7_1_1_, user0_.last_name as last_nam8_1_1_, user0_.password as password9_1_1_, user0_.picture as picture10_1_1_, user0_.updated_at as updated11_1_1_, user0_.username as usernam12_1_1_, roles1_.username as username5_0_3_, roles1_.role_id as role_id1_0_3_, roles1_.role_id as role_id1_0_0_, roles1_.created_at as created_2_0_0_, roles1_.name as name3_0_0_, roles1_.updated_at as updated_4_0_0_, roles1_.username as username5_0_0_ from SM_Users user0_ left outer join Role roles1_ on user0_.username=roles1_.username where user0_.user_id=?
[DEBUG] 2020-02-17 10:36:10.447 [main] Loader - Static select for entity com.streammedia.entity.User [NONE]: select user0_.user_id as user_id1_1_1_, user0_.biography as biograph2_1_1_, user0_.birthdate as birthdat3_1_1_, user0_.created_at as created_4_1_1_, user0_.email as email5_1_1_, user0_.first_name as first_na6_1_1_, user0_.gender as gender7_1_1_, user0_.last_name as last_nam8_1_1_, user0_.password as password9_1_1_, user0_.picture as picture10_1_1_, user0_.updated_at as updated11_1_1_, user0_.username as usernam12_1_1_, roles1_.username as username5_0_3_, roles1_.role_id as role_id1_0_3_, roles1_.role_id as role_id1_0_0_, roles1_.created_at as created_2_0_0_, roles1_.name as name3_0_0_, roles1_.updated_at as updated_4_0_0_, roles1_.username as username5_0_0_ from SM_Users user0_ left outer join Role roles1_ on user0_.username=roles1_.username where user0_.username=?
[DEBUG] 2020-02-17 10:36:10.455 [main] QuerySpacesImpl - Adding QuerySpace : uid = <gen:0> -> org.hibernate.loader.plan.build.internal.spaces.CollectionQuerySpaceImpl@168ad26f]
[DEBUG] 2020-02-17 10:36:10.455 [main] QuerySpacesImpl - Adding QuerySpace : uid = <gen:1> -> org.hibernate.loader.plan.build.internal.spaces.EntityQuerySpaceImpl@4f93bf0a]
[DEBUG] 2020-02-17 10:36:10.455 [main] MetamodelGraphWalker - Visiting attribute path : createdAt
[DEBUG] 2020-02-17 10:36:10.456 [main] MetamodelGraphWalker - Visiting attribute path : name
[DEBUG] 2020-02-17 10:36:10.456 [main] MetamodelGraphWalker - Visiting attribute path : updatedAt
[DEBUG] 2020-02-17 10:36:10.456 [main] MetamodelGraphWalker - Visiting attribute path : user
[DEBUG] 2020-02-17 10:36:10.456 [main] MetamodelGraphWalker - Property path deemed to be circular : user
[DEBUG] 2020-02-17 10:36:10.457 [main] FetchStyleLoadPlanBuildingAssociationVisitationStrategy - Building LoadPlan...
[DEBUG] 2020-02-17 10:36:10.463 [main] LoadQueryJoinAndFetchProcessor - processing queryspace <gen:0>
[DEBUG] 2020-02-17 10:36:10.463 [main] LoadPlanTreePrinter - LoadPlan(collection=com.streammedia.entity.User.roles)
    - Returns
       - CollectionReturnImpl(collection=com.streammedia.entity.User.roles, querySpaceUid=<gen:0>, path=[com.streammedia.entity.User.roles])
          - (collection element) CollectionFetchableElementEntityGraph(entity=com.streammedia.entity.Role, querySpaceUid=<gen:1>, path=[com.streammedia.entity.User.roles].<elements>)
    - QuerySpaces
       - CollectionQuerySpaceImpl(uid=<gen:0>, collection=com.streammedia.entity.User.roles)
          - SQL table alias mapping - roles0_
          - alias suffix - 0_
          - suffixed key columns - {username5_0_0_}
          - entity-element alias suffix - 1_
          - 1_entity-element suffixed key columns - role_id1_0_1_
          - JOIN (JoinDefinedByMetadata(elements)) : <gen:0> -> <gen:1>
             - EntityQuerySpaceImpl(uid=<gen:1>, entity=com.streammedia.entity.Role)
                - SQL table alias mapping - roles0_
                - alias suffix - 1_
                - suffixed key columns - {role_id1_0_1_}

[DEBUG] 2020-02-17 10:36:10.464 [main] CollectionLoader - Static select for collection com.streammedia.entity.User.roles: select roles0_.username as username5_0_0_, roles0_.role_id as role_id1_0_0_, roles0_.role_id as role_id1_0_1_, roles0_.created_at as created_2_0_1_, roles0_.name as name3_0_1_, roles0_.updated_at as updated_4_0_1_, roles0_.username as username5_0_1_ from Role roles0_ where roles0_.username=?
[DEBUG] 2020-02-17 10:36:10.530 [main] SchemaManagementToolCoordinator - No actions specified; doing nothing
[DEBUG] 2020-02-17 10:36:10.530 [main] JtaPlatformInitiator - No JtaPlatform was specified, checking resolver
[DEBUG] 2020-02-17 10:36:10.532 [main] JtaPlatformResolverInitiator - No JtaPlatformResolver was specified, using default [org.hibernate.engine.transaction.jta.platform.internal.StandardJtaPlatformResolver]
[DEBUG] 2020-02-17 10:36:10.542 [main] StandardJtaPlatformResolver - Could not resolve JtaPlatform, using default [org.hibernate.engine.transaction.jta.platform.internal.NoJtaPlatform]
[INFO ] 2020-02-17 10:36:10.542 [main] JtaPlatformInitiator - HHH000490: Using JtaPlatform implementation: [org.hibernate.engine.transaction.jta.platform.internal.NoJtaPlatform]
[DEBUG] 2020-02-17 10:36:10.544 [main] NamedQueryRepository - Checking 0 named HQL queries
[DEBUG] 2020-02-17 10:36:10.544 [main] NamedQueryRepository - Checking 0 named SQL queries
[DEBUG] 2020-02-17 10:36:10.547 [main] SessionFactoryRegistry - Initializing SessionFactoryRegistry : org.hibernate.internal.SessionFactoryRegistry@87d9a01
[DEBUG] 2020-02-17 10:36:10.551 [main] SessionFactoryRegistry - Registering SessionFactory: 520fffdd-c801-420f-af82-6a2aae75d933 (<unnamed>)
[DEBUG] 2020-02-17 10:36:10.551 [main] SessionFactoryRegistry - Not binding SessionFactory to JNDI, no JNDI name configured
[DEBUG] 2020-02-17 10:36:10.867 [main] StatisticsInitiator - Statistics initialized [enabled=false]
[DEBUG] 2020-02-17 10:36:10.882 [main] TransactionImpl - On TransactionImpl creation, JpaCompliance#isJpaTransactionComplianceEnabled == false
[DEBUG] 2020-02-17 10:36:10.883 [main] TransactionImpl - begin
[DEBUG] 2020-02-17 10:36:10.926 [main] ActionQueue - Executing identity-insert immediately
[DEBUG] 2020-02-17 10:36:10.936 [main] SQL - insert into SM_Users (biography, birthdate, created_at, email, first_name, gender, last_name, password, picture, updated_at, username) values (?, ?, ?, ?, ?, ?, ?, ?, ?, ?, ?)
[DEBUG] 2020-02-17 10:36:11.011 [main] IdentifierGeneratorHelper - Natively generated identity: 29
[DEBUG] 2020-02-17 10:36:11.011 [main] ResourceRegistryStandardImpl - HHH000387: ResultSet's statement was not registered
[DEBUG] 2020-02-17 10:36:11.022 [main] TransactionImpl - committing
[DEBUG] 2020-02-17 10:36:11.027 [main] AbstractFlushingEventListener - Processing flush-time cascades
[DEBUG] 2020-02-17 10:36:11.028 [main] AbstractFlushingEventListener - Dirty checking collections
[DEBUG] 2020-02-17 10:36:11.037 [main] Collections - Collection found: [com.streammedia.entity.User.roles#29], was: [<unreferenced>] (initialized)
[DEBUG] 2020-02-17 10:36:11.041 [main] AbstractFlushingEventListener - Flushed: 0 insertions, 0 updates, 0 deletions to 1 objects
[DEBUG] 2020-02-17 10:36:11.041 [main] AbstractFlushingEventListener - Flushed: 1 (re)creations, 0 updates, 0 removals to 1 collections
[DEBUG] 2020-02-17 10:36:11.049 [main] EntityPrinter - Listing entities:
[DEBUG] 2020-02-17 10:36:11.051 [main] EntityPrinter - com.streammedia.entity.User{lastName=null, birthdate=null, gender=null, roles=[], updateAt=2020-02-17, biography=null, userId=29, picture=null, createdAt=2020-02-17, firstName=null, password=fflintstone, email=fflintstone@streammedia.com, username=fflintstone}
[DEBUG] 2020-02-17 10:36:11.061 [main] LogicalConnectionManagedImpl - Initiating JDBC connection release from afterTransaction
[DEBUG] 2020-02-17 10:36:11.064 [main] LogicalConnectionManagedImpl - Initiating JDBC connection release from afterTransaction
[DEBUG] 2020-02-17 10:36:11.085 [main] SQL - select user0_.user_id as user_id1_1_0_, user0_.biography as biograph2_1_0_, user0_.birthdate as birthdat3_1_0_, user0_.created_at as created_4_1_0_, user0_.email as email5_1_0_, user0_.first_name as first_na6_1_0_, user0_.gender as gender7_1_0_, user0_.last_name as last_nam8_1_0_, user0_.password as password9_1_0_, user0_.picture as picture10_1_0_, user0_.updated_at as updated11_1_0_, user0_.username as usernam12_1_0_, roles1_.username as username5_0_1_, roles1_.role_id as role_id1_0_1_, roles1_.role_id as role_id1_0_2_, roles1_.created_at as created_2_0_2_, roles1_.name as name3_0_2_, roles1_.updated_at as updated_4_0_2_, roles1_.username as username5_0_2_ from SM_Users user0_ left outer join Role roles1_ on user0_.username=roles1_.username where user0_.user_id=?
[DEBUG] 2020-02-17 10:36:11.098 [main] ResultSetProcessorImpl - Starting ResultSet row #0
[DEBUG] 2020-02-17 10:36:11.105 [main] EntityReferenceInitializerImpl - On call to EntityIdentifierReaderImpl#resolve, EntityKey was already known; should only happen on root returns with an optional identifier specified
[DEBUG] 2020-02-17 10:36:11.236 [main] CollectionReferenceInitializerImpl - Result set contains (possibly empty) collection: [com.streammedia.entity.User.roles#User(userId=29, username=fflintstone, email=null, password=null, firstName=null, lastName=null, birthdate=null, picture=null, gender=null, biography=null, createdAt=null, updateAt=null)]
[DEBUG] 2020-02-17 10:36:11.241 [main] TwoPhaseLoad - Resolving attributes for [com.streammedia.entity.User#29]
[DEBUG] 2020-02-17 10:36:11.242 [main] TwoPhaseLoad - Processing attribute `biography` : value = null
[DEBUG] 2020-02-17 10:36:11.242 [main] TwoPhaseLoad - Attribute (`biography`)  - enhanced for lazy-loading? - false
[DEBUG] 2020-02-17 10:36:11.245 [main] TwoPhaseLoad - Processing attribute `birthdate` : value = null
[DEBUG] 2020-02-17 10:36:11.249 [main] TwoPhaseLoad - Attribute (`birthdate`)  - enhanced for lazy-loading? - false
[DEBUG] 2020-02-17 10:36:11.249 [main] TwoPhaseLoad - Processing attribute `createdAt` : value = 2020-02-17
[DEBUG] 2020-02-17 10:36:11.249 [main] TwoPhaseLoad - Attribute (`createdAt`)  - enhanced for lazy-loading? - false
[DEBUG] 2020-02-17 10:36:11.249 [main] TwoPhaseLoad - Processing attribute `email` : value = fflintstone@streammedia.com
[DEBUG] 2020-02-17 10:36:11.250 [main] TwoPhaseLoad - Attribute (`email`)  - enhanced for lazy-loading? - false
[DEBUG] 2020-02-17 10:36:11.250 [main] TwoPhaseLoad - Processing attribute `firstName` : value = null
[DEBUG] 2020-02-17 10:36:11.250 [main] TwoPhaseLoad - Attribute (`firstName`)  - enhanced for lazy-loading? - false
[DEBUG] 2020-02-17 10:36:11.250 [main] TwoPhaseLoad - Processing attribute `gender` : value = null
[DEBUG] 2020-02-17 10:36:11.250 [main] TwoPhaseLoad - Attribute (`gender`)  - enhanced for lazy-loading? - false
[DEBUG] 2020-02-17 10:36:11.250 [main] TwoPhaseLoad - Processing attribute `lastName` : value = null
[DEBUG] 2020-02-17 10:36:11.250 [main] TwoPhaseLoad - Attribute (`lastName`)  - enhanced for lazy-loading? - false
[DEBUG] 2020-02-17 10:36:11.250 [main] TwoPhaseLoad - Processing attribute `password` : value = fflintstone
[DEBUG] 2020-02-17 10:36:11.250 [main] TwoPhaseLoad - Attribute (`password`)  - enhanced for lazy-loading? - false
[DEBUG] 2020-02-17 10:36:11.250 [main] TwoPhaseLoad - Processing attribute `picture` : value = null
[DEBUG] 2020-02-17 10:36:11.250 [main] TwoPhaseLoad - Attribute (`picture`)  - enhanced for lazy-loading? - false
[DEBUG] 2020-02-17 10:36:11.250 [main] TwoPhaseLoad - Processing attribute `roles` : value = NOT NULL COLLECTION
[DEBUG] 2020-02-17 10:36:11.250 [main] TwoPhaseLoad - Attribute (`roles`)  - enhanced for lazy-loading? - false
[DEBUG] 2020-02-17 10:36:11.250 [main] TwoPhaseLoad - Processing attribute `updateAt` : value = 2020-02-17
[DEBUG] 2020-02-17 10:36:11.251 [main] TwoPhaseLoad - Attribute (`updateAt`)  - enhanced for lazy-loading? - false
[DEBUG] 2020-02-17 10:36:11.251 [main] TwoPhaseLoad - Processing attribute `username` : value = fflintstone
[DEBUG] 2020-02-17 10:36:11.251 [main] TwoPhaseLoad - Attribute (`username`)  - enhanced for lazy-loading? - false
[DEBUG] 2020-02-17 10:36:11.251 [main] TwoPhaseLoad - Processing attribute `_com_streammedia_entity_Role_user` : value = [Ljava.lang.Object;@7c453c34
[DEBUG] 2020-02-17 10:36:11.251 [main] TwoPhaseLoad - Attribute (`_com_streammedia_entity_Role_user`)  - enhanced for lazy-loading? - false
[DEBUG] 2020-02-17 10:36:11.251 [main] TwoPhaseLoad - Done materializing entity [com.streammedia.entity.User#29]
[DEBUG] 2020-02-17 10:36:11.251 [main] CollectionLoadContext - 1 collections were found in result set for role: com.streammedia.entity.User.roles
[DEBUG] 2020-02-17 10:36:11.255 [main] CollectionLoadContext - Collection fully initialized: [com.streammedia.entity.User.roles#29]
[DEBUG] 2020-02-17 10:36:11.255 [main] CollectionLoadContext - 1 collections initialized for role: com.streammedia.entity.User.roles
[DEBUG] 2020-02-17 10:36:11.255 [main] ResourceRegistryStandardImpl - HHH000387: ResultSet's statement was not registered
[DEBUG] 2020-02-17 10:36:11.256 [main] AbstractLoadPlanBasedEntityLoader - Done entity load : com.streammedia.entity.User#29
[DEBUG] 2020-02-17 10:36:11.256 [main] LogicalConnectionManagedImpl - Initiating JDBC connection release from afterTransaction
