[DEBUG] 2020-02-15 17:06:56.909 [http-nio-8080-exec-6] IntegratorServiceImpl - Adding Integrator [org.hibernate.cfg.beanvalidation.BeanValidationIntegrator].
[DEBUG] 2020-02-15 17:06:56.915 [http-nio-8080-exec-6] IntegratorServiceImpl - Adding Integrator [org.hibernate.secure.spi.JaccIntegrator].
[DEBUG] 2020-02-15 17:06:56.920 [http-nio-8080-exec-6] IntegratorServiceImpl - Adding Integrator [org.hibernate.cache.internal.CollectionCacheInvalidator].
[INFO ] 2020-02-15 17:06:57.110 [http-nio-8080-exec-6] Version - HHH000412: Hibernate Core {5.4.4.Final}
[DEBUG] 2020-02-15 17:06:57.123 [http-nio-8080-exec-6] Environment - HHH000206: hibernate.properties not found
[DEBUG] 2020-02-15 17:06:57.485 [http-nio-8080-exec-6] LocalXmlResourceResolver - Interpreting public/system identifier : [-//Hibernate/Hibernate Configuration DTD//EN] - [http://www.hibernate.org/dtd/hibernate-configuration-3.0.dtd]
[DEBUG] 2020-02-15 17:06:57.486 [http-nio-8080-exec-6] LocalXmlResourceResolver - Recognized hibernate-configuration identifier; attempting to resolve on classpath under org/hibernate/
[DEBUG] 2020-02-15 17:06:57.527 [http-nio-8080-exec-6] JaxbCfgProcessor - cfg.xml document did not define namespaces; wrapping in custom event reader to introduce namespace information
[DEBUG] 2020-02-15 17:06:57.990 [http-nio-8080-exec-6] ServiceBinding - Overriding existing service binding [org.hibernate.secure.spi.JaccService]
[DEBUG] 2020-02-15 17:06:58.014 [http-nio-8080-exec-6] RegionFactoryInitiator - Cannot default RegionFactory based on registered strategies as `[]` RegionFactory strategies were registered
[DEBUG] 2020-02-15 17:06:58.015 [http-nio-8080-exec-6] RegionFactoryInitiator - Cache region factory : org.hibernate.cache.internal.NoCachingRegionFactory
[INFO ] 2020-02-15 17:06:58.040 [http-nio-8080-exec-6] Version - HCANN000001: Hibernate Commons Annotations {5.1.0.Final}
[DEBUG] 2020-02-15 17:06:58.088 [http-nio-8080-exec-6] BasicTypeRegistry - Adding type registration boolean -> org.hibernate.type.BooleanType@41d989e
[DEBUG] 2020-02-15 17:06:58.088 [http-nio-8080-exec-6] BasicTypeRegistry - Adding type registration boolean -> org.hibernate.type.BooleanType@41d989e
[DEBUG] 2020-02-15 17:06:58.088 [http-nio-8080-exec-6] BasicTypeRegistry - Adding type registration java.lang.Boolean -> org.hibernate.type.BooleanType@41d989e
[DEBUG] 2020-02-15 17:06:58.089 [http-nio-8080-exec-6] BasicTypeRegistry - Adding type registration numeric_boolean -> org.hibernate.type.NumericBooleanType@797ec347
[DEBUG] 2020-02-15 17:06:58.089 [http-nio-8080-exec-6] BasicTypeRegistry - Adding type registration true_false -> org.hibernate.type.TrueFalseType@78c11ae9
[DEBUG] 2020-02-15 17:06:58.090 [http-nio-8080-exec-6] BasicTypeRegistry - Adding type registration yes_no -> org.hibernate.type.YesNoType@bd4d51c
[DEBUG] 2020-02-15 17:06:58.093 [http-nio-8080-exec-6] BasicTypeRegistry - Adding type registration byte -> org.hibernate.type.ByteType@514bdd08
[DEBUG] 2020-02-15 17:06:58.094 [http-nio-8080-exec-6] BasicTypeRegistry - Adding type registration byte -> org.hibernate.type.ByteType@514bdd08
[DEBUG] 2020-02-15 17:06:58.094 [http-nio-8080-exec-6] BasicTypeRegistry - Adding type registration java.lang.Byte -> org.hibernate.type.ByteType@514bdd08
[DEBUG] 2020-02-15 17:06:58.095 [http-nio-8080-exec-6] BasicTypeRegistry - Adding type registration character -> org.hibernate.type.CharacterType@4591051
[DEBUG] 2020-02-15 17:06:58.096 [http-nio-8080-exec-6] BasicTypeRegistry - Adding type registration char -> org.hibernate.type.CharacterType@4591051
[DEBUG] 2020-02-15 17:06:58.096 [http-nio-8080-exec-6] BasicTypeRegistry - Adding type registration java.lang.Character -> org.hibernate.type.CharacterType@4591051
[DEBUG] 2020-02-15 17:06:58.097 [http-nio-8080-exec-6] BasicTypeRegistry - Adding type registration short -> org.hibernate.type.ShortType@72a34d12
[DEBUG] 2020-02-15 17:06:58.097 [http-nio-8080-exec-6] BasicTypeRegistry - Adding type registration short -> org.hibernate.type.ShortType@72a34d12
[DEBUG] 2020-02-15 17:06:58.097 [http-nio-8080-exec-6] BasicTypeRegistry - Adding type registration java.lang.Short -> org.hibernate.type.ShortType@72a34d12
[DEBUG] 2020-02-15 17:06:58.098 [http-nio-8080-exec-6] BasicTypeRegistry - Adding type registration integer -> org.hibernate.type.IntegerType@55712849
[DEBUG] 2020-02-15 17:06:58.098 [http-nio-8080-exec-6] BasicTypeRegistry - Adding type registration int -> org.hibernate.type.IntegerType@55712849
[DEBUG] 2020-02-15 17:06:58.098 [http-nio-8080-exec-6] BasicTypeRegistry - Adding type registration java.lang.Integer -> org.hibernate.type.IntegerType@55712849
[DEBUG] 2020-02-15 17:06:58.099 [http-nio-8080-exec-6] BasicTypeRegistry - Adding type registration long -> org.hibernate.type.LongType@67876a50
[DEBUG] 2020-02-15 17:06:58.099 [http-nio-8080-exec-6] BasicTypeRegistry - Adding type registration long -> org.hibernate.type.LongType@67876a50
[DEBUG] 2020-02-15 17:06:58.099 [http-nio-8080-exec-6] BasicTypeRegistry - Adding type registration java.lang.Long -> org.hibernate.type.LongType@67876a50
[DEBUG] 2020-02-15 17:06:58.100 [http-nio-8080-exec-6] BasicTypeRegistry - Adding type registration float -> org.hibernate.type.FloatType@519d308f
[DEBUG] 2020-02-15 17:06:58.100 [http-nio-8080-exec-6] BasicTypeRegistry - Adding type registration float -> org.hibernate.type.FloatType@519d308f
[DEBUG] 2020-02-15 17:06:58.100 [http-nio-8080-exec-6] BasicTypeRegistry - Adding type registration java.lang.Float -> org.hibernate.type.FloatType@519d308f
[DEBUG] 2020-02-15 17:06:58.101 [http-nio-8080-exec-6] BasicTypeRegistry - Adding type registration double -> org.hibernate.type.DoubleType@2e1cc072
[DEBUG] 2020-02-15 17:06:58.101 [http-nio-8080-exec-6] BasicTypeRegistry - Adding type registration double -> org.hibernate.type.DoubleType@2e1cc072
[DEBUG] 2020-02-15 17:06:58.107 [http-nio-8080-exec-6] BasicTypeRegistry - Adding type registration java.lang.Double -> org.hibernate.type.DoubleType@2e1cc072
[DEBUG] 2020-02-15 17:06:58.108 [http-nio-8080-exec-6] BasicTypeRegistry - Adding type registration big_decimal -> org.hibernate.type.BigDecimalType@40e82f8e
[DEBUG] 2020-02-15 17:06:58.108 [http-nio-8080-exec-6] BasicTypeRegistry - Adding type registration java.math.BigDecimal -> org.hibernate.type.BigDecimalType@40e82f8e
[DEBUG] 2020-02-15 17:06:58.108 [http-nio-8080-exec-6] BasicTypeRegistry - Adding type registration big_integer -> org.hibernate.type.BigIntegerType@4e0541bb
[DEBUG] 2020-02-15 17:06:58.108 [http-nio-8080-exec-6] BasicTypeRegistry - Adding type registration java.math.BigInteger -> org.hibernate.type.BigIntegerType@4e0541bb
[DEBUG] 2020-02-15 17:06:58.109 [http-nio-8080-exec-6] BasicTypeRegistry - Adding type registration string -> org.hibernate.type.StringType@58aec74b
[DEBUG] 2020-02-15 17:06:58.109 [http-nio-8080-exec-6] BasicTypeRegistry - Adding type registration java.lang.String -> org.hibernate.type.StringType@58aec74b
[DEBUG] 2020-02-15 17:06:58.110 [http-nio-8080-exec-6] BasicTypeRegistry - Adding type registration nstring -> org.hibernate.type.StringNVarcharType@45f31fa9
[DEBUG] 2020-02-15 17:06:58.110 [http-nio-8080-exec-6] BasicTypeRegistry - Adding type registration ncharacter -> org.hibernate.type.CharacterNCharType@63bc1cc0
[DEBUG] 2020-02-15 17:06:58.112 [http-nio-8080-exec-6] BasicTypeRegistry - Adding type registration url -> org.hibernate.type.UrlType@1f9315ab
[DEBUG] 2020-02-15 17:06:58.112 [http-nio-8080-exec-6] BasicTypeRegistry - Adding type registration java.net.URL -> org.hibernate.type.UrlType@1f9315ab
[DEBUG] 2020-02-15 17:06:58.114 [http-nio-8080-exec-6] BasicTypeRegistry - Adding type registration Duration -> org.hibernate.type.DurationType@3f3de7e
[DEBUG] 2020-02-15 17:06:58.115 [http-nio-8080-exec-6] BasicTypeRegistry - Adding type registration java.time.Duration -> org.hibernate.type.DurationType@3f3de7e
[DEBUG] 2020-02-15 17:06:58.120 [http-nio-8080-exec-6] BasicTypeRegistry - Adding type registration Instant -> org.hibernate.type.InstantType@7afbe927
[DEBUG] 2020-02-15 17:06:58.120 [http-nio-8080-exec-6] BasicTypeRegistry - Adding type registration java.time.Instant -> org.hibernate.type.InstantType@7afbe927
[DEBUG] 2020-02-15 17:06:58.121 [http-nio-8080-exec-6] BasicTypeRegistry - Adding type registration LocalDateTime -> org.hibernate.type.LocalDateTimeType@66c75e5a
[DEBUG] 2020-02-15 17:06:58.121 [http-nio-8080-exec-6] BasicTypeRegistry - Adding type registration java.time.LocalDateTime -> org.hibernate.type.LocalDateTimeType@66c75e5a
[DEBUG] 2020-02-15 17:06:58.122 [http-nio-8080-exec-6] BasicTypeRegistry - Adding type registration LocalDate -> org.hibernate.type.LocalDateType@3d451e4d
[DEBUG] 2020-02-15 17:06:58.122 [http-nio-8080-exec-6] BasicTypeRegistry - Adding type registration java.time.LocalDate -> org.hibernate.type.LocalDateType@3d451e4d
[DEBUG] 2020-02-15 17:06:58.123 [http-nio-8080-exec-6] BasicTypeRegistry - Adding type registration LocalTime -> org.hibernate.type.LocalTimeType@3a39574
[DEBUG] 2020-02-15 17:06:58.123 [http-nio-8080-exec-6] BasicTypeRegistry - Adding type registration java.time.LocalTime -> org.hibernate.type.LocalTimeType@3a39574
[DEBUG] 2020-02-15 17:06:58.124 [http-nio-8080-exec-6] BasicTypeRegistry - Adding type registration OffsetDateTime -> org.hibernate.type.OffsetDateTimeType@3f9fbbc8
[DEBUG] 2020-02-15 17:06:58.124 [http-nio-8080-exec-6] BasicTypeRegistry - Adding type registration java.time.OffsetDateTime -> org.hibernate.type.OffsetDateTimeType@3f9fbbc8
[DEBUG] 2020-02-15 17:06:58.125 [http-nio-8080-exec-6] BasicTypeRegistry - Adding type registration OffsetTime -> org.hibernate.type.OffsetTimeType@2b5364d0
[DEBUG] 2020-02-15 17:06:58.125 [http-nio-8080-exec-6] BasicTypeRegistry - Adding type registration java.time.OffsetTime -> org.hibernate.type.OffsetTimeType@2b5364d0
[DEBUG] 2020-02-15 17:06:58.126 [http-nio-8080-exec-6] BasicTypeRegistry - Adding type registration ZonedDateTime -> org.hibernate.type.ZonedDateTimeType@4befd72f
[DEBUG] 2020-02-15 17:06:58.126 [http-nio-8080-exec-6] BasicTypeRegistry - Adding type registration java.time.ZonedDateTime -> org.hibernate.type.ZonedDateTimeType@4befd72f
[DEBUG] 2020-02-15 17:06:58.128 [http-nio-8080-exec-6] BasicTypeRegistry - Adding type registration date -> org.hibernate.type.DateType@2ce58d5d
[DEBUG] 2020-02-15 17:06:58.128 [http-nio-8080-exec-6] BasicTypeRegistry - Adding type registration java.sql.Date -> org.hibernate.type.DateType@2ce58d5d
[DEBUG] 2020-02-15 17:06:58.129 [http-nio-8080-exec-6] BasicTypeRegistry - Adding type registration time -> org.hibernate.type.TimeType@4ac8675
[DEBUG] 2020-02-15 17:06:58.129 [http-nio-8080-exec-6] BasicTypeRegistry - Adding type registration java.sql.Time -> org.hibernate.type.TimeType@4ac8675
[DEBUG] 2020-02-15 17:06:58.129 [http-nio-8080-exec-6] BasicTypeRegistry - Adding type registration timestamp -> org.hibernate.type.TimestampType@1bec1180
[DEBUG] 2020-02-15 17:06:58.129 [http-nio-8080-exec-6] BasicTypeRegistry - Adding type registration java.sql.Timestamp -> org.hibernate.type.TimestampType@1bec1180
[DEBUG] 2020-02-15 17:06:58.130 [http-nio-8080-exec-6] BasicTypeRegistry - Adding type registration java.util.Date -> org.hibernate.type.TimestampType@1bec1180
[DEBUG] 2020-02-15 17:06:58.131 [http-nio-8080-exec-6] BasicTypeRegistry - Adding type registration dbtimestamp -> org.hibernate.type.DbTimestampType@77ebb6ea
[DEBUG] 2020-02-15 17:06:58.133 [http-nio-8080-exec-6] BasicTypeRegistry - Adding type registration calendar -> org.hibernate.type.CalendarType@66bab8bd
[DEBUG] 2020-02-15 17:06:58.133 [http-nio-8080-exec-6] BasicTypeRegistry - Adding type registration java.util.Calendar -> org.hibernate.type.CalendarType@66bab8bd
[DEBUG] 2020-02-15 17:06:58.133 [http-nio-8080-exec-6] BasicTypeRegistry - Adding type registration java.util.GregorianCalendar -> org.hibernate.type.CalendarType@66bab8bd
[DEBUG] 2020-02-15 17:06:58.134 [http-nio-8080-exec-6] BasicTypeRegistry - Adding type registration calendar_date -> org.hibernate.type.CalendarDateType@75171fa1
[DEBUG] 2020-02-15 17:06:58.136 [http-nio-8080-exec-6] BasicTypeRegistry - Adding type registration locale -> org.hibernate.type.LocaleType@b59f719
[DEBUG] 2020-02-15 17:06:58.136 [http-nio-8080-exec-6] BasicTypeRegistry - Adding type registration java.util.Locale -> org.hibernate.type.LocaleType@b59f719
[DEBUG] 2020-02-15 17:06:58.137 [http-nio-8080-exec-6] BasicTypeRegistry - Adding type registration currency -> org.hibernate.type.CurrencyType@39c9c1e1
[DEBUG] 2020-02-15 17:06:58.137 [http-nio-8080-exec-6] BasicTypeRegistry - Adding type registration java.util.Currency -> org.hibernate.type.CurrencyType@39c9c1e1
[DEBUG] 2020-02-15 17:06:58.138 [http-nio-8080-exec-6] BasicTypeRegistry - Adding type registration timezone -> org.hibernate.type.TimeZoneType@4849709d
[DEBUG] 2020-02-15 17:06:58.138 [http-nio-8080-exec-6] BasicTypeRegistry - Adding type registration java.util.TimeZone -> org.hibernate.type.TimeZoneType@4849709d
[DEBUG] 2020-02-15 17:06:58.139 [http-nio-8080-exec-6] BasicTypeRegistry - Adding type registration class -> org.hibernate.type.ClassType@5a82cfc5
[DEBUG] 2020-02-15 17:06:58.139 [http-nio-8080-exec-6] BasicTypeRegistry - Adding type registration java.lang.Class -> org.hibernate.type.ClassType@5a82cfc5
[DEBUG] 2020-02-15 17:06:58.141 [http-nio-8080-exec-6] BasicTypeRegistry - Adding type registration uuid-binary -> org.hibernate.type.UUIDBinaryType@1d0b8181
[DEBUG] 2020-02-15 17:06:58.141 [http-nio-8080-exec-6] BasicTypeRegistry - Adding type registration java.util.UUID -> org.hibernate.type.UUIDBinaryType@1d0b8181
[DEBUG] 2020-02-15 17:06:58.141 [http-nio-8080-exec-6] BasicTypeRegistry - Adding type registration uuid-char -> org.hibernate.type.UUIDCharType@7a7a0f53
[DEBUG] 2020-02-15 17:06:58.142 [http-nio-8080-exec-6] BasicTypeRegistry - Adding type registration binary -> org.hibernate.type.BinaryType@1af4b861
[DEBUG] 2020-02-15 17:06:58.142 [http-nio-8080-exec-6] BasicTypeRegistry - Adding type registration byte[] -> org.hibernate.type.BinaryType@1af4b861
[DEBUG] 2020-02-15 17:06:58.142 [http-nio-8080-exec-6] BasicTypeRegistry - Adding type registration [B -> org.hibernate.type.BinaryType@1af4b861
[DEBUG] 2020-02-15 17:06:58.143 [http-nio-8080-exec-6] BasicTypeRegistry - Adding type registration wrapper-binary -> org.hibernate.type.WrapperBinaryType@4bd106a
[DEBUG] 2020-02-15 17:06:58.143 [http-nio-8080-exec-6] BasicTypeRegistry - Adding type registration Byte[] -> org.hibernate.type.WrapperBinaryType@4bd106a
[DEBUG] 2020-02-15 17:06:58.143 [http-nio-8080-exec-6] BasicTypeRegistry - Adding type registration [Ljava.lang.Byte; -> org.hibernate.type.WrapperBinaryType@4bd106a
[DEBUG] 2020-02-15 17:06:58.144 [http-nio-8080-exec-6] BasicTypeRegistry - Adding type registration row_version -> org.hibernate.type.RowVersionType@72089490
[DEBUG] 2020-02-15 17:06:58.145 [http-nio-8080-exec-6] BasicTypeRegistry - Adding type registration image -> org.hibernate.type.ImageType@92c7433
[DEBUG] 2020-02-15 17:06:58.146 [http-nio-8080-exec-6] BasicTypeRegistry - Adding type registration characters -> org.hibernate.type.CharArrayType@42c93684
[DEBUG] 2020-02-15 17:06:58.147 [http-nio-8080-exec-6] BasicTypeRegistry - Adding type registration char[] -> org.hibernate.type.CharArrayType@42c93684
[DEBUG] 2020-02-15 17:06:58.147 [http-nio-8080-exec-6] BasicTypeRegistry - Adding type registration [C -> org.hibernate.type.CharArrayType@42c93684
[DEBUG] 2020-02-15 17:06:58.148 [http-nio-8080-exec-6] BasicTypeRegistry - Adding type registration wrapper-characters -> org.hibernate.type.CharacterArrayType@59d86c96
[DEBUG] 2020-02-15 17:06:58.148 [http-nio-8080-exec-6] BasicTypeRegistry - Adding type registration [Ljava.lang.Character; -> org.hibernate.type.CharacterArrayType@59d86c96
[DEBUG] 2020-02-15 17:06:58.149 [http-nio-8080-exec-6] BasicTypeRegistry - Adding type registration Character[] -> org.hibernate.type.CharacterArrayType@59d86c96
[DEBUG] 2020-02-15 17:06:58.150 [http-nio-8080-exec-6] BasicTypeRegistry - Adding type registration text -> org.hibernate.type.TextType@21dd3e26
[DEBUG] 2020-02-15 17:06:58.150 [http-nio-8080-exec-6] BasicTypeRegistry - Adding type registration ntext -> org.hibernate.type.NTextType@7ec72c29
[DEBUG] 2020-02-15 17:06:58.153 [http-nio-8080-exec-6] BasicTypeRegistry - Adding type registration blob -> org.hibernate.type.BlobType@665641a7
[DEBUG] 2020-02-15 17:06:58.154 [http-nio-8080-exec-6] BasicTypeRegistry - Adding type registration java.sql.Blob -> org.hibernate.type.BlobType@665641a7
[DEBUG] 2020-02-15 17:06:58.155 [http-nio-8080-exec-6] BasicTypeRegistry - Adding type registration materialized_blob -> org.hibernate.type.MaterializedBlobType@68aceb5f
[DEBUG] 2020-02-15 17:06:58.157 [http-nio-8080-exec-6] BasicTypeRegistry - Adding type registration clob -> org.hibernate.type.ClobType@359ee689
[DEBUG] 2020-02-15 17:06:58.157 [http-nio-8080-exec-6] BasicTypeRegistry - Adding type registration java.sql.Clob -> org.hibernate.type.ClobType@359ee689
[DEBUG] 2020-02-15 17:06:58.158 [http-nio-8080-exec-6] BasicTypeRegistry - Adding type registration nclob -> org.hibernate.type.NClobType@269fbc81
[DEBUG] 2020-02-15 17:06:58.158 [http-nio-8080-exec-6] BasicTypeRegistry - Adding type registration java.sql.NClob -> org.hibernate.type.NClobType@269fbc81
[DEBUG] 2020-02-15 17:06:58.159 [http-nio-8080-exec-6] BasicTypeRegistry - Adding type registration materialized_clob -> org.hibernate.type.MaterializedClobType@4bf0639f
[DEBUG] 2020-02-15 17:06:58.159 [http-nio-8080-exec-6] BasicTypeRegistry - Adding type registration materialized_nclob -> org.hibernate.type.MaterializedNClobType@38f3155e
[DEBUG] 2020-02-15 17:06:58.161 [http-nio-8080-exec-6] BasicTypeRegistry - Adding type registration serializable -> org.hibernate.type.SerializableType@60471fa7
[DEBUG] 2020-02-15 17:06:58.164 [http-nio-8080-exec-6] BasicTypeRegistry - Adding type registration object -> org.hibernate.type.ObjectType@2e83ae63
[DEBUG] 2020-02-15 17:06:58.164 [http-nio-8080-exec-6] BasicTypeRegistry - Adding type registration java.lang.Object -> org.hibernate.type.ObjectType@2e83ae63
[DEBUG] 2020-02-15 17:06:58.164 [http-nio-8080-exec-6] BasicTypeRegistry - Adding type registration imm_date -> org.hibernate.type.AdaptedImmutableType@39230977
[DEBUG] 2020-02-15 17:06:58.165 [http-nio-8080-exec-6] BasicTypeRegistry - Adding type registration imm_time -> org.hibernate.type.AdaptedImmutableType@b7090d5
[DEBUG] 2020-02-15 17:06:58.165 [http-nio-8080-exec-6] BasicTypeRegistry - Adding type registration imm_timestamp -> org.hibernate.type.AdaptedImmutableType@7ce17126
[DEBUG] 2020-02-15 17:06:58.165 [http-nio-8080-exec-6] BasicTypeRegistry - Adding type registration imm_dbtimestamp -> org.hibernate.type.AdaptedImmutableType@74fed77a
[DEBUG] 2020-02-15 17:06:58.165 [http-nio-8080-exec-6] BasicTypeRegistry - Adding type registration imm_calendar -> org.hibernate.type.AdaptedImmutableType@55b70023
[DEBUG] 2020-02-15 17:06:58.165 [http-nio-8080-exec-6] BasicTypeRegistry - Adding type registration imm_calendar_date -> org.hibernate.type.AdaptedImmutableType@5acec478
[DEBUG] 2020-02-15 17:06:58.165 [http-nio-8080-exec-6] BasicTypeRegistry - Adding type registration imm_binary -> org.hibernate.type.AdaptedImmutableType@2d51f646
[DEBUG] 2020-02-15 17:06:58.165 [http-nio-8080-exec-6] BasicTypeRegistry - Adding type registration imm_serializable -> org.hibernate.type.AdaptedImmutableType@2f96b191
[DEBUG] 2020-02-15 17:06:58.199 [http-nio-8080-exec-6] DefaultIdentifierGeneratorFactory - Registering IdentifierGenerator strategy [uuid2] -> [org.hibernate.id.UUIDGenerator]
[DEBUG] 2020-02-15 17:06:58.200 [http-nio-8080-exec-6] DefaultIdentifierGeneratorFactory - Registering IdentifierGenerator strategy [guid] -> [org.hibernate.id.GUIDGenerator]
[DEBUG] 2020-02-15 17:06:58.201 [http-nio-8080-exec-6] DefaultIdentifierGeneratorFactory - Registering IdentifierGenerator strategy [uuid] -> [org.hibernate.id.UUIDHexGenerator]
[DEBUG] 2020-02-15 17:06:58.201 [http-nio-8080-exec-6] DefaultIdentifierGeneratorFactory - Registering IdentifierGenerator strategy [uuid.hex] -> [org.hibernate.id.UUIDHexGenerator]
[DEBUG] 2020-02-15 17:06:58.201 [http-nio-8080-exec-6] DefaultIdentifierGeneratorFactory - Registering IdentifierGenerator strategy [assigned] -> [org.hibernate.id.Assigned]
[DEBUG] 2020-02-15 17:06:58.202 [http-nio-8080-exec-6] DefaultIdentifierGeneratorFactory - Registering IdentifierGenerator strategy [identity] -> [org.hibernate.id.IdentityGenerator]
[DEBUG] 2020-02-15 17:06:58.203 [http-nio-8080-exec-6] DefaultIdentifierGeneratorFactory - Registering IdentifierGenerator strategy [select] -> [org.hibernate.id.SelectGenerator]
[DEBUG] 2020-02-15 17:06:58.204 [http-nio-8080-exec-6] DefaultIdentifierGeneratorFactory - Registering IdentifierGenerator strategy [sequence] -> [org.hibernate.id.enhanced.SequenceStyleGenerator]
[DEBUG] 2020-02-15 17:06:58.204 [http-nio-8080-exec-6] DefaultIdentifierGeneratorFactory - Registering IdentifierGenerator strategy [seqhilo] -> [org.hibernate.id.SequenceHiLoGenerator]
[DEBUG] 2020-02-15 17:06:58.205 [http-nio-8080-exec-6] DefaultIdentifierGeneratorFactory - Registering IdentifierGenerator strategy [increment] -> [org.hibernate.id.IncrementGenerator]
[DEBUG] 2020-02-15 17:06:58.205 [http-nio-8080-exec-6] DefaultIdentifierGeneratorFactory - Registering IdentifierGenerator strategy [foreign] -> [org.hibernate.id.ForeignGenerator]
[DEBUG] 2020-02-15 17:06:58.205 [http-nio-8080-exec-6] DefaultIdentifierGeneratorFactory - Registering IdentifierGenerator strategy [sequence-identity] -> [org.hibernate.id.SequenceIdentityGenerator]
[DEBUG] 2020-02-15 17:06:58.205 [http-nio-8080-exec-6] DefaultIdentifierGeneratorFactory - Registering IdentifierGenerator strategy [enhanced-sequence] -> [org.hibernate.id.enhanced.SequenceStyleGenerator]
[DEBUG] 2020-02-15 17:06:58.206 [http-nio-8080-exec-6] DefaultIdentifierGeneratorFactory - Registering IdentifierGenerator strategy [enhanced-table] -> [org.hibernate.id.enhanced.TableGenerator]
[INFO ] 2020-02-15 17:06:58.213 [http-nio-8080-exec-6] C3P0ConnectionProvider - HHH010002: C3P0 using driver: com.mysql.cj.jdbc.Driver at URL: jdbc:mysql://localhost:3306/streamMedia
[INFO ] 2020-02-15 17:06:58.213 [http-nio-8080-exec-6] C3P0ConnectionProvider - HHH10001001: Connection properties: {password=****, user=root}
[INFO ] 2020-02-15 17:06:58.214 [http-nio-8080-exec-6] C3P0ConnectionProvider - HHH10001003: Autocommit mode: false
[INFO ] 2020-02-15 17:06:58.400 [http-nio-8080-exec-6] C3P0ConnectionProvider - HHH10001007: JDBC isolation level: <unknown>
[DEBUG] 2020-02-15 17:06:58.993 [http-nio-8080-exec-6] JdbcEnvironmentInitiator - Database ->
       name : MySQL
    version : 8.0.19
      major : 8
      minor : 0
[DEBUG] 2020-02-15 17:06:58.993 [http-nio-8080-exec-6] JdbcEnvironmentInitiator - Driver ->
       name : MySQL Connector/J
    version : mysql-connector-java-8.0.16 (Revision: 34cbc6bc61f72836e26327537a432d6db7c77de6)
      major : 8
      minor : 0
[DEBUG] 2020-02-15 17:06:58.993 [http-nio-8080-exec-6] JdbcEnvironmentInitiator - JDBC version : 4.2
[INFO ] 2020-02-15 17:06:59.049 [http-nio-8080-exec-6] Dialect - HHH000400: Using dialect: org.hibernate.dialect.MySQL8Dialect
[DEBUG] 2020-02-15 17:06:59.074 [http-nio-8080-exec-6] IdentifierHelperBuilder - JDBC driver metadata reported database stores quoted identifiers in more than one case
[DEBUG] 2020-02-15 17:06:59.120 [http-nio-8080-exec-6] IdentifierHelperBuilder - IdentifierCaseStrategy for both quoted and unquoted identifiers was set to the same strategy [MIXED]; that will likely lead to problems in schema update and validation if using quoted identifiers
[DEBUG] 2020-02-15 17:06:59.182 [http-nio-8080-exec-6] Namespace - Created database namespace [logicalName=Name{catalog=null, schema=null}, physicalName=Name{catalog=null, schema=null}]
[DEBUG] 2020-02-15 17:06:59.189 [http-nio-8080-exec-6] TypeConfiguration$Scope - Scoping TypeConfiguration [org.hibernate.type.spi.TypeConfiguration@5c2ab69f] to MetadataBuildingContext [org.hibernate.boot.internal.MetadataBuildingContextRootImpl@47fdfcb8]
[DEBUG] 2020-02-15 17:06:59.278 [http-nio-8080-exec-6] AnnotationBinder - Binding entity from annotated class: com.streammedia.entity.User
[DEBUG] 2020-02-15 17:06:59.320 [http-nio-8080-exec-6] Ejb3Column - Binding column: Ejb3DiscriminatorColumn{logicalColumnName'DTYPE', discriminatorTypeName='string'}
[DEBUG] 2020-02-15 17:06:59.326 [http-nio-8080-exec-6] EntityBinder - Import with entity name User
[DEBUG] 2020-02-15 17:06:59.333 [http-nio-8080-exec-6] EntityBinder - Bind entity com.streammedia.entity.User on table SM_Users
[DEBUG] 2020-02-15 17:06:59.382 [http-nio-8080-exec-6] Ejb3Column - Binding column: Ejb3Column{table=org.hibernate.mapping.Table(SM_Users), mappingColumn=user_id, insertable=true, updatable=true, unique=false}
[DEBUG] 2020-02-15 17:06:59.390 [http-nio-8080-exec-6] PropertyBinder - MetadataSourceProcessor property userId with lazy=false
[DEBUG] 2020-02-15 17:06:59.393 [http-nio-8080-exec-6] AbstractPropertyHolder - Attempting to locate auto-apply AttributeConverter for property [com.streammedia.entity.User:userId]
[DEBUG] 2020-02-15 17:06:59.396 [http-nio-8080-exec-6] SimpleValueBinder - building SimpleValue for userId
[DEBUG] 2020-02-15 17:06:59.398 [http-nio-8080-exec-6] PropertyBinder - Building property userId
[DEBUG] 2020-02-15 17:06:59.403 [http-nio-8080-exec-6] BinderHelper - #makeIdGenerator(org.hibernate.mapping.SimpleValue([org.hibernate.mapping.Column(user_id)]), userId, org.hibernate.id.enhanced.SequenceStyleGenerator, native, ...)
[DEBUG] 2020-02-15 17:06:59.404 [http-nio-8080-exec-6] Ejb3Column - Binding column: Ejb3Column{table=org.hibernate.mapping.Table(SM_Users), mappingColumn=biography, insertable=true, updatable=true, unique=false}
[DEBUG] 2020-02-15 17:06:59.404 [http-nio-8080-exec-6] PropertyBinder - MetadataSourceProcessor property biography with lazy=false
[DEBUG] 2020-02-15 17:06:59.405 [http-nio-8080-exec-6] AbstractPropertyHolder - Attempting to locate auto-apply AttributeConverter for property [com.streammedia.entity.User:biography]
[DEBUG] 2020-02-15 17:06:59.405 [http-nio-8080-exec-6] SimpleValueBinder - building SimpleValue for biography
[DEBUG] 2020-02-15 17:06:59.405 [http-nio-8080-exec-6] PropertyBinder - Building property biography
[DEBUG] 2020-02-15 17:06:59.405 [http-nio-8080-exec-6] Ejb3Column - Binding column: Ejb3Column{table=org.hibernate.mapping.Table(SM_Users), mappingColumn=birthdate, insertable=true, updatable=true, unique=false}
[DEBUG] 2020-02-15 17:06:59.405 [http-nio-8080-exec-6] PropertyBinder - MetadataSourceProcessor property birthdate with lazy=false
[DEBUG] 2020-02-15 17:06:59.405 [http-nio-8080-exec-6] AbstractPropertyHolder - Attempting to locate auto-apply AttributeConverter for property [com.streammedia.entity.User:birthdate]
[DEBUG] 2020-02-15 17:06:59.405 [http-nio-8080-exec-6] SimpleValueBinder - building SimpleValue for birthdate
[DEBUG] 2020-02-15 17:06:59.405 [http-nio-8080-exec-6] PropertyBinder - Building property birthdate
[DEBUG] 2020-02-15 17:06:59.405 [http-nio-8080-exec-6] Ejb3Column - Binding column: Ejb3Column{table=org.hibernate.mapping.Table(SM_Users), mappingColumn=created_at, insertable=true, updatable=true, unique=false}
[DEBUG] 2020-02-15 17:06:59.407 [http-nio-8080-exec-6] PropertyBinder - MetadataSourceProcessor property createdAt with lazy=false
[DEBUG] 2020-02-15 17:06:59.407 [http-nio-8080-exec-6] AbstractPropertyHolder - Attempting to locate auto-apply AttributeConverter for property [com.streammedia.entity.User:createdAt]
[DEBUG] 2020-02-15 17:06:59.407 [http-nio-8080-exec-6] SimpleValueBinder - building SimpleValue for createdAt
[DEBUG] 2020-02-15 17:06:59.407 [http-nio-8080-exec-6] PropertyBinder - Building property createdAt
[DEBUG] 2020-02-15 17:06:59.407 [http-nio-8080-exec-6] Ejb3Column - Binding column: Ejb3Column{table=org.hibernate.mapping.Table(SM_Users), mappingColumn=email, insertable=true, updatable=true, unique=false}
[DEBUG] 2020-02-15 17:06:59.408 [http-nio-8080-exec-6] PropertyBinder - MetadataSourceProcessor property email with lazy=false
[DEBUG] 2020-02-15 17:06:59.409 [http-nio-8080-exec-6] AbstractPropertyHolder - Attempting to locate auto-apply AttributeConverter for property [com.streammedia.entity.User:email]
[DEBUG] 2020-02-15 17:06:59.410 [http-nio-8080-exec-6] SimpleValueBinder - building SimpleValue for email
[DEBUG] 2020-02-15 17:06:59.410 [http-nio-8080-exec-6] PropertyBinder - Building property email
[DEBUG] 2020-02-15 17:06:59.410 [http-nio-8080-exec-6] Ejb3Column - Binding column: Ejb3Column{table=org.hibernate.mapping.Table(SM_Users), mappingColumn=first_name, insertable=true, updatable=true, unique=false}
[DEBUG] 2020-02-15 17:06:59.410 [http-nio-8080-exec-6] PropertyBinder - MetadataSourceProcessor property firstName with lazy=false
[DEBUG] 2020-02-15 17:06:59.414 [http-nio-8080-exec-6] AbstractPropertyHolder - Attempting to locate auto-apply AttributeConverter for property [com.streammedia.entity.User:firstName]
[DEBUG] 2020-02-15 17:06:59.415 [http-nio-8080-exec-6] SimpleValueBinder - building SimpleValue for firstName
[DEBUG] 2020-02-15 17:06:59.415 [http-nio-8080-exec-6] PropertyBinder - Building property firstName
[DEBUG] 2020-02-15 17:06:59.415 [http-nio-8080-exec-6] Ejb3Column - Binding column: Ejb3Column{table=org.hibernate.mapping.Table(SM_Users), mappingColumn=gender, insertable=true, updatable=true, unique=false}
[DEBUG] 2020-02-15 17:06:59.415 [http-nio-8080-exec-6] PropertyBinder - MetadataSourceProcessor property gender with lazy=false
[DEBUG] 2020-02-15 17:06:59.416 [http-nio-8080-exec-6] AbstractPropertyHolder - Attempting to locate auto-apply AttributeConverter for property [com.streammedia.entity.User:gender]
[DEBUG] 2020-02-15 17:06:59.416 [http-nio-8080-exec-6] SimpleValueBinder - building SimpleValue for gender
[DEBUG] 2020-02-15 17:06:59.416 [http-nio-8080-exec-6] PropertyBinder - Building property gender
[DEBUG] 2020-02-15 17:06:59.416 [http-nio-8080-exec-6] Ejb3Column - Binding column: Ejb3Column{table=org.hibernate.mapping.Table(SM_Users), mappingColumn=last_name, insertable=true, updatable=true, unique=false}
[DEBUG] 2020-02-15 17:06:59.416 [http-nio-8080-exec-6] PropertyBinder - MetadataSourceProcessor property lastName with lazy=false
[DEBUG] 2020-02-15 17:06:59.416 [http-nio-8080-exec-6] AbstractPropertyHolder - Attempting to locate auto-apply AttributeConverter for property [com.streammedia.entity.User:lastName]
[DEBUG] 2020-02-15 17:06:59.416 [http-nio-8080-exec-6] SimpleValueBinder - building SimpleValue for lastName
[DEBUG] 2020-02-15 17:06:59.417 [http-nio-8080-exec-6] PropertyBinder - Building property lastName
[DEBUG] 2020-02-15 17:06:59.417 [http-nio-8080-exec-6] Ejb3Column - Binding column: Ejb3Column{table=org.hibernate.mapping.Table(SM_Users), mappingColumn=password, insertable=true, updatable=true, unique=false}
[DEBUG] 2020-02-15 17:06:59.419 [http-nio-8080-exec-6] PropertyBinder - MetadataSourceProcessor property password with lazy=false
[DEBUG] 2020-02-15 17:06:59.419 [http-nio-8080-exec-6] AbstractPropertyHolder - Attempting to locate auto-apply AttributeConverter for property [com.streammedia.entity.User:password]
[DEBUG] 2020-02-15 17:06:59.420 [http-nio-8080-exec-6] SimpleValueBinder - building SimpleValue for password
[DEBUG] 2020-02-15 17:06:59.420 [http-nio-8080-exec-6] PropertyBinder - Building property password
[DEBUG] 2020-02-15 17:06:59.420 [http-nio-8080-exec-6] Ejb3Column - Binding column: Ejb3Column{table=org.hibernate.mapping.Table(SM_Users), mappingColumn=picture, insertable=true, updatable=true, unique=false}
[DEBUG] 2020-02-15 17:06:59.420 [http-nio-8080-exec-6] PropertyBinder - MetadataSourceProcessor property picture with lazy=false
[DEBUG] 2020-02-15 17:06:59.420 [http-nio-8080-exec-6] AbstractPropertyHolder - Attempting to locate auto-apply AttributeConverter for property [com.streammedia.entity.User:picture]
[DEBUG] 2020-02-15 17:06:59.420 [http-nio-8080-exec-6] SimpleValueBinder - building SimpleValue for picture
[DEBUG] 2020-02-15 17:06:59.421 [http-nio-8080-exec-6] PropertyBinder - Building property picture
[DEBUG] 2020-02-15 17:06:59.421 [http-nio-8080-exec-6] Ejb3Column - Binding column: Ejb3Column{table=org.hibernate.mapping.Table(SM_Users), mappingColumn=updated_at, insertable=true, updatable=true, unique=false}
[DEBUG] 2020-02-15 17:06:59.422 [http-nio-8080-exec-6] PropertyBinder - MetadataSourceProcessor property updateAt with lazy=false
[DEBUG] 2020-02-15 17:06:59.422 [http-nio-8080-exec-6] AbstractPropertyHolder - Attempting to locate auto-apply AttributeConverter for property [com.streammedia.entity.User:updateAt]
[DEBUG] 2020-02-15 17:06:59.422 [http-nio-8080-exec-6] SimpleValueBinder - building SimpleValue for updateAt
[DEBUG] 2020-02-15 17:06:59.422 [http-nio-8080-exec-6] PropertyBinder - Building property updateAt
[DEBUG] 2020-02-15 17:06:59.422 [http-nio-8080-exec-6] Ejb3Column - Binding column: Ejb3Column{table=org.hibernate.mapping.Table(SM_Users), mappingColumn=username, insertable=true, updatable=true, unique=true}
[DEBUG] 2020-02-15 17:06:59.422 [http-nio-8080-exec-6] PropertyBinder - MetadataSourceProcessor property username with lazy=false
[DEBUG] 2020-02-15 17:06:59.424 [http-nio-8080-exec-6] AbstractPropertyHolder - Attempting to locate auto-apply AttributeConverter for property [com.streammedia.entity.User:username]
[DEBUG] 2020-02-15 17:06:59.424 [http-nio-8080-exec-6] SimpleValueBinder - building SimpleValue for username
[DEBUG] 2020-02-15 17:06:59.424 [http-nio-8080-exec-6] PropertyBinder - Building property username
[DEBUG] 2020-02-15 17:06:59.427 [http-nio-8080-exec-6] SimpleValueBinder - Starting fillSimpleValue for userId
[DEBUG] 2020-02-15 17:06:59.427 [http-nio-8080-exec-6] SimpleValueBinder - Starting fillSimpleValue for biography
[DEBUG] 2020-02-15 17:06:59.427 [http-nio-8080-exec-6] SimpleValueBinder - Starting fillSimpleValue for birthdate
[DEBUG] 2020-02-15 17:06:59.427 [http-nio-8080-exec-6] SimpleValueBinder - Starting fillSimpleValue for createdAt
[DEBUG] 2020-02-15 17:06:59.427 [http-nio-8080-exec-6] SimpleValueBinder - Starting fillSimpleValue for email
[DEBUG] 2020-02-15 17:06:59.427 [http-nio-8080-exec-6] SimpleValueBinder - Starting fillSimpleValue for firstName
[DEBUG] 2020-02-15 17:06:59.427 [http-nio-8080-exec-6] SimpleValueBinder - Starting fillSimpleValue for gender
[DEBUG] 2020-02-15 17:06:59.427 [http-nio-8080-exec-6] SimpleValueBinder - Starting fillSimpleValue for lastName
[DEBUG] 2020-02-15 17:06:59.427 [http-nio-8080-exec-6] SimpleValueBinder - Starting fillSimpleValue for password
[DEBUG] 2020-02-15 17:06:59.427 [http-nio-8080-exec-6] SimpleValueBinder - Starting fillSimpleValue for picture
[DEBUG] 2020-02-15 17:06:59.427 [http-nio-8080-exec-6] SimpleValueBinder - Starting fillSimpleValue for updateAt
[DEBUG] 2020-02-15 17:06:59.428 [http-nio-8080-exec-6] SimpleValueBinder - Starting fillSimpleValue for username
[DEBUG] 2020-02-15 17:06:59.430 [http-nio-8080-exec-6] PrimaryKey - Forcing column [user_id] to be non-null as it is part of the primary key for table [sm_users]
[DEBUG] 2020-02-15 17:06:59.482 [http-nio-8080-exec-6] SessionFactoryImpl - Building session factory
[DEBUG] 2020-02-15 17:06:59.484 [http-nio-8080-exec-6] Settings - SessionFactory name : null
[DEBUG] 2020-02-15 17:06:59.484 [http-nio-8080-exec-6] Settings - Automatic flush during beforeCompletion(): enabled
[DEBUG] 2020-02-15 17:06:59.484 [http-nio-8080-exec-6] Settings - Automatic session close at end of transaction: disabled
[DEBUG] 2020-02-15 17:06:59.484 [http-nio-8080-exec-6] Settings - Statistics: disabled
[DEBUG] 2020-02-15 17:06:59.484 [http-nio-8080-exec-6] Settings - Deleted entity synthetic identifier rollback: disabled
[DEBUG] 2020-02-15 17:06:59.484 [http-nio-8080-exec-6] Settings - Default entity-mode: pojo
[DEBUG] 2020-02-15 17:06:59.484 [http-nio-8080-exec-6] Settings - Check Nullability in Core (should be disabled when Bean Validation is on): enabled
[DEBUG] 2020-02-15 17:06:59.484 [http-nio-8080-exec-6] Settings - Allow initialization of lazy state outside session : disabled
[DEBUG] 2020-02-15 17:06:59.484 [http-nio-8080-exec-6] Settings - Using BatchFetchStyle : LEGACY
[DEBUG] 2020-02-15 17:06:59.484 [http-nio-8080-exec-6] Settings - Default batch fetch size: -1
[DEBUG] 2020-02-15 17:06:59.484 [http-nio-8080-exec-6] Settings - Maximum outer join fetch depth: 2
[DEBUG] 2020-02-15 17:06:59.484 [http-nio-8080-exec-6] Settings - Default null ordering: NONE
[DEBUG] 2020-02-15 17:06:59.484 [http-nio-8080-exec-6] Settings - Order SQL updates by primary key: disabled
[DEBUG] 2020-02-15 17:06:59.484 [http-nio-8080-exec-6] Settings - Order SQL inserts for batching: disabled
[DEBUG] 2020-02-15 17:06:59.484 [http-nio-8080-exec-6] Settings - multi-tenancy strategy : NONE
[DEBUG] 2020-02-15 17:06:59.484 [http-nio-8080-exec-6] Settings - JTA Track by Thread: enabled
[DEBUG] 2020-02-15 17:06:59.484 [http-nio-8080-exec-6] Settings - Query language substitutions: {}
[DEBUG] 2020-02-15 17:06:59.484 [http-nio-8080-exec-6] Settings - Named query checking : enabled
[DEBUG] 2020-02-15 17:06:59.484 [http-nio-8080-exec-6] Settings - Second-level cache: disabled
[DEBUG] 2020-02-15 17:06:59.485 [http-nio-8080-exec-6] Settings - Second-level query cache: disabled
[DEBUG] 2020-02-15 17:06:59.485 [http-nio-8080-exec-6] Settings - Second-level query cache factory: null
[DEBUG] 2020-02-15 17:06:59.485 [http-nio-8080-exec-6] Settings - Second-level cache region prefix: null
[DEBUG] 2020-02-15 17:06:59.485 [http-nio-8080-exec-6] Settings - Optimize second-level cache for minimal puts: disabled
[DEBUG] 2020-02-15 17:06:59.486 [http-nio-8080-exec-6] Settings - Structured second-level cache entries: disabled
[DEBUG] 2020-02-15 17:06:59.488 [http-nio-8080-exec-6] Settings - Second-level cache direct-reference entries: disabled
[DEBUG] 2020-02-15 17:06:59.490 [http-nio-8080-exec-6] Settings - Automatic eviction of collection cache: disabled
[DEBUG] 2020-02-15 17:06:59.491 [http-nio-8080-exec-6] Settings - JDBC batch size: 15
[DEBUG] 2020-02-15 17:06:59.492 [http-nio-8080-exec-6] Settings - JDBC batch updates for versioned data: enabled
[DEBUG] 2020-02-15 17:06:59.492 [http-nio-8080-exec-6] Settings - Scrollable result sets: enabled
[DEBUG] 2020-02-15 17:06:59.492 [http-nio-8080-exec-6] Settings - Wrap result sets: disabled
[DEBUG] 2020-02-15 17:06:59.492 [http-nio-8080-exec-6] Settings - JDBC3 getGeneratedKeys(): enabled
[DEBUG] 2020-02-15 17:06:59.492 [http-nio-8080-exec-6] Settings - JDBC result set fetch size: null
[DEBUG] 2020-02-15 17:06:59.492 [http-nio-8080-exec-6] Settings - Connection release mode: AFTER_TRANSACTION
[DEBUG] 2020-02-15 17:06:59.492 [http-nio-8080-exec-6] Settings - Generate SQL with comments: disabled
[DEBUG] 2020-02-15 17:06:59.492 [http-nio-8080-exec-6] Settings - JPA compliance - query : 
[DEBUG] 2020-02-15 17:06:59.492 [http-nio-8080-exec-6] Settings - JPA compliance - closed-handling : 
[DEBUG] 2020-02-15 17:06:59.492 [http-nio-8080-exec-6] Settings - JPA compliance - lists : 
[DEBUG] 2020-02-15 17:06:59.492 [http-nio-8080-exec-6] Settings - JPA compliance - transactions : 
[INFO ] 2020-02-15 17:06:59.571 [http-nio-8080-exec-6] beans - HHH10005002: No explicit CDI BeanManager reference was passed to Hibernate, but CDI is available on the Hibernate ClassLoader.
[DEBUG] 2020-02-15 17:06:59.609 [http-nio-8080-exec-6] SessionFactoryImpl - Session factory constructed with filter configurations : {}
[DEBUG] 2020-02-15 17:06:59.609 [http-nio-8080-exec-6] SessionFactoryImpl - Instantiating session factory with properties: {awt.toolkit=sun.awt.X11.XToolkit, java.specification.version=11, sun.cpu.isalist=, hibernate.c3p0.idle_test_period=3000, sun.jnu.encoding=UTF-8, hibernate.c3p0.min_size=5, sun.arch.data.model=64, java.vendor.url=https://ubuntu.com/, catalina.useNaming=true, openejb.provider.default=org.apache.tomee, sun.boot.library.path=/usr/lib/jvm/java-11-openjdk-amd64/lib, com.sun.management.jmxremote.ssl=false, sun.java.command=org.apache.catalina.startup.Bootstrap start, jdk.debug=release, java.specification.vendor=Oracle Corporation, java.naming.factory.url.pkgs=org.apache.naming:org.apache.openejb.core.ivm.naming, openejb.embedder.source=ServerListener, java.version.date=2020-01-14, java.home=/usr/lib/jvm/java-11-openjdk-amd64, ignore.endorsed.dirs=, file.separator=/, java.vm.compressedOopsMode=32-bit, line.separator=
, hibernate.c3p0.timeout=300, java.specification.name=Java Platform API Specification, java.vm.specification.vendor=Oracle Corporation, openejb.scan.webapp.container=true, com.sun.management.jmxremote.password.file=/home/student/.IntelliJIdea2019.3/system/tomcat/Unnamed_streamMedia/jmxremote.password, package.definition=sun.,java.,org.apache.catalina.,org.apache.coyote.,org.apache.jasper.,org.apache.naming.,org.apache.tomcat., openejb.deployments.classpath.filter.systemapps=false, jdk.tls.ephemeralDHKeySize=2048, java.util.logging.config.file=/home/student/.IntelliJIdea2019.3/system/tomcat/Unnamed_streamMedia/conf/logging.properties, java.protocol.handler.pkgs=org.apache.catalina.webresources, connection.password=student, sun.management.compiler=HotSpot 64-Bit Tiered Compilers, openejb.scan.webapp.container.excludes=, java.runtime.version=11.0.6+10-post-Ubuntu-1ubuntu118.04.1, user.name=student, org.apache.johnzon.max-string-length=8192, file.encoding=UTF-8, derby.system.home=/home/student/tomcat/bin, org.apache.catalina.security.SecurityListener.UMASK=0027, hibernate.connection.driver_class=com.mysql.cj.jdbc.Driver, java.io.tmpdir=/home/student/tomcat/temp, tomcat.util.scan.StandardJarScanFilter.jarsToScan=log4j-taglib*.jar,log4j-web*.jar,log4javascript*.jar,slf4j-taglib*.jar, java.version=11.0.6, com.sun.management.jmxremote.port=1099, tomcat.util.scan.StandardJarScanFilter.jarsToSkip=annotations-api.jar,ant-junit*.jar,ant-launcher.jar,ant.jar,asm-*.jar,aspectj*.jar,bootstrap.jar,catalina-ant.jar,catalina-ha.jar,catalina-jmx-remote.jar,catalina-storeconfig.jar,catalina-tribes.jar,catalina-ws.jar,catalina.jar,cglib-*.jar,cobertura-*.jar,commons-beanutils*.jar,commons-codec*.jar,commons-collections*.jar,commons-daemon.jar,commons-dbcp*.jar,commons-digester*.jar,commons-fileupload*.jar,commons-httpclient*.jar,commons-io*.jar,commons-lang*.jar,commons-logging*.jar,commons-math*.jar,commons-pool*.jar,dom4j-*.jar,easymock-*.jar,ecj-*.jar,el-api.jar,geronimo-spec-jaxrpc*.jar,h2*.jar,hamcrest-*.jar,hibernate*.jar,httpclient*.jar,icu4j-*.jar,jasper-el.jar,jasper.jar,jaspic-api.jar,jaxb-*.jar,jaxen-*.jar,jdom-*.jar,jetty-*.jar,jmx-tools.jar,jmx.jar,jsp-api.jar,jstl.jar,jta*.jar,junit-*.jar,junit.jar,log4j*.jar,mail*.jar,objenesis-*.jar,oraclepki.jar,oro-*.jar,servlet-api-*.jar,servlet-api.jar,slf4j*.jar,taglibs-standard-spec-*.jar,tagsoup-*.jar,tomcat-api.jar,tomcat-coyote.jar,tomcat-dbcp.jar,tomcat-i18n-*.jar,tomcat-jdbc.jar,tomcat-jni.jar,tomcat-juli-adapters.jar,tomcat-juli.jar,tomcat-util-scan.jar,tomcat-util.jar,tomcat-websocket.jar,tools.jar,websocket-api.jar,wsdl4j*.jar,xercesImpl.jar,xml-apis.jar,xmlParserAPIs-*.jar,xmlParserAPIs.jar,xom-*.jar, connection.username=root, java.vm.specification.name=Java Virtual Machine Specification, java.awt.printerjob=sun.print.PSPrinterJob, sun.os.patch.level=unknown, connection.driver_class=com.mysql.cj.jdbc.Driver, tomcat.built=May 4 2019 09:17:16 UTC, java.library.path=/usr/java/packages/lib:/usr/lib/x86_64-linux-gnu/jni:/lib/x86_64-linux-gnu:/usr/lib/x86_64-linux-gnu:/usr/lib/jni:/lib:/usr/lib, java.vendor=Ubuntu, tomee.version=7.1.1, java.rmi.server.randomIDs=true, sun.io.unicode.encoding=UnicodeLittle, tomcat.util.buf.StringCache.byte.enabled=true, sun.desktop=gnome, java.class.path=/home/student/tomcat/bin/bootstrap.jar:/home/student/tomcat/bin/tomcat-juli.jar, tomcat.version=8.5.41.0, java.vm.vendor=Ubuntu, openejb.home=/home/student/tomcat, openejb.system.apps=true, user.timezone=America/Chicago, os.name=Linux, java.vm.specification.version=11, sun.java.launcher=SUN_STANDARD, user.country=US, openejb.base=/home/student/.IntelliJIdea2019.3/system/tomcat/Unnamed_streamMedia, com.sun.management.jmxremote=, sun.cpu.endian=little, user.home=/home/student, hibernate.c3p0.max_statements=50, user.language=en, openejb.deployments.classpath=false, java.awt.graphicsenv=sun.awt.X11GraphicsEnvironment, package.access=sun.,org.apache.catalina.,org.apache.coyote.,org.apache.jasper.,org.apache.tomcat., openejb.loader=tomcat-system, server.loader=, com.sun.management.jmxremote.access.file=/home/student/.IntelliJIdea2019.3/system/tomcat/Unnamed_streamMedia/jmxremote.access, hibernate.c3p0.max_size=20, java.naming.factory.initial=org.apache.naming.java.javaURLContextFactory, path.separator=:, org.apache.openejb.core.security.JaccProvider=org.apache.openejb.core.security.jacc.BasicJaccProvider, common.loader="/home/student/tomcat/lib","/home/student/tomcat/lib/*.jar","/home/student/tomcat/lib","/home/student/tomcat/lib/*.jar", hibernate.connection.username=****, os.version=5.3.0-28-generic, openejb.version=7.1.1, org.apache.security.jacc.EJBMethodPermission.methodInterfaces=BusinessLocalHome,BusinessRemoteHome,BusinessRemote,BusinessLocal, java.runtime.name=OpenJDK Runtime Environment, hibernate.connection.url=jdbc:mysql://localhost:3306/streamMedia, java.vm.name=OpenJDK 64-Bit Server VM, openejb.scan.webapp.container.includes=.*(geronimo|mp-jwt|failsafe).*, java.vendor.url.bug=https://bugs.launchpad.net/ubuntu/+source/openjdk-lts, tomee.remote.support=true, catalina.home=/home/student/tomcat, user.dir=/home/student/tomcat/bin, bval.in-container=true, os.arch=amd64, openjpa.Log=org.apache.openejb.openjpa.JULOpenJPALogFactory, hibernate.connection.password=****, tomee.serialization.class.blacklist=-, tomee.serialization.class.whitelist=, shared.loader=, catalina.base=/home/student/.IntelliJIdea2019.3/system/tomcat/Unnamed_streamMedia, hibernate.boot.CfgXmlAccessService.key=org.hibernate.boot.cfgxml.spi.LoadedConfig@5b5e047f, noBanner=true, java.util.logging.manager=org.apache.juli.ClassLoaderLogManager, org.apache.webbeans.logger.WebBeansLoggerFacade=org.apache.openejb.cdi.logging.ContainerJULLoggerFactory, java.vm.info=mixed mode, sharing, java.vm.version=11.0.6+10-post-Ubuntu-1ubuntu118.04.1, hibernate.bytecode.use_reflection_optimizer=false, java.rmi.server.hostname=127.0.0.1, javax.security.jacc.PolicyConfigurationFactory.provider=org.apache.openejb.core.security.JaccProvider$Factory, connection.url=jdbc:mysql://localhost:3306/streamMedia, java.class.version=55.0, authconfigprovider.factory=false}
[DEBUG] 2020-02-15 17:06:59.637 [http-nio-8080-exec-6] ClassLoaderAccessImpl - Not known whether passed class name [com.streammedia.entity.User] is safe
[DEBUG] 2020-02-15 17:06:59.637 [http-nio-8080-exec-6] ClassLoaderAccessImpl - No temp ClassLoader provided; using live ClassLoader for loading potentially unsafe class : com.streammedia.entity.User
[DEBUG] 2020-02-15 17:06:59.658 [http-nio-8080-exec-6] JaccIntegrator - Skipping JACC integration as it was not enabled
[DEBUG] 2020-02-15 17:06:59.659 [http-nio-8080-exec-6] SessionFactoryImpl - Instantiated session factory
[DEBUG] 2020-02-15 17:06:59.659 [http-nio-8080-exec-6] TypeConfiguration$Scope - Scoping TypeConfiguration [org.hibernate.type.spi.TypeConfiguration@5c2ab69f] to SessionFactoryImpl [org.hibernate.internal.SessionFactoryImpl@8de8115]
[DEBUG] 2020-02-15 17:06:59.721 [http-nio-8080-exec-6] ClassLoaderAccessImpl - Not known whether passed class name [com.streammedia.entity.User] is safe
[DEBUG] 2020-02-15 17:06:59.721 [http-nio-8080-exec-6] ClassLoaderAccessImpl - No temp ClassLoader provided; using live ClassLoader for loading potentially unsafe class : com.streammedia.entity.User
[DEBUG] 2020-02-15 17:06:59.747 [http-nio-8080-exec-6] ClassLoaderAccessImpl - Not known whether passed class name [com.streammedia.entity.User] is safe
[DEBUG] 2020-02-15 17:06:59.748 [http-nio-8080-exec-6] ClassLoaderAccessImpl - No temp ClassLoader provided; using live ClassLoader for loading potentially unsafe class : com.streammedia.entity.User
[DEBUG] 2020-02-15 17:07:00.094 [http-nio-8080-exec-6] AbstractEntityPersister - Static SQL for entity: com.streammedia.entity.User
[DEBUG] 2020-02-15 17:07:00.094 [http-nio-8080-exec-6] AbstractEntityPersister -  Version select: select user_id from SM_Users where user_id =?
[DEBUG] 2020-02-15 17:07:00.094 [http-nio-8080-exec-6] AbstractEntityPersister -  Snapshot select: select user_.user_id, user_.biography as biograph2_0_, user_.birthdate as birthdat3_0_, user_.created_at as created_4_0_, user_.email as email5_0_, user_.first_name as first_na6_0_, user_.gender as gender7_0_, user_.last_name as last_nam8_0_, user_.password as password9_0_, user_.picture as picture10_0_, user_.updated_at as updated11_0_, user_.username as usernam12_0_ from SM_Users user_ where user_.user_id=?
[DEBUG] 2020-02-15 17:07:00.094 [http-nio-8080-exec-6] AbstractEntityPersister -  Insert 0: insert into SM_Users (biography, birthdate, created_at, email, first_name, gender, last_name, password, picture, updated_at, username, user_id) values (?, ?, ?, ?, ?, ?, ?, ?, ?, ?, ?, ?)
[DEBUG] 2020-02-15 17:07:00.094 [http-nio-8080-exec-6] AbstractEntityPersister -  Update 0: update SM_Users set biography=?, birthdate=?, created_at=?, email=?, first_name=?, gender=?, last_name=?, password=?, picture=?, updated_at=?, username=? where user_id=?
[DEBUG] 2020-02-15 17:07:00.094 [http-nio-8080-exec-6] AbstractEntityPersister -  Delete 0: delete from SM_Users where user_id=?
[DEBUG] 2020-02-15 17:07:00.094 [http-nio-8080-exec-6] AbstractEntityPersister -  Identity insert: insert into SM_Users (biography, birthdate, created_at, email, first_name, gender, last_name, password, picture, updated_at, username) values (?, ?, ?, ?, ?, ?, ?, ?, ?, ?, ?)
[DEBUG] 2020-02-15 17:07:00.125 [http-nio-8080-exec-6] QuerySpacesImpl - Adding QuerySpace : uid = <gen:0> -> org.hibernate.loader.plan.build.internal.spaces.EntityQuerySpaceImpl@34eb7394]
[DEBUG] 2020-02-15 17:07:00.126 [http-nio-8080-exec-6] MetamodelGraphWalker - Visiting attribute path : biography
[DEBUG] 2020-02-15 17:07:00.127 [http-nio-8080-exec-6] MetamodelGraphWalker - Visiting attribute path : birthdate
[DEBUG] 2020-02-15 17:07:00.127 [http-nio-8080-exec-6] MetamodelGraphWalker - Visiting attribute path : createdAt
[DEBUG] 2020-02-15 17:07:00.127 [http-nio-8080-exec-6] MetamodelGraphWalker - Visiting attribute path : email
[DEBUG] 2020-02-15 17:07:00.127 [http-nio-8080-exec-6] MetamodelGraphWalker - Visiting attribute path : firstName
[DEBUG] 2020-02-15 17:07:00.127 [http-nio-8080-exec-6] MetamodelGraphWalker - Visiting attribute path : gender
[DEBUG] 2020-02-15 17:07:00.127 [http-nio-8080-exec-6] MetamodelGraphWalker - Visiting attribute path : lastName
[DEBUG] 2020-02-15 17:07:00.127 [http-nio-8080-exec-6] MetamodelGraphWalker - Visiting attribute path : password
[DEBUG] 2020-02-15 17:07:00.127 [http-nio-8080-exec-6] MetamodelGraphWalker - Visiting attribute path : picture
[DEBUG] 2020-02-15 17:07:00.127 [http-nio-8080-exec-6] MetamodelGraphWalker - Visiting attribute path : updateAt
[DEBUG] 2020-02-15 17:07:00.127 [http-nio-8080-exec-6] MetamodelGraphWalker - Visiting attribute path : username
[DEBUG] 2020-02-15 17:07:00.127 [http-nio-8080-exec-6] FetchStyleLoadPlanBuildingAssociationVisitationStrategy - Building LoadPlan...
[DEBUG] 2020-02-15 17:07:00.148 [http-nio-8080-exec-6] LoadQueryJoinAndFetchProcessor - processing queryspace <gen:0>
[DEBUG] 2020-02-15 17:07:00.155 [http-nio-8080-exec-6] LoadPlanTreePrinter - LoadPlan(entity=com.streammedia.entity.User)
    - Returns
       - EntityReturnImpl(entity=com.streammedia.entity.User, querySpaceUid=<gen:0>, path=com.streammedia.entity.User)
    - QuerySpaces
       - EntityQuerySpaceImpl(uid=<gen:0>, entity=com.streammedia.entity.User)
          - SQL table alias mapping - user0_
          - alias suffix - 0_
          - suffixed key columns - {user_id1_0_0_}

[DEBUG] 2020-02-15 17:07:00.159 [http-nio-8080-exec-6] EntityLoader - Static select for entity com.streammedia.entity.User [NONE]: select user0_.user_id as user_id1_0_0_, user0_.biography as biograph2_0_0_, user0_.birthdate as birthdat3_0_0_, user0_.created_at as created_4_0_0_, user0_.email as email5_0_0_, user0_.first_name as first_na6_0_0_, user0_.gender as gender7_0_0_, user0_.last_name as last_nam8_0_0_, user0_.password as password9_0_0_, user0_.picture as picture10_0_0_, user0_.updated_at as updated11_0_0_, user0_.username as usernam12_0_0_ from SM_Users user0_ where user0_.user_id=?
[DEBUG] 2020-02-15 17:07:00.159 [http-nio-8080-exec-6] QuerySpacesImpl - Adding QuerySpace : uid = <gen:0> -> org.hibernate.loader.plan.build.internal.spaces.EntityQuerySpaceImpl@1986e7d2]
[DEBUG] 2020-02-15 17:07:00.159 [http-nio-8080-exec-6] MetamodelGraphWalker - Visiting attribute path : biography
[DEBUG] 2020-02-15 17:07:00.159 [http-nio-8080-exec-6] MetamodelGraphWalker - Visiting attribute path : birthdate
[DEBUG] 2020-02-15 17:07:00.159 [http-nio-8080-exec-6] MetamodelGraphWalker - Visiting attribute path : createdAt
[DEBUG] 2020-02-15 17:07:00.159 [http-nio-8080-exec-6] MetamodelGraphWalker - Visiting attribute path : email
[DEBUG] 2020-02-15 17:07:00.159 [http-nio-8080-exec-6] MetamodelGraphWalker - Visiting attribute path : firstName
[DEBUG] 2020-02-15 17:07:00.159 [http-nio-8080-exec-6] MetamodelGraphWalker - Visiting attribute path : gender
[DEBUG] 2020-02-15 17:07:00.159 [http-nio-8080-exec-6] MetamodelGraphWalker - Visiting attribute path : lastName
[DEBUG] 2020-02-15 17:07:00.159 [http-nio-8080-exec-6] MetamodelGraphWalker - Visiting attribute path : password
[DEBUG] 2020-02-15 17:07:00.159 [http-nio-8080-exec-6] MetamodelGraphWalker - Visiting attribute path : picture
[DEBUG] 2020-02-15 17:07:00.159 [http-nio-8080-exec-6] MetamodelGraphWalker - Visiting attribute path : updateAt
[DEBUG] 2020-02-15 17:07:00.159 [http-nio-8080-exec-6] MetamodelGraphWalker - Visiting attribute path : username
[DEBUG] 2020-02-15 17:07:00.159 [http-nio-8080-exec-6] FetchStyleLoadPlanBuildingAssociationVisitationStrategy - Building LoadPlan...
[DEBUG] 2020-02-15 17:07:00.160 [http-nio-8080-exec-6] LoadQueryJoinAndFetchProcessor - processing queryspace <gen:0>
[DEBUG] 2020-02-15 17:07:00.160 [http-nio-8080-exec-6] LoadPlanTreePrinter - LoadPlan(entity=com.streammedia.entity.User)
    - Returns
       - EntityReturnImpl(entity=com.streammedia.entity.User, querySpaceUid=<gen:0>, path=com.streammedia.entity.User)
    - QuerySpaces
       - EntityQuerySpaceImpl(uid=<gen:0>, entity=com.streammedia.entity.User)
          - SQL table alias mapping - user0_
          - alias suffix - 0_
          - suffixed key columns - {user_id1_0_0_}

[DEBUG] 2020-02-15 17:07:00.160 [http-nio-8080-exec-6] EntityLoader - Static select for entity com.streammedia.entity.User [READ]: select user0_.user_id as user_id1_0_0_, user0_.biography as biograph2_0_0_, user0_.birthdate as birthdat3_0_0_, user0_.created_at as created_4_0_0_, user0_.email as email5_0_0_, user0_.first_name as first_na6_0_0_, user0_.gender as gender7_0_0_, user0_.last_name as last_nam8_0_0_, user0_.password as password9_0_0_, user0_.picture as picture10_0_0_, user0_.updated_at as updated11_0_0_, user0_.username as usernam12_0_0_ from SM_Users user0_ where user0_.user_id=?
[DEBUG] 2020-02-15 17:07:00.181 [http-nio-8080-exec-6] Loader - Static select for action ACTION_MERGE on entity com.streammedia.entity.User: select user0_.user_id as user_id1_0_0_, user0_.biography as biograph2_0_0_, user0_.birthdate as birthdat3_0_0_, user0_.created_at as created_4_0_0_, user0_.email as email5_0_0_, user0_.first_name as first_na6_0_0_, user0_.gender as gender7_0_0_, user0_.last_name as last_nam8_0_0_, user0_.password as password9_0_0_, user0_.picture as picture10_0_0_, user0_.updated_at as updated11_0_0_, user0_.username as usernam12_0_0_ from SM_Users user0_ where user0_.user_id=?
[DEBUG] 2020-02-15 17:07:00.181 [http-nio-8080-exec-6] Loader - Static select for action ACTION_REFRESH on entity com.streammedia.entity.User: select user0_.user_id as user_id1_0_0_, user0_.biography as biograph2_0_0_, user0_.birthdate as birthdat3_0_0_, user0_.created_at as created_4_0_0_, user0_.email as email5_0_0_, user0_.first_name as first_na6_0_0_, user0_.gender as gender7_0_0_, user0_.last_name as last_nam8_0_0_, user0_.password as password9_0_0_, user0_.picture as picture10_0_0_, user0_.updated_at as updated11_0_0_, user0_.username as usernam12_0_0_ from SM_Users user0_ where user0_.user_id=?
[DEBUG] 2020-02-15 17:07:00.221 [http-nio-8080-exec-6] SchemaManagementToolCoordinator - No actions specified; doing nothing
[DEBUG] 2020-02-15 17:07:00.221 [http-nio-8080-exec-6] JtaPlatformInitiator - No JtaPlatform was specified, checking resolver
[DEBUG] 2020-02-15 17:07:00.223 [http-nio-8080-exec-6] JtaPlatformResolverInitiator - No JtaPlatformResolver was specified, using default [org.hibernate.engine.transaction.jta.platform.internal.StandardJtaPlatformResolver]
[DEBUG] 2020-02-15 17:07:00.232 [http-nio-8080-exec-6] StandardJtaPlatformResolver - Could not resolve JtaPlatform, using default [org.hibernate.engine.transaction.jta.platform.internal.NoJtaPlatform]
[INFO ] 2020-02-15 17:07:00.233 [http-nio-8080-exec-6] JtaPlatformInitiator - HHH000490: Using JtaPlatform implementation: [org.hibernate.engine.transaction.jta.platform.internal.NoJtaPlatform]
[DEBUG] 2020-02-15 17:07:00.235 [http-nio-8080-exec-6] NamedQueryRepository - Checking 0 named HQL queries
[DEBUG] 2020-02-15 17:07:00.235 [http-nio-8080-exec-6] NamedQueryRepository - Checking 0 named SQL queries
[DEBUG] 2020-02-15 17:07:00.238 [http-nio-8080-exec-6] SessionFactoryRegistry - Initializing SessionFactoryRegistry : org.hibernate.internal.SessionFactoryRegistry@341dc453
[DEBUG] 2020-02-15 17:07:00.242 [http-nio-8080-exec-6] SessionFactoryRegistry - Registering SessionFactory: 14b95792-b3e5-488c-a43d-4064fd258293 (<unnamed>)
[DEBUG] 2020-02-15 17:07:00.242 [http-nio-8080-exec-6] SessionFactoryRegistry - Not binding SessionFactory to JNDI, no JNDI name configured
[DEBUG] 2020-02-15 17:07:00.358 [http-nio-8080-exec-6] StatisticsInitiator - Statistics initialized [enabled=false]
[DEBUG] 2020-02-15 17:07:00.394 [http-nio-8080-exec-6] CriteriaQueryImpl - Rendered criteria query -> select generatedAlias0 from User as generatedAlias0
[DEBUG] 2020-02-15 17:07:00.410 [http-nio-8080-exec-6] QueryTranslatorFactoryInitiator - QueryTranslatorFactory: org.hibernate.hql.internal.ast.ASTQueryTranslatorFactory@3ebfce5b
[DEBUG] 2020-02-15 17:07:00.449 [http-nio-8080-exec-6] QueryTranslatorImpl - parse() - HQL: select generatedAlias0 from com.streammedia.entity.User as generatedAlias0
[DEBUG] 2020-02-15 17:07:00.455 [http-nio-8080-exec-6] ErrorTracker - throwQueryException() : no errors
[DEBUG] 2020-02-15 17:07:00.465 [http-nio-8080-exec-6] QueryTranslatorImpl - --- HQL AST ---
 \-[QUERY] Node: 'query'
    \-[SELECT_FROM] Node: 'SELECT_FROM'
       +-[FROM] Node: 'from'
       |  \-[RANGE] Node: 'RANGE'
       |     +-[DOT] Node: '.'
       |     |  +-[DOT] Node: '.'
       |     |  |  +-[DOT] Node: '.'
       |     |  |  |  +-[IDENT] Node: 'com'
       |     |  |  |  \-[IDENT] Node: 'streammedia'
       |     |  |  \-[IDENT] Node: 'entity'
       |     |  \-[IDENT] Node: 'User'
       |     \-[ALIAS] Node: 'generatedAlias0'
       \-[SELECT] Node: 'select'
          \-[IDENT] Node: 'generatedAlias0'

[DEBUG] 2020-02-15 17:07:00.491 [http-nio-8080-exec-6] HqlSqlBaseWalker - select << begin [level=1, statement=select]
[DEBUG] 2020-02-15 17:07:00.512 [http-nio-8080-exec-6] FromElement - FromClause{level=1} : com.streammedia.entity.User (generatedAlias0) -> user0_
[DEBUG] 2020-02-15 17:07:00.512 [http-nio-8080-exec-6] FromReferenceNode - Resolved : generatedAlias0 -> user0_.user_id
[DEBUG] 2020-02-15 17:07:00.515 [http-nio-8080-exec-6] HqlSqlBaseWalker - select : finishing up [level=1, statement=select]
[DEBUG] 2020-02-15 17:07:00.516 [http-nio-8080-exec-6] HqlSqlWalker - processQuery() :  ( SELECT ( {select clause} user0_.user_id ) ( FromClause{level=1} SM_Users user0_ ) )
[DEBUG] 2020-02-15 17:07:00.532 [http-nio-8080-exec-6] JoinProcessor - Using FROM fragment [SM_Users user0_]
[DEBUG] 2020-02-15 17:07:00.533 [http-nio-8080-exec-6] HqlSqlBaseWalker - select >> end [level=1, statement=select]
[DEBUG] 2020-02-15 17:07:00.534 [http-nio-8080-exec-6] QueryTranslatorImpl - --- SQL AST ---
 \-[SELECT] QueryNode: 'SELECT'  querySpaces (SM_Users)
    +-[SELECT_CLAUSE] SelectClause: '{select clause}'
    |  +-[ALIAS_REF] IdentNode: 'user0_.user_id as user_id1_0_' {alias=generatedAlias0, className=com.streammedia.entity.User, tableAlias=user0_}
    |  \-[SQL_TOKEN] SqlFragment: 'user0_.biography as biograph2_0_, user0_.birthdate as birthdat3_0_, user0_.created_at as created_4_0_, user0_.email as email5_0_, user0_.first_name as first_na6_0_, user0_.gender as gender7_0_, user0_.last_name as last_nam8_0_, user0_.password as password9_0_, user0_.picture as picture10_0_, user0_.updated_at as updated11_0_, user0_.username as usernam12_0_'
    \-[FROM] FromClause: 'from' FromClause{level=1, fromElementCounter=1, fromElements=1, fromElementByClassAlias=[generatedAlias0], fromElementByTableAlias=[user0_], fromElementsByPath=[], collectionJoinFromElementsByPath=[], impliedElements=[]}
       \-[FROM_FRAGMENT] FromElement: 'SM_Users user0_' FromElement{explicit,not a collection join,not a fetch join,fetch non-lazy properties,classAlias=generatedAlias0,role=null,tableName=SM_Users,tableAlias=user0_,origin=null,columns={,className=com.streammedia.entity.User}}

[DEBUG] 2020-02-15 17:07:00.534 [http-nio-8080-exec-6] ErrorTracker - throwQueryException() : no errors
[DEBUG] 2020-02-15 17:07:00.543 [http-nio-8080-exec-6] QueryTranslatorImpl - HQL: select generatedAlias0 from com.streammedia.entity.User as generatedAlias0
[DEBUG] 2020-02-15 17:07:00.543 [http-nio-8080-exec-6] QueryTranslatorImpl - SQL: select user0_.user_id as user_id1_0_, user0_.biography as biograph2_0_, user0_.birthdate as birthdat3_0_, user0_.created_at as created_4_0_, user0_.email as email5_0_, user0_.first_name as first_na6_0_, user0_.gender as gender7_0_, user0_.last_name as last_nam8_0_, user0_.password as password9_0_, user0_.picture as picture10_0_, user0_.updated_at as updated11_0_, user0_.username as usernam12_0_ from SM_Users user0_
[DEBUG] 2020-02-15 17:07:00.543 [http-nio-8080-exec-6] ErrorTracker - throwQueryException() : no errors
[DEBUG] 2020-02-15 17:07:00.568 [http-nio-8080-exec-6] SQL - select user0_.user_id as user_id1_0_, user0_.biography as biograph2_0_, user0_.birthdate as birthdat3_0_, user0_.created_at as created_4_0_, user0_.email as email5_0_, user0_.first_name as first_na6_0_, user0_.gender as gender7_0_, user0_.last_name as last_nam8_0_, user0_.password as password9_0_, user0_.picture as picture10_0_, user0_.updated_at as updated11_0_, user0_.username as usernam12_0_ from SM_Users user0_
[DEBUG] 2020-02-15 17:07:00.837 [http-nio-8080-exec-6] Loader - Result set row: 0
[DEBUG] 2020-02-15 17:07:00.843 [http-nio-8080-exec-6] Loader - Result row: EntityKey[com.streammedia.entity.User#2]
[DEBUG] 2020-02-15 17:07:00.851 [http-nio-8080-exec-6] Loader - Result set row: 1
[DEBUG] 2020-02-15 17:07:00.852 [http-nio-8080-exec-6] Loader - Result row: EntityKey[com.streammedia.entity.User#3]
[DEBUG] 2020-02-15 17:07:00.852 [http-nio-8080-exec-6] Loader - Result set row: 2
[DEBUG] 2020-02-15 17:07:00.852 [http-nio-8080-exec-6] Loader - Result row: EntityKey[com.streammedia.entity.User#4]
[DEBUG] 2020-02-15 17:07:00.852 [http-nio-8080-exec-6] Loader - Result set row: 3
[DEBUG] 2020-02-15 17:07:00.852 [http-nio-8080-exec-6] Loader - Result row: EntityKey[com.streammedia.entity.User#5]
[DEBUG] 2020-02-15 17:07:00.853 [http-nio-8080-exec-6] Loader - Result set row: 4
[DEBUG] 2020-02-15 17:07:00.853 [http-nio-8080-exec-6] Loader - Result row: EntityKey[com.streammedia.entity.User#6]
[DEBUG] 2020-02-15 17:07:00.853 [http-nio-8080-exec-6] Loader - Result set row: 5
[DEBUG] 2020-02-15 17:07:00.853 [http-nio-8080-exec-6] Loader - Result row: EntityKey[com.streammedia.entity.User#7]
[DEBUG] 2020-02-15 17:07:00.853 [http-nio-8080-exec-6] Loader - Result set row: 6
[DEBUG] 2020-02-15 17:07:00.853 [http-nio-8080-exec-6] Loader - Result row: EntityKey[com.streammedia.entity.User#8]
[DEBUG] 2020-02-15 17:07:00.854 [http-nio-8080-exec-6] Loader - Result set row: 7
[DEBUG] 2020-02-15 17:07:00.854 [http-nio-8080-exec-6] Loader - Result row: EntityKey[com.streammedia.entity.User#9]
[DEBUG] 2020-02-15 17:07:00.858 [http-nio-8080-exec-6] TwoPhaseLoad - Resolving attributes for [com.streammedia.entity.User#2]
[DEBUG] 2020-02-15 17:07:00.859 [http-nio-8080-exec-6] TwoPhaseLoad - Processing attribute `biography` : value = null
[DEBUG] 2020-02-15 17:07:00.859 [http-nio-8080-exec-6] TwoPhaseLoad - Attribute (`biography`)  - enhanced for lazy-loading? - false
[DEBUG] 2020-02-15 17:07:00.859 [http-nio-8080-exec-6] TwoPhaseLoad - Processing attribute `birthdate` : value = null
[DEBUG] 2020-02-15 17:07:00.859 [http-nio-8080-exec-6] TwoPhaseLoad - Attribute (`birthdate`)  - enhanced for lazy-loading? - false
[DEBUG] 2020-02-15 17:07:00.859 [http-nio-8080-exec-6] TwoPhaseLoad - Processing attribute `createdAt` : value = 2020-02-12
[DEBUG] 2020-02-15 17:07:00.859 [http-nio-8080-exec-6] TwoPhaseLoad - Attribute (`createdAt`)  - enhanced for lazy-loading? - false
[DEBUG] 2020-02-15 17:07:00.859 [http-nio-8080-exec-6] TwoPhaseLoad - Processing attribute `email` : value = mary@streammedia.com
[DEBUG] 2020-02-15 17:07:00.859 [http-nio-8080-exec-6] TwoPhaseLoad - Attribute (`email`)  - enhanced for lazy-loading? - false
[DEBUG] 2020-02-15 17:07:00.860 [http-nio-8080-exec-6] TwoPhaseLoad - Processing attribute `firstName` : value = Mary
[DEBUG] 2020-02-15 17:07:00.860 [http-nio-8080-exec-6] TwoPhaseLoad - Attribute (`firstName`)  - enhanced for lazy-loading? - false
[DEBUG] 2020-02-15 17:07:00.860 [http-nio-8080-exec-6] TwoPhaseLoad - Processing attribute `gender` : value = null
[DEBUG] 2020-02-15 17:07:00.860 [http-nio-8080-exec-6] TwoPhaseLoad - Attribute (`gender`)  - enhanced for lazy-loading? - false
[DEBUG] 2020-02-15 17:07:00.860 [http-nio-8080-exec-6] TwoPhaseLoad - Processing attribute `lastName` : value = Smith
[DEBUG] 2020-02-15 17:07:00.860 [http-nio-8080-exec-6] TwoPhaseLoad - Attribute (`lastName`)  - enhanced for lazy-loading? - false
[DEBUG] 2020-02-15 17:07:00.860 [http-nio-8080-exec-6] TwoPhaseLoad - Processing attribute `password` : value = 12345
[DEBUG] 2020-02-15 17:07:00.860 [http-nio-8080-exec-6] TwoPhaseLoad - Attribute (`password`)  - enhanced for lazy-loading? - false
[DEBUG] 2020-02-15 17:07:00.860 [http-nio-8080-exec-6] TwoPhaseLoad - Processing attribute `picture` : value = null
[DEBUG] 2020-02-15 17:07:00.860 [http-nio-8080-exec-6] TwoPhaseLoad - Attribute (`picture`)  - enhanced for lazy-loading? - false
[DEBUG] 2020-02-15 17:07:00.860 [http-nio-8080-exec-6] TwoPhaseLoad - Processing attribute `updateAt` : value = 2020-02-12
[DEBUG] 2020-02-15 17:07:00.860 [http-nio-8080-exec-6] TwoPhaseLoad - Attribute (`updateAt`)  - enhanced for lazy-loading? - false
[DEBUG] 2020-02-15 17:07:00.860 [http-nio-8080-exec-6] TwoPhaseLoad - Processing attribute `username` : value = mary
[DEBUG] 2020-02-15 17:07:00.860 [http-nio-8080-exec-6] TwoPhaseLoad - Attribute (`username`)  - enhanced for lazy-loading? - false
[DEBUG] 2020-02-15 17:07:00.861 [http-nio-8080-exec-6] TwoPhaseLoad - Done materializing entity [com.streammedia.entity.User#2]
[DEBUG] 2020-02-15 17:07:00.861 [http-nio-8080-exec-6] TwoPhaseLoad - Resolving attributes for [com.streammedia.entity.User#3]
[DEBUG] 2020-02-15 17:07:00.863 [http-nio-8080-exec-6] TwoPhaseLoad - Processing attribute `biography` : value = null
[DEBUG] 2020-02-15 17:07:00.863 [http-nio-8080-exec-6] TwoPhaseLoad - Attribute (`biography`)  - enhanced for lazy-loading? - false
[DEBUG] 2020-02-15 17:07:00.863 [http-nio-8080-exec-6] TwoPhaseLoad - Processing attribute `birthdate` : value = null
[DEBUG] 2020-02-15 17:07:00.863 [http-nio-8080-exec-6] TwoPhaseLoad - Attribute (`birthdate`)  - enhanced for lazy-loading? - false
[DEBUG] 2020-02-15 17:07:00.863 [http-nio-8080-exec-6] TwoPhaseLoad - Processing attribute `createdAt` : value = 2020-02-12
[DEBUG] 2020-02-15 17:07:00.863 [http-nio-8080-exec-6] TwoPhaseLoad - Attribute (`createdAt`)  - enhanced for lazy-loading? - false
[DEBUG] 2020-02-15 17:07:00.863 [http-nio-8080-exec-6] TwoPhaseLoad - Processing attribute `email` : value = ian@madisoncollege.edu
[DEBUG] 2020-02-15 17:07:00.863 [http-nio-8080-exec-6] TwoPhaseLoad - Attribute (`email`)  - enhanced for lazy-loading? - false
[DEBUG] 2020-02-15 17:07:00.863 [http-nio-8080-exec-6] TwoPhaseLoad - Processing attribute `firstName` : value = Ian
[DEBUG] 2020-02-15 17:07:00.864 [http-nio-8080-exec-6] TwoPhaseLoad - Attribute (`firstName`)  - enhanced for lazy-loading? - false
[DEBUG] 2020-02-15 17:07:00.864 [http-nio-8080-exec-6] TwoPhaseLoad - Processing attribute `gender` : value = null
[DEBUG] 2020-02-15 17:07:00.864 [http-nio-8080-exec-6] TwoPhaseLoad - Attribute (`gender`)  - enhanced for lazy-loading? - false
[DEBUG] 2020-02-15 17:07:00.864 [http-nio-8080-exec-6] TwoPhaseLoad - Processing attribute `lastName` : value = Declan
[DEBUG] 2020-02-15 17:07:00.864 [http-nio-8080-exec-6] TwoPhaseLoad - Attribute (`lastName`)  - enhanced for lazy-loading? - false
[DEBUG] 2020-02-15 17:07:00.864 [http-nio-8080-exec-6] TwoPhaseLoad - Processing attribute `password` : value = 12345
[DEBUG] 2020-02-15 17:07:00.864 [http-nio-8080-exec-6] TwoPhaseLoad - Attribute (`password`)  - enhanced for lazy-loading? - false
[DEBUG] 2020-02-15 17:07:00.864 [http-nio-8080-exec-6] TwoPhaseLoad - Processing attribute `picture` : value = null
[DEBUG] 2020-02-15 17:07:00.864 [http-nio-8080-exec-6] TwoPhaseLoad - Attribute (`picture`)  - enhanced for lazy-loading? - false
[DEBUG] 2020-02-15 17:07:00.864 [http-nio-8080-exec-6] TwoPhaseLoad - Processing attribute `updateAt` : value = 2020-02-12
[DEBUG] 2020-02-15 17:07:00.864 [http-nio-8080-exec-6] TwoPhaseLoad - Attribute (`updateAt`)  - enhanced for lazy-loading? - false
[DEBUG] 2020-02-15 17:07:00.864 [http-nio-8080-exec-6] TwoPhaseLoad - Processing attribute `username` : value = ian
[DEBUG] 2020-02-15 17:07:00.864 [http-nio-8080-exec-6] TwoPhaseLoad - Attribute (`username`)  - enhanced for lazy-loading? - false
[DEBUG] 2020-02-15 17:07:00.864 [http-nio-8080-exec-6] TwoPhaseLoad - Done materializing entity [com.streammedia.entity.User#3]
[DEBUG] 2020-02-15 17:07:00.864 [http-nio-8080-exec-6] TwoPhaseLoad - Resolving attributes for [com.streammedia.entity.User#4]
[DEBUG] 2020-02-15 17:07:00.864 [http-nio-8080-exec-6] TwoPhaseLoad - Processing attribute `biography` : value = null
[DEBUG] 2020-02-15 17:07:00.864 [http-nio-8080-exec-6] TwoPhaseLoad - Attribute (`biography`)  - enhanced for lazy-loading? - false
[DEBUG] 2020-02-15 17:07:00.864 [http-nio-8080-exec-6] TwoPhaseLoad - Processing attribute `birthdate` : value = null
[DEBUG] 2020-02-15 17:07:00.864 [http-nio-8080-exec-6] TwoPhaseLoad - Attribute (`birthdate`)  - enhanced for lazy-loading? - false
[DEBUG] 2020-02-15 17:07:00.864 [http-nio-8080-exec-6] TwoPhaseLoad - Processing attribute `createdAt` : value = 2020-02-12
[DEBUG] 2020-02-15 17:07:00.864 [http-nio-8080-exec-6] TwoPhaseLoad - Attribute (`createdAt`)  - enhanced for lazy-loading? - false
[DEBUG] 2020-02-15 17:07:00.865 [http-nio-8080-exec-6] TwoPhaseLoad - Processing attribute `email` : value = kjames@madisoncollege.edu
[DEBUG] 2020-02-15 17:07:00.865 [http-nio-8080-exec-6] TwoPhaseLoad - Attribute (`email`)  - enhanced for lazy-loading? - false
[DEBUG] 2020-02-15 17:07:00.865 [http-nio-8080-exec-6] TwoPhaseLoad - Processing attribute `firstName` : value = King
[DEBUG] 2020-02-15 17:07:00.865 [http-nio-8080-exec-6] TwoPhaseLoad - Attribute (`firstName`)  - enhanced for lazy-loading? - false
[DEBUG] 2020-02-15 17:07:00.865 [http-nio-8080-exec-6] TwoPhaseLoad - Processing attribute `gender` : value = null
[DEBUG] 2020-02-15 17:07:00.865 [http-nio-8080-exec-6] TwoPhaseLoad - Attribute (`gender`)  - enhanced for lazy-loading? - false
[DEBUG] 2020-02-15 17:07:00.865 [http-nio-8080-exec-6] TwoPhaseLoad - Processing attribute `lastName` : value = James
[DEBUG] 2020-02-15 17:07:00.865 [http-nio-8080-exec-6] TwoPhaseLoad - Attribute (`lastName`)  - enhanced for lazy-loading? - false
[DEBUG] 2020-02-15 17:07:00.865 [http-nio-8080-exec-6] TwoPhaseLoad - Processing attribute `password` : value = 12345
[DEBUG] 2020-02-15 17:07:00.865 [http-nio-8080-exec-6] TwoPhaseLoad - Attribute (`password`)  - enhanced for lazy-loading? - false
[DEBUG] 2020-02-15 17:07:00.865 [http-nio-8080-exec-6] TwoPhaseLoad - Processing attribute `picture` : value = null
[DEBUG] 2020-02-15 17:07:00.865 [http-nio-8080-exec-6] TwoPhaseLoad - Attribute (`picture`)  - enhanced for lazy-loading? - false
[DEBUG] 2020-02-15 17:07:00.865 [http-nio-8080-exec-6] TwoPhaseLoad - Processing attribute `updateAt` : value = 2020-02-12
[DEBUG] 2020-02-15 17:07:00.865 [http-nio-8080-exec-6] TwoPhaseLoad - Attribute (`updateAt`)  - enhanced for lazy-loading? - false
[DEBUG] 2020-02-15 17:07:00.865 [http-nio-8080-exec-6] TwoPhaseLoad - Processing attribute `username` : value = kjames
[DEBUG] 2020-02-15 17:07:00.865 [http-nio-8080-exec-6] TwoPhaseLoad - Attribute (`username`)  - enhanced for lazy-loading? - false
[DEBUG] 2020-02-15 17:07:00.866 [http-nio-8080-exec-6] TwoPhaseLoad - Done materializing entity [com.streammedia.entity.User#4]
[DEBUG] 2020-02-15 17:07:00.866 [http-nio-8080-exec-6] TwoPhaseLoad - Resolving attributes for [com.streammedia.entity.User#5]
[DEBUG] 2020-02-15 17:07:00.866 [http-nio-8080-exec-6] TwoPhaseLoad - Processing attribute `biography` : value = null
[DEBUG] 2020-02-15 17:07:00.866 [http-nio-8080-exec-6] TwoPhaseLoad - Attribute (`biography`)  - enhanced for lazy-loading? - false
[DEBUG] 2020-02-15 17:07:00.866 [http-nio-8080-exec-6] TwoPhaseLoad - Processing attribute `birthdate` : value = null
[DEBUG] 2020-02-15 17:07:00.866 [http-nio-8080-exec-6] TwoPhaseLoad - Attribute (`birthdate`)  - enhanced for lazy-loading? - false
[DEBUG] 2020-02-15 17:07:00.866 [http-nio-8080-exec-6] TwoPhaseLoad - Processing attribute `createdAt` : value = 2020-02-12
[DEBUG] 2020-02-15 17:07:00.866 [http-nio-8080-exec-6] TwoPhaseLoad - Attribute (`createdAt`)  - enhanced for lazy-loading? - false
[DEBUG] 2020-02-15 17:07:00.866 [http-nio-8080-exec-6] TwoPhaseLoad - Processing attribute `email` : value = ella@streammedia.com
[DEBUG] 2020-02-15 17:07:00.866 [http-nio-8080-exec-6] TwoPhaseLoad - Attribute (`email`)  - enhanced for lazy-loading? - false
[DEBUG] 2020-02-15 17:07:00.866 [http-nio-8080-exec-6] TwoPhaseLoad - Processing attribute `firstName` : value = Ella
[DEBUG] 2020-02-15 17:07:00.866 [http-nio-8080-exec-6] TwoPhaseLoad - Attribute (`firstName`)  - enhanced for lazy-loading? - false
[DEBUG] 2020-02-15 17:07:00.867 [http-nio-8080-exec-6] TwoPhaseLoad - Processing attribute `gender` : value = null
[DEBUG] 2020-02-15 17:07:00.867 [http-nio-8080-exec-6] TwoPhaseLoad - Attribute (`gender`)  - enhanced for lazy-loading? - false
[DEBUG] 2020-02-15 17:07:00.867 [http-nio-8080-exec-6] TwoPhaseLoad - Processing attribute `lastName` : value = Ishimwe
[DEBUG] 2020-02-15 17:07:00.867 [http-nio-8080-exec-6] TwoPhaseLoad - Attribute (`lastName`)  - enhanced for lazy-loading? - false
[DEBUG] 2020-02-15 17:07:00.867 [http-nio-8080-exec-6] TwoPhaseLoad - Processing attribute `password` : value = 12345
[DEBUG] 2020-02-15 17:07:00.867 [http-nio-8080-exec-6] TwoPhaseLoad - Attribute (`password`)  - enhanced for lazy-loading? - false
[DEBUG] 2020-02-15 17:07:00.867 [http-nio-8080-exec-6] TwoPhaseLoad - Processing attribute `picture` : value = null
[DEBUG] 2020-02-15 17:07:00.867 [http-nio-8080-exec-6] TwoPhaseLoad - Attribute (`picture`)  - enhanced for lazy-loading? - false
[DEBUG] 2020-02-15 17:07:00.867 [http-nio-8080-exec-6] TwoPhaseLoad - Processing attribute `updateAt` : value = 2020-02-12
[DEBUG] 2020-02-15 17:07:00.867 [http-nio-8080-exec-6] TwoPhaseLoad - Attribute (`updateAt`)  - enhanced for lazy-loading? - false
[DEBUG] 2020-02-15 17:07:00.867 [http-nio-8080-exec-6] TwoPhaseLoad - Processing attribute `username` : value = ella
[DEBUG] 2020-02-15 17:07:00.867 [http-nio-8080-exec-6] TwoPhaseLoad - Attribute (`username`)  - enhanced for lazy-loading? - false
[DEBUG] 2020-02-15 17:07:00.867 [http-nio-8080-exec-6] TwoPhaseLoad - Done materializing entity [com.streammedia.entity.User#5]
[DEBUG] 2020-02-15 17:07:00.867 [http-nio-8080-exec-6] TwoPhaseLoad - Resolving attributes for [com.streammedia.entity.User#6]
[DEBUG] 2020-02-15 17:07:00.867 [http-nio-8080-exec-6] TwoPhaseLoad - Processing attribute `biography` : value = null
[DEBUG] 2020-02-15 17:07:00.867 [http-nio-8080-exec-6] TwoPhaseLoad - Attribute (`biography`)  - enhanced for lazy-loading? - false
[DEBUG] 2020-02-15 17:07:00.867 [http-nio-8080-exec-6] TwoPhaseLoad - Processing attribute `birthdate` : value = null
[DEBUG] 2020-02-15 17:07:00.867 [http-nio-8080-exec-6] TwoPhaseLoad - Attribute (`birthdate`)  - enhanced for lazy-loading? - false
[DEBUG] 2020-02-15 17:07:00.867 [http-nio-8080-exec-6] TwoPhaseLoad - Processing attribute `createdAt` : value = 2020-02-14
[DEBUG] 2020-02-15 17:07:00.868 [http-nio-8080-exec-6] TwoPhaseLoad - Attribute (`createdAt`)  - enhanced for lazy-loading? - false
[DEBUG] 2020-02-15 17:07:00.868 [http-nio-8080-exec-6] TwoPhaseLoad - Processing attribute `email` : value = iam@madisoncollege.edu
[DEBUG] 2020-02-15 17:07:00.868 [http-nio-8080-exec-6] TwoPhaseLoad - Attribute (`email`)  - enhanced for lazy-loading? - false
[DEBUG] 2020-02-15 17:07:00.868 [http-nio-8080-exec-6] TwoPhaseLoad - Processing attribute `firstName` : value = null
[DEBUG] 2020-02-15 17:07:00.868 [http-nio-8080-exec-6] TwoPhaseLoad - Attribute (`firstName`)  - enhanced for lazy-loading? - false
[DEBUG] 2020-02-15 17:07:00.868 [http-nio-8080-exec-6] TwoPhaseLoad - Processing attribute `gender` : value = null
[DEBUG] 2020-02-15 17:07:00.868 [http-nio-8080-exec-6] TwoPhaseLoad - Attribute (`gender`)  - enhanced for lazy-loading? - false
[DEBUG] 2020-02-15 17:07:00.869 [http-nio-8080-exec-6] TwoPhaseLoad - Processing attribute `lastName` : value = null
[DEBUG] 2020-02-15 17:07:00.869 [http-nio-8080-exec-6] TwoPhaseLoad - Attribute (`lastName`)  - enhanced for lazy-loading? - false
[DEBUG] 2020-02-15 17:07:00.869 [http-nio-8080-exec-6] TwoPhaseLoad - Processing attribute `password` : value = 1234
[DEBUG] 2020-02-15 17:07:00.870 [http-nio-8080-exec-6] TwoPhaseLoad - Attribute (`password`)  - enhanced for lazy-loading? - false
[DEBUG] 2020-02-15 17:07:00.871 [http-nio-8080-exec-6] TwoPhaseLoad - Processing attribute `picture` : value = null
[DEBUG] 2020-02-15 17:07:00.871 [http-nio-8080-exec-6] TwoPhaseLoad - Attribute (`picture`)  - enhanced for lazy-loading? - false
[DEBUG] 2020-02-15 17:07:00.871 [http-nio-8080-exec-6] TwoPhaseLoad - Processing attribute `updateAt` : value = 2020-02-14
[DEBUG] 2020-02-15 17:07:00.871 [http-nio-8080-exec-6] TwoPhaseLoad - Attribute (`updateAt`)  - enhanced for lazy-loading? - false
[DEBUG] 2020-02-15 17:07:00.871 [http-nio-8080-exec-6] TwoPhaseLoad - Processing attribute `username` : value = ian
[DEBUG] 2020-02-15 17:07:00.871 [http-nio-8080-exec-6] TwoPhaseLoad - Attribute (`username`)  - enhanced for lazy-loading? - false
[DEBUG] 2020-02-15 17:07:00.871 [http-nio-8080-exec-6] TwoPhaseLoad - Done materializing entity [com.streammedia.entity.User#6]
[DEBUG] 2020-02-15 17:07:00.871 [http-nio-8080-exec-6] TwoPhaseLoad - Resolving attributes for [com.streammedia.entity.User#7]
[DEBUG] 2020-02-15 17:07:00.871 [http-nio-8080-exec-6] TwoPhaseLoad - Processing attribute `biography` : value = null
[DEBUG] 2020-02-15 17:07:00.872 [http-nio-8080-exec-6] TwoPhaseLoad - Attribute (`biography`)  - enhanced for lazy-loading? - false
[DEBUG] 2020-02-15 17:07:00.872 [http-nio-8080-exec-6] TwoPhaseLoad - Processing attribute `birthdate` : value = null
[DEBUG] 2020-02-15 17:07:00.872 [http-nio-8080-exec-6] TwoPhaseLoad - Attribute (`birthdate`)  - enhanced for lazy-loading? - false
[DEBUG] 2020-02-15 17:07:00.872 [http-nio-8080-exec-6] TwoPhaseLoad - Processing attribute `createdAt` : value = 2020-02-14
[DEBUG] 2020-02-15 17:07:00.872 [http-nio-8080-exec-6] TwoPhaseLoad - Attribute (`createdAt`)  - enhanced for lazy-loading? - false
[DEBUG] 2020-02-15 17:07:00.872 [http-nio-8080-exec-6] TwoPhaseLoad - Processing attribute `email` : value = iam@madisoncollege.edu
[DEBUG] 2020-02-15 17:07:00.872 [http-nio-8080-exec-6] TwoPhaseLoad - Attribute (`email`)  - enhanced for lazy-loading? - false
[DEBUG] 2020-02-15 17:07:00.872 [http-nio-8080-exec-6] TwoPhaseLoad - Processing attribute `firstName` : value = null
[DEBUG] 2020-02-15 17:07:00.872 [http-nio-8080-exec-6] TwoPhaseLoad - Attribute (`firstName`)  - enhanced for lazy-loading? - false
[DEBUG] 2020-02-15 17:07:00.872 [http-nio-8080-exec-6] TwoPhaseLoad - Processing attribute `gender` : value = null
[DEBUG] 2020-02-15 17:07:00.872 [http-nio-8080-exec-6] TwoPhaseLoad - Attribute (`gender`)  - enhanced for lazy-loading? - false
[DEBUG] 2020-02-15 17:07:00.873 [http-nio-8080-exec-6] TwoPhaseLoad - Processing attribute `lastName` : value = null
[DEBUG] 2020-02-15 17:07:00.873 [http-nio-8080-exec-6] TwoPhaseLoad - Attribute (`lastName`)  - enhanced for lazy-loading? - false
[DEBUG] 2020-02-15 17:07:00.873 [http-nio-8080-exec-6] TwoPhaseLoad - Processing attribute `password` : value = 1234
[DEBUG] 2020-02-15 17:07:00.873 [http-nio-8080-exec-6] TwoPhaseLoad - Attribute (`password`)  - enhanced for lazy-loading? - false
[DEBUG] 2020-02-15 17:07:00.873 [http-nio-8080-exec-6] TwoPhaseLoad - Processing attribute `picture` : value = null
[DEBUG] 2020-02-15 17:07:00.873 [http-nio-8080-exec-6] TwoPhaseLoad - Attribute (`picture`)  - enhanced for lazy-loading? - false
[DEBUG] 2020-02-15 17:07:00.873 [http-nio-8080-exec-6] TwoPhaseLoad - Processing attribute `updateAt` : value = 2020-02-14
[DEBUG] 2020-02-15 17:07:00.873 [http-nio-8080-exec-6] TwoPhaseLoad - Attribute (`updateAt`)  - enhanced for lazy-loading? - false
[DEBUG] 2020-02-15 17:07:00.873 [http-nio-8080-exec-6] TwoPhaseLoad - Processing attribute `username` : value = ian
[DEBUG] 2020-02-15 17:07:00.873 [http-nio-8080-exec-6] TwoPhaseLoad - Attribute (`username`)  - enhanced for lazy-loading? - false
[DEBUG] 2020-02-15 17:07:00.873 [http-nio-8080-exec-6] TwoPhaseLoad - Done materializing entity [com.streammedia.entity.User#7]
[DEBUG] 2020-02-15 17:07:00.873 [http-nio-8080-exec-6] TwoPhaseLoad - Resolving attributes for [com.streammedia.entity.User#8]
[DEBUG] 2020-02-15 17:07:00.873 [http-nio-8080-exec-6] TwoPhaseLoad - Processing attribute `biography` : value = null
[DEBUG] 2020-02-15 17:07:00.873 [http-nio-8080-exec-6] TwoPhaseLoad - Attribute (`biography`)  - enhanced for lazy-loading? - false
[DEBUG] 2020-02-15 17:07:00.883 [http-nio-8080-exec-6] TwoPhaseLoad - Processing attribute `birthdate` : value = null
[DEBUG] 2020-02-15 17:07:00.884 [http-nio-8080-exec-6] TwoPhaseLoad - Attribute (`birthdate`)  - enhanced for lazy-loading? - false
[DEBUG] 2020-02-15 17:07:00.884 [http-nio-8080-exec-6] TwoPhaseLoad - Processing attribute `createdAt` : value = 2020-02-14
[DEBUG] 2020-02-15 17:07:00.884 [http-nio-8080-exec-6] TwoPhaseLoad - Attribute (`createdAt`)  - enhanced for lazy-loading? - false
[DEBUG] 2020-02-15 17:07:00.884 [http-nio-8080-exec-6] TwoPhaseLoad - Processing attribute `email` : value = iam@madisoncollege.edu
[DEBUG] 2020-02-15 17:07:00.884 [http-nio-8080-exec-6] TwoPhaseLoad - Attribute (`email`)  - enhanced for lazy-loading? - false
[DEBUG] 2020-02-15 17:07:00.884 [http-nio-8080-exec-6] TwoPhaseLoad - Processing attribute `firstName` : value = null
[DEBUG] 2020-02-15 17:07:00.884 [http-nio-8080-exec-6] TwoPhaseLoad - Attribute (`firstName`)  - enhanced for lazy-loading? - false
[DEBUG] 2020-02-15 17:07:00.884 [http-nio-8080-exec-6] TwoPhaseLoad - Processing attribute `gender` : value = null
[DEBUG] 2020-02-15 17:07:00.884 [http-nio-8080-exec-6] TwoPhaseLoad - Attribute (`gender`)  - enhanced for lazy-loading? - false
[DEBUG] 2020-02-15 17:07:00.884 [http-nio-8080-exec-6] TwoPhaseLoad - Processing attribute `lastName` : value = null
[DEBUG] 2020-02-15 17:07:00.884 [http-nio-8080-exec-6] TwoPhaseLoad - Attribute (`lastName`)  - enhanced for lazy-loading? - false
[DEBUG] 2020-02-15 17:07:00.884 [http-nio-8080-exec-6] TwoPhaseLoad - Processing attribute `password` : value = 1234
[DEBUG] 2020-02-15 17:07:00.884 [http-nio-8080-exec-6] TwoPhaseLoad - Attribute (`password`)  - enhanced for lazy-loading? - false
[DEBUG] 2020-02-15 17:07:00.884 [http-nio-8080-exec-6] TwoPhaseLoad - Processing attribute `picture` : value = null
[DEBUG] 2020-02-15 17:07:00.884 [http-nio-8080-exec-6] TwoPhaseLoad - Attribute (`picture`)  - enhanced for lazy-loading? - false
[DEBUG] 2020-02-15 17:07:00.884 [http-nio-8080-exec-6] TwoPhaseLoad - Processing attribute `updateAt` : value = 2020-02-14
[DEBUG] 2020-02-15 17:07:00.884 [http-nio-8080-exec-6] TwoPhaseLoad - Attribute (`updateAt`)  - enhanced for lazy-loading? - false
[DEBUG] 2020-02-15 17:07:00.884 [http-nio-8080-exec-6] TwoPhaseLoad - Processing attribute `username` : value = ian
[DEBUG] 2020-02-15 17:07:00.885 [http-nio-8080-exec-6] TwoPhaseLoad - Attribute (`username`)  - enhanced for lazy-loading? - false
[DEBUG] 2020-02-15 17:07:00.885 [http-nio-8080-exec-6] TwoPhaseLoad - Done materializing entity [com.streammedia.entity.User#8]
[DEBUG] 2020-02-15 17:07:00.885 [http-nio-8080-exec-6] TwoPhaseLoad - Resolving attributes for [com.streammedia.entity.User#9]
[DEBUG] 2020-02-15 17:07:00.885 [http-nio-8080-exec-6] TwoPhaseLoad - Processing attribute `biography` : value = null
[DEBUG] 2020-02-15 17:07:00.885 [http-nio-8080-exec-6] TwoPhaseLoad - Attribute (`biography`)  - enhanced for lazy-loading? - false
[DEBUG] 2020-02-15 17:07:00.885 [http-nio-8080-exec-6] TwoPhaseLoad - Processing attribute `birthdate` : value = null
[DEBUG] 2020-02-15 17:07:00.885 [http-nio-8080-exec-6] TwoPhaseLoad - Attribute (`birthdate`)  - enhanced for lazy-loading? - false
[DEBUG] 2020-02-15 17:07:00.885 [http-nio-8080-exec-6] TwoPhaseLoad - Processing attribute `createdAt` : value = 2020-02-14
[DEBUG] 2020-02-15 17:07:00.887 [http-nio-8080-exec-6] TwoPhaseLoad - Attribute (`createdAt`)  - enhanced for lazy-loading? - false
[DEBUG] 2020-02-15 17:07:00.887 [http-nio-8080-exec-6] TwoPhaseLoad - Processing attribute `email` : value = iam@madisoncollege.edu
[DEBUG] 2020-02-15 17:07:00.887 [http-nio-8080-exec-6] TwoPhaseLoad - Attribute (`email`)  - enhanced for lazy-loading? - false
[DEBUG] 2020-02-15 17:07:00.887 [http-nio-8080-exec-6] TwoPhaseLoad - Processing attribute `firstName` : value = null
[DEBUG] 2020-02-15 17:07:00.887 [http-nio-8080-exec-6] TwoPhaseLoad - Attribute (`firstName`)  - enhanced for lazy-loading? - false
[DEBUG] 2020-02-15 17:07:00.887 [http-nio-8080-exec-6] TwoPhaseLoad - Processing attribute `gender` : value = null
[DEBUG] 2020-02-15 17:07:00.887 [http-nio-8080-exec-6] TwoPhaseLoad - Attribute (`gender`)  - enhanced for lazy-loading? - false
[DEBUG] 2020-02-15 17:07:00.887 [http-nio-8080-exec-6] TwoPhaseLoad - Processing attribute `lastName` : value = null
[DEBUG] 2020-02-15 17:07:00.887 [http-nio-8080-exec-6] TwoPhaseLoad - Attribute (`lastName`)  - enhanced for lazy-loading? - false
[DEBUG] 2020-02-15 17:07:00.887 [http-nio-8080-exec-6] TwoPhaseLoad - Processing attribute `password` : value = 1234
[DEBUG] 2020-02-15 17:07:00.887 [http-nio-8080-exec-6] TwoPhaseLoad - Attribute (`password`)  - enhanced for lazy-loading? - false
[DEBUG] 2020-02-15 17:07:00.887 [http-nio-8080-exec-6] TwoPhaseLoad - Processing attribute `picture` : value = null
[DEBUG] 2020-02-15 17:07:00.887 [http-nio-8080-exec-6] TwoPhaseLoad - Attribute (`picture`)  - enhanced for lazy-loading? - false
[DEBUG] 2020-02-15 17:07:00.887 [http-nio-8080-exec-6] TwoPhaseLoad - Processing attribute `updateAt` : value = 2020-02-14
[DEBUG] 2020-02-15 17:07:00.887 [http-nio-8080-exec-6] TwoPhaseLoad - Attribute (`updateAt`)  - enhanced for lazy-loading? - false
[DEBUG] 2020-02-15 17:07:00.887 [http-nio-8080-exec-6] TwoPhaseLoad - Processing attribute `username` : value = ian
[DEBUG] 2020-02-15 17:07:00.887 [http-nio-8080-exec-6] TwoPhaseLoad - Attribute (`username`)  - enhanced for lazy-loading? - false
[DEBUG] 2020-02-15 17:07:00.887 [http-nio-8080-exec-6] TwoPhaseLoad - Done materializing entity [com.streammedia.entity.User#9]
[DEBUG] 2020-02-15 17:07:00.893 [http-nio-8080-exec-6] LogicalConnectionManagedImpl - Initiating JDBC connection release from afterTransaction
[DEBUG] 2020-02-15 17:10:19.256 [http-nio-8080-exec-12] TransactionImpl - On TransactionImpl creation, JpaCompliance#isJpaTransactionComplianceEnabled == false
[DEBUG] 2020-02-15 17:10:19.256 [http-nio-8080-exec-12] TransactionImpl - begin
[DEBUG] 2020-02-15 17:10:19.275 [http-nio-8080-exec-12] ActionQueue - Executing identity-insert immediately
[DEBUG] 2020-02-15 17:10:19.332 [http-nio-8080-exec-12] SQL - insert into SM_Users (biography, birthdate, created_at, email, first_name, gender, last_name, password, picture, updated_at, username) values (?, ?, ?, ?, ?, ?, ?, ?, ?, ?, ?)
[DEBUG] 2020-02-15 17:10:19.373 [http-nio-8080-exec-12] SqlExceptionHelper - could not execute statement [n/a]
java.sql.SQLIntegrityConstraintViolationException: Column 'updated_at' cannot be null
	at com.mysql.cj.jdbc.exceptions.SQLError.createSQLException(SQLError.java:117) ~[mysql-connector-java-8.0.16.jar:8.0.16]
	at com.mysql.cj.jdbc.exceptions.SQLError.createSQLException(SQLError.java:97) ~[mysql-connector-java-8.0.16.jar:8.0.16]
	at com.mysql.cj.jdbc.exceptions.SQLExceptionsMapping.translateException(SQLExceptionsMapping.java:122) ~[mysql-connector-java-8.0.16.jar:8.0.16]
	at com.mysql.cj.jdbc.ClientPreparedStatement.executeInternal(ClientPreparedStatement.java:955) ~[mysql-connector-java-8.0.16.jar:8.0.16]
	at com.mysql.cj.jdbc.ClientPreparedStatement.executeUpdateInternal(ClientPreparedStatement.java:1094) ~[mysql-connector-java-8.0.16.jar:8.0.16]
	at com.mysql.cj.jdbc.ClientPreparedStatement.executeUpdateInternal(ClientPreparedStatement.java:1042) ~[mysql-connector-java-8.0.16.jar:8.0.16]
	at com.mysql.cj.jdbc.ClientPreparedStatement.executeLargeUpdate(ClientPreparedStatement.java:1345) ~[mysql-connector-java-8.0.16.jar:8.0.16]
	at com.mysql.cj.jdbc.ClientPreparedStatement.executeUpdate(ClientPreparedStatement.java:1027) ~[mysql-connector-java-8.0.16.jar:8.0.16]
	at com.mchange.v2.c3p0.impl.NewProxyPreparedStatement.executeUpdate(NewProxyPreparedStatement.java:410) ~[c3p0-0.9.5.3.jar:0.9.5.3]
	at org.hibernate.engine.jdbc.internal.ResultSetReturnImpl.executeUpdate(ResultSetReturnImpl.java:175) [hibernate-core-5.4.4.Final.jar:5.4.4.Final]
	at org.hibernate.dialect.identity.GetGeneratedKeysDelegate.executeAndExtract(GetGeneratedKeysDelegate.java:57) [hibernate-core-5.4.4.Final.jar:5.4.4.Final]
	at org.hibernate.id.insert.AbstractReturningDelegate.performInsert(AbstractReturningDelegate.java:43) [hibernate-core-5.4.4.Final.jar:5.4.4.Final]
	at org.hibernate.persister.entity.AbstractEntityPersister.insert(AbstractEntityPersister.java:3112) [hibernate-core-5.4.4.Final.jar:5.4.4.Final]
	at org.hibernate.persister.entity.AbstractEntityPersister.insert(AbstractEntityPersister.java:3705) [hibernate-core-5.4.4.Final.jar:5.4.4.Final]
	at org.hibernate.action.internal.EntityIdentityInsertAction.execute(EntityIdentityInsertAction.java:84) [hibernate-core-5.4.4.Final.jar:5.4.4.Final]
	at org.hibernate.engine.spi.ActionQueue.execute(ActionQueue.java:645) [hibernate-core-5.4.4.Final.jar:5.4.4.Final]
	at org.hibernate.engine.spi.ActionQueue.addResolvedEntityInsertAction(ActionQueue.java:282) [hibernate-core-5.4.4.Final.jar:5.4.4.Final]
	at org.hibernate.engine.spi.ActionQueue.addInsertAction(ActionQueue.java:263) [hibernate-core-5.4.4.Final.jar:5.4.4.Final]
	at org.hibernate.engine.spi.ActionQueue.addAction(ActionQueue.java:317) [hibernate-core-5.4.4.Final.jar:5.4.4.Final]
	at org.hibernate.event.internal.AbstractSaveEventListener.addInsertAction(AbstractSaveEventListener.java:335) [hibernate-core-5.4.4.Final.jar:5.4.4.Final]
	at org.hibernate.event.internal.AbstractSaveEventListener.performSaveOrReplicate(AbstractSaveEventListener.java:292) [hibernate-core-5.4.4.Final.jar:5.4.4.Final]
	at org.hibernate.event.internal.AbstractSaveEventListener.performSave(AbstractSaveEventListener.java:198) [hibernate-core-5.4.4.Final.jar:5.4.4.Final]
	at org.hibernate.event.internal.AbstractSaveEventListener.saveWithGeneratedId(AbstractSaveEventListener.java:128) [hibernate-core-5.4.4.Final.jar:5.4.4.Final]
	at org.hibernate.event.internal.DefaultSaveOrUpdateEventListener.saveWithGeneratedOrRequestedId(DefaultSaveOrUpdateEventListener.java:193) [hibernate-core-5.4.4.Final.jar:5.4.4.Final]
	at org.hibernate.event.internal.DefaultSaveEventListener.saveWithGeneratedOrRequestedId(DefaultSaveEventListener.java:38) [hibernate-core-5.4.4.Final.jar:5.4.4.Final]
	at org.hibernate.event.internal.DefaultSaveOrUpdateEventListener.entityIsTransient(DefaultSaveOrUpdateEventListener.java:178) [hibernate-core-5.4.4.Final.jar:5.4.4.Final]
	at org.hibernate.event.internal.DefaultSaveEventListener.performSaveOrUpdate(DefaultSaveEventListener.java:32) [hibernate-core-5.4.4.Final.jar:5.4.4.Final]
	at org.hibernate.event.internal.DefaultSaveOrUpdateEventListener.onSaveOrUpdate(DefaultSaveOrUpdateEventListener.java:75) [hibernate-core-5.4.4.Final.jar:5.4.4.Final]
	at org.hibernate.internal.SessionImpl.fireSave(SessionImpl.java:697) [hibernate-core-5.4.4.Final.jar:5.4.4.Final]
	at org.hibernate.internal.SessionImpl.save(SessionImpl.java:689) [hibernate-core-5.4.4.Final.jar:5.4.4.Final]
	at org.hibernate.internal.SessionImpl.save(SessionImpl.java:684) [hibernate-core-5.4.4.Final.jar:5.4.4.Final]
	at com.streammedia.perisistence.UserDao.insert(UserDao.java:86) [classes/:?]
	at com.streammedia.controller.RegisterUser.doPost(RegisterUser.java:61) [classes/:?]
	at javax.servlet.http.HttpServlet.service(HttpServlet.java:661) [servlet-api.jar:?]
	at javax.servlet.http.HttpServlet.service(HttpServlet.java:742) [servlet-api.jar:?]
	at org.apache.catalina.core.ApplicationFilterChain.internalDoFilter(ApplicationFilterChain.java:231) [catalina.jar:8.5.41]
	at org.apache.catalina.core.ApplicationFilterChain.doFilter(ApplicationFilterChain.java:166) [catalina.jar:8.5.41]
	at org.apache.tomcat.websocket.server.WsFilter.doFilter(WsFilter.java:52) [tomcat-websocket.jar:8.5.41]
	at org.apache.catalina.core.ApplicationFilterChain.internalDoFilter(ApplicationFilterChain.java:193) [catalina.jar:8.5.41]
	at org.apache.catalina.core.ApplicationFilterChain.doFilter(ApplicationFilterChain.java:166) [catalina.jar:8.5.41]
	at org.apache.catalina.core.StandardWrapperValve.invoke(StandardWrapperValve.java:199) [catalina.jar:8.5.41]
	at org.apache.catalina.core.StandardContextValve.invoke(StandardContextValve.java:96) [catalina.jar:8.5.41]
	at org.apache.tomee.catalina.OpenEJBValve.invoke(OpenEJBValve.java:44) [tomee-catalina-7.1.1.jar:7.1.1]
	at org.apache.catalina.authenticator.AuthenticatorBase.invoke(AuthenticatorBase.java:493) [catalina.jar:8.5.41]
	at org.apache.catalina.core.StandardHostValve.invoke(StandardHostValve.java:137) [catalina.jar:8.5.41]
	at org.apache.catalina.valves.ErrorReportValve.invoke(ErrorReportValve.java:81) [catalina.jar:8.5.41]
	at org.apache.tomee.catalina.OpenEJBSecurityListener$RequestCapturer.invoke(OpenEJBSecurityListener.java:97) [tomee-catalina-7.1.1.jar:7.1.1]
	at org.apache.catalina.valves.AbstractAccessLogValve.invoke(AbstractAccessLogValve.java:660) [catalina.jar:8.5.41]
	at org.apache.catalina.core.StandardEngineValve.invoke(StandardEngineValve.java:87) [catalina.jar:8.5.41]
	at org.apache.catalina.connector.CoyoteAdapter.service(CoyoteAdapter.java:343) [catalina.jar:8.5.41]
	at org.apache.coyote.http11.Http11Processor.service(Http11Processor.java:798) [tomcat-coyote.jar:8.5.41]
	at org.apache.coyote.AbstractProcessorLight.process(AbstractProcessorLight.java:66) [tomcat-coyote.jar:8.5.41]
	at org.apache.coyote.AbstractProtocol$ConnectionHandler.process(AbstractProtocol.java:808) [tomcat-coyote.jar:8.5.41]
	at org.apache.tomcat.util.net.NioEndpoint$SocketProcessor.doRun(NioEndpoint.java:1498) [tomcat-coyote.jar:8.5.41]
	at org.apache.tomcat.util.net.SocketProcessorBase.run(SocketProcessorBase.java:49) [tomcat-coyote.jar:8.5.41]
	at java.util.concurrent.ThreadPoolExecutor.runWorker(ThreadPoolExecutor.java:1128) [?:?]
	at java.util.concurrent.ThreadPoolExecutor$Worker.run(ThreadPoolExecutor.java:628) [?:?]
	at org.apache.tomcat.util.threads.TaskThread$WrappingRunnable.run(TaskThread.java:61) [tomcat-util.jar:8.5.41]
	at java.lang.Thread.run(Thread.java:834) [?:?]
[WARN ] 2020-02-15 17:10:19.399 [http-nio-8080-exec-12] SqlExceptionHelper - SQL Error: 1048, SQLState: 23000
[ERROR] 2020-02-15 17:10:19.399 [http-nio-8080-exec-12] SqlExceptionHelper - Column 'updated_at' cannot be null
