[DEBUG] 2020-02-15 16:33:19.414 [http-nio-8080-exec-6] IntegratorServiceImpl - Adding Integrator [org.hibernate.cfg.beanvalidation.BeanValidationIntegrator].
[DEBUG] 2020-02-15 16:33:19.446 [http-nio-8080-exec-6] IntegratorServiceImpl - Adding Integrator [org.hibernate.secure.spi.JaccIntegrator].
[DEBUG] 2020-02-15 16:33:19.463 [http-nio-8080-exec-6] IntegratorServiceImpl - Adding Integrator [org.hibernate.cache.internal.CollectionCacheInvalidator].
[INFO ] 2020-02-15 16:33:19.842 [http-nio-8080-exec-6] Version - HHH000412: Hibernate Core {5.4.4.Final}
[DEBUG] 2020-02-15 16:33:19.849 [http-nio-8080-exec-6] Environment - HHH000206: hibernate.properties not found
[DEBUG] 2020-02-15 16:33:20.658 [http-nio-8080-exec-6] LocalXmlResourceResolver - Interpreting public/system identifier : [-//Hibernate/Hibernate Configuration DTD//EN] - [http://www.hibernate.org/dtd/hibernate-configuration-3.0.dtd]
[DEBUG] 2020-02-15 16:33:20.662 [http-nio-8080-exec-6] LocalXmlResourceResolver - Recognized hibernate-configuration identifier; attempting to resolve on classpath under org/hibernate/
[DEBUG] 2020-02-15 16:33:20.843 [http-nio-8080-exec-6] JaxbCfgProcessor - cfg.xml document did not define namespaces; wrapping in custom event reader to introduce namespace information
[DEBUG] 2020-02-15 16:33:22.198 [http-nio-8080-exec-6] ServiceBinding - Overriding existing service binding [org.hibernate.secure.spi.JaccService]
[DEBUG] 2020-02-15 16:33:22.294 [http-nio-8080-exec-6] RegionFactoryInitiator - Cannot default RegionFactory based on registered strategies as `[]` RegionFactory strategies were registered
[DEBUG] 2020-02-15 16:33:22.300 [http-nio-8080-exec-6] RegionFactoryInitiator - Cache region factory : org.hibernate.cache.internal.NoCachingRegionFactory
[INFO ] 2020-02-15 16:33:22.401 [http-nio-8080-exec-6] Version - HCANN000001: Hibernate Commons Annotations {5.1.0.Final}
[DEBUG] 2020-02-15 16:33:22.559 [http-nio-8080-exec-6] BasicTypeRegistry - Adding type registration boolean -> org.hibernate.type.BooleanType@36e05368
[DEBUG] 2020-02-15 16:33:22.560 [http-nio-8080-exec-6] BasicTypeRegistry - Adding type registration boolean -> org.hibernate.type.BooleanType@36e05368
[DEBUG] 2020-02-15 16:33:22.560 [http-nio-8080-exec-6] BasicTypeRegistry - Adding type registration java.lang.Boolean -> org.hibernate.type.BooleanType@36e05368
[DEBUG] 2020-02-15 16:33:22.565 [http-nio-8080-exec-6] BasicTypeRegistry - Adding type registration numeric_boolean -> org.hibernate.type.NumericBooleanType@2037bc7a
[DEBUG] 2020-02-15 16:33:22.567 [http-nio-8080-exec-6] BasicTypeRegistry - Adding type registration true_false -> org.hibernate.type.TrueFalseType@3435ca06
[DEBUG] 2020-02-15 16:33:22.570 [http-nio-8080-exec-6] BasicTypeRegistry - Adding type registration yes_no -> org.hibernate.type.YesNoType@68509130
[DEBUG] 2020-02-15 16:33:22.575 [http-nio-8080-exec-6] BasicTypeRegistry - Adding type registration byte -> org.hibernate.type.ByteType@53dec3d7
[DEBUG] 2020-02-15 16:33:22.575 [http-nio-8080-exec-6] BasicTypeRegistry - Adding type registration byte -> org.hibernate.type.ByteType@53dec3d7
[DEBUG] 2020-02-15 16:33:22.576 [http-nio-8080-exec-6] BasicTypeRegistry - Adding type registration java.lang.Byte -> org.hibernate.type.ByteType@53dec3d7
[DEBUG] 2020-02-15 16:33:22.581 [http-nio-8080-exec-6] BasicTypeRegistry - Adding type registration character -> org.hibernate.type.CharacterType@2295a422
[DEBUG] 2020-02-15 16:33:22.583 [http-nio-8080-exec-6] BasicTypeRegistry - Adding type registration char -> org.hibernate.type.CharacterType@2295a422
[DEBUG] 2020-02-15 16:33:22.583 [http-nio-8080-exec-6] BasicTypeRegistry - Adding type registration java.lang.Character -> org.hibernate.type.CharacterType@2295a422
[DEBUG] 2020-02-15 16:33:22.587 [http-nio-8080-exec-6] BasicTypeRegistry - Adding type registration short -> org.hibernate.type.ShortType@7e02a605
[DEBUG] 2020-02-15 16:33:22.590 [http-nio-8080-exec-6] BasicTypeRegistry - Adding type registration short -> org.hibernate.type.ShortType@7e02a605
[DEBUG] 2020-02-15 16:33:22.591 [http-nio-8080-exec-6] BasicTypeRegistry - Adding type registration java.lang.Short -> org.hibernate.type.ShortType@7e02a605
[DEBUG] 2020-02-15 16:33:22.594 [http-nio-8080-exec-6] BasicTypeRegistry - Adding type registration integer -> org.hibernate.type.IntegerType@43b50f0d
[DEBUG] 2020-02-15 16:33:22.599 [http-nio-8080-exec-6] BasicTypeRegistry - Adding type registration int -> org.hibernate.type.IntegerType@43b50f0d
[DEBUG] 2020-02-15 16:33:22.600 [http-nio-8080-exec-6] BasicTypeRegistry - Adding type registration java.lang.Integer -> org.hibernate.type.IntegerType@43b50f0d
[DEBUG] 2020-02-15 16:33:22.604 [http-nio-8080-exec-6] BasicTypeRegistry - Adding type registration long -> org.hibernate.type.LongType@13e3fdf2
[DEBUG] 2020-02-15 16:33:22.605 [http-nio-8080-exec-6] BasicTypeRegistry - Adding type registration long -> org.hibernate.type.LongType@13e3fdf2
[DEBUG] 2020-02-15 16:33:22.605 [http-nio-8080-exec-6] BasicTypeRegistry - Adding type registration java.lang.Long -> org.hibernate.type.LongType@13e3fdf2
[DEBUG] 2020-02-15 16:33:22.611 [http-nio-8080-exec-6] BasicTypeRegistry - Adding type registration float -> org.hibernate.type.FloatType@414c2ad
[DEBUG] 2020-02-15 16:33:22.612 [http-nio-8080-exec-6] BasicTypeRegistry - Adding type registration float -> org.hibernate.type.FloatType@414c2ad
[DEBUG] 2020-02-15 16:33:22.612 [http-nio-8080-exec-6] BasicTypeRegistry - Adding type registration java.lang.Float -> org.hibernate.type.FloatType@414c2ad
[DEBUG] 2020-02-15 16:33:22.615 [http-nio-8080-exec-6] BasicTypeRegistry - Adding type registration double -> org.hibernate.type.DoubleType@2da9a401
[DEBUG] 2020-02-15 16:33:22.616 [http-nio-8080-exec-6] BasicTypeRegistry - Adding type registration double -> org.hibernate.type.DoubleType@2da9a401
[DEBUG] 2020-02-15 16:33:22.620 [http-nio-8080-exec-6] BasicTypeRegistry - Adding type registration java.lang.Double -> org.hibernate.type.DoubleType@2da9a401
[DEBUG] 2020-02-15 16:33:22.624 [http-nio-8080-exec-6] BasicTypeRegistry - Adding type registration big_decimal -> org.hibernate.type.BigDecimalType@5a65efb6
[DEBUG] 2020-02-15 16:33:22.625 [http-nio-8080-exec-6] BasicTypeRegistry - Adding type registration java.math.BigDecimal -> org.hibernate.type.BigDecimalType@5a65efb6
[DEBUG] 2020-02-15 16:33:22.632 [http-nio-8080-exec-6] BasicTypeRegistry - Adding type registration big_integer -> org.hibernate.type.BigIntegerType@185d3d76
[DEBUG] 2020-02-15 16:33:22.632 [http-nio-8080-exec-6] BasicTypeRegistry - Adding type registration java.math.BigInteger -> org.hibernate.type.BigIntegerType@185d3d76
[DEBUG] 2020-02-15 16:33:22.636 [http-nio-8080-exec-6] BasicTypeRegistry - Adding type registration string -> org.hibernate.type.StringType@271b5236
[DEBUG] 2020-02-15 16:33:22.636 [http-nio-8080-exec-6] BasicTypeRegistry - Adding type registration java.lang.String -> org.hibernate.type.StringType@271b5236
[DEBUG] 2020-02-15 16:33:22.638 [http-nio-8080-exec-6] BasicTypeRegistry - Adding type registration nstring -> org.hibernate.type.StringNVarcharType@51a60103
[DEBUG] 2020-02-15 16:33:22.639 [http-nio-8080-exec-6] BasicTypeRegistry - Adding type registration ncharacter -> org.hibernate.type.CharacterNCharType@4a0088dd
[DEBUG] 2020-02-15 16:33:22.642 [http-nio-8080-exec-6] BasicTypeRegistry - Adding type registration url -> org.hibernate.type.UrlType@6333a2e0
[DEBUG] 2020-02-15 16:33:22.643 [http-nio-8080-exec-6] BasicTypeRegistry - Adding type registration java.net.URL -> org.hibernate.type.UrlType@6333a2e0
[DEBUG] 2020-02-15 16:33:22.646 [http-nio-8080-exec-6] BasicTypeRegistry - Adding type registration Duration -> org.hibernate.type.DurationType@78294e66
[DEBUG] 2020-02-15 16:33:22.647 [http-nio-8080-exec-6] BasicTypeRegistry - Adding type registration java.time.Duration -> org.hibernate.type.DurationType@78294e66
[DEBUG] 2020-02-15 16:33:22.699 [http-nio-8080-exec-6] BasicTypeRegistry - Adding type registration Instant -> org.hibernate.type.InstantType@3b580126
[DEBUG] 2020-02-15 16:33:22.700 [http-nio-8080-exec-6] BasicTypeRegistry - Adding type registration java.time.Instant -> org.hibernate.type.InstantType@3b580126
[DEBUG] 2020-02-15 16:33:22.704 [http-nio-8080-exec-6] BasicTypeRegistry - Adding type registration LocalDateTime -> org.hibernate.type.LocalDateTimeType@275a752d
[DEBUG] 2020-02-15 16:33:22.705 [http-nio-8080-exec-6] BasicTypeRegistry - Adding type registration java.time.LocalDateTime -> org.hibernate.type.LocalDateTimeType@275a752d
[DEBUG] 2020-02-15 16:33:22.708 [http-nio-8080-exec-6] BasicTypeRegistry - Adding type registration LocalDate -> org.hibernate.type.LocalDateType@327a33ef
[DEBUG] 2020-02-15 16:33:22.709 [http-nio-8080-exec-6] BasicTypeRegistry - Adding type registration java.time.LocalDate -> org.hibernate.type.LocalDateType@327a33ef
[DEBUG] 2020-02-15 16:33:22.713 [http-nio-8080-exec-6] BasicTypeRegistry - Adding type registration LocalTime -> org.hibernate.type.LocalTimeType@523ed04
[DEBUG] 2020-02-15 16:33:22.713 [http-nio-8080-exec-6] BasicTypeRegistry - Adding type registration java.time.LocalTime -> org.hibernate.type.LocalTimeType@523ed04
[DEBUG] 2020-02-15 16:33:22.717 [http-nio-8080-exec-6] BasicTypeRegistry - Adding type registration OffsetDateTime -> org.hibernate.type.OffsetDateTimeType@50c06c5e
[DEBUG] 2020-02-15 16:33:22.718 [http-nio-8080-exec-6] BasicTypeRegistry - Adding type registration java.time.OffsetDateTime -> org.hibernate.type.OffsetDateTimeType@50c06c5e
[DEBUG] 2020-02-15 16:33:22.723 [http-nio-8080-exec-6] BasicTypeRegistry - Adding type registration OffsetTime -> org.hibernate.type.OffsetTimeType@2b4f0178
[DEBUG] 2020-02-15 16:33:22.723 [http-nio-8080-exec-6] BasicTypeRegistry - Adding type registration java.time.OffsetTime -> org.hibernate.type.OffsetTimeType@2b4f0178
[DEBUG] 2020-02-15 16:33:22.727 [http-nio-8080-exec-6] BasicTypeRegistry - Adding type registration ZonedDateTime -> org.hibernate.type.ZonedDateTimeType@453448ea
[DEBUG] 2020-02-15 16:33:22.728 [http-nio-8080-exec-6] BasicTypeRegistry - Adding type registration java.time.ZonedDateTime -> org.hibernate.type.ZonedDateTimeType@453448ea
[DEBUG] 2020-02-15 16:33:22.734 [http-nio-8080-exec-6] BasicTypeRegistry - Adding type registration date -> org.hibernate.type.DateType@7e23a37e
[DEBUG] 2020-02-15 16:33:22.734 [http-nio-8080-exec-6] BasicTypeRegistry - Adding type registration java.sql.Date -> org.hibernate.type.DateType@7e23a37e
[DEBUG] 2020-02-15 16:33:22.741 [http-nio-8080-exec-6] BasicTypeRegistry - Adding type registration time -> org.hibernate.type.TimeType@4eabae42
[DEBUG] 2020-02-15 16:33:22.741 [http-nio-8080-exec-6] BasicTypeRegistry - Adding type registration java.sql.Time -> org.hibernate.type.TimeType@4eabae42
[DEBUG] 2020-02-15 16:33:22.747 [http-nio-8080-exec-6] BasicTypeRegistry - Adding type registration timestamp -> org.hibernate.type.TimestampType@6f3684a4
[DEBUG] 2020-02-15 16:33:22.747 [http-nio-8080-exec-6] BasicTypeRegistry - Adding type registration java.sql.Timestamp -> org.hibernate.type.TimestampType@6f3684a4
[DEBUG] 2020-02-15 16:33:22.748 [http-nio-8080-exec-6] BasicTypeRegistry - Adding type registration java.util.Date -> org.hibernate.type.TimestampType@6f3684a4
[DEBUG] 2020-02-15 16:33:22.756 [http-nio-8080-exec-6] BasicTypeRegistry - Adding type registration dbtimestamp -> org.hibernate.type.DbTimestampType@7f7ea67
[DEBUG] 2020-02-15 16:33:22.760 [http-nio-8080-exec-6] BasicTypeRegistry - Adding type registration calendar -> org.hibernate.type.CalendarType@4de7015d
[DEBUG] 2020-02-15 16:33:22.761 [http-nio-8080-exec-6] BasicTypeRegistry - Adding type registration java.util.Calendar -> org.hibernate.type.CalendarType@4de7015d
[DEBUG] 2020-02-15 16:33:22.762 [http-nio-8080-exec-6] BasicTypeRegistry - Adding type registration java.util.GregorianCalendar -> org.hibernate.type.CalendarType@4de7015d
[DEBUG] 2020-02-15 16:33:22.768 [http-nio-8080-exec-6] BasicTypeRegistry - Adding type registration calendar_date -> org.hibernate.type.CalendarDateType@5b900eee
[DEBUG] 2020-02-15 16:33:22.771 [http-nio-8080-exec-6] BasicTypeRegistry - Adding type registration locale -> org.hibernate.type.LocaleType@2e698199
[DEBUG] 2020-02-15 16:33:22.771 [http-nio-8080-exec-6] BasicTypeRegistry - Adding type registration java.util.Locale -> org.hibernate.type.LocaleType@2e698199
[DEBUG] 2020-02-15 16:33:22.774 [http-nio-8080-exec-6] BasicTypeRegistry - Adding type registration currency -> org.hibernate.type.CurrencyType@24be3865
[DEBUG] 2020-02-15 16:33:22.775 [http-nio-8080-exec-6] BasicTypeRegistry - Adding type registration java.util.Currency -> org.hibernate.type.CurrencyType@24be3865
[DEBUG] 2020-02-15 16:33:22.777 [http-nio-8080-exec-6] BasicTypeRegistry - Adding type registration timezone -> org.hibernate.type.TimeZoneType@856f80a
[DEBUG] 2020-02-15 16:33:22.778 [http-nio-8080-exec-6] BasicTypeRegistry - Adding type registration java.util.TimeZone -> org.hibernate.type.TimeZoneType@856f80a
[DEBUG] 2020-02-15 16:33:22.780 [http-nio-8080-exec-6] BasicTypeRegistry - Adding type registration class -> org.hibernate.type.ClassType@701cc608
[DEBUG] 2020-02-15 16:33:22.781 [http-nio-8080-exec-6] BasicTypeRegistry - Adding type registration java.lang.Class -> org.hibernate.type.ClassType@701cc608
[DEBUG] 2020-02-15 16:33:22.784 [http-nio-8080-exec-6] BasicTypeRegistry - Adding type registration uuid-binary -> org.hibernate.type.UUIDBinaryType@2923b572
[DEBUG] 2020-02-15 16:33:22.785 [http-nio-8080-exec-6] BasicTypeRegistry - Adding type registration java.util.UUID -> org.hibernate.type.UUIDBinaryType@2923b572
[DEBUG] 2020-02-15 16:33:22.787 [http-nio-8080-exec-6] BasicTypeRegistry - Adding type registration uuid-char -> org.hibernate.type.UUIDCharType@16951e7f
[DEBUG] 2020-02-15 16:33:22.790 [http-nio-8080-exec-6] BasicTypeRegistry - Adding type registration binary -> org.hibernate.type.BinaryType@14bdaf5e
[DEBUG] 2020-02-15 16:33:22.797 [http-nio-8080-exec-6] BasicTypeRegistry - Adding type registration byte[] -> org.hibernate.type.BinaryType@14bdaf5e
[DEBUG] 2020-02-15 16:33:22.797 [http-nio-8080-exec-6] BasicTypeRegistry - Adding type registration [B -> org.hibernate.type.BinaryType@14bdaf5e
[DEBUG] 2020-02-15 16:33:22.801 [http-nio-8080-exec-6] BasicTypeRegistry - Adding type registration wrapper-binary -> org.hibernate.type.WrapperBinaryType@531832eb
[DEBUG] 2020-02-15 16:33:22.801 [http-nio-8080-exec-6] BasicTypeRegistry - Adding type registration Byte[] -> org.hibernate.type.WrapperBinaryType@531832eb
[DEBUG] 2020-02-15 16:33:22.801 [http-nio-8080-exec-6] BasicTypeRegistry - Adding type registration [Ljava.lang.Byte; -> org.hibernate.type.WrapperBinaryType@531832eb
[DEBUG] 2020-02-15 16:33:22.805 [http-nio-8080-exec-6] BasicTypeRegistry - Adding type registration row_version -> org.hibernate.type.RowVersionType@636fcda9
[DEBUG] 2020-02-15 16:33:22.806 [http-nio-8080-exec-6] BasicTypeRegistry - Adding type registration image -> org.hibernate.type.ImageType@1ae6d373
[DEBUG] 2020-02-15 16:33:22.812 [http-nio-8080-exec-6] BasicTypeRegistry - Adding type registration characters -> org.hibernate.type.CharArrayType@ebb2619
[DEBUG] 2020-02-15 16:33:22.812 [http-nio-8080-exec-6] BasicTypeRegistry - Adding type registration char[] -> org.hibernate.type.CharArrayType@ebb2619
[DEBUG] 2020-02-15 16:33:22.812 [http-nio-8080-exec-6] BasicTypeRegistry - Adding type registration [C -> org.hibernate.type.CharArrayType@ebb2619
[DEBUG] 2020-02-15 16:33:22.816 [http-nio-8080-exec-6] BasicTypeRegistry - Adding type registration wrapper-characters -> org.hibernate.type.CharacterArrayType@54a8d17d
[DEBUG] 2020-02-15 16:33:22.817 [http-nio-8080-exec-6] BasicTypeRegistry - Adding type registration [Ljava.lang.Character; -> org.hibernate.type.CharacterArrayType@54a8d17d
[DEBUG] 2020-02-15 16:33:22.817 [http-nio-8080-exec-6] BasicTypeRegistry - Adding type registration Character[] -> org.hibernate.type.CharacterArrayType@54a8d17d
[DEBUG] 2020-02-15 16:33:22.822 [http-nio-8080-exec-6] BasicTypeRegistry - Adding type registration text -> org.hibernate.type.TextType@73a3b9da
[DEBUG] 2020-02-15 16:33:22.825 [http-nio-8080-exec-6] BasicTypeRegistry - Adding type registration ntext -> org.hibernate.type.NTextType@e678fc9
[DEBUG] 2020-02-15 16:33:22.833 [http-nio-8080-exec-6] BasicTypeRegistry - Adding type registration blob -> org.hibernate.type.BlobType@32c8734a
[DEBUG] 2020-02-15 16:33:22.834 [http-nio-8080-exec-6] BasicTypeRegistry - Adding type registration java.sql.Blob -> org.hibernate.type.BlobType@32c8734a
[DEBUG] 2020-02-15 16:33:22.836 [http-nio-8080-exec-6] BasicTypeRegistry - Adding type registration materialized_blob -> org.hibernate.type.MaterializedBlobType@3d9674ac
[DEBUG] 2020-02-15 16:33:22.840 [http-nio-8080-exec-6] BasicTypeRegistry - Adding type registration clob -> org.hibernate.type.ClobType@2faa77db
[DEBUG] 2020-02-15 16:33:22.841 [http-nio-8080-exec-6] BasicTypeRegistry - Adding type registration java.sql.Clob -> org.hibernate.type.ClobType@2faa77db
[DEBUG] 2020-02-15 16:33:22.846 [http-nio-8080-exec-6] BasicTypeRegistry - Adding type registration nclob -> org.hibernate.type.NClobType@373e7396
[DEBUG] 2020-02-15 16:33:22.847 [http-nio-8080-exec-6] BasicTypeRegistry - Adding type registration java.sql.NClob -> org.hibernate.type.NClobType@373e7396
[DEBUG] 2020-02-15 16:33:22.848 [http-nio-8080-exec-6] BasicTypeRegistry - Adding type registration materialized_clob -> org.hibernate.type.MaterializedClobType@49d9f9f3
[DEBUG] 2020-02-15 16:33:22.851 [http-nio-8080-exec-6] BasicTypeRegistry - Adding type registration materialized_nclob -> org.hibernate.type.MaterializedNClobType@70ec6ba
[DEBUG] 2020-02-15 16:33:22.858 [http-nio-8080-exec-6] BasicTypeRegistry - Adding type registration serializable -> org.hibernate.type.SerializableType@33210a32
[DEBUG] 2020-02-15 16:33:22.870 [http-nio-8080-exec-6] BasicTypeRegistry - Adding type registration object -> org.hibernate.type.ObjectType@477953c7
[DEBUG] 2020-02-15 16:33:22.871 [http-nio-8080-exec-6] BasicTypeRegistry - Adding type registration java.lang.Object -> org.hibernate.type.ObjectType@477953c7
[DEBUG] 2020-02-15 16:33:22.872 [http-nio-8080-exec-6] BasicTypeRegistry - Adding type registration imm_date -> org.hibernate.type.AdaptedImmutableType@6f19fe32
[DEBUG] 2020-02-15 16:33:22.872 [http-nio-8080-exec-6] BasicTypeRegistry - Adding type registration imm_time -> org.hibernate.type.AdaptedImmutableType@5dd9e7dc
[DEBUG] 2020-02-15 16:33:22.872 [http-nio-8080-exec-6] BasicTypeRegistry - Adding type registration imm_timestamp -> org.hibernate.type.AdaptedImmutableType@27b46b25
[DEBUG] 2020-02-15 16:33:22.873 [http-nio-8080-exec-6] BasicTypeRegistry - Adding type registration imm_dbtimestamp -> org.hibernate.type.AdaptedImmutableType@5ec814fd
[DEBUG] 2020-02-15 16:33:22.873 [http-nio-8080-exec-6] BasicTypeRegistry - Adding type registration imm_calendar -> org.hibernate.type.AdaptedImmutableType@7e008978
[DEBUG] 2020-02-15 16:33:22.873 [http-nio-8080-exec-6] BasicTypeRegistry - Adding type registration imm_calendar_date -> org.hibernate.type.AdaptedImmutableType@6cf57663
[DEBUG] 2020-02-15 16:33:22.874 [http-nio-8080-exec-6] BasicTypeRegistry - Adding type registration imm_binary -> org.hibernate.type.AdaptedImmutableType@689cc59b
[DEBUG] 2020-02-15 16:33:22.874 [http-nio-8080-exec-6] BasicTypeRegistry - Adding type registration imm_serializable -> org.hibernate.type.AdaptedImmutableType@766d5b89
[DEBUG] 2020-02-15 16:33:23.034 [http-nio-8080-exec-6] DefaultIdentifierGeneratorFactory - Registering IdentifierGenerator strategy [uuid2] -> [org.hibernate.id.UUIDGenerator]
[DEBUG] 2020-02-15 16:33:23.036 [http-nio-8080-exec-6] DefaultIdentifierGeneratorFactory - Registering IdentifierGenerator strategy [guid] -> [org.hibernate.id.GUIDGenerator]
[DEBUG] 2020-02-15 16:33:23.039 [http-nio-8080-exec-6] DefaultIdentifierGeneratorFactory - Registering IdentifierGenerator strategy [uuid] -> [org.hibernate.id.UUIDHexGenerator]
[DEBUG] 2020-02-15 16:33:23.040 [http-nio-8080-exec-6] DefaultIdentifierGeneratorFactory - Registering IdentifierGenerator strategy [uuid.hex] -> [org.hibernate.id.UUIDHexGenerator]
[DEBUG] 2020-02-15 16:33:23.042 [http-nio-8080-exec-6] DefaultIdentifierGeneratorFactory - Registering IdentifierGenerator strategy [assigned] -> [org.hibernate.id.Assigned]
[DEBUG] 2020-02-15 16:33:23.050 [http-nio-8080-exec-6] DefaultIdentifierGeneratorFactory - Registering IdentifierGenerator strategy [identity] -> [org.hibernate.id.IdentityGenerator]
[DEBUG] 2020-02-15 16:33:23.054 [http-nio-8080-exec-6] DefaultIdentifierGeneratorFactory - Registering IdentifierGenerator strategy [select] -> [org.hibernate.id.SelectGenerator]
[DEBUG] 2020-02-15 16:33:23.059 [http-nio-8080-exec-6] DefaultIdentifierGeneratorFactory - Registering IdentifierGenerator strategy [sequence] -> [org.hibernate.id.enhanced.SequenceStyleGenerator]
[DEBUG] 2020-02-15 16:33:23.063 [http-nio-8080-exec-6] DefaultIdentifierGeneratorFactory - Registering IdentifierGenerator strategy [seqhilo] -> [org.hibernate.id.SequenceHiLoGenerator]
[DEBUG] 2020-02-15 16:33:23.066 [http-nio-8080-exec-6] DefaultIdentifierGeneratorFactory - Registering IdentifierGenerator strategy [increment] -> [org.hibernate.id.IncrementGenerator]
[DEBUG] 2020-02-15 16:33:23.068 [http-nio-8080-exec-6] DefaultIdentifierGeneratorFactory - Registering IdentifierGenerator strategy [foreign] -> [org.hibernate.id.ForeignGenerator]
[DEBUG] 2020-02-15 16:33:23.070 [http-nio-8080-exec-6] DefaultIdentifierGeneratorFactory - Registering IdentifierGenerator strategy [sequence-identity] -> [org.hibernate.id.SequenceIdentityGenerator]
[DEBUG] 2020-02-15 16:33:23.071 [http-nio-8080-exec-6] DefaultIdentifierGeneratorFactory - Registering IdentifierGenerator strategy [enhanced-sequence] -> [org.hibernate.id.enhanced.SequenceStyleGenerator]
[DEBUG] 2020-02-15 16:33:23.074 [http-nio-8080-exec-6] DefaultIdentifierGeneratorFactory - Registering IdentifierGenerator strategy [enhanced-table] -> [org.hibernate.id.enhanced.TableGenerator]
[INFO ] 2020-02-15 16:33:23.098 [http-nio-8080-exec-6] C3P0ConnectionProvider - HHH010002: C3P0 using driver: com.mysql.cj.jdbc.Driver at URL: jdbc:mysql://localhost:3306/streamMedia
[INFO ] 2020-02-15 16:33:23.099 [http-nio-8080-exec-6] C3P0ConnectionProvider - HHH10001001: Connection properties: {password=****, user=root}
[INFO ] 2020-02-15 16:33:23.099 [http-nio-8080-exec-6] C3P0ConnectionProvider - HHH10001003: Autocommit mode: false
[INFO ] 2020-02-15 16:33:23.711 [http-nio-8080-exec-6] C3P0ConnectionProvider - HHH10001007: JDBC isolation level: <unknown>
[DEBUG] 2020-02-15 16:33:26.303 [http-nio-8080-exec-6] JdbcEnvironmentInitiator - Database ->
       name : MySQL
    version : 8.0.19
      major : 8
      minor : 0
[DEBUG] 2020-02-15 16:33:26.308 [http-nio-8080-exec-6] JdbcEnvironmentInitiator - Driver ->
       name : MySQL Connector/J
    version : mysql-connector-java-8.0.16 (Revision: 34cbc6bc61f72836e26327537a432d6db7c77de6)
      major : 8
      minor : 0
[DEBUG] 2020-02-15 16:33:26.309 [http-nio-8080-exec-6] JdbcEnvironmentInitiator - JDBC version : 4.2
[INFO ] 2020-02-15 16:33:26.495 [http-nio-8080-exec-6] Dialect - HHH000400: Using dialect: org.hibernate.dialect.MySQL8Dialect
[DEBUG] 2020-02-15 16:33:26.597 [http-nio-8080-exec-6] IdentifierHelperBuilder - JDBC driver metadata reported database stores quoted identifiers in more than one case
[DEBUG] 2020-02-15 16:33:26.742 [http-nio-8080-exec-6] IdentifierHelperBuilder - IdentifierCaseStrategy for both quoted and unquoted identifiers was set to the same strategy [MIXED]; that will likely lead to problems in schema update and validation if using quoted identifiers
[DEBUG] 2020-02-15 16:33:27.008 [http-nio-8080-exec-6] Namespace - Created database namespace [logicalName=Name{catalog=null, schema=null}, physicalName=Name{catalog=null, schema=null}]
[DEBUG] 2020-02-15 16:33:27.031 [http-nio-8080-exec-6] TypeConfiguration$Scope - Scoping TypeConfiguration [org.hibernate.type.spi.TypeConfiguration@22c56146] to MetadataBuildingContext [org.hibernate.boot.internal.MetadataBuildingContextRootImpl@2d6c5a28]
[DEBUG] 2020-02-15 16:33:27.313 [http-nio-8080-exec-6] AnnotationBinder - Binding entity from annotated class: com.streammedia.entity.User
[DEBUG] 2020-02-15 16:33:27.461 [http-nio-8080-exec-6] Ejb3Column - Binding column: Ejb3DiscriminatorColumn{logicalColumnName'DTYPE', discriminatorTypeName='string'}
[DEBUG] 2020-02-15 16:33:27.494 [http-nio-8080-exec-6] EntityBinder - Import with entity name User
[DEBUG] 2020-02-15 16:33:27.511 [http-nio-8080-exec-6] EntityBinder - Bind entity com.streammedia.entity.User on table SM_Users
[DEBUG] 2020-02-15 16:33:27.775 [http-nio-8080-exec-6] Ejb3Column - Binding column: Ejb3Column{table=org.hibernate.mapping.Table(SM_Users), mappingColumn=user_id, insertable=true, updatable=true, unique=false}
[DEBUG] 2020-02-15 16:33:27.817 [http-nio-8080-exec-6] PropertyBinder - MetadataSourceProcessor property userId with lazy=false
[DEBUG] 2020-02-15 16:33:27.836 [http-nio-8080-exec-6] AbstractPropertyHolder - Attempting to locate auto-apply AttributeConverter for property [com.streammedia.entity.User:userId]
[DEBUG] 2020-02-15 16:33:27.849 [http-nio-8080-exec-6] SimpleValueBinder - building SimpleValue for userId
[DEBUG] 2020-02-15 16:33:27.872 [http-nio-8080-exec-6] PropertyBinder - Building property userId
[DEBUG] 2020-02-15 16:33:27.902 [http-nio-8080-exec-6] BinderHelper - #makeIdGenerator(org.hibernate.mapping.SimpleValue([org.hibernate.mapping.Column(user_id)]), userId, org.hibernate.id.enhanced.SequenceStyleGenerator, native, ...)
[DEBUG] 2020-02-15 16:33:27.906 [http-nio-8080-exec-6] Ejb3Column - Binding column: Ejb3Column{table=org.hibernate.mapping.Table(SM_Users), mappingColumn=biography, insertable=true, updatable=true, unique=false}
[DEBUG] 2020-02-15 16:33:27.907 [http-nio-8080-exec-6] PropertyBinder - MetadataSourceProcessor property biography with lazy=false
[DEBUG] 2020-02-15 16:33:27.907 [http-nio-8080-exec-6] AbstractPropertyHolder - Attempting to locate auto-apply AttributeConverter for property [com.streammedia.entity.User:biography]
[DEBUG] 2020-02-15 16:33:27.907 [http-nio-8080-exec-6] SimpleValueBinder - building SimpleValue for biography
[DEBUG] 2020-02-15 16:33:27.908 [http-nio-8080-exec-6] PropertyBinder - Building property biography
[DEBUG] 2020-02-15 16:33:27.908 [http-nio-8080-exec-6] Ejb3Column - Binding column: Ejb3Column{table=org.hibernate.mapping.Table(SM_Users), mappingColumn=birthdate, insertable=true, updatable=true, unique=false}
[DEBUG] 2020-02-15 16:33:27.909 [http-nio-8080-exec-6] PropertyBinder - MetadataSourceProcessor property birthdate with lazy=false
[DEBUG] 2020-02-15 16:33:27.909 [http-nio-8080-exec-6] AbstractPropertyHolder - Attempting to locate auto-apply AttributeConverter for property [com.streammedia.entity.User:birthdate]
[DEBUG] 2020-02-15 16:33:27.909 [http-nio-8080-exec-6] SimpleValueBinder - building SimpleValue for birthdate
[DEBUG] 2020-02-15 16:33:27.909 [http-nio-8080-exec-6] PropertyBinder - Building property birthdate
[DEBUG] 2020-02-15 16:33:27.910 [http-nio-8080-exec-6] Ejb3Column - Binding column: Ejb3Column{table=org.hibernate.mapping.Table(SM_Users), mappingColumn=created_at, insertable=true, updatable=true, unique=false}
[DEBUG] 2020-02-15 16:33:27.910 [http-nio-8080-exec-6] PropertyBinder - MetadataSourceProcessor property createdAt with lazy=false
[DEBUG] 2020-02-15 16:33:27.910 [http-nio-8080-exec-6] AbstractPropertyHolder - Attempting to locate auto-apply AttributeConverter for property [com.streammedia.entity.User:createdAt]
[DEBUG] 2020-02-15 16:33:27.910 [http-nio-8080-exec-6] SimpleValueBinder - building SimpleValue for createdAt
[DEBUG] 2020-02-15 16:33:27.911 [http-nio-8080-exec-6] PropertyBinder - Building property createdAt
[DEBUG] 2020-02-15 16:33:27.912 [http-nio-8080-exec-6] Ejb3Column - Binding column: Ejb3Column{table=org.hibernate.mapping.Table(SM_Users), mappingColumn=email, insertable=true, updatable=true, unique=false}
[DEBUG] 2020-02-15 16:33:27.912 [http-nio-8080-exec-6] PropertyBinder - MetadataSourceProcessor property email with lazy=false
[DEBUG] 2020-02-15 16:33:27.920 [http-nio-8080-exec-6] AbstractPropertyHolder - Attempting to locate auto-apply AttributeConverter for property [com.streammedia.entity.User:email]
[DEBUG] 2020-02-15 16:33:27.921 [http-nio-8080-exec-6] SimpleValueBinder - building SimpleValue for email
[DEBUG] 2020-02-15 16:33:27.928 [http-nio-8080-exec-6] PropertyBinder - Building property email
[DEBUG] 2020-02-15 16:33:27.930 [http-nio-8080-exec-6] Ejb3Column - Binding column: Ejb3Column{table=org.hibernate.mapping.Table(SM_Users), mappingColumn=first_name, insertable=true, updatable=true, unique=false}
[DEBUG] 2020-02-15 16:33:27.930 [http-nio-8080-exec-6] PropertyBinder - MetadataSourceProcessor property firstName with lazy=false
[DEBUG] 2020-02-15 16:33:27.930 [http-nio-8080-exec-6] AbstractPropertyHolder - Attempting to locate auto-apply AttributeConverter for property [com.streammedia.entity.User:firstName]
[DEBUG] 2020-02-15 16:33:27.931 [http-nio-8080-exec-6] SimpleValueBinder - building SimpleValue for firstName
[DEBUG] 2020-02-15 16:33:27.931 [http-nio-8080-exec-6] PropertyBinder - Building property firstName
[DEBUG] 2020-02-15 16:33:27.931 [http-nio-8080-exec-6] Ejb3Column - Binding column: Ejb3Column{table=org.hibernate.mapping.Table(SM_Users), mappingColumn=gender, insertable=true, updatable=true, unique=false}
[DEBUG] 2020-02-15 16:33:27.932 [http-nio-8080-exec-6] PropertyBinder - MetadataSourceProcessor property gender with lazy=false
[DEBUG] 2020-02-15 16:33:27.932 [http-nio-8080-exec-6] AbstractPropertyHolder - Attempting to locate auto-apply AttributeConverter for property [com.streammedia.entity.User:gender]
[DEBUG] 2020-02-15 16:33:27.932 [http-nio-8080-exec-6] SimpleValueBinder - building SimpleValue for gender
[DEBUG] 2020-02-15 16:33:27.932 [http-nio-8080-exec-6] PropertyBinder - Building property gender
[DEBUG] 2020-02-15 16:33:27.933 [http-nio-8080-exec-6] Ejb3Column - Binding column: Ejb3Column{table=org.hibernate.mapping.Table(SM_Users), mappingColumn=last_name, insertable=true, updatable=true, unique=false}
[DEBUG] 2020-02-15 16:33:27.936 [http-nio-8080-exec-6] PropertyBinder - MetadataSourceProcessor property lastName with lazy=false
[DEBUG] 2020-02-15 16:33:27.936 [http-nio-8080-exec-6] AbstractPropertyHolder - Attempting to locate auto-apply AttributeConverter for property [com.streammedia.entity.User:lastName]
[DEBUG] 2020-02-15 16:33:27.936 [http-nio-8080-exec-6] SimpleValueBinder - building SimpleValue for lastName
[DEBUG] 2020-02-15 16:33:27.936 [http-nio-8080-exec-6] PropertyBinder - Building property lastName
[DEBUG] 2020-02-15 16:33:27.937 [http-nio-8080-exec-6] Ejb3Column - Binding column: Ejb3Column{table=org.hibernate.mapping.Table(SM_Users), mappingColumn=password, insertable=true, updatable=true, unique=false}
[DEBUG] 2020-02-15 16:33:27.937 [http-nio-8080-exec-6] PropertyBinder - MetadataSourceProcessor property password with lazy=false
[DEBUG] 2020-02-15 16:33:27.937 [http-nio-8080-exec-6] AbstractPropertyHolder - Attempting to locate auto-apply AttributeConverter for property [com.streammedia.entity.User:password]
[DEBUG] 2020-02-15 16:33:27.938 [http-nio-8080-exec-6] SimpleValueBinder - building SimpleValue for password
[DEBUG] 2020-02-15 16:33:27.938 [http-nio-8080-exec-6] PropertyBinder - Building property password
[DEBUG] 2020-02-15 16:33:27.938 [http-nio-8080-exec-6] Ejb3Column - Binding column: Ejb3Column{table=org.hibernate.mapping.Table(SM_Users), mappingColumn=picture, insertable=true, updatable=true, unique=false}
[DEBUG] 2020-02-15 16:33:27.938 [http-nio-8080-exec-6] PropertyBinder - MetadataSourceProcessor property picture with lazy=false
[DEBUG] 2020-02-15 16:33:27.939 [http-nio-8080-exec-6] AbstractPropertyHolder - Attempting to locate auto-apply AttributeConverter for property [com.streammedia.entity.User:picture]
[DEBUG] 2020-02-15 16:33:27.939 [http-nio-8080-exec-6] SimpleValueBinder - building SimpleValue for picture
[DEBUG] 2020-02-15 16:33:27.939 [http-nio-8080-exec-6] PropertyBinder - Building property picture
[DEBUG] 2020-02-15 16:33:27.940 [http-nio-8080-exec-6] Ejb3Column - Binding column: Ejb3Column{table=org.hibernate.mapping.Table(SM_Users), mappingColumn=updated_at, insertable=true, updatable=true, unique=false}
[DEBUG] 2020-02-15 16:33:27.955 [http-nio-8080-exec-6] PropertyBinder - MetadataSourceProcessor property updateAt with lazy=false
[DEBUG] 2020-02-15 16:33:27.955 [http-nio-8080-exec-6] AbstractPropertyHolder - Attempting to locate auto-apply AttributeConverter for property [com.streammedia.entity.User:updateAt]
[DEBUG] 2020-02-15 16:33:27.956 [http-nio-8080-exec-6] SimpleValueBinder - building SimpleValue for updateAt
[DEBUG] 2020-02-15 16:33:27.958 [http-nio-8080-exec-6] PropertyBinder - Building property updateAt
[DEBUG] 2020-02-15 16:33:27.959 [http-nio-8080-exec-6] Ejb3Column - Binding column: Ejb3Column{table=org.hibernate.mapping.Table(SM_Users), mappingColumn=username, insertable=true, updatable=true, unique=true}
[DEBUG] 2020-02-15 16:33:27.963 [http-nio-8080-exec-6] PropertyBinder - MetadataSourceProcessor property username with lazy=false
[DEBUG] 2020-02-15 16:33:27.964 [http-nio-8080-exec-6] AbstractPropertyHolder - Attempting to locate auto-apply AttributeConverter for property [com.streammedia.entity.User:username]
[DEBUG] 2020-02-15 16:33:27.970 [http-nio-8080-exec-6] SimpleValueBinder - building SimpleValue for username
[DEBUG] 2020-02-15 16:33:27.971 [http-nio-8080-exec-6] PropertyBinder - Building property username
[DEBUG] 2020-02-15 16:33:27.993 [http-nio-8080-exec-6] SimpleValueBinder - Starting fillSimpleValue for userId
[DEBUG] 2020-02-15 16:33:27.994 [http-nio-8080-exec-6] SimpleValueBinder - Starting fillSimpleValue for biography
[DEBUG] 2020-02-15 16:33:27.994 [http-nio-8080-exec-6] SimpleValueBinder - Starting fillSimpleValue for birthdate
[DEBUG] 2020-02-15 16:33:27.994 [http-nio-8080-exec-6] SimpleValueBinder - Starting fillSimpleValue for createdAt
[DEBUG] 2020-02-15 16:33:27.994 [http-nio-8080-exec-6] SimpleValueBinder - Starting fillSimpleValue for email
[DEBUG] 2020-02-15 16:33:27.995 [http-nio-8080-exec-6] SimpleValueBinder - Starting fillSimpleValue for firstName
[DEBUG] 2020-02-15 16:33:27.996 [http-nio-8080-exec-6] SimpleValueBinder - Starting fillSimpleValue for gender
[DEBUG] 2020-02-15 16:33:27.996 [http-nio-8080-exec-6] SimpleValueBinder - Starting fillSimpleValue for lastName
[DEBUG] 2020-02-15 16:33:27.996 [http-nio-8080-exec-6] SimpleValueBinder - Starting fillSimpleValue for password
[DEBUG] 2020-02-15 16:33:27.996 [http-nio-8080-exec-6] SimpleValueBinder - Starting fillSimpleValue for picture
[DEBUG] 2020-02-15 16:33:27.997 [http-nio-8080-exec-6] SimpleValueBinder - Starting fillSimpleValue for updateAt
[DEBUG] 2020-02-15 16:33:28.000 [http-nio-8080-exec-6] SimpleValueBinder - Starting fillSimpleValue for username
[DEBUG] 2020-02-15 16:33:28.009 [http-nio-8080-exec-6] PrimaryKey - Forcing column [user_id] to be non-null as it is part of the primary key for table [sm_users]
[DEBUG] 2020-02-15 16:33:28.275 [http-nio-8080-exec-6] SessionFactoryImpl - Building session factory
[DEBUG] 2020-02-15 16:33:28.279 [http-nio-8080-exec-6] Settings - SessionFactory name : null
[DEBUG] 2020-02-15 16:33:28.279 [http-nio-8080-exec-6] Settings - Automatic flush during beforeCompletion(): enabled
[DEBUG] 2020-02-15 16:33:28.280 [http-nio-8080-exec-6] Settings - Automatic session close at end of transaction: disabled
[DEBUG] 2020-02-15 16:33:28.280 [http-nio-8080-exec-6] Settings - Statistics: disabled
[DEBUG] 2020-02-15 16:33:28.280 [http-nio-8080-exec-6] Settings - Deleted entity synthetic identifier rollback: disabled
[DEBUG] 2020-02-15 16:33:28.280 [http-nio-8080-exec-6] Settings - Default entity-mode: pojo
[DEBUG] 2020-02-15 16:33:28.280 [http-nio-8080-exec-6] Settings - Check Nullability in Core (should be disabled when Bean Validation is on): enabled
[DEBUG] 2020-02-15 16:33:28.280 [http-nio-8080-exec-6] Settings - Allow initialization of lazy state outside session : disabled
[DEBUG] 2020-02-15 16:33:28.285 [http-nio-8080-exec-6] Settings - Using BatchFetchStyle : LEGACY
[DEBUG] 2020-02-15 16:33:28.285 [http-nio-8080-exec-6] Settings - Default batch fetch size: -1
[DEBUG] 2020-02-15 16:33:28.285 [http-nio-8080-exec-6] Settings - Maximum outer join fetch depth: 2
[DEBUG] 2020-02-15 16:33:28.293 [http-nio-8080-exec-6] Settings - Default null ordering: NONE
[DEBUG] 2020-02-15 16:33:28.297 [http-nio-8080-exec-6] Settings - Order SQL updates by primary key: disabled
[DEBUG] 2020-02-15 16:33:28.298 [http-nio-8080-exec-6] Settings - Order SQL inserts for batching: disabled
[DEBUG] 2020-02-15 16:33:28.298 [http-nio-8080-exec-6] Settings - multi-tenancy strategy : NONE
[DEBUG] 2020-02-15 16:33:28.298 [http-nio-8080-exec-6] Settings - JTA Track by Thread: enabled
[DEBUG] 2020-02-15 16:33:28.299 [http-nio-8080-exec-6] Settings - Query language substitutions: {}
[DEBUG] 2020-02-15 16:33:28.299 [http-nio-8080-exec-6] Settings - Named query checking : enabled
[DEBUG] 2020-02-15 16:33:28.300 [http-nio-8080-exec-6] Settings - Second-level cache: disabled
[DEBUG] 2020-02-15 16:33:28.300 [http-nio-8080-exec-6] Settings - Second-level query cache: disabled
[DEBUG] 2020-02-15 16:33:28.300 [http-nio-8080-exec-6] Settings - Second-level query cache factory: null
[DEBUG] 2020-02-15 16:33:28.300 [http-nio-8080-exec-6] Settings - Second-level cache region prefix: null
[DEBUG] 2020-02-15 16:33:28.300 [http-nio-8080-exec-6] Settings - Optimize second-level cache for minimal puts: disabled
[DEBUG] 2020-02-15 16:33:28.301 [http-nio-8080-exec-6] Settings - Structured second-level cache entries: disabled
[DEBUG] 2020-02-15 16:33:28.301 [http-nio-8080-exec-6] Settings - Second-level cache direct-reference entries: disabled
[DEBUG] 2020-02-15 16:33:28.306 [http-nio-8080-exec-6] Settings - Automatic eviction of collection cache: disabled
[DEBUG] 2020-02-15 16:33:28.310 [http-nio-8080-exec-6] Settings - JDBC batch size: 15
[DEBUG] 2020-02-15 16:33:28.310 [http-nio-8080-exec-6] Settings - JDBC batch updates for versioned data: enabled
[DEBUG] 2020-02-15 16:33:28.310 [http-nio-8080-exec-6] Settings - Scrollable result sets: enabled
[DEBUG] 2020-02-15 16:33:28.312 [http-nio-8080-exec-6] Settings - Wrap result sets: disabled
[DEBUG] 2020-02-15 16:33:28.312 [http-nio-8080-exec-6] Settings - JDBC3 getGeneratedKeys(): enabled
[DEBUG] 2020-02-15 16:33:28.313 [http-nio-8080-exec-6] Settings - JDBC result set fetch size: null
[DEBUG] 2020-02-15 16:33:28.318 [http-nio-8080-exec-6] Settings - Connection release mode: AFTER_TRANSACTION
[DEBUG] 2020-02-15 16:33:28.318 [http-nio-8080-exec-6] Settings - Generate SQL with comments: disabled
[DEBUG] 2020-02-15 16:33:28.319 [http-nio-8080-exec-6] Settings - JPA compliance - query : 
[DEBUG] 2020-02-15 16:33:28.319 [http-nio-8080-exec-6] Settings - JPA compliance - closed-handling : 
[DEBUG] 2020-02-15 16:33:28.319 [http-nio-8080-exec-6] Settings - JPA compliance - lists : 
[DEBUG] 2020-02-15 16:33:28.319 [http-nio-8080-exec-6] Settings - JPA compliance - transactions : 
[INFO ] 2020-02-15 16:33:28.690 [http-nio-8080-exec-6] beans - HHH10005002: No explicit CDI BeanManager reference was passed to Hibernate, but CDI is available on the Hibernate ClassLoader.
[DEBUG] 2020-02-15 16:33:28.768 [http-nio-8080-exec-6] SessionFactoryImpl - Session factory constructed with filter configurations : {}
[DEBUG] 2020-02-15 16:33:28.768 [http-nio-8080-exec-6] SessionFactoryImpl - Instantiating session factory with properties: {awt.toolkit=sun.awt.X11.XToolkit, java.specification.version=11, sun.cpu.isalist=, hibernate.c3p0.idle_test_period=3000, sun.jnu.encoding=UTF-8, hibernate.c3p0.min_size=5, sun.arch.data.model=64, java.vendor.url=https://ubuntu.com/, catalina.useNaming=true, openejb.provider.default=org.apache.tomee, sun.boot.library.path=/usr/lib/jvm/java-11-openjdk-amd64/lib, com.sun.management.jmxremote.ssl=false, sun.java.command=org.apache.catalina.startup.Bootstrap start, jdk.debug=release, java.specification.vendor=Oracle Corporation, java.naming.factory.url.pkgs=org.apache.naming:org.apache.openejb.core.ivm.naming, openejb.embedder.source=ServerListener, java.version.date=2020-01-14, java.home=/usr/lib/jvm/java-11-openjdk-amd64, ignore.endorsed.dirs=, file.separator=/, java.vm.compressedOopsMode=32-bit, line.separator=
, hibernate.c3p0.timeout=300, java.specification.name=Java Platform API Specification, java.vm.specification.vendor=Oracle Corporation, openejb.scan.webapp.container=true, com.sun.management.jmxremote.password.file=/home/student/.IntelliJIdea2019.3/system/tomcat/Unnamed_streamMedia/jmxremote.password, package.definition=sun.,java.,org.apache.catalina.,org.apache.coyote.,org.apache.jasper.,org.apache.naming.,org.apache.tomcat., openejb.deployments.classpath.filter.systemapps=false, jdk.tls.ephemeralDHKeySize=2048, java.util.logging.config.file=/home/student/.IntelliJIdea2019.3/system/tomcat/Unnamed_streamMedia/conf/logging.properties, java.protocol.handler.pkgs=org.apache.catalina.webresources, connection.password=student, sun.management.compiler=HotSpot 64-Bit Tiered Compilers, openejb.scan.webapp.container.excludes=, java.runtime.version=11.0.6+10-post-Ubuntu-1ubuntu118.04.1, user.name=student, org.apache.johnzon.max-string-length=8192, file.encoding=UTF-8, derby.system.home=/home/student/tomcat/bin, org.apache.catalina.security.SecurityListener.UMASK=0027, hibernate.connection.driver_class=com.mysql.cj.jdbc.Driver, java.io.tmpdir=/home/student/tomcat/temp, tomcat.util.scan.StandardJarScanFilter.jarsToScan=log4j-taglib*.jar,log4j-web*.jar,log4javascript*.jar,slf4j-taglib*.jar, java.version=11.0.6, com.sun.management.jmxremote.port=1099, tomcat.util.scan.StandardJarScanFilter.jarsToSkip=annotations-api.jar,ant-junit*.jar,ant-launcher.jar,ant.jar,asm-*.jar,aspectj*.jar,bootstrap.jar,catalina-ant.jar,catalina-ha.jar,catalina-jmx-remote.jar,catalina-storeconfig.jar,catalina-tribes.jar,catalina-ws.jar,catalina.jar,cglib-*.jar,cobertura-*.jar,commons-beanutils*.jar,commons-codec*.jar,commons-collections*.jar,commons-daemon.jar,commons-dbcp*.jar,commons-digester*.jar,commons-fileupload*.jar,commons-httpclient*.jar,commons-io*.jar,commons-lang*.jar,commons-logging*.jar,commons-math*.jar,commons-pool*.jar,dom4j-*.jar,easymock-*.jar,ecj-*.jar,el-api.jar,geronimo-spec-jaxrpc*.jar,h2*.jar,hamcrest-*.jar,hibernate*.jar,httpclient*.jar,icu4j-*.jar,jasper-el.jar,jasper.jar,jaspic-api.jar,jaxb-*.jar,jaxen-*.jar,jdom-*.jar,jetty-*.jar,jmx-tools.jar,jmx.jar,jsp-api.jar,jstl.jar,jta*.jar,junit-*.jar,junit.jar,log4j*.jar,mail*.jar,objenesis-*.jar,oraclepki.jar,oro-*.jar,servlet-api-*.jar,servlet-api.jar,slf4j*.jar,taglibs-standard-spec-*.jar,tagsoup-*.jar,tomcat-api.jar,tomcat-coyote.jar,tomcat-dbcp.jar,tomcat-i18n-*.jar,tomcat-jdbc.jar,tomcat-jni.jar,tomcat-juli-adapters.jar,tomcat-juli.jar,tomcat-util-scan.jar,tomcat-util.jar,tomcat-websocket.jar,tools.jar,websocket-api.jar,wsdl4j*.jar,xercesImpl.jar,xml-apis.jar,xmlParserAPIs-*.jar,xmlParserAPIs.jar,xom-*.jar, connection.username=root, java.vm.specification.name=Java Virtual Machine Specification, java.awt.printerjob=sun.print.PSPrinterJob, sun.os.patch.level=unknown, connection.driver_class=com.mysql.cj.jdbc.Driver, tomcat.built=May 4 2019 09:17:16 UTC, java.library.path=/usr/java/packages/lib:/usr/lib/x86_64-linux-gnu/jni:/lib/x86_64-linux-gnu:/usr/lib/x86_64-linux-gnu:/usr/lib/jni:/lib:/usr/lib, java.vendor=Ubuntu, tomee.version=7.1.1, java.rmi.server.randomIDs=true, sun.io.unicode.encoding=UnicodeLittle, tomcat.util.buf.StringCache.byte.enabled=true, sun.desktop=gnome, java.class.path=/home/student/tomcat/bin/bootstrap.jar:/home/student/tomcat/bin/tomcat-juli.jar, tomcat.version=8.5.41.0, java.vm.vendor=Ubuntu, openejb.home=/home/student/tomcat, openejb.system.apps=true, user.timezone=America/Chicago, os.name=Linux, java.vm.specification.version=11, sun.java.launcher=SUN_STANDARD, user.country=US, openejb.base=/home/student/.IntelliJIdea2019.3/system/tomcat/Unnamed_streamMedia, com.sun.management.jmxremote=, sun.cpu.endian=little, user.home=/home/student, hibernate.c3p0.max_statements=50, user.language=en, openejb.deployments.classpath=false, java.awt.graphicsenv=sun.awt.X11GraphicsEnvironment, package.access=sun.,org.apache.catalina.,org.apache.coyote.,org.apache.jasper.,org.apache.tomcat., openejb.loader=tomcat-system, server.loader=, com.sun.management.jmxremote.access.file=/home/student/.IntelliJIdea2019.3/system/tomcat/Unnamed_streamMedia/jmxremote.access, hibernate.c3p0.max_size=20, java.naming.factory.initial=org.apache.naming.java.javaURLContextFactory, path.separator=:, org.apache.openejb.core.security.JaccProvider=org.apache.openejb.core.security.jacc.BasicJaccProvider, common.loader="/home/student/tomcat/lib","/home/student/tomcat/lib/*.jar","/home/student/tomcat/lib","/home/student/tomcat/lib/*.jar", hibernate.connection.username=****, os.version=5.3.0-28-generic, openejb.version=7.1.1, org.apache.security.jacc.EJBMethodPermission.methodInterfaces=BusinessLocalHome,BusinessRemoteHome,BusinessRemote,BusinessLocal, java.runtime.name=OpenJDK Runtime Environment, hibernate.connection.url=jdbc:mysql://localhost:3306/streamMedia, java.vm.name=OpenJDK 64-Bit Server VM, openejb.scan.webapp.container.includes=.*(geronimo|mp-jwt|failsafe).*, java.vendor.url.bug=https://bugs.launchpad.net/ubuntu/+source/openjdk-lts, tomee.remote.support=true, catalina.home=/home/student/tomcat, user.dir=/home/student/tomcat/bin, bval.in-container=true, os.arch=amd64, openjpa.Log=org.apache.openejb.openjpa.JULOpenJPALogFactory, hibernate.connection.password=****, tomee.serialization.class.blacklist=-, tomee.serialization.class.whitelist=, shared.loader=, catalina.base=/home/student/.IntelliJIdea2019.3/system/tomcat/Unnamed_streamMedia, hibernate.boot.CfgXmlAccessService.key=org.hibernate.boot.cfgxml.spi.LoadedConfig@79bc8427, noBanner=true, java.util.logging.manager=org.apache.juli.ClassLoaderLogManager, org.apache.webbeans.logger.WebBeansLoggerFacade=org.apache.openejb.cdi.logging.ContainerJULLoggerFactory, java.vm.info=mixed mode, sharing, java.vm.version=11.0.6+10-post-Ubuntu-1ubuntu118.04.1, hibernate.bytecode.use_reflection_optimizer=false, java.rmi.server.hostname=127.0.0.1, javax.security.jacc.PolicyConfigurationFactory.provider=org.apache.openejb.core.security.JaccProvider$Factory, connection.url=jdbc:mysql://localhost:3306/streamMedia, java.class.version=55.0, authconfigprovider.factory=false}
[DEBUG] 2020-02-15 16:33:28.836 [http-nio-8080-exec-6] ClassLoaderAccessImpl - Not known whether passed class name [com.streammedia.entity.User] is safe
[DEBUG] 2020-02-15 16:33:28.836 [http-nio-8080-exec-6] ClassLoaderAccessImpl - No temp ClassLoader provided; using live ClassLoader for loading potentially unsafe class : com.streammedia.entity.User
[DEBUG] 2020-02-15 16:33:28.929 [http-nio-8080-exec-6] JaccIntegrator - Skipping JACC integration as it was not enabled
[DEBUG] 2020-02-15 16:33:28.943 [http-nio-8080-exec-6] SessionFactoryImpl - Instantiated session factory
[DEBUG] 2020-02-15 16:33:28.943 [http-nio-8080-exec-6] TypeConfiguration$Scope - Scoping TypeConfiguration [org.hibernate.type.spi.TypeConfiguration@22c56146] to SessionFactoryImpl [org.hibernate.internal.SessionFactoryImpl@4a301e0b]
[DEBUG] 2020-02-15 16:33:29.152 [http-nio-8080-exec-6] ClassLoaderAccessImpl - Not known whether passed class name [com.streammedia.entity.User] is safe
[DEBUG] 2020-02-15 16:33:29.153 [http-nio-8080-exec-6] ClassLoaderAccessImpl - No temp ClassLoader provided; using live ClassLoader for loading potentially unsafe class : com.streammedia.entity.User
[DEBUG] 2020-02-15 16:33:29.270 [http-nio-8080-exec-6] ClassLoaderAccessImpl - Not known whether passed class name [com.streammedia.entity.User] is safe
[DEBUG] 2020-02-15 16:33:29.270 [http-nio-8080-exec-6] ClassLoaderAccessImpl - No temp ClassLoader provided; using live ClassLoader for loading potentially unsafe class : com.streammedia.entity.User
[DEBUG] 2020-02-15 16:33:30.671 [http-nio-8080-exec-6] AbstractEntityPersister - Static SQL for entity: com.streammedia.entity.User
[DEBUG] 2020-02-15 16:33:30.672 [http-nio-8080-exec-6] AbstractEntityPersister -  Version select: select user_id from SM_Users where user_id =?
[DEBUG] 2020-02-15 16:33:30.672 [http-nio-8080-exec-6] AbstractEntityPersister -  Snapshot select: select user_.user_id, user_.biography as biograph2_0_, user_.birthdate as birthdat3_0_, user_.created_at as created_4_0_, user_.email as email5_0_, user_.first_name as first_na6_0_, user_.gender as gender7_0_, user_.last_name as last_nam8_0_, user_.password as password9_0_, user_.picture as picture10_0_, user_.updated_at as updated11_0_, user_.username as usernam12_0_ from SM_Users user_ where user_.user_id=?
[DEBUG] 2020-02-15 16:33:30.672 [http-nio-8080-exec-6] AbstractEntityPersister -  Insert 0: insert into SM_Users (biography, birthdate, created_at, email, first_name, gender, last_name, password, picture, updated_at, username, user_id) values (?, ?, ?, ?, ?, ?, ?, ?, ?, ?, ?, ?)
[DEBUG] 2020-02-15 16:33:30.673 [http-nio-8080-exec-6] AbstractEntityPersister -  Update 0: update SM_Users set biography=?, birthdate=?, created_at=?, email=?, first_name=?, gender=?, last_name=?, password=?, picture=?, updated_at=?, username=? where user_id=?
[DEBUG] 2020-02-15 16:33:30.673 [http-nio-8080-exec-6] AbstractEntityPersister -  Delete 0: delete from SM_Users where user_id=?
[DEBUG] 2020-02-15 16:33:30.673 [http-nio-8080-exec-6] AbstractEntityPersister -  Identity insert: insert into SM_Users (biography, birthdate, created_at, email, first_name, gender, last_name, password, picture, updated_at, username) values (?, ?, ?, ?, ?, ?, ?, ?, ?, ?, ?)
[DEBUG] 2020-02-15 16:33:30.853 [http-nio-8080-exec-6] QuerySpacesImpl - Adding QuerySpace : uid = <gen:0> -> org.hibernate.loader.plan.build.internal.spaces.EntityQuerySpaceImpl@25305dd3]
[DEBUG] 2020-02-15 16:33:30.858 [http-nio-8080-exec-6] MetamodelGraphWalker - Visiting attribute path : biography
[DEBUG] 2020-02-15 16:33:30.859 [http-nio-8080-exec-6] MetamodelGraphWalker - Visiting attribute path : birthdate
[DEBUG] 2020-02-15 16:33:30.859 [http-nio-8080-exec-6] MetamodelGraphWalker - Visiting attribute path : createdAt
[DEBUG] 2020-02-15 16:33:30.859 [http-nio-8080-exec-6] MetamodelGraphWalker - Visiting attribute path : email
[DEBUG] 2020-02-15 16:33:30.859 [http-nio-8080-exec-6] MetamodelGraphWalker - Visiting attribute path : firstName
[DEBUG] 2020-02-15 16:33:30.859 [http-nio-8080-exec-6] MetamodelGraphWalker - Visiting attribute path : gender
[DEBUG] 2020-02-15 16:33:30.860 [http-nio-8080-exec-6] MetamodelGraphWalker - Visiting attribute path : lastName
[DEBUG] 2020-02-15 16:33:30.860 [http-nio-8080-exec-6] MetamodelGraphWalker - Visiting attribute path : password
[DEBUG] 2020-02-15 16:33:30.860 [http-nio-8080-exec-6] MetamodelGraphWalker - Visiting attribute path : picture
[DEBUG] 2020-02-15 16:33:30.860 [http-nio-8080-exec-6] MetamodelGraphWalker - Visiting attribute path : updateAt
[DEBUG] 2020-02-15 16:33:30.860 [http-nio-8080-exec-6] MetamodelGraphWalker - Visiting attribute path : username
[DEBUG] 2020-02-15 16:33:30.860 [http-nio-8080-exec-6] FetchStyleLoadPlanBuildingAssociationVisitationStrategy - Building LoadPlan...
[DEBUG] 2020-02-15 16:33:31.093 [http-nio-8080-exec-6] LoadQueryJoinAndFetchProcessor - processing queryspace <gen:0>
[DEBUG] 2020-02-15 16:33:31.118 [http-nio-8080-exec-6] LoadPlanTreePrinter - LoadPlan(entity=com.streammedia.entity.User)
    - Returns
       - EntityReturnImpl(entity=com.streammedia.entity.User, querySpaceUid=<gen:0>, path=com.streammedia.entity.User)
    - QuerySpaces
       - EntityQuerySpaceImpl(uid=<gen:0>, entity=com.streammedia.entity.User)
          - SQL table alias mapping - user0_
          - alias suffix - 0_
          - suffixed key columns - {user_id1_0_0_}

[DEBUG] 2020-02-15 16:33:31.143 [http-nio-8080-exec-6] EntityLoader - Static select for entity com.streammedia.entity.User [NONE]: select user0_.user_id as user_id1_0_0_, user0_.biography as biograph2_0_0_, user0_.birthdate as birthdat3_0_0_, user0_.created_at as created_4_0_0_, user0_.email as email5_0_0_, user0_.first_name as first_na6_0_0_, user0_.gender as gender7_0_0_, user0_.last_name as last_nam8_0_0_, user0_.password as password9_0_0_, user0_.picture as picture10_0_0_, user0_.updated_at as updated11_0_0_, user0_.username as usernam12_0_0_ from SM_Users user0_ where user0_.user_id=?
[DEBUG] 2020-02-15 16:33:31.145 [http-nio-8080-exec-6] QuerySpacesImpl - Adding QuerySpace : uid = <gen:0> -> org.hibernate.loader.plan.build.internal.spaces.EntityQuerySpaceImpl@2329f6f1]
[DEBUG] 2020-02-15 16:33:31.145 [http-nio-8080-exec-6] MetamodelGraphWalker - Visiting attribute path : biography
[DEBUG] 2020-02-15 16:33:31.145 [http-nio-8080-exec-6] MetamodelGraphWalker - Visiting attribute path : birthdate
[DEBUG] 2020-02-15 16:33:31.145 [http-nio-8080-exec-6] MetamodelGraphWalker - Visiting attribute path : createdAt
[DEBUG] 2020-02-15 16:33:31.146 [http-nio-8080-exec-6] MetamodelGraphWalker - Visiting attribute path : email
[DEBUG] 2020-02-15 16:33:31.146 [http-nio-8080-exec-6] MetamodelGraphWalker - Visiting attribute path : firstName
[DEBUG] 2020-02-15 16:33:31.146 [http-nio-8080-exec-6] MetamodelGraphWalker - Visiting attribute path : gender
[DEBUG] 2020-02-15 16:33:31.146 [http-nio-8080-exec-6] MetamodelGraphWalker - Visiting attribute path : lastName
[DEBUG] 2020-02-15 16:33:31.146 [http-nio-8080-exec-6] MetamodelGraphWalker - Visiting attribute path : password
[DEBUG] 2020-02-15 16:33:31.146 [http-nio-8080-exec-6] MetamodelGraphWalker - Visiting attribute path : picture
[DEBUG] 2020-02-15 16:33:31.146 [http-nio-8080-exec-6] MetamodelGraphWalker - Visiting attribute path : updateAt
[DEBUG] 2020-02-15 16:33:31.146 [http-nio-8080-exec-6] MetamodelGraphWalker - Visiting attribute path : username
[DEBUG] 2020-02-15 16:33:31.147 [http-nio-8080-exec-6] FetchStyleLoadPlanBuildingAssociationVisitationStrategy - Building LoadPlan...
[DEBUG] 2020-02-15 16:33:31.149 [http-nio-8080-exec-6] LoadQueryJoinAndFetchProcessor - processing queryspace <gen:0>
[DEBUG] 2020-02-15 16:33:31.152 [http-nio-8080-exec-6] LoadPlanTreePrinter - LoadPlan(entity=com.streammedia.entity.User)
    - Returns
       - EntityReturnImpl(entity=com.streammedia.entity.User, querySpaceUid=<gen:0>, path=com.streammedia.entity.User)
    - QuerySpaces
       - EntityQuerySpaceImpl(uid=<gen:0>, entity=com.streammedia.entity.User)
          - SQL table alias mapping - user0_
          - alias suffix - 0_
          - suffixed key columns - {user_id1_0_0_}

[DEBUG] 2020-02-15 16:33:31.155 [http-nio-8080-exec-6] EntityLoader - Static select for entity com.streammedia.entity.User [READ]: select user0_.user_id as user_id1_0_0_, user0_.biography as biograph2_0_0_, user0_.birthdate as birthdat3_0_0_, user0_.created_at as created_4_0_0_, user0_.email as email5_0_0_, user0_.first_name as first_na6_0_0_, user0_.gender as gender7_0_0_, user0_.last_name as last_nam8_0_0_, user0_.password as password9_0_0_, user0_.picture as picture10_0_0_, user0_.updated_at as updated11_0_0_, user0_.username as usernam12_0_0_ from SM_Users user0_ where user0_.user_id=?
[DEBUG] 2020-02-15 16:33:31.246 [http-nio-8080-exec-6] Loader - Static select for action ACTION_MERGE on entity com.streammedia.entity.User: select user0_.user_id as user_id1_0_0_, user0_.biography as biograph2_0_0_, user0_.birthdate as birthdat3_0_0_, user0_.created_at as created_4_0_0_, user0_.email as email5_0_0_, user0_.first_name as first_na6_0_0_, user0_.gender as gender7_0_0_, user0_.last_name as last_nam8_0_0_, user0_.password as password9_0_0_, user0_.picture as picture10_0_0_, user0_.updated_at as updated11_0_0_, user0_.username as usernam12_0_0_ from SM_Users user0_ where user0_.user_id=?
[DEBUG] 2020-02-15 16:33:31.247 [http-nio-8080-exec-6] Loader - Static select for action ACTION_REFRESH on entity com.streammedia.entity.User: select user0_.user_id as user_id1_0_0_, user0_.biography as biograph2_0_0_, user0_.birthdate as birthdat3_0_0_, user0_.created_at as created_4_0_0_, user0_.email as email5_0_0_, user0_.first_name as first_na6_0_0_, user0_.gender as gender7_0_0_, user0_.last_name as last_nam8_0_0_, user0_.password as password9_0_0_, user0_.picture as picture10_0_0_, user0_.updated_at as updated11_0_0_, user0_.username as usernam12_0_0_ from SM_Users user0_ where user0_.user_id=?
[DEBUG] 2020-02-15 16:33:31.417 [http-nio-8080-exec-6] SchemaManagementToolCoordinator - No actions specified; doing nothing
[DEBUG] 2020-02-15 16:33:31.418 [http-nio-8080-exec-6] JtaPlatformInitiator - No JtaPlatform was specified, checking resolver
[DEBUG] 2020-02-15 16:33:31.419 [http-nio-8080-exec-6] JtaPlatformResolverInitiator - No JtaPlatformResolver was specified, using default [org.hibernate.engine.transaction.jta.platform.internal.StandardJtaPlatformResolver]
[DEBUG] 2020-02-15 16:33:31.463 [http-nio-8080-exec-6] StandardJtaPlatformResolver - Could not resolve JtaPlatform, using default [org.hibernate.engine.transaction.jta.platform.internal.NoJtaPlatform]
[INFO ] 2020-02-15 16:33:31.464 [http-nio-8080-exec-6] JtaPlatformInitiator - HHH000490: Using JtaPlatform implementation: [org.hibernate.engine.transaction.jta.platform.internal.NoJtaPlatform]
[DEBUG] 2020-02-15 16:33:31.471 [http-nio-8080-exec-6] NamedQueryRepository - Checking 0 named HQL queries
[DEBUG] 2020-02-15 16:33:31.472 [http-nio-8080-exec-6] NamedQueryRepository - Checking 0 named SQL queries
[DEBUG] 2020-02-15 16:33:31.492 [http-nio-8080-exec-6] SessionFactoryRegistry - Initializing SessionFactoryRegistry : org.hibernate.internal.SessionFactoryRegistry@7bd925b8
[DEBUG] 2020-02-15 16:33:31.519 [http-nio-8080-exec-6] SessionFactoryRegistry - Registering SessionFactory: e2214b5d-69ba-495d-8fc8-52cd346dd7a6 (<unnamed>)
[DEBUG] 2020-02-15 16:33:31.519 [http-nio-8080-exec-6] SessionFactoryRegistry - Not binding SessionFactory to JNDI, no JNDI name configured
