[DEBUG] 2020-02-16 13:58:17.052 [http-nio-8080-exec-6] IntegratorServiceImpl - Adding Integrator [org.hibernate.cfg.beanvalidation.BeanValidationIntegrator].
[DEBUG] 2020-02-16 13:58:17.064 [http-nio-8080-exec-6] IntegratorServiceImpl - Adding Integrator [org.hibernate.secure.spi.JaccIntegrator].
[DEBUG] 2020-02-16 13:58:17.072 [http-nio-8080-exec-6] IntegratorServiceImpl - Adding Integrator [org.hibernate.cache.internal.CollectionCacheInvalidator].
[INFO ] 2020-02-16 13:58:17.253 [http-nio-8080-exec-6] Version - HHH000412: Hibernate Core {5.4.4.Final}
[DEBUG] 2020-02-16 13:58:17.260 [http-nio-8080-exec-6] Environment - HHH000206: hibernate.properties not found
[DEBUG] 2020-02-16 13:58:17.565 [http-nio-8080-exec-6] LocalXmlResourceResolver - Interpreting public/system identifier : [-//Hibernate/Hibernate Configuration DTD//EN] - [http://www.hibernate.org/dtd/hibernate-configuration-3.0.dtd]
[DEBUG] 2020-02-16 13:58:17.566 [http-nio-8080-exec-6] LocalXmlResourceResolver - Recognized hibernate-configuration identifier; attempting to resolve on classpath under org/hibernate/
[DEBUG] 2020-02-16 13:58:17.618 [http-nio-8080-exec-6] JaxbCfgProcessor - cfg.xml document did not define namespaces; wrapping in custom event reader to introduce namespace information
[DEBUG] 2020-02-16 13:58:18.080 [http-nio-8080-exec-6] ServiceBinding - Overriding existing service binding [org.hibernate.secure.spi.JaccService]
[DEBUG] 2020-02-16 13:58:18.123 [http-nio-8080-exec-6] RegionFactoryInitiator - Cannot default RegionFactory based on registered strategies as `[]` RegionFactory strategies were registered
[DEBUG] 2020-02-16 13:58:18.125 [http-nio-8080-exec-6] RegionFactoryInitiator - Cache region factory : org.hibernate.cache.internal.NoCachingRegionFactory
[INFO ] 2020-02-16 13:58:18.171 [http-nio-8080-exec-6] Version - HCANN000001: Hibernate Commons Annotations {5.1.0.Final}
[DEBUG] 2020-02-16 13:58:18.247 [http-nio-8080-exec-6] BasicTypeRegistry - Adding type registration boolean -> org.hibernate.type.BooleanType@4d47ee9b
[DEBUG] 2020-02-16 13:58:18.247 [http-nio-8080-exec-6] BasicTypeRegistry - Adding type registration boolean -> org.hibernate.type.BooleanType@4d47ee9b
[DEBUG] 2020-02-16 13:58:18.248 [http-nio-8080-exec-6] BasicTypeRegistry - Adding type registration java.lang.Boolean -> org.hibernate.type.BooleanType@4d47ee9b
[DEBUG] 2020-02-16 13:58:18.250 [http-nio-8080-exec-6] BasicTypeRegistry - Adding type registration numeric_boolean -> org.hibernate.type.NumericBooleanType@64f600dd
[DEBUG] 2020-02-16 13:58:18.251 [http-nio-8080-exec-6] BasicTypeRegistry - Adding type registration true_false -> org.hibernate.type.TrueFalseType@114c4cef
[DEBUG] 2020-02-16 13:58:18.252 [http-nio-8080-exec-6] BasicTypeRegistry - Adding type registration yes_no -> org.hibernate.type.YesNoType@7e160a46
[DEBUG] 2020-02-16 13:58:18.255 [http-nio-8080-exec-6] BasicTypeRegistry - Adding type registration byte -> org.hibernate.type.ByteType@48f997e
[DEBUG] 2020-02-16 13:58:18.255 [http-nio-8080-exec-6] BasicTypeRegistry - Adding type registration byte -> org.hibernate.type.ByteType@48f997e
[DEBUG] 2020-02-16 13:58:18.256 [http-nio-8080-exec-6] BasicTypeRegistry - Adding type registration java.lang.Byte -> org.hibernate.type.ByteType@48f997e
[DEBUG] 2020-02-16 13:58:18.258 [http-nio-8080-exec-6] BasicTypeRegistry - Adding type registration character -> org.hibernate.type.CharacterType@7eb4be8
[DEBUG] 2020-02-16 13:58:18.260 [http-nio-8080-exec-6] BasicTypeRegistry - Adding type registration char -> org.hibernate.type.CharacterType@7eb4be8
[DEBUG] 2020-02-16 13:58:18.260 [http-nio-8080-exec-6] BasicTypeRegistry - Adding type registration java.lang.Character -> org.hibernate.type.CharacterType@7eb4be8
[DEBUG] 2020-02-16 13:58:18.262 [http-nio-8080-exec-6] BasicTypeRegistry - Adding type registration short -> org.hibernate.type.ShortType@7b357238
[DEBUG] 2020-02-16 13:58:18.262 [http-nio-8080-exec-6] BasicTypeRegistry - Adding type registration short -> org.hibernate.type.ShortType@7b357238
[DEBUG] 2020-02-16 13:58:18.263 [http-nio-8080-exec-6] BasicTypeRegistry - Adding type registration java.lang.Short -> org.hibernate.type.ShortType@7b357238
[DEBUG] 2020-02-16 13:58:18.264 [http-nio-8080-exec-6] BasicTypeRegistry - Adding type registration integer -> org.hibernate.type.IntegerType@44ff1279
[DEBUG] 2020-02-16 13:58:18.264 [http-nio-8080-exec-6] BasicTypeRegistry - Adding type registration int -> org.hibernate.type.IntegerType@44ff1279
[DEBUG] 2020-02-16 13:58:18.264 [http-nio-8080-exec-6] BasicTypeRegistry - Adding type registration java.lang.Integer -> org.hibernate.type.IntegerType@44ff1279
[DEBUG] 2020-02-16 13:58:18.265 [http-nio-8080-exec-6] BasicTypeRegistry - Adding type registration long -> org.hibernate.type.LongType@4f28ddda
[DEBUG] 2020-02-16 13:58:18.266 [http-nio-8080-exec-6] BasicTypeRegistry - Adding type registration long -> org.hibernate.type.LongType@4f28ddda
[DEBUG] 2020-02-16 13:58:18.266 [http-nio-8080-exec-6] BasicTypeRegistry - Adding type registration java.lang.Long -> org.hibernate.type.LongType@4f28ddda
[DEBUG] 2020-02-16 13:58:18.267 [http-nio-8080-exec-6] BasicTypeRegistry - Adding type registration float -> org.hibernate.type.FloatType@67b86cc3
[DEBUG] 2020-02-16 13:58:18.267 [http-nio-8080-exec-6] BasicTypeRegistry - Adding type registration float -> org.hibernate.type.FloatType@67b86cc3
[DEBUG] 2020-02-16 13:58:18.267 [http-nio-8080-exec-6] BasicTypeRegistry - Adding type registration java.lang.Float -> org.hibernate.type.FloatType@67b86cc3
[DEBUG] 2020-02-16 13:58:18.268 [http-nio-8080-exec-6] BasicTypeRegistry - Adding type registration double -> org.hibernate.type.DoubleType@763b7b66
[DEBUG] 2020-02-16 13:58:18.269 [http-nio-8080-exec-6] BasicTypeRegistry - Adding type registration double -> org.hibernate.type.DoubleType@763b7b66
[DEBUG] 2020-02-16 13:58:18.269 [http-nio-8080-exec-6] BasicTypeRegistry - Adding type registration java.lang.Double -> org.hibernate.type.DoubleType@763b7b66
[DEBUG] 2020-02-16 13:58:18.271 [http-nio-8080-exec-6] BasicTypeRegistry - Adding type registration big_decimal -> org.hibernate.type.BigDecimalType@40a01ef0
[DEBUG] 2020-02-16 13:58:18.271 [http-nio-8080-exec-6] BasicTypeRegistry - Adding type registration java.math.BigDecimal -> org.hibernate.type.BigDecimalType@40a01ef0
[DEBUG] 2020-02-16 13:58:18.272 [http-nio-8080-exec-6] BasicTypeRegistry - Adding type registration big_integer -> org.hibernate.type.BigIntegerType@32dc5728
[DEBUG] 2020-02-16 13:58:18.272 [http-nio-8080-exec-6] BasicTypeRegistry - Adding type registration java.math.BigInteger -> org.hibernate.type.BigIntegerType@32dc5728
[DEBUG] 2020-02-16 13:58:18.273 [http-nio-8080-exec-6] BasicTypeRegistry - Adding type registration string -> org.hibernate.type.StringType@58f9a95d
[DEBUG] 2020-02-16 13:58:18.273 [http-nio-8080-exec-6] BasicTypeRegistry - Adding type registration java.lang.String -> org.hibernate.type.StringType@58f9a95d
[DEBUG] 2020-02-16 13:58:18.275 [http-nio-8080-exec-6] BasicTypeRegistry - Adding type registration nstring -> org.hibernate.type.StringNVarcharType@23f37393
[DEBUG] 2020-02-16 13:58:18.277 [http-nio-8080-exec-6] BasicTypeRegistry - Adding type registration ncharacter -> org.hibernate.type.CharacterNCharType@789ce1da
[DEBUG] 2020-02-16 13:58:18.278 [http-nio-8080-exec-6] BasicTypeRegistry - Adding type registration url -> org.hibernate.type.UrlType@162f4fd2
[DEBUG] 2020-02-16 13:58:18.279 [http-nio-8080-exec-6] BasicTypeRegistry - Adding type registration java.net.URL -> org.hibernate.type.UrlType@162f4fd2
[DEBUG] 2020-02-16 13:58:18.281 [http-nio-8080-exec-6] BasicTypeRegistry - Adding type registration Duration -> org.hibernate.type.DurationType@45802fd9
[DEBUG] 2020-02-16 13:58:18.281 [http-nio-8080-exec-6] BasicTypeRegistry - Adding type registration java.time.Duration -> org.hibernate.type.DurationType@45802fd9
[DEBUG] 2020-02-16 13:58:18.330 [http-nio-8080-exec-6] BasicTypeRegistry - Adding type registration Instant -> org.hibernate.type.InstantType@6a0c41fd
[DEBUG] 2020-02-16 13:58:18.331 [http-nio-8080-exec-6] BasicTypeRegistry - Adding type registration java.time.Instant -> org.hibernate.type.InstantType@6a0c41fd
[DEBUG] 2020-02-16 13:58:18.334 [http-nio-8080-exec-6] BasicTypeRegistry - Adding type registration LocalDateTime -> org.hibernate.type.LocalDateTimeType@3a9545af
[DEBUG] 2020-02-16 13:58:18.334 [http-nio-8080-exec-6] BasicTypeRegistry - Adding type registration java.time.LocalDateTime -> org.hibernate.type.LocalDateTimeType@3a9545af
[DEBUG] 2020-02-16 13:58:18.338 [http-nio-8080-exec-6] BasicTypeRegistry - Adding type registration LocalDate -> org.hibernate.type.LocalDateType@77bfce67
[DEBUG] 2020-02-16 13:58:18.338 [http-nio-8080-exec-6] BasicTypeRegistry - Adding type registration java.time.LocalDate -> org.hibernate.type.LocalDateType@77bfce67
[DEBUG] 2020-02-16 13:58:18.342 [http-nio-8080-exec-6] BasicTypeRegistry - Adding type registration LocalTime -> org.hibernate.type.LocalTimeType@633dc023
[DEBUG] 2020-02-16 13:58:18.343 [http-nio-8080-exec-6] BasicTypeRegistry - Adding type registration java.time.LocalTime -> org.hibernate.type.LocalTimeType@633dc023
[DEBUG] 2020-02-16 13:58:18.346 [http-nio-8080-exec-6] BasicTypeRegistry - Adding type registration OffsetDateTime -> org.hibernate.type.OffsetDateTimeType@4c014849
[DEBUG] 2020-02-16 13:58:18.346 [http-nio-8080-exec-6] BasicTypeRegistry - Adding type registration java.time.OffsetDateTime -> org.hibernate.type.OffsetDateTimeType@4c014849
[DEBUG] 2020-02-16 13:58:18.350 [http-nio-8080-exec-6] BasicTypeRegistry - Adding type registration OffsetTime -> org.hibernate.type.OffsetTimeType@5818d9d
[DEBUG] 2020-02-16 13:58:18.350 [http-nio-8080-exec-6] BasicTypeRegistry - Adding type registration java.time.OffsetTime -> org.hibernate.type.OffsetTimeType@5818d9d
[DEBUG] 2020-02-16 13:58:18.363 [http-nio-8080-exec-6] BasicTypeRegistry - Adding type registration ZonedDateTime -> org.hibernate.type.ZonedDateTimeType@37c5c1bb
[DEBUG] 2020-02-16 13:58:18.363 [http-nio-8080-exec-6] BasicTypeRegistry - Adding type registration java.time.ZonedDateTime -> org.hibernate.type.ZonedDateTimeType@37c5c1bb
[DEBUG] 2020-02-16 13:58:18.366 [http-nio-8080-exec-6] BasicTypeRegistry - Adding type registration date -> org.hibernate.type.DateType@1774397d
[DEBUG] 2020-02-16 13:58:18.367 [http-nio-8080-exec-6] BasicTypeRegistry - Adding type registration java.sql.Date -> org.hibernate.type.DateType@1774397d
[DEBUG] 2020-02-16 13:58:18.370 [http-nio-8080-exec-6] BasicTypeRegistry - Adding type registration time -> org.hibernate.type.TimeType@317342f1
[DEBUG] 2020-02-16 13:58:18.370 [http-nio-8080-exec-6] BasicTypeRegistry - Adding type registration java.sql.Time -> org.hibernate.type.TimeType@317342f1
[DEBUG] 2020-02-16 13:58:18.373 [http-nio-8080-exec-6] BasicTypeRegistry - Adding type registration timestamp -> org.hibernate.type.TimestampType@577de076
[DEBUG] 2020-02-16 13:58:18.373 [http-nio-8080-exec-6] BasicTypeRegistry - Adding type registration java.sql.Timestamp -> org.hibernate.type.TimestampType@577de076
[DEBUG] 2020-02-16 13:58:18.375 [http-nio-8080-exec-6] BasicTypeRegistry - Adding type registration java.util.Date -> org.hibernate.type.TimestampType@577de076
[DEBUG] 2020-02-16 13:58:18.384 [http-nio-8080-exec-6] BasicTypeRegistry - Adding type registration dbtimestamp -> org.hibernate.type.DbTimestampType@189495d1
[DEBUG] 2020-02-16 13:58:18.388 [http-nio-8080-exec-6] BasicTypeRegistry - Adding type registration calendar -> org.hibernate.type.CalendarType@6cb0371d
[DEBUG] 2020-02-16 13:58:18.388 [http-nio-8080-exec-6] BasicTypeRegistry - Adding type registration java.util.Calendar -> org.hibernate.type.CalendarType@6cb0371d
[DEBUG] 2020-02-16 13:58:18.388 [http-nio-8080-exec-6] BasicTypeRegistry - Adding type registration java.util.GregorianCalendar -> org.hibernate.type.CalendarType@6cb0371d
[DEBUG] 2020-02-16 13:58:18.391 [http-nio-8080-exec-6] BasicTypeRegistry - Adding type registration calendar_date -> org.hibernate.type.CalendarDateType@469c5399
[DEBUG] 2020-02-16 13:58:18.392 [http-nio-8080-exec-6] BasicTypeRegistry - Adding type registration locale -> org.hibernate.type.LocaleType@7b8e570b
[DEBUG] 2020-02-16 13:58:18.392 [http-nio-8080-exec-6] BasicTypeRegistry - Adding type registration java.util.Locale -> org.hibernate.type.LocaleType@7b8e570b
[DEBUG] 2020-02-16 13:58:18.393 [http-nio-8080-exec-6] BasicTypeRegistry - Adding type registration currency -> org.hibernate.type.CurrencyType@64e2698f
[DEBUG] 2020-02-16 13:58:18.394 [http-nio-8080-exec-6] BasicTypeRegistry - Adding type registration java.util.Currency -> org.hibernate.type.CurrencyType@64e2698f
[DEBUG] 2020-02-16 13:58:18.395 [http-nio-8080-exec-6] BasicTypeRegistry - Adding type registration timezone -> org.hibernate.type.TimeZoneType@40a10246
[DEBUG] 2020-02-16 13:58:18.395 [http-nio-8080-exec-6] BasicTypeRegistry - Adding type registration java.util.TimeZone -> org.hibernate.type.TimeZoneType@40a10246
[DEBUG] 2020-02-16 13:58:18.396 [http-nio-8080-exec-6] BasicTypeRegistry - Adding type registration class -> org.hibernate.type.ClassType@7a205bcf
[DEBUG] 2020-02-16 13:58:18.396 [http-nio-8080-exec-6] BasicTypeRegistry - Adding type registration java.lang.Class -> org.hibernate.type.ClassType@7a205bcf
[DEBUG] 2020-02-16 13:58:18.406 [http-nio-8080-exec-6] BasicTypeRegistry - Adding type registration uuid-binary -> org.hibernate.type.UUIDBinaryType@1de88c1b
[DEBUG] 2020-02-16 13:58:18.406 [http-nio-8080-exec-6] BasicTypeRegistry - Adding type registration java.util.UUID -> org.hibernate.type.UUIDBinaryType@1de88c1b
[DEBUG] 2020-02-16 13:58:18.406 [http-nio-8080-exec-6] BasicTypeRegistry - Adding type registration uuid-char -> org.hibernate.type.UUIDCharType@6b20dbe6
[DEBUG] 2020-02-16 13:58:18.409 [http-nio-8080-exec-6] BasicTypeRegistry - Adding type registration binary -> org.hibernate.type.BinaryType@68e0c7af
[DEBUG] 2020-02-16 13:58:18.410 [http-nio-8080-exec-6] BasicTypeRegistry - Adding type registration byte[] -> org.hibernate.type.BinaryType@68e0c7af
[DEBUG] 2020-02-16 13:58:18.410 [http-nio-8080-exec-6] BasicTypeRegistry - Adding type registration [B -> org.hibernate.type.BinaryType@68e0c7af
[DEBUG] 2020-02-16 13:58:18.412 [http-nio-8080-exec-6] BasicTypeRegistry - Adding type registration wrapper-binary -> org.hibernate.type.WrapperBinaryType@6094d193
[DEBUG] 2020-02-16 13:58:18.413 [http-nio-8080-exec-6] BasicTypeRegistry - Adding type registration Byte[] -> org.hibernate.type.WrapperBinaryType@6094d193
[DEBUG] 2020-02-16 13:58:18.413 [http-nio-8080-exec-6] BasicTypeRegistry - Adding type registration [Ljava.lang.Byte; -> org.hibernate.type.WrapperBinaryType@6094d193
[DEBUG] 2020-02-16 13:58:18.416 [http-nio-8080-exec-6] BasicTypeRegistry - Adding type registration row_version -> org.hibernate.type.RowVersionType@32c4ab3c
[DEBUG] 2020-02-16 13:58:18.417 [http-nio-8080-exec-6] BasicTypeRegistry - Adding type registration image -> org.hibernate.type.ImageType@3164b1a4
[DEBUG] 2020-02-16 13:58:18.421 [http-nio-8080-exec-6] BasicTypeRegistry - Adding type registration characters -> org.hibernate.type.CharArrayType@3d974780
[DEBUG] 2020-02-16 13:58:18.421 [http-nio-8080-exec-6] BasicTypeRegistry - Adding type registration char[] -> org.hibernate.type.CharArrayType@3d974780
[DEBUG] 2020-02-16 13:58:18.422 [http-nio-8080-exec-6] BasicTypeRegistry - Adding type registration [C -> org.hibernate.type.CharArrayType@3d974780
[DEBUG] 2020-02-16 13:58:18.425 [http-nio-8080-exec-6] BasicTypeRegistry - Adding type registration wrapper-characters -> org.hibernate.type.CharacterArrayType@19a42fc0
[DEBUG] 2020-02-16 13:58:18.425 [http-nio-8080-exec-6] BasicTypeRegistry - Adding type registration [Ljava.lang.Character; -> org.hibernate.type.CharacterArrayType@19a42fc0
[DEBUG] 2020-02-16 13:58:18.425 [http-nio-8080-exec-6] BasicTypeRegistry - Adding type registration Character[] -> org.hibernate.type.CharacterArrayType@19a42fc0
[DEBUG] 2020-02-16 13:58:18.426 [http-nio-8080-exec-6] BasicTypeRegistry - Adding type registration text -> org.hibernate.type.TextType@4d3edb9c
[DEBUG] 2020-02-16 13:58:18.427 [http-nio-8080-exec-6] BasicTypeRegistry - Adding type registration ntext -> org.hibernate.type.NTextType@4f890bc5
[DEBUG] 2020-02-16 13:58:18.429 [http-nio-8080-exec-6] BasicTypeRegistry - Adding type registration blob -> org.hibernate.type.BlobType@a115098
[DEBUG] 2020-02-16 13:58:18.429 [http-nio-8080-exec-6] BasicTypeRegistry - Adding type registration java.sql.Blob -> org.hibernate.type.BlobType@a115098
[DEBUG] 2020-02-16 13:58:18.429 [http-nio-8080-exec-6] BasicTypeRegistry - Adding type registration materialized_blob -> org.hibernate.type.MaterializedBlobType@58e6b0a
[DEBUG] 2020-02-16 13:58:18.456 [http-nio-8080-exec-6] BasicTypeRegistry - Adding type registration clob -> org.hibernate.type.ClobType@3359ae1
[DEBUG] 2020-02-16 13:58:18.456 [http-nio-8080-exec-6] BasicTypeRegistry - Adding type registration java.sql.Clob -> org.hibernate.type.ClobType@3359ae1
[DEBUG] 2020-02-16 13:58:18.459 [http-nio-8080-exec-6] BasicTypeRegistry - Adding type registration nclob -> org.hibernate.type.NClobType@7c76ae89
[DEBUG] 2020-02-16 13:58:18.460 [http-nio-8080-exec-6] BasicTypeRegistry - Adding type registration java.sql.NClob -> org.hibernate.type.NClobType@7c76ae89
[DEBUG] 2020-02-16 13:58:18.460 [http-nio-8080-exec-6] BasicTypeRegistry - Adding type registration materialized_clob -> org.hibernate.type.MaterializedClobType@271b0176
[DEBUG] 2020-02-16 13:58:18.461 [http-nio-8080-exec-6] BasicTypeRegistry - Adding type registration materialized_nclob -> org.hibernate.type.MaterializedNClobType@73b7bddb
[DEBUG] 2020-02-16 13:58:18.464 [http-nio-8080-exec-6] BasicTypeRegistry - Adding type registration serializable -> org.hibernate.type.SerializableType@cd94bf9
[DEBUG] 2020-02-16 13:58:18.471 [http-nio-8080-exec-6] BasicTypeRegistry - Adding type registration object -> org.hibernate.type.ObjectType@15037f17
[DEBUG] 2020-02-16 13:58:18.471 [http-nio-8080-exec-6] BasicTypeRegistry - Adding type registration java.lang.Object -> org.hibernate.type.ObjectType@15037f17
[DEBUG] 2020-02-16 13:58:18.472 [http-nio-8080-exec-6] BasicTypeRegistry - Adding type registration imm_date -> org.hibernate.type.AdaptedImmutableType@608ad241
[DEBUG] 2020-02-16 13:58:18.472 [http-nio-8080-exec-6] BasicTypeRegistry - Adding type registration imm_time -> org.hibernate.type.AdaptedImmutableType@452452fd
[DEBUG] 2020-02-16 13:58:18.472 [http-nio-8080-exec-6] BasicTypeRegistry - Adding type registration imm_timestamp -> org.hibernate.type.AdaptedImmutableType@5b1144bc
[DEBUG] 2020-02-16 13:58:18.472 [http-nio-8080-exec-6] BasicTypeRegistry - Adding type registration imm_dbtimestamp -> org.hibernate.type.AdaptedImmutableType@4a65a913
[DEBUG] 2020-02-16 13:58:18.472 [http-nio-8080-exec-6] BasicTypeRegistry - Adding type registration imm_calendar -> org.hibernate.type.AdaptedImmutableType@7c4b62c4
[DEBUG] 2020-02-16 13:58:18.472 [http-nio-8080-exec-6] BasicTypeRegistry - Adding type registration imm_calendar_date -> org.hibernate.type.AdaptedImmutableType@1b1f640a
[DEBUG] 2020-02-16 13:58:18.473 [http-nio-8080-exec-6] BasicTypeRegistry - Adding type registration imm_binary -> org.hibernate.type.AdaptedImmutableType@4afae771
[DEBUG] 2020-02-16 13:58:18.473 [http-nio-8080-exec-6] BasicTypeRegistry - Adding type registration imm_serializable -> org.hibernate.type.AdaptedImmutableType@2db0f20c
[DEBUG] 2020-02-16 13:58:18.523 [http-nio-8080-exec-6] DefaultIdentifierGeneratorFactory - Registering IdentifierGenerator strategy [uuid2] -> [org.hibernate.id.UUIDGenerator]
[DEBUG] 2020-02-16 13:58:18.525 [http-nio-8080-exec-6] DefaultIdentifierGeneratorFactory - Registering IdentifierGenerator strategy [guid] -> [org.hibernate.id.GUIDGenerator]
[DEBUG] 2020-02-16 13:58:18.527 [http-nio-8080-exec-6] DefaultIdentifierGeneratorFactory - Registering IdentifierGenerator strategy [uuid] -> [org.hibernate.id.UUIDHexGenerator]
[DEBUG] 2020-02-16 13:58:18.527 [http-nio-8080-exec-6] DefaultIdentifierGeneratorFactory - Registering IdentifierGenerator strategy [uuid.hex] -> [org.hibernate.id.UUIDHexGenerator]
[DEBUG] 2020-02-16 13:58:18.528 [http-nio-8080-exec-6] DefaultIdentifierGeneratorFactory - Registering IdentifierGenerator strategy [assigned] -> [org.hibernate.id.Assigned]
[DEBUG] 2020-02-16 13:58:18.530 [http-nio-8080-exec-6] DefaultIdentifierGeneratorFactory - Registering IdentifierGenerator strategy [identity] -> [org.hibernate.id.IdentityGenerator]
[DEBUG] 2020-02-16 13:58:18.531 [http-nio-8080-exec-6] DefaultIdentifierGeneratorFactory - Registering IdentifierGenerator strategy [select] -> [org.hibernate.id.SelectGenerator]
[DEBUG] 2020-02-16 13:58:18.534 [http-nio-8080-exec-6] DefaultIdentifierGeneratorFactory - Registering IdentifierGenerator strategy [sequence] -> [org.hibernate.id.enhanced.SequenceStyleGenerator]
[DEBUG] 2020-02-16 13:58:18.536 [http-nio-8080-exec-6] DefaultIdentifierGeneratorFactory - Registering IdentifierGenerator strategy [seqhilo] -> [org.hibernate.id.SequenceHiLoGenerator]
[DEBUG] 2020-02-16 13:58:18.537 [http-nio-8080-exec-6] DefaultIdentifierGeneratorFactory - Registering IdentifierGenerator strategy [increment] -> [org.hibernate.id.IncrementGenerator]
[DEBUG] 2020-02-16 13:58:18.555 [http-nio-8080-exec-6] DefaultIdentifierGeneratorFactory - Registering IdentifierGenerator strategy [foreign] -> [org.hibernate.id.ForeignGenerator]
[DEBUG] 2020-02-16 13:58:18.556 [http-nio-8080-exec-6] DefaultIdentifierGeneratorFactory - Registering IdentifierGenerator strategy [sequence-identity] -> [org.hibernate.id.SequenceIdentityGenerator]
[DEBUG] 2020-02-16 13:58:18.556 [http-nio-8080-exec-6] DefaultIdentifierGeneratorFactory - Registering IdentifierGenerator strategy [enhanced-sequence] -> [org.hibernate.id.enhanced.SequenceStyleGenerator]
[DEBUG] 2020-02-16 13:58:18.557 [http-nio-8080-exec-6] DefaultIdentifierGeneratorFactory - Registering IdentifierGenerator strategy [enhanced-table] -> [org.hibernate.id.enhanced.TableGenerator]
[INFO ] 2020-02-16 13:58:18.577 [http-nio-8080-exec-6] C3P0ConnectionProvider - HHH010002: C3P0 using driver: com.mysql.cj.jdbc.Driver at URL: jdbc:mysql://localhost:3306/streamMedia
[INFO ] 2020-02-16 13:58:18.578 [http-nio-8080-exec-6] C3P0ConnectionProvider - HHH10001001: Connection properties: {password=****, user=root}
[INFO ] 2020-02-16 13:58:18.578 [http-nio-8080-exec-6] C3P0ConnectionProvider - HHH10001003: Autocommit mode: false
[INFO ] 2020-02-16 13:58:18.889 [http-nio-8080-exec-6] C3P0ConnectionProvider - HHH10001007: JDBC isolation level: <unknown>
[DEBUG] 2020-02-16 13:58:19.863 [http-nio-8080-exec-6] JdbcEnvironmentInitiator - Database ->
       name : MySQL
    version : 8.0.19
      major : 8
      minor : 0
[DEBUG] 2020-02-16 13:58:19.864 [http-nio-8080-exec-6] JdbcEnvironmentInitiator - Driver ->
       name : MySQL Connector/J
    version : mysql-connector-java-8.0.16 (Revision: 34cbc6bc61f72836e26327537a432d6db7c77de6)
      major : 8
      minor : 0
[DEBUG] 2020-02-16 13:58:19.877 [http-nio-8080-exec-6] JdbcEnvironmentInitiator - JDBC version : 4.2
[INFO ] 2020-02-16 13:58:19.956 [http-nio-8080-exec-6] Dialect - HHH000400: Using dialect: org.hibernate.dialect.MySQL8Dialect
[DEBUG] 2020-02-16 13:58:19.989 [http-nio-8080-exec-6] IdentifierHelperBuilder - JDBC driver metadata reported database stores quoted identifiers in more than one case
[DEBUG] 2020-02-16 13:58:20.028 [http-nio-8080-exec-6] IdentifierHelperBuilder - IdentifierCaseStrategy for both quoted and unquoted identifiers was set to the same strategy [MIXED]; that will likely lead to problems in schema update and validation if using quoted identifiers
[DEBUG] 2020-02-16 13:58:20.160 [http-nio-8080-exec-6] Namespace - Created database namespace [logicalName=Name{catalog=null, schema=null}, physicalName=Name{catalog=null, schema=null}]
[DEBUG] 2020-02-16 13:58:20.171 [http-nio-8080-exec-6] TypeConfiguration$Scope - Scoping TypeConfiguration [org.hibernate.type.spi.TypeConfiguration@5203fbf7] to MetadataBuildingContext [org.hibernate.boot.internal.MetadataBuildingContextRootImpl@5cda84ae]
[DEBUG] 2020-02-16 13:58:20.445 [http-nio-8080-exec-6] AnnotationBinder - Binding entity from annotated class: com.streammedia.entity.User
[DEBUG] 2020-02-16 13:58:20.499 [http-nio-8080-exec-6] Ejb3Column - Binding column: Ejb3DiscriminatorColumn{logicalColumnName'DTYPE', discriminatorTypeName='string'}
[DEBUG] 2020-02-16 13:58:20.512 [http-nio-8080-exec-6] EntityBinder - Import with entity name User
[DEBUG] 2020-02-16 13:58:20.521 [http-nio-8080-exec-6] EntityBinder - Bind entity com.streammedia.entity.User on table SM_Users
[DEBUG] 2020-02-16 13:58:20.574 [http-nio-8080-exec-6] Ejb3Column - Binding column: Ejb3Column{table=org.hibernate.mapping.Table(SM_Users), mappingColumn=user_id, insertable=true, updatable=true, unique=false}
[DEBUG] 2020-02-16 13:58:20.590 [http-nio-8080-exec-6] PropertyBinder - MetadataSourceProcessor property userId with lazy=false
[DEBUG] 2020-02-16 13:58:20.595 [http-nio-8080-exec-6] AbstractPropertyHolder - Attempting to locate auto-apply AttributeConverter for property [com.streammedia.entity.User:userId]
[DEBUG] 2020-02-16 13:58:20.599 [http-nio-8080-exec-6] SimpleValueBinder - building SimpleValue for userId
[DEBUG] 2020-02-16 13:58:20.603 [http-nio-8080-exec-6] PropertyBinder - Building property userId
[DEBUG] 2020-02-16 13:58:20.611 [http-nio-8080-exec-6] BinderHelper - #makeIdGenerator(org.hibernate.mapping.SimpleValue([org.hibernate.mapping.Column(user_id)]), userId, org.hibernate.id.enhanced.SequenceStyleGenerator, native, ...)
[DEBUG] 2020-02-16 13:58:20.614 [http-nio-8080-exec-6] Ejb3Column - Binding column: Ejb3Column{table=org.hibernate.mapping.Table(SM_Users), mappingColumn=biography, insertable=true, updatable=true, unique=false}
[DEBUG] 2020-02-16 13:58:20.615 [http-nio-8080-exec-6] PropertyBinder - MetadataSourceProcessor property biography with lazy=false
[DEBUG] 2020-02-16 13:58:20.615 [http-nio-8080-exec-6] AbstractPropertyHolder - Attempting to locate auto-apply AttributeConverter for property [com.streammedia.entity.User:biography]
[DEBUG] 2020-02-16 13:58:20.615 [http-nio-8080-exec-6] SimpleValueBinder - building SimpleValue for biography
[DEBUG] 2020-02-16 13:58:20.616 [http-nio-8080-exec-6] PropertyBinder - Building property biography
[DEBUG] 2020-02-16 13:58:20.618 [http-nio-8080-exec-6] Ejb3Column - Binding column: Ejb3Column{table=org.hibernate.mapping.Table(SM_Users), mappingColumn=birthdate, insertable=true, updatable=true, unique=false}
[DEBUG] 2020-02-16 13:58:20.620 [http-nio-8080-exec-6] PropertyBinder - MetadataSourceProcessor property birthdate with lazy=false
[DEBUG] 2020-02-16 13:58:20.620 [http-nio-8080-exec-6] AbstractPropertyHolder - Attempting to locate auto-apply AttributeConverter for property [com.streammedia.entity.User:birthdate]
[DEBUG] 2020-02-16 13:58:20.621 [http-nio-8080-exec-6] SimpleValueBinder - building SimpleValue for birthdate
[DEBUG] 2020-02-16 13:58:20.621 [http-nio-8080-exec-6] PropertyBinder - Building property birthdate
[DEBUG] 2020-02-16 13:58:20.621 [http-nio-8080-exec-6] Ejb3Column - Binding column: Ejb3Column{table=org.hibernate.mapping.Table(SM_Users), mappingColumn=created_at, insertable=true, updatable=true, unique=false}
[DEBUG] 2020-02-16 13:58:20.624 [http-nio-8080-exec-6] PropertyBinder - MetadataSourceProcessor property createdAt with lazy=false
[DEBUG] 2020-02-16 13:58:20.624 [http-nio-8080-exec-6] AbstractPropertyHolder - Attempting to locate auto-apply AttributeConverter for property [com.streammedia.entity.User:createdAt]
[DEBUG] 2020-02-16 13:58:20.624 [http-nio-8080-exec-6] SimpleValueBinder - building SimpleValue for createdAt
[DEBUG] 2020-02-16 13:58:20.624 [http-nio-8080-exec-6] PropertyBinder - Building property createdAt
[DEBUG] 2020-02-16 13:58:20.624 [http-nio-8080-exec-6] Ejb3Column - Binding column: Ejb3Column{table=org.hibernate.mapping.Table(SM_Users), mappingColumn=email, insertable=true, updatable=true, unique=false}
[DEBUG] 2020-02-16 13:58:20.625 [http-nio-8080-exec-6] PropertyBinder - MetadataSourceProcessor property email with lazy=false
[DEBUG] 2020-02-16 13:58:20.626 [http-nio-8080-exec-6] AbstractPropertyHolder - Attempting to locate auto-apply AttributeConverter for property [com.streammedia.entity.User:email]
[DEBUG] 2020-02-16 13:58:20.626 [http-nio-8080-exec-6] SimpleValueBinder - building SimpleValue for email
[DEBUG] 2020-02-16 13:58:20.626 [http-nio-8080-exec-6] PropertyBinder - Building property email
[DEBUG] 2020-02-16 13:58:20.626 [http-nio-8080-exec-6] Ejb3Column - Binding column: Ejb3Column{table=org.hibernate.mapping.Table(SM_Users), mappingColumn=first_name, insertable=true, updatable=true, unique=false}
[DEBUG] 2020-02-16 13:58:20.626 [http-nio-8080-exec-6] PropertyBinder - MetadataSourceProcessor property firstName with lazy=false
[DEBUG] 2020-02-16 13:58:20.629 [http-nio-8080-exec-6] AbstractPropertyHolder - Attempting to locate auto-apply AttributeConverter for property [com.streammedia.entity.User:firstName]
[DEBUG] 2020-02-16 13:58:20.630 [http-nio-8080-exec-6] SimpleValueBinder - building SimpleValue for firstName
[DEBUG] 2020-02-16 13:58:20.630 [http-nio-8080-exec-6] PropertyBinder - Building property firstName
[DEBUG] 2020-02-16 13:58:20.631 [http-nio-8080-exec-6] Ejb3Column - Binding column: Ejb3Column{table=org.hibernate.mapping.Table(SM_Users), mappingColumn=gender, insertable=true, updatable=true, unique=false}
[DEBUG] 2020-02-16 13:58:20.631 [http-nio-8080-exec-6] PropertyBinder - MetadataSourceProcessor property gender with lazy=false
[DEBUG] 2020-02-16 13:58:20.631 [http-nio-8080-exec-6] AbstractPropertyHolder - Attempting to locate auto-apply AttributeConverter for property [com.streammedia.entity.User:gender]
[DEBUG] 2020-02-16 13:58:20.631 [http-nio-8080-exec-6] SimpleValueBinder - building SimpleValue for gender
[DEBUG] 2020-02-16 13:58:20.631 [http-nio-8080-exec-6] PropertyBinder - Building property gender
[DEBUG] 2020-02-16 13:58:20.631 [http-nio-8080-exec-6] Ejb3Column - Binding column: Ejb3Column{table=org.hibernate.mapping.Table(SM_Users), mappingColumn=last_name, insertable=true, updatable=true, unique=false}
[DEBUG] 2020-02-16 13:58:20.631 [http-nio-8080-exec-6] PropertyBinder - MetadataSourceProcessor property lastName with lazy=false
[DEBUG] 2020-02-16 13:58:20.632 [http-nio-8080-exec-6] AbstractPropertyHolder - Attempting to locate auto-apply AttributeConverter for property [com.streammedia.entity.User:lastName]
[DEBUG] 2020-02-16 13:58:20.632 [http-nio-8080-exec-6] SimpleValueBinder - building SimpleValue for lastName
[DEBUG] 2020-02-16 13:58:20.632 [http-nio-8080-exec-6] PropertyBinder - Building property lastName
[DEBUG] 2020-02-16 13:58:20.632 [http-nio-8080-exec-6] Ejb3Column - Binding column: Ejb3Column{table=org.hibernate.mapping.Table(SM_Users), mappingColumn=password, insertable=true, updatable=true, unique=false}
[DEBUG] 2020-02-16 13:58:20.632 [http-nio-8080-exec-6] PropertyBinder - MetadataSourceProcessor property password with lazy=false
[DEBUG] 2020-02-16 13:58:20.632 [http-nio-8080-exec-6] AbstractPropertyHolder - Attempting to locate auto-apply AttributeConverter for property [com.streammedia.entity.User:password]
[DEBUG] 2020-02-16 13:58:20.632 [http-nio-8080-exec-6] SimpleValueBinder - building SimpleValue for password
[DEBUG] 2020-02-16 13:58:20.632 [http-nio-8080-exec-6] PropertyBinder - Building property password
[DEBUG] 2020-02-16 13:58:20.632 [http-nio-8080-exec-6] Ejb3Column - Binding column: Ejb3Column{table=org.hibernate.mapping.Table(SM_Users), mappingColumn=picture, insertable=true, updatable=true, unique=false}
[DEBUG] 2020-02-16 13:58:20.633 [http-nio-8080-exec-6] PropertyBinder - MetadataSourceProcessor property picture with lazy=false
[DEBUG] 2020-02-16 13:58:20.633 [http-nio-8080-exec-6] AbstractPropertyHolder - Attempting to locate auto-apply AttributeConverter for property [com.streammedia.entity.User:picture]
[DEBUG] 2020-02-16 13:58:20.633 [http-nio-8080-exec-6] SimpleValueBinder - building SimpleValue for picture
[DEBUG] 2020-02-16 13:58:20.633 [http-nio-8080-exec-6] PropertyBinder - Building property picture
[DEBUG] 2020-02-16 13:58:20.636 [http-nio-8080-exec-6] Ejb3Column - Binding column: Ejb3JoinColumn{logicalColumnName='null', referencedColumn='null', mappedBy='user'}
[DEBUG] 2020-02-16 13:58:20.638 [http-nio-8080-exec-6] Ejb3Column - Binding column: Ejb3Column{table=org.hibernate.mapping.Table(SM_Users), mappingColumn=roles, insertable=true, updatable=true, unique=false}
[DEBUG] 2020-02-16 13:58:20.645 [http-nio-8080-exec-6] Ejb3Column - Binding column: Ejb3Column{table=org.hibernate.mapping.Table(SM_Users), mappingColumn=null, insertable=true, updatable=true, unique=false}
[DEBUG] 2020-02-16 13:58:20.671 [http-nio-8080-exec-6] Ejb3Column - Binding column: Ejb3Column{table=org.hibernate.mapping.Table(SM_Users), mappingColumn=element, insertable=true, updatable=true, unique=false}
[DEBUG] 2020-02-16 13:58:20.672 [http-nio-8080-exec-6] Ejb3Column - Binding column: Ejb3Column{table=org.hibernate.mapping.Table(SM_Users), mappingColumn=roles_KEY, insertable=true, updatable=true, unique=false}
[DEBUG] 2020-02-16 13:58:20.675 [http-nio-8080-exec-6] Ejb3Column - Binding column: Ejb3JoinColumn{logicalColumnName='roles_KEY', referencedColumn='null', mappedBy='null'}
[DEBUG] 2020-02-16 13:58:20.678 [http-nio-8080-exec-6] Ejb3Column - Binding column: Ejb3JoinColumn{logicalColumnName='null', referencedColumn='null', mappedBy='user'}
[DEBUG] 2020-02-16 13:58:20.679 [http-nio-8080-exec-6] Ejb3Column - Binding column: Ejb3JoinColumn{logicalColumnName='null', referencedColumn='null', mappedBy='user'}
[DEBUG] 2020-02-16 13:58:20.681 [http-nio-8080-exec-6] CollectionBinder - Collection role: com.streammedia.entity.User.roles
[DEBUG] 2020-02-16 13:58:20.685 [http-nio-8080-exec-6] PropertyBinder - Building property roles
[DEBUG] 2020-02-16 13:58:20.686 [http-nio-8080-exec-6] Ejb3Column - Binding column: Ejb3Column{table=org.hibernate.mapping.Table(SM_Users), mappingColumn=updated_at, insertable=true, updatable=true, unique=false}
[DEBUG] 2020-02-16 13:58:20.687 [http-nio-8080-exec-6] PropertyBinder - MetadataSourceProcessor property updateAt with lazy=false
[DEBUG] 2020-02-16 13:58:20.687 [http-nio-8080-exec-6] AbstractPropertyHolder - Attempting to locate auto-apply AttributeConverter for property [com.streammedia.entity.User:updateAt]
[DEBUG] 2020-02-16 13:58:20.687 [http-nio-8080-exec-6] SimpleValueBinder - building SimpleValue for updateAt
[DEBUG] 2020-02-16 13:58:20.687 [http-nio-8080-exec-6] PropertyBinder - Building property updateAt
[DEBUG] 2020-02-16 13:58:20.687 [http-nio-8080-exec-6] Ejb3Column - Binding column: Ejb3Column{table=org.hibernate.mapping.Table(SM_Users), mappingColumn=username, insertable=true, updatable=true, unique=true}
[DEBUG] 2020-02-16 13:58:20.688 [http-nio-8080-exec-6] PropertyBinder - MetadataSourceProcessor property username with lazy=false
[DEBUG] 2020-02-16 13:58:20.688 [http-nio-8080-exec-6] AbstractPropertyHolder - Attempting to locate auto-apply AttributeConverter for property [com.streammedia.entity.User:username]
[DEBUG] 2020-02-16 13:58:20.688 [http-nio-8080-exec-6] SimpleValueBinder - building SimpleValue for username
[DEBUG] 2020-02-16 13:58:20.688 [http-nio-8080-exec-6] PropertyBinder - Building property username
[DEBUG] 2020-02-16 13:58:20.696 [http-nio-8080-exec-6] SimpleValueBinder - Starting fillSimpleValue for userId
[DEBUG] 2020-02-16 13:58:20.696 [http-nio-8080-exec-6] SimpleValueBinder - Starting fillSimpleValue for biography
[DEBUG] 2020-02-16 13:58:20.696 [http-nio-8080-exec-6] SimpleValueBinder - Starting fillSimpleValue for birthdate
[DEBUG] 2020-02-16 13:58:20.696 [http-nio-8080-exec-6] SimpleValueBinder - Starting fillSimpleValue for createdAt
[DEBUG] 2020-02-16 13:58:20.696 [http-nio-8080-exec-6] SimpleValueBinder - Starting fillSimpleValue for email
[DEBUG] 2020-02-16 13:58:20.696 [http-nio-8080-exec-6] SimpleValueBinder - Starting fillSimpleValue for firstName
[DEBUG] 2020-02-16 13:58:20.696 [http-nio-8080-exec-6] SimpleValueBinder - Starting fillSimpleValue for gender
[DEBUG] 2020-02-16 13:58:20.696 [http-nio-8080-exec-6] SimpleValueBinder - Starting fillSimpleValue for lastName
[DEBUG] 2020-02-16 13:58:20.697 [http-nio-8080-exec-6] SimpleValueBinder - Starting fillSimpleValue for password
[DEBUG] 2020-02-16 13:58:20.697 [http-nio-8080-exec-6] SimpleValueBinder - Starting fillSimpleValue for picture
[DEBUG] 2020-02-16 13:58:20.697 [http-nio-8080-exec-6] SimpleValueBinder - Starting fillSimpleValue for updateAt
[DEBUG] 2020-02-16 13:58:20.697 [http-nio-8080-exec-6] SimpleValueBinder - Starting fillSimpleValue for username
[DEBUG] 2020-02-16 13:58:20.701 [http-nio-8080-exec-6] PrimaryKey - Forcing column [user_id] to be non-null as it is part of the primary key for table [sm_users]
[DEBUG] 2020-02-16 13:58:20.701 [http-nio-8080-exec-6] CollectionSecondPass - Second pass for collection: com.streammedia.entity.User.roles
[DEBUG] 2020-02-16 13:58:20.702 [http-nio-8080-exec-6] CollectionBinder - Binding a collection of element: com.streammedia.entity.User.roles
[DEBUG] 2020-02-16 14:00:46.220 [http-nio-8080-exec-8] IntegratorServiceImpl - Adding Integrator [org.hibernate.cfg.beanvalidation.BeanValidationIntegrator].
[DEBUG] 2020-02-16 14:00:46.235 [http-nio-8080-exec-8] IntegratorServiceImpl - Adding Integrator [org.hibernate.secure.spi.JaccIntegrator].
[DEBUG] 2020-02-16 14:00:46.245 [http-nio-8080-exec-8] IntegratorServiceImpl - Adding Integrator [org.hibernate.cache.internal.CollectionCacheInvalidator].
[INFO ] 2020-02-16 14:00:46.408 [http-nio-8080-exec-8] Version - HHH000412: Hibernate Core {5.4.4.Final}
[DEBUG] 2020-02-16 14:00:46.415 [http-nio-8080-exec-8] Environment - HHH000206: hibernate.properties not found
[DEBUG] 2020-02-16 14:00:46.639 [http-nio-8080-exec-8] LocalXmlResourceResolver - Interpreting public/system identifier : [-//Hibernate/Hibernate Configuration DTD//EN] - [http://www.hibernate.org/dtd/hibernate-configuration-3.0.dtd]
[DEBUG] 2020-02-16 14:00:46.643 [http-nio-8080-exec-8] LocalXmlResourceResolver - Recognized hibernate-configuration identifier; attempting to resolve on classpath under org/hibernate/
[DEBUG] 2020-02-16 14:00:46.647 [http-nio-8080-exec-8] JaxbCfgProcessor - cfg.xml document did not define namespaces; wrapping in custom event reader to introduce namespace information
[DEBUG] 2020-02-16 14:00:46.907 [http-nio-8080-exec-8] ServiceBinding - Overriding existing service binding [org.hibernate.secure.spi.JaccService]
[DEBUG] 2020-02-16 14:00:46.946 [http-nio-8080-exec-8] RegionFactoryInitiator - Cannot default RegionFactory based on registered strategies as `[]` RegionFactory strategies were registered
[DEBUG] 2020-02-16 14:00:46.950 [http-nio-8080-exec-8] RegionFactoryInitiator - Cache region factory : org.hibernate.cache.internal.NoCachingRegionFactory
[INFO ] 2020-02-16 14:00:46.986 [http-nio-8080-exec-8] Version - HCANN000001: Hibernate Commons Annotations {5.1.0.Final}
[DEBUG] 2020-02-16 14:00:47.051 [http-nio-8080-exec-8] BasicTypeRegistry - Adding type registration boolean -> org.hibernate.type.BooleanType@20967c82
[DEBUG] 2020-02-16 14:00:47.051 [http-nio-8080-exec-8] BasicTypeRegistry - Adding type registration boolean -> org.hibernate.type.BooleanType@20967c82
[DEBUG] 2020-02-16 14:00:47.051 [http-nio-8080-exec-8] BasicTypeRegistry - Adding type registration java.lang.Boolean -> org.hibernate.type.BooleanType@20967c82
[DEBUG] 2020-02-16 14:00:47.052 [http-nio-8080-exec-8] BasicTypeRegistry - Adding type registration numeric_boolean -> org.hibernate.type.NumericBooleanType@5230c498
[DEBUG] 2020-02-16 14:00:47.052 [http-nio-8080-exec-8] BasicTypeRegistry - Adding type registration true_false -> org.hibernate.type.TrueFalseType@41b463b0
[DEBUG] 2020-02-16 14:00:47.053 [http-nio-8080-exec-8] BasicTypeRegistry - Adding type registration yes_no -> org.hibernate.type.YesNoType@1332ad6b
[DEBUG] 2020-02-16 14:00:47.054 [http-nio-8080-exec-8] BasicTypeRegistry - Adding type registration byte -> org.hibernate.type.ByteType@33a40d26
[DEBUG] 2020-02-16 14:00:47.054 [http-nio-8080-exec-8] BasicTypeRegistry - Adding type registration byte -> org.hibernate.type.ByteType@33a40d26
[DEBUG] 2020-02-16 14:00:47.054 [http-nio-8080-exec-8] BasicTypeRegistry - Adding type registration java.lang.Byte -> org.hibernate.type.ByteType@33a40d26
[DEBUG] 2020-02-16 14:00:47.055 [http-nio-8080-exec-8] BasicTypeRegistry - Adding type registration character -> org.hibernate.type.CharacterType@1689d427
[DEBUG] 2020-02-16 14:00:47.056 [http-nio-8080-exec-8] BasicTypeRegistry - Adding type registration char -> org.hibernate.type.CharacterType@1689d427
[DEBUG] 2020-02-16 14:00:47.056 [http-nio-8080-exec-8] BasicTypeRegistry - Adding type registration java.lang.Character -> org.hibernate.type.CharacterType@1689d427
[DEBUG] 2020-02-16 14:00:47.057 [http-nio-8080-exec-8] BasicTypeRegistry - Adding type registration short -> org.hibernate.type.ShortType@687e42d1
[DEBUG] 2020-02-16 14:00:47.058 [http-nio-8080-exec-8] BasicTypeRegistry - Adding type registration short -> org.hibernate.type.ShortType@687e42d1
[DEBUG] 2020-02-16 14:00:47.058 [http-nio-8080-exec-8] BasicTypeRegistry - Adding type registration java.lang.Short -> org.hibernate.type.ShortType@687e42d1
[DEBUG] 2020-02-16 14:00:47.059 [http-nio-8080-exec-8] BasicTypeRegistry - Adding type registration integer -> org.hibernate.type.IntegerType@79f8b726
[DEBUG] 2020-02-16 14:00:47.059 [http-nio-8080-exec-8] BasicTypeRegistry - Adding type registration int -> org.hibernate.type.IntegerType@79f8b726
[DEBUG] 2020-02-16 14:00:47.059 [http-nio-8080-exec-8] BasicTypeRegistry - Adding type registration java.lang.Integer -> org.hibernate.type.IntegerType@79f8b726
[DEBUG] 2020-02-16 14:00:47.062 [http-nio-8080-exec-8] BasicTypeRegistry - Adding type registration long -> org.hibernate.type.LongType@1df56a56
[DEBUG] 2020-02-16 14:00:47.062 [http-nio-8080-exec-8] BasicTypeRegistry - Adding type registration long -> org.hibernate.type.LongType@1df56a56
[DEBUG] 2020-02-16 14:00:47.062 [http-nio-8080-exec-8] BasicTypeRegistry - Adding type registration java.lang.Long -> org.hibernate.type.LongType@1df56a56
[DEBUG] 2020-02-16 14:00:47.066 [http-nio-8080-exec-8] BasicTypeRegistry - Adding type registration float -> org.hibernate.type.FloatType@250b1d5f
[DEBUG] 2020-02-16 14:00:47.066 [http-nio-8080-exec-8] BasicTypeRegistry - Adding type registration float -> org.hibernate.type.FloatType@250b1d5f
[DEBUG] 2020-02-16 14:00:47.067 [http-nio-8080-exec-8] BasicTypeRegistry - Adding type registration java.lang.Float -> org.hibernate.type.FloatType@250b1d5f
[DEBUG] 2020-02-16 14:00:47.070 [http-nio-8080-exec-8] BasicTypeRegistry - Adding type registration double -> org.hibernate.type.DoubleType@513a28c9
[DEBUG] 2020-02-16 14:00:47.070 [http-nio-8080-exec-8] BasicTypeRegistry - Adding type registration double -> org.hibernate.type.DoubleType@513a28c9
[DEBUG] 2020-02-16 14:00:47.070 [http-nio-8080-exec-8] BasicTypeRegistry - Adding type registration java.lang.Double -> org.hibernate.type.DoubleType@513a28c9
[DEBUG] 2020-02-16 14:00:47.072 [http-nio-8080-exec-8] BasicTypeRegistry - Adding type registration big_decimal -> org.hibernate.type.BigDecimalType@6bdd4bfe
[DEBUG] 2020-02-16 14:00:47.072 [http-nio-8080-exec-8] BasicTypeRegistry - Adding type registration java.math.BigDecimal -> org.hibernate.type.BigDecimalType@6bdd4bfe
[DEBUG] 2020-02-16 14:00:47.074 [http-nio-8080-exec-8] BasicTypeRegistry - Adding type registration big_integer -> org.hibernate.type.BigIntegerType@21c7f4e9
[DEBUG] 2020-02-16 14:00:47.074 [http-nio-8080-exec-8] BasicTypeRegistry - Adding type registration java.math.BigInteger -> org.hibernate.type.BigIntegerType@21c7f4e9
[DEBUG] 2020-02-16 14:00:47.076 [http-nio-8080-exec-8] BasicTypeRegistry - Adding type registration string -> org.hibernate.type.StringType@18e27c85
[DEBUG] 2020-02-16 14:00:47.076 [http-nio-8080-exec-8] BasicTypeRegistry - Adding type registration java.lang.String -> org.hibernate.type.StringType@18e27c85
[DEBUG] 2020-02-16 14:00:47.077 [http-nio-8080-exec-8] BasicTypeRegistry - Adding type registration nstring -> org.hibernate.type.StringNVarcharType@634ef528
[DEBUG] 2020-02-16 14:00:47.078 [http-nio-8080-exec-8] BasicTypeRegistry - Adding type registration ncharacter -> org.hibernate.type.CharacterNCharType@4790f416
[DEBUG] 2020-02-16 14:00:47.079 [http-nio-8080-exec-8] BasicTypeRegistry - Adding type registration url -> org.hibernate.type.UrlType@346d99b
[DEBUG] 2020-02-16 14:00:47.079 [http-nio-8080-exec-8] BasicTypeRegistry - Adding type registration java.net.URL -> org.hibernate.type.UrlType@346d99b
[DEBUG] 2020-02-16 14:00:47.080 [http-nio-8080-exec-8] BasicTypeRegistry - Adding type registration Duration -> org.hibernate.type.DurationType@7cf44a5
[DEBUG] 2020-02-16 14:00:47.080 [http-nio-8080-exec-8] BasicTypeRegistry - Adding type registration java.time.Duration -> org.hibernate.type.DurationType@7cf44a5
[DEBUG] 2020-02-16 14:00:47.082 [http-nio-8080-exec-8] BasicTypeRegistry - Adding type registration Instant -> org.hibernate.type.InstantType@6a6e8c54
[DEBUG] 2020-02-16 14:00:47.082 [http-nio-8080-exec-8] BasicTypeRegistry - Adding type registration java.time.Instant -> org.hibernate.type.InstantType@6a6e8c54
[DEBUG] 2020-02-16 14:00:47.084 [http-nio-8080-exec-8] BasicTypeRegistry - Adding type registration LocalDateTime -> org.hibernate.type.LocalDateTimeType@507fcca3
[DEBUG] 2020-02-16 14:00:47.084 [http-nio-8080-exec-8] BasicTypeRegistry - Adding type registration java.time.LocalDateTime -> org.hibernate.type.LocalDateTimeType@507fcca3
[DEBUG] 2020-02-16 14:00:47.085 [http-nio-8080-exec-8] BasicTypeRegistry - Adding type registration LocalDate -> org.hibernate.type.LocalDateType@32c2fb2a
[DEBUG] 2020-02-16 14:00:47.085 [http-nio-8080-exec-8] BasicTypeRegistry - Adding type registration java.time.LocalDate -> org.hibernate.type.LocalDateType@32c2fb2a
[DEBUG] 2020-02-16 14:00:47.086 [http-nio-8080-exec-8] BasicTypeRegistry - Adding type registration LocalTime -> org.hibernate.type.LocalTimeType@1dbf81cb
[DEBUG] 2020-02-16 14:00:47.086 [http-nio-8080-exec-8] BasicTypeRegistry - Adding type registration java.time.LocalTime -> org.hibernate.type.LocalTimeType@1dbf81cb
[DEBUG] 2020-02-16 14:00:47.087 [http-nio-8080-exec-8] BasicTypeRegistry - Adding type registration OffsetDateTime -> org.hibernate.type.OffsetDateTimeType@285757fa
[DEBUG] 2020-02-16 14:00:47.087 [http-nio-8080-exec-8] BasicTypeRegistry - Adding type registration java.time.OffsetDateTime -> org.hibernate.type.OffsetDateTimeType@285757fa
[DEBUG] 2020-02-16 14:00:47.088 [http-nio-8080-exec-8] BasicTypeRegistry - Adding type registration OffsetTime -> org.hibernate.type.OffsetTimeType@4cd1ba15
[DEBUG] 2020-02-16 14:00:47.089 [http-nio-8080-exec-8] BasicTypeRegistry - Adding type registration java.time.OffsetTime -> org.hibernate.type.OffsetTimeType@4cd1ba15
[DEBUG] 2020-02-16 14:00:47.090 [http-nio-8080-exec-8] BasicTypeRegistry - Adding type registration ZonedDateTime -> org.hibernate.type.ZonedDateTimeType@363c6593
[DEBUG] 2020-02-16 14:00:47.090 [http-nio-8080-exec-8] BasicTypeRegistry - Adding type registration java.time.ZonedDateTime -> org.hibernate.type.ZonedDateTimeType@363c6593
[DEBUG] 2020-02-16 14:00:47.091 [http-nio-8080-exec-8] BasicTypeRegistry - Adding type registration date -> org.hibernate.type.DateType@223083f5
[DEBUG] 2020-02-16 14:00:47.091 [http-nio-8080-exec-8] BasicTypeRegistry - Adding type registration java.sql.Date -> org.hibernate.type.DateType@223083f5
[DEBUG] 2020-02-16 14:00:47.092 [http-nio-8080-exec-8] BasicTypeRegistry - Adding type registration time -> org.hibernate.type.TimeType@530a0be
[DEBUG] 2020-02-16 14:00:47.092 [http-nio-8080-exec-8] BasicTypeRegistry - Adding type registration java.sql.Time -> org.hibernate.type.TimeType@530a0be
[DEBUG] 2020-02-16 14:00:47.095 [http-nio-8080-exec-8] BasicTypeRegistry - Adding type registration timestamp -> org.hibernate.type.TimestampType@3c54c77d
[DEBUG] 2020-02-16 14:00:47.095 [http-nio-8080-exec-8] BasicTypeRegistry - Adding type registration java.sql.Timestamp -> org.hibernate.type.TimestampType@3c54c77d
[DEBUG] 2020-02-16 14:00:47.096 [http-nio-8080-exec-8] BasicTypeRegistry - Adding type registration java.util.Date -> org.hibernate.type.TimestampType@3c54c77d
[DEBUG] 2020-02-16 14:00:47.099 [http-nio-8080-exec-8] BasicTypeRegistry - Adding type registration dbtimestamp -> org.hibernate.type.DbTimestampType@5cae8a25
[DEBUG] 2020-02-16 14:00:47.104 [http-nio-8080-exec-8] BasicTypeRegistry - Adding type registration calendar -> org.hibernate.type.CalendarType@438393cf
[DEBUG] 2020-02-16 14:00:47.104 [http-nio-8080-exec-8] BasicTypeRegistry - Adding type registration java.util.Calendar -> org.hibernate.type.CalendarType@438393cf
[DEBUG] 2020-02-16 14:00:47.104 [http-nio-8080-exec-8] BasicTypeRegistry - Adding type registration java.util.GregorianCalendar -> org.hibernate.type.CalendarType@438393cf
[DEBUG] 2020-02-16 14:00:47.105 [http-nio-8080-exec-8] BasicTypeRegistry - Adding type registration calendar_date -> org.hibernate.type.CalendarDateType@72ea4ae1
[DEBUG] 2020-02-16 14:00:47.107 [http-nio-8080-exec-8] BasicTypeRegistry - Adding type registration locale -> org.hibernate.type.LocaleType@aeb83b2
[DEBUG] 2020-02-16 14:00:47.108 [http-nio-8080-exec-8] BasicTypeRegistry - Adding type registration java.util.Locale -> org.hibernate.type.LocaleType@aeb83b2
[DEBUG] 2020-02-16 14:00:47.111 [http-nio-8080-exec-8] BasicTypeRegistry - Adding type registration currency -> org.hibernate.type.CurrencyType@72ced61e
[DEBUG] 2020-02-16 14:00:47.111 [http-nio-8080-exec-8] BasicTypeRegistry - Adding type registration java.util.Currency -> org.hibernate.type.CurrencyType@72ced61e
[DEBUG] 2020-02-16 14:00:47.114 [http-nio-8080-exec-8] BasicTypeRegistry - Adding type registration timezone -> org.hibernate.type.TimeZoneType@58dd1b37
[DEBUG] 2020-02-16 14:00:47.115 [http-nio-8080-exec-8] BasicTypeRegistry - Adding type registration java.util.TimeZone -> org.hibernate.type.TimeZoneType@58dd1b37
[DEBUG] 2020-02-16 14:00:47.117 [http-nio-8080-exec-8] BasicTypeRegistry - Adding type registration class -> org.hibernate.type.ClassType@370d8a9d
[DEBUG] 2020-02-16 14:00:47.117 [http-nio-8080-exec-8] BasicTypeRegistry - Adding type registration java.lang.Class -> org.hibernate.type.ClassType@370d8a9d
[DEBUG] 2020-02-16 14:00:47.119 [http-nio-8080-exec-8] BasicTypeRegistry - Adding type registration uuid-binary -> org.hibernate.type.UUIDBinaryType@4f8ffcca
[DEBUG] 2020-02-16 14:00:47.119 [http-nio-8080-exec-8] BasicTypeRegistry - Adding type registration java.util.UUID -> org.hibernate.type.UUIDBinaryType@4f8ffcca
[DEBUG] 2020-02-16 14:00:47.119 [http-nio-8080-exec-8] BasicTypeRegistry - Adding type registration uuid-char -> org.hibernate.type.UUIDCharType@20ea61df
[DEBUG] 2020-02-16 14:00:47.121 [http-nio-8080-exec-8] BasicTypeRegistry - Adding type registration binary -> org.hibernate.type.BinaryType@4673d7b7
[DEBUG] 2020-02-16 14:00:47.121 [http-nio-8080-exec-8] BasicTypeRegistry - Adding type registration byte[] -> org.hibernate.type.BinaryType@4673d7b7
[DEBUG] 2020-02-16 14:00:47.121 [http-nio-8080-exec-8] BasicTypeRegistry - Adding type registration [B -> org.hibernate.type.BinaryType@4673d7b7
[DEBUG] 2020-02-16 14:00:47.122 [http-nio-8080-exec-8] BasicTypeRegistry - Adding type registration wrapper-binary -> org.hibernate.type.WrapperBinaryType@2366466c
[DEBUG] 2020-02-16 14:00:47.122 [http-nio-8080-exec-8] BasicTypeRegistry - Adding type registration Byte[] -> org.hibernate.type.WrapperBinaryType@2366466c
[DEBUG] 2020-02-16 14:00:47.122 [http-nio-8080-exec-8] BasicTypeRegistry - Adding type registration [Ljava.lang.Byte; -> org.hibernate.type.WrapperBinaryType@2366466c
[DEBUG] 2020-02-16 14:00:47.124 [http-nio-8080-exec-8] BasicTypeRegistry - Adding type registration row_version -> org.hibernate.type.RowVersionType@2d3c1bbb
[DEBUG] 2020-02-16 14:00:47.125 [http-nio-8080-exec-8] BasicTypeRegistry - Adding type registration image -> org.hibernate.type.ImageType@2522575d
[DEBUG] 2020-02-16 14:00:47.126 [http-nio-8080-exec-8] BasicTypeRegistry - Adding type registration characters -> org.hibernate.type.CharArrayType@2d059dcf
[DEBUG] 2020-02-16 14:00:47.126 [http-nio-8080-exec-8] BasicTypeRegistry - Adding type registration char[] -> org.hibernate.type.CharArrayType@2d059dcf
[DEBUG] 2020-02-16 14:00:47.126 [http-nio-8080-exec-8] BasicTypeRegistry - Adding type registration [C -> org.hibernate.type.CharArrayType@2d059dcf
[DEBUG] 2020-02-16 14:00:47.128 [http-nio-8080-exec-8] BasicTypeRegistry - Adding type registration wrapper-characters -> org.hibernate.type.CharacterArrayType@4b7218ae
[DEBUG] 2020-02-16 14:00:47.128 [http-nio-8080-exec-8] BasicTypeRegistry - Adding type registration [Ljava.lang.Character; -> org.hibernate.type.CharacterArrayType@4b7218ae
[DEBUG] 2020-02-16 14:00:47.128 [http-nio-8080-exec-8] BasicTypeRegistry - Adding type registration Character[] -> org.hibernate.type.CharacterArrayType@4b7218ae
[DEBUG] 2020-02-16 14:00:47.129 [http-nio-8080-exec-8] BasicTypeRegistry - Adding type registration text -> org.hibernate.type.TextType@6a59a8bc
[DEBUG] 2020-02-16 14:00:47.130 [http-nio-8080-exec-8] BasicTypeRegistry - Adding type registration ntext -> org.hibernate.type.NTextType@6e7653f4
[DEBUG] 2020-02-16 14:00:47.134 [http-nio-8080-exec-8] BasicTypeRegistry - Adding type registration blob -> org.hibernate.type.BlobType@704a2546
[DEBUG] 2020-02-16 14:00:47.134 [http-nio-8080-exec-8] BasicTypeRegistry - Adding type registration java.sql.Blob -> org.hibernate.type.BlobType@704a2546
[DEBUG] 2020-02-16 14:00:47.137 [http-nio-8080-exec-8] BasicTypeRegistry - Adding type registration materialized_blob -> org.hibernate.type.MaterializedBlobType@34e5d8d2
[DEBUG] 2020-02-16 14:00:47.140 [http-nio-8080-exec-8] BasicTypeRegistry - Adding type registration clob -> org.hibernate.type.ClobType@1c56f4ad
[DEBUG] 2020-02-16 14:00:47.140 [http-nio-8080-exec-8] BasicTypeRegistry - Adding type registration java.sql.Clob -> org.hibernate.type.ClobType@1c56f4ad
[DEBUG] 2020-02-16 14:00:47.142 [http-nio-8080-exec-8] BasicTypeRegistry - Adding type registration nclob -> org.hibernate.type.NClobType@1229e6d2
[DEBUG] 2020-02-16 14:00:47.142 [http-nio-8080-exec-8] BasicTypeRegistry - Adding type registration java.sql.NClob -> org.hibernate.type.NClobType@1229e6d2
[DEBUG] 2020-02-16 14:00:47.142 [http-nio-8080-exec-8] BasicTypeRegistry - Adding type registration materialized_clob -> org.hibernate.type.MaterializedClobType@38640726
[DEBUG] 2020-02-16 14:00:47.142 [http-nio-8080-exec-8] BasicTypeRegistry - Adding type registration materialized_nclob -> org.hibernate.type.MaterializedNClobType@7faa5f62
[DEBUG] 2020-02-16 14:00:47.144 [http-nio-8080-exec-8] BasicTypeRegistry - Adding type registration serializable -> org.hibernate.type.SerializableType@e3049f9
[DEBUG] 2020-02-16 14:00:47.147 [http-nio-8080-exec-8] BasicTypeRegistry - Adding type registration object -> org.hibernate.type.ObjectType@126508db
[DEBUG] 2020-02-16 14:00:47.147 [http-nio-8080-exec-8] BasicTypeRegistry - Adding type registration java.lang.Object -> org.hibernate.type.ObjectType@126508db
[DEBUG] 2020-02-16 14:00:47.147 [http-nio-8080-exec-8] BasicTypeRegistry - Adding type registration imm_date -> org.hibernate.type.AdaptedImmutableType@149fccd2
[DEBUG] 2020-02-16 14:00:47.148 [http-nio-8080-exec-8] BasicTypeRegistry - Adding type registration imm_time -> org.hibernate.type.AdaptedImmutableType@5e3a2673
[DEBUG] 2020-02-16 14:00:47.148 [http-nio-8080-exec-8] BasicTypeRegistry - Adding type registration imm_timestamp -> org.hibernate.type.AdaptedImmutableType@53a4404a
[DEBUG] 2020-02-16 14:00:47.148 [http-nio-8080-exec-8] BasicTypeRegistry - Adding type registration imm_dbtimestamp -> org.hibernate.type.AdaptedImmutableType@4c6dfec5
[DEBUG] 2020-02-16 14:00:47.148 [http-nio-8080-exec-8] BasicTypeRegistry - Adding type registration imm_calendar -> org.hibernate.type.AdaptedImmutableType@267e42c6
[DEBUG] 2020-02-16 14:00:47.148 [http-nio-8080-exec-8] BasicTypeRegistry - Adding type registration imm_calendar_date -> org.hibernate.type.AdaptedImmutableType@29f8f1c4
[DEBUG] 2020-02-16 14:00:47.148 [http-nio-8080-exec-8] BasicTypeRegistry - Adding type registration imm_binary -> org.hibernate.type.AdaptedImmutableType@582f52a1
[DEBUG] 2020-02-16 14:00:47.148 [http-nio-8080-exec-8] BasicTypeRegistry - Adding type registration imm_serializable -> org.hibernate.type.AdaptedImmutableType@7b1704b7
[DEBUG] 2020-02-16 14:00:47.197 [http-nio-8080-exec-8] DefaultIdentifierGeneratorFactory - Registering IdentifierGenerator strategy [uuid2] -> [org.hibernate.id.UUIDGenerator]
[DEBUG] 2020-02-16 14:00:47.199 [http-nio-8080-exec-8] DefaultIdentifierGeneratorFactory - Registering IdentifierGenerator strategy [guid] -> [org.hibernate.id.GUIDGenerator]
[DEBUG] 2020-02-16 14:00:47.201 [http-nio-8080-exec-8] DefaultIdentifierGeneratorFactory - Registering IdentifierGenerator strategy [uuid] -> [org.hibernate.id.UUIDHexGenerator]
[DEBUG] 2020-02-16 14:00:47.202 [http-nio-8080-exec-8] DefaultIdentifierGeneratorFactory - Registering IdentifierGenerator strategy [uuid.hex] -> [org.hibernate.id.UUIDHexGenerator]
[DEBUG] 2020-02-16 14:00:47.204 [http-nio-8080-exec-8] DefaultIdentifierGeneratorFactory - Registering IdentifierGenerator strategy [assigned] -> [org.hibernate.id.Assigned]
[DEBUG] 2020-02-16 14:00:47.206 [http-nio-8080-exec-8] DefaultIdentifierGeneratorFactory - Registering IdentifierGenerator strategy [identity] -> [org.hibernate.id.IdentityGenerator]
[DEBUG] 2020-02-16 14:00:47.206 [http-nio-8080-exec-8] DefaultIdentifierGeneratorFactory - Registering IdentifierGenerator strategy [select] -> [org.hibernate.id.SelectGenerator]
[DEBUG] 2020-02-16 14:00:47.208 [http-nio-8080-exec-8] DefaultIdentifierGeneratorFactory - Registering IdentifierGenerator strategy [sequence] -> [org.hibernate.id.enhanced.SequenceStyleGenerator]
[DEBUG] 2020-02-16 14:00:47.209 [http-nio-8080-exec-8] DefaultIdentifierGeneratorFactory - Registering IdentifierGenerator strategy [seqhilo] -> [org.hibernate.id.SequenceHiLoGenerator]
[DEBUG] 2020-02-16 14:00:47.209 [http-nio-8080-exec-8] DefaultIdentifierGeneratorFactory - Registering IdentifierGenerator strategy [increment] -> [org.hibernate.id.IncrementGenerator]
[DEBUG] 2020-02-16 14:00:47.210 [http-nio-8080-exec-8] DefaultIdentifierGeneratorFactory - Registering IdentifierGenerator strategy [foreign] -> [org.hibernate.id.ForeignGenerator]
[DEBUG] 2020-02-16 14:00:47.211 [http-nio-8080-exec-8] DefaultIdentifierGeneratorFactory - Registering IdentifierGenerator strategy [sequence-identity] -> [org.hibernate.id.SequenceIdentityGenerator]
[DEBUG] 2020-02-16 14:00:47.211 [http-nio-8080-exec-8] DefaultIdentifierGeneratorFactory - Registering IdentifierGenerator strategy [enhanced-sequence] -> [org.hibernate.id.enhanced.SequenceStyleGenerator]
[DEBUG] 2020-02-16 14:00:47.213 [http-nio-8080-exec-8] DefaultIdentifierGeneratorFactory - Registering IdentifierGenerator strategy [enhanced-table] -> [org.hibernate.id.enhanced.TableGenerator]
[INFO ] 2020-02-16 14:00:47.219 [http-nio-8080-exec-8] C3P0ConnectionProvider - HHH010002: C3P0 using driver: com.mysql.cj.jdbc.Driver at URL: jdbc:mysql://localhost:3306/streamMedia
[INFO ] 2020-02-16 14:00:47.219 [http-nio-8080-exec-8] C3P0ConnectionProvider - HHH10001001: Connection properties: {password=****, user=root}
[INFO ] 2020-02-16 14:00:47.220 [http-nio-8080-exec-8] C3P0ConnectionProvider - HHH10001003: Autocommit mode: false
[INFO ] 2020-02-16 14:00:47.429 [http-nio-8080-exec-8] C3P0ConnectionProvider - HHH10001007: JDBC isolation level: <unknown>
[DEBUG] 2020-02-16 14:00:47.923 [http-nio-8080-exec-8] JdbcEnvironmentInitiator - Database ->
       name : MySQL
    version : 8.0.19
      major : 8
      minor : 0
[DEBUG] 2020-02-16 14:00:47.939 [http-nio-8080-exec-8] JdbcEnvironmentInitiator - Driver ->
       name : MySQL Connector/J
    version : mysql-connector-java-8.0.16 (Revision: 34cbc6bc61f72836e26327537a432d6db7c77de6)
      major : 8
      minor : 0
[DEBUG] 2020-02-16 14:00:47.939 [http-nio-8080-exec-8] JdbcEnvironmentInitiator - JDBC version : 4.2
[INFO ] 2020-02-16 14:00:48.002 [http-nio-8080-exec-8] Dialect - HHH000400: Using dialect: org.hibernate.dialect.MySQL8Dialect
[DEBUG] 2020-02-16 14:00:48.039 [http-nio-8080-exec-8] IdentifierHelperBuilder - JDBC driver metadata reported database stores quoted identifiers in more than one case
[DEBUG] 2020-02-16 14:00:48.073 [http-nio-8080-exec-8] IdentifierHelperBuilder - IdentifierCaseStrategy for both quoted and unquoted identifiers was set to the same strategy [MIXED]; that will likely lead to problems in schema update and validation if using quoted identifiers
[DEBUG] 2020-02-16 14:00:48.152 [http-nio-8080-exec-8] Namespace - Created database namespace [logicalName=Name{catalog=null, schema=null}, physicalName=Name{catalog=null, schema=null}]
[DEBUG] 2020-02-16 14:00:48.158 [http-nio-8080-exec-8] TypeConfiguration$Scope - Scoping TypeConfiguration [org.hibernate.type.spi.TypeConfiguration@5ec3d974] to MetadataBuildingContext [org.hibernate.boot.internal.MetadataBuildingContextRootImpl@2be53818]
[DEBUG] 2020-02-16 14:00:48.257 [http-nio-8080-exec-8] AnnotationBinder - Binding entity from annotated class: com.streammedia.entity.User
[DEBUG] 2020-02-16 14:00:48.301 [http-nio-8080-exec-8] Ejb3Column - Binding column: Ejb3DiscriminatorColumn{logicalColumnName'DTYPE', discriminatorTypeName='string'}
[DEBUG] 2020-02-16 14:00:48.309 [http-nio-8080-exec-8] EntityBinder - Import with entity name User
[DEBUG] 2020-02-16 14:00:48.314 [http-nio-8080-exec-8] EntityBinder - Bind entity com.streammedia.entity.User on table SM_Users
[DEBUG] 2020-02-16 14:00:48.353 [http-nio-8080-exec-8] Ejb3Column - Binding column: Ejb3Column{table=org.hibernate.mapping.Table(SM_Users), mappingColumn=user_id, insertable=true, updatable=true, unique=false}
[DEBUG] 2020-02-16 14:00:48.366 [http-nio-8080-exec-8] PropertyBinder - MetadataSourceProcessor property userId with lazy=false
[DEBUG] 2020-02-16 14:00:48.369 [http-nio-8080-exec-8] AbstractPropertyHolder - Attempting to locate auto-apply AttributeConverter for property [com.streammedia.entity.User:userId]
[DEBUG] 2020-02-16 14:00:48.371 [http-nio-8080-exec-8] SimpleValueBinder - building SimpleValue for userId
[DEBUG] 2020-02-16 14:00:48.374 [http-nio-8080-exec-8] PropertyBinder - Building property userId
[DEBUG] 2020-02-16 14:00:48.389 [http-nio-8080-exec-8] BinderHelper - #makeIdGenerator(org.hibernate.mapping.SimpleValue([org.hibernate.mapping.Column(user_id)]), userId, org.hibernate.id.enhanced.SequenceStyleGenerator, native, ...)
[DEBUG] 2020-02-16 14:00:48.391 [http-nio-8080-exec-8] Ejb3Column - Binding column: Ejb3Column{table=org.hibernate.mapping.Table(SM_Users), mappingColumn=biography, insertable=true, updatable=true, unique=false}
[DEBUG] 2020-02-16 14:00:48.391 [http-nio-8080-exec-8] PropertyBinder - MetadataSourceProcessor property biography with lazy=false
[DEBUG] 2020-02-16 14:00:48.392 [http-nio-8080-exec-8] AbstractPropertyHolder - Attempting to locate auto-apply AttributeConverter for property [com.streammedia.entity.User:biography]
[DEBUG] 2020-02-16 14:00:48.392 [http-nio-8080-exec-8] SimpleValueBinder - building SimpleValue for biography
[DEBUG] 2020-02-16 14:00:48.392 [http-nio-8080-exec-8] PropertyBinder - Building property biography
[DEBUG] 2020-02-16 14:00:48.393 [http-nio-8080-exec-8] Ejb3Column - Binding column: Ejb3Column{table=org.hibernate.mapping.Table(SM_Users), mappingColumn=birthdate, insertable=true, updatable=true, unique=false}
[DEBUG] 2020-02-16 14:00:48.393 [http-nio-8080-exec-8] PropertyBinder - MetadataSourceProcessor property birthdate with lazy=false
[DEBUG] 2020-02-16 14:00:48.393 [http-nio-8080-exec-8] AbstractPropertyHolder - Attempting to locate auto-apply AttributeConverter for property [com.streammedia.entity.User:birthdate]
[DEBUG] 2020-02-16 14:00:48.393 [http-nio-8080-exec-8] SimpleValueBinder - building SimpleValue for birthdate
[DEBUG] 2020-02-16 14:00:48.393 [http-nio-8080-exec-8] PropertyBinder - Building property birthdate
[DEBUG] 2020-02-16 14:00:48.393 [http-nio-8080-exec-8] Ejb3Column - Binding column: Ejb3Column{table=org.hibernate.mapping.Table(SM_Users), mappingColumn=created_at, insertable=true, updatable=true, unique=false}
[DEBUG] 2020-02-16 14:00:48.396 [http-nio-8080-exec-8] PropertyBinder - MetadataSourceProcessor property createdAt with lazy=false
[DEBUG] 2020-02-16 14:00:48.396 [http-nio-8080-exec-8] AbstractPropertyHolder - Attempting to locate auto-apply AttributeConverter for property [com.streammedia.entity.User:createdAt]
[DEBUG] 2020-02-16 14:00:48.396 [http-nio-8080-exec-8] SimpleValueBinder - building SimpleValue for createdAt
[DEBUG] 2020-02-16 14:00:48.396 [http-nio-8080-exec-8] PropertyBinder - Building property createdAt
[DEBUG] 2020-02-16 14:00:48.396 [http-nio-8080-exec-8] Ejb3Column - Binding column: Ejb3Column{table=org.hibernate.mapping.Table(SM_Users), mappingColumn=email, insertable=true, updatable=true, unique=false}
[DEBUG] 2020-02-16 14:00:48.397 [http-nio-8080-exec-8] PropertyBinder - MetadataSourceProcessor property email with lazy=false
[DEBUG] 2020-02-16 14:00:48.397 [http-nio-8080-exec-8] AbstractPropertyHolder - Attempting to locate auto-apply AttributeConverter for property [com.streammedia.entity.User:email]
[DEBUG] 2020-02-16 14:00:48.397 [http-nio-8080-exec-8] SimpleValueBinder - building SimpleValue for email
[DEBUG] 2020-02-16 14:00:48.397 [http-nio-8080-exec-8] PropertyBinder - Building property email
[DEBUG] 2020-02-16 14:00:48.397 [http-nio-8080-exec-8] Ejb3Column - Binding column: Ejb3Column{table=org.hibernate.mapping.Table(SM_Users), mappingColumn=first_name, insertable=true, updatable=true, unique=false}
[DEBUG] 2020-02-16 14:00:48.397 [http-nio-8080-exec-8] PropertyBinder - MetadataSourceProcessor property firstName with lazy=false
[DEBUG] 2020-02-16 14:00:48.397 [http-nio-8080-exec-8] AbstractPropertyHolder - Attempting to locate auto-apply AttributeConverter for property [com.streammedia.entity.User:firstName]
[DEBUG] 2020-02-16 14:00:48.398 [http-nio-8080-exec-8] SimpleValueBinder - building SimpleValue for firstName
[DEBUG] 2020-02-16 14:00:48.398 [http-nio-8080-exec-8] PropertyBinder - Building property firstName
[DEBUG] 2020-02-16 14:00:48.398 [http-nio-8080-exec-8] Ejb3Column - Binding column: Ejb3Column{table=org.hibernate.mapping.Table(SM_Users), mappingColumn=gender, insertable=true, updatable=true, unique=false}
[DEBUG] 2020-02-16 14:00:48.398 [http-nio-8080-exec-8] PropertyBinder - MetadataSourceProcessor property gender with lazy=false
[DEBUG] 2020-02-16 14:00:48.398 [http-nio-8080-exec-8] AbstractPropertyHolder - Attempting to locate auto-apply AttributeConverter for property [com.streammedia.entity.User:gender]
[DEBUG] 2020-02-16 14:00:48.398 [http-nio-8080-exec-8] SimpleValueBinder - building SimpleValue for gender
[DEBUG] 2020-02-16 14:00:48.398 [http-nio-8080-exec-8] PropertyBinder - Building property gender
[DEBUG] 2020-02-16 14:00:48.398 [http-nio-8080-exec-8] Ejb3Column - Binding column: Ejb3Column{table=org.hibernate.mapping.Table(SM_Users), mappingColumn=last_name, insertable=true, updatable=true, unique=false}
[DEBUG] 2020-02-16 14:00:48.398 [http-nio-8080-exec-8] PropertyBinder - MetadataSourceProcessor property lastName with lazy=false
[DEBUG] 2020-02-16 14:00:48.399 [http-nio-8080-exec-8] AbstractPropertyHolder - Attempting to locate auto-apply AttributeConverter for property [com.streammedia.entity.User:lastName]
[DEBUG] 2020-02-16 14:00:48.399 [http-nio-8080-exec-8] SimpleValueBinder - building SimpleValue for lastName
[DEBUG] 2020-02-16 14:00:48.399 [http-nio-8080-exec-8] PropertyBinder - Building property lastName
[DEBUG] 2020-02-16 14:00:48.400 [http-nio-8080-exec-8] Ejb3Column - Binding column: Ejb3Column{table=org.hibernate.mapping.Table(SM_Users), mappingColumn=password, insertable=true, updatable=true, unique=false}
[DEBUG] 2020-02-16 14:00:48.400 [http-nio-8080-exec-8] PropertyBinder - MetadataSourceProcessor property password with lazy=false
[DEBUG] 2020-02-16 14:00:48.400 [http-nio-8080-exec-8] AbstractPropertyHolder - Attempting to locate auto-apply AttributeConverter for property [com.streammedia.entity.User:password]
[DEBUG] 2020-02-16 14:00:48.401 [http-nio-8080-exec-8] SimpleValueBinder - building SimpleValue for password
[DEBUG] 2020-02-16 14:00:48.402 [http-nio-8080-exec-8] PropertyBinder - Building property password
[DEBUG] 2020-02-16 14:00:48.402 [http-nio-8080-exec-8] Ejb3Column - Binding column: Ejb3Column{table=org.hibernate.mapping.Table(SM_Users), mappingColumn=picture, insertable=true, updatable=true, unique=false}
[DEBUG] 2020-02-16 14:00:48.402 [http-nio-8080-exec-8] PropertyBinder - MetadataSourceProcessor property picture with lazy=false
[DEBUG] 2020-02-16 14:00:48.402 [http-nio-8080-exec-8] AbstractPropertyHolder - Attempting to locate auto-apply AttributeConverter for property [com.streammedia.entity.User:picture]
[DEBUG] 2020-02-16 14:00:48.402 [http-nio-8080-exec-8] SimpleValueBinder - building SimpleValue for picture
[DEBUG] 2020-02-16 14:00:48.402 [http-nio-8080-exec-8] PropertyBinder - Building property picture
[DEBUG] 2020-02-16 14:00:48.405 [http-nio-8080-exec-8] Ejb3Column - Binding column: Ejb3JoinColumn{logicalColumnName='null', referencedColumn='null', mappedBy='user'}
[DEBUG] 2020-02-16 14:00:48.407 [http-nio-8080-exec-8] Ejb3Column - Binding column: Ejb3Column{table=org.hibernate.mapping.Table(SM_Users), mappingColumn=roles, insertable=true, updatable=true, unique=false}
[DEBUG] 2020-02-16 14:00:48.408 [http-nio-8080-exec-8] Ejb3Column - Binding column: Ejb3Column{table=org.hibernate.mapping.Table(SM_Users), mappingColumn=null, insertable=true, updatable=true, unique=false}
[DEBUG] 2020-02-16 14:00:48.431 [http-nio-8080-exec-8] Ejb3Column - Binding column: Ejb3Column{table=org.hibernate.mapping.Table(SM_Users), mappingColumn=element, insertable=true, updatable=true, unique=false}
[DEBUG] 2020-02-16 14:00:48.432 [http-nio-8080-exec-8] Ejb3Column - Binding column: Ejb3Column{table=org.hibernate.mapping.Table(SM_Users), mappingColumn=roles_KEY, insertable=true, updatable=true, unique=false}
[DEBUG] 2020-02-16 14:00:48.433 [http-nio-8080-exec-8] Ejb3Column - Binding column: Ejb3JoinColumn{logicalColumnName='roles_KEY', referencedColumn='null', mappedBy='null'}
[DEBUG] 2020-02-16 14:00:48.436 [http-nio-8080-exec-8] Ejb3Column - Binding column: Ejb3JoinColumn{logicalColumnName='null', referencedColumn='null', mappedBy='user'}
[DEBUG] 2020-02-16 14:00:48.436 [http-nio-8080-exec-8] Ejb3Column - Binding column: Ejb3JoinColumn{logicalColumnName='null', referencedColumn='null', mappedBy='user'}
[DEBUG] 2020-02-16 14:00:48.439 [http-nio-8080-exec-8] CollectionBinder - Collection role: com.streammedia.entity.User.roles
[DEBUG] 2020-02-16 14:00:48.442 [http-nio-8080-exec-8] PropertyBinder - Building property roles
[DEBUG] 2020-02-16 14:00:48.442 [http-nio-8080-exec-8] Ejb3Column - Binding column: Ejb3Column{table=org.hibernate.mapping.Table(SM_Users), mappingColumn=updated_at, insertable=true, updatable=true, unique=false}
[DEBUG] 2020-02-16 14:00:48.442 [http-nio-8080-exec-8] PropertyBinder - MetadataSourceProcessor property updateAt with lazy=false
[DEBUG] 2020-02-16 14:00:48.443 [http-nio-8080-exec-8] AbstractPropertyHolder - Attempting to locate auto-apply AttributeConverter for property [com.streammedia.entity.User:updateAt]
[DEBUG] 2020-02-16 14:00:48.443 [http-nio-8080-exec-8] SimpleValueBinder - building SimpleValue for updateAt
[DEBUG] 2020-02-16 14:00:48.443 [http-nio-8080-exec-8] PropertyBinder - Building property updateAt
[DEBUG] 2020-02-16 14:00:48.443 [http-nio-8080-exec-8] Ejb3Column - Binding column: Ejb3Column{table=org.hibernate.mapping.Table(SM_Users), mappingColumn=username, insertable=true, updatable=true, unique=true}
[DEBUG] 2020-02-16 14:00:48.445 [http-nio-8080-exec-8] PropertyBinder - MetadataSourceProcessor property username with lazy=false
[DEBUG] 2020-02-16 14:00:48.445 [http-nio-8080-exec-8] AbstractPropertyHolder - Attempting to locate auto-apply AttributeConverter for property [com.streammedia.entity.User:username]
[DEBUG] 2020-02-16 14:00:48.445 [http-nio-8080-exec-8] SimpleValueBinder - building SimpleValue for username
[DEBUG] 2020-02-16 14:00:48.445 [http-nio-8080-exec-8] PropertyBinder - Building property username
[DEBUG] 2020-02-16 14:00:48.447 [http-nio-8080-exec-8] AnnotationBinder - Binding entity from annotated class: com.streammedia.entity.Role
[DEBUG] 2020-02-16 14:00:48.448 [http-nio-8080-exec-8] Ejb3Column - Binding column: Ejb3DiscriminatorColumn{logicalColumnName'DTYPE', discriminatorTypeName='string'}
[DEBUG] 2020-02-16 14:00:48.448 [http-nio-8080-exec-8] EntityBinder - Import with entity name Role
[DEBUG] 2020-02-16 14:00:48.448 [http-nio-8080-exec-8] EntityBinder - Bind entity com.streammedia.entity.Role on table Role
[DEBUG] 2020-02-16 14:00:48.453 [http-nio-8080-exec-8] Ejb3Column - Binding column: Ejb3Column{table=org.hibernate.mapping.Table(Role), mappingColumn=role_id, insertable=true, updatable=true, unique=false}
[DEBUG] 2020-02-16 14:00:48.454 [http-nio-8080-exec-8] PropertyBinder - MetadataSourceProcessor property roleId with lazy=false
[DEBUG] 2020-02-16 14:00:48.454 [http-nio-8080-exec-8] AbstractPropertyHolder - Attempting to locate auto-apply AttributeConverter for property [com.streammedia.entity.Role:roleId]
[DEBUG] 2020-02-16 14:00:48.454 [http-nio-8080-exec-8] SimpleValueBinder - building SimpleValue for roleId
[DEBUG] 2020-02-16 14:00:48.455 [http-nio-8080-exec-8] PropertyBinder - Building property roleId
[DEBUG] 2020-02-16 14:00:48.455 [http-nio-8080-exec-8] BinderHelper - #makeIdGenerator(org.hibernate.mapping.SimpleValue([org.hibernate.mapping.Column(role_id)]), roleId, org.hibernate.id.enhanced.SequenceStyleGenerator, native, ...)
[DEBUG] 2020-02-16 14:00:48.455 [http-nio-8080-exec-8] Ejb3Column - Binding column: Ejb3Column{table=org.hibernate.mapping.Table(Role), mappingColumn=create_at, insertable=true, updatable=true, unique=false}
[DEBUG] 2020-02-16 14:00:48.455 [http-nio-8080-exec-8] PropertyBinder - MetadataSourceProcessor property createdAt with lazy=false
[DEBUG] 2020-02-16 14:00:48.455 [http-nio-8080-exec-8] AbstractPropertyHolder - Attempting to locate auto-apply AttributeConverter for property [com.streammedia.entity.Role:createdAt]
[DEBUG] 2020-02-16 14:00:48.455 [http-nio-8080-exec-8] SimpleValueBinder - building SimpleValue for createdAt
[DEBUG] 2020-02-16 14:00:48.455 [http-nio-8080-exec-8] PropertyBinder - Building property createdAt
[DEBUG] 2020-02-16 14:00:48.455 [http-nio-8080-exec-8] Ejb3Column - Binding column: Ejb3Column{table=org.hibernate.mapping.Table(Role), mappingColumn=name, insertable=true, updatable=true, unique=false}
[DEBUG] 2020-02-16 14:00:48.455 [http-nio-8080-exec-8] PropertyBinder - MetadataSourceProcessor property name with lazy=false
[DEBUG] 2020-02-16 14:00:48.455 [http-nio-8080-exec-8] AbstractPropertyHolder - Attempting to locate auto-apply AttributeConverter for property [com.streammedia.entity.Role:name]
[DEBUG] 2020-02-16 14:00:48.456 [http-nio-8080-exec-8] SimpleValueBinder - building SimpleValue for name
[DEBUG] 2020-02-16 14:00:48.456 [http-nio-8080-exec-8] PropertyBinder - Building property name
[DEBUG] 2020-02-16 14:00:48.456 [http-nio-8080-exec-8] Ejb3Column - Binding column: Ejb3Column{table=org.hibernate.mapping.Table(Role), mappingColumn=updated_at, insertable=true, updatable=true, unique=false}
[DEBUG] 2020-02-16 14:00:48.456 [http-nio-8080-exec-8] PropertyBinder - MetadataSourceProcessor property updatedAt with lazy=false
[DEBUG] 2020-02-16 14:00:48.456 [http-nio-8080-exec-8] AbstractPropertyHolder - Attempting to locate auto-apply AttributeConverter for property [com.streammedia.entity.Role:updatedAt]
[DEBUG] 2020-02-16 14:00:48.456 [http-nio-8080-exec-8] SimpleValueBinder - building SimpleValue for updatedAt
[DEBUG] 2020-02-16 14:00:48.456 [http-nio-8080-exec-8] PropertyBinder - Building property updatedAt
[DEBUG] 2020-02-16 14:00:48.456 [http-nio-8080-exec-8] Ejb3Column - Binding column: Ejb3JoinColumn{logicalColumnName='username', referencedColumn='username', mappedBy=''}
[DEBUG] 2020-02-16 14:00:48.456 [http-nio-8080-exec-8] Ejb3Column - Binding column: Ejb3Column{table=org.hibernate.mapping.Table(Role), mappingColumn=user, insertable=true, updatable=true, unique=false}
[DEBUG] 2020-02-16 14:00:48.459 [http-nio-8080-exec-8] PropertyBinder - Building property user
[DEBUG] 2020-02-16 14:00:48.460 [http-nio-8080-exec-8] Ejb3Column - Binding column: Ejb3Column{table=org.hibernate.mapping.Table(Role), mappingColumn=username, insertable=true, updatable=true, unique=false}
[DEBUG] 2020-02-16 14:00:48.461 [http-nio-8080-exec-8] PropertyBinder - MetadataSourceProcessor property username with lazy=false
[DEBUG] 2020-02-16 14:00:48.461 [http-nio-8080-exec-8] AbstractPropertyHolder - Attempting to locate auto-apply AttributeConverter for property [com.streammedia.entity.Role:username]
[DEBUG] 2020-02-16 14:00:48.461 [http-nio-8080-exec-8] SimpleValueBinder - building SimpleValue for username
[DEBUG] 2020-02-16 14:00:48.462 [http-nio-8080-exec-8] PropertyBinder - Building property username
[DEBUG] 2020-02-16 14:00:48.465 [http-nio-8080-exec-8] SimpleValueBinder - Starting fillSimpleValue for userId
[DEBUG] 2020-02-16 14:00:48.466 [http-nio-8080-exec-8] SimpleValueBinder - Starting fillSimpleValue for biography
[DEBUG] 2020-02-16 14:00:48.466 [http-nio-8080-exec-8] SimpleValueBinder - Starting fillSimpleValue for birthdate
[DEBUG] 2020-02-16 14:00:48.467 [http-nio-8080-exec-8] SimpleValueBinder - Starting fillSimpleValue for createdAt
[DEBUG] 2020-02-16 14:00:48.467 [http-nio-8080-exec-8] SimpleValueBinder - Starting fillSimpleValue for email
[DEBUG] 2020-02-16 14:00:48.467 [http-nio-8080-exec-8] SimpleValueBinder - Starting fillSimpleValue for firstName
[DEBUG] 2020-02-16 14:00:48.467 [http-nio-8080-exec-8] SimpleValueBinder - Starting fillSimpleValue for gender
[DEBUG] 2020-02-16 14:00:48.467 [http-nio-8080-exec-8] SimpleValueBinder - Starting fillSimpleValue for lastName
[DEBUG] 2020-02-16 14:00:48.467 [http-nio-8080-exec-8] SimpleValueBinder - Starting fillSimpleValue for password
[DEBUG] 2020-02-16 14:00:48.467 [http-nio-8080-exec-8] SimpleValueBinder - Starting fillSimpleValue for picture
[DEBUG] 2020-02-16 14:00:48.467 [http-nio-8080-exec-8] SimpleValueBinder - Starting fillSimpleValue for updateAt
[DEBUG] 2020-02-16 14:00:48.467 [http-nio-8080-exec-8] SimpleValueBinder - Starting fillSimpleValue for username
[DEBUG] 2020-02-16 14:00:48.469 [http-nio-8080-exec-8] SimpleValueBinder - Starting fillSimpleValue for roleId
[DEBUG] 2020-02-16 14:00:48.469 [http-nio-8080-exec-8] SimpleValueBinder - Starting fillSimpleValue for createdAt
[DEBUG] 2020-02-16 14:00:48.469 [http-nio-8080-exec-8] SimpleValueBinder - Starting fillSimpleValue for name
[DEBUG] 2020-02-16 14:00:48.469 [http-nio-8080-exec-8] SimpleValueBinder - Starting fillSimpleValue for updatedAt
[DEBUG] 2020-02-16 14:00:48.469 [http-nio-8080-exec-8] SimpleValueBinder - Starting fillSimpleValue for username
[DEBUG] 2020-02-16 14:00:48.480 [http-nio-8080-exec-8] PrimaryKey - Forcing column [user_id] to be non-null as it is part of the primary key for table [sm_users]
[DEBUG] 2020-02-16 14:00:48.480 [http-nio-8080-exec-8] PrimaryKey - Forcing column [role_id] to be non-null as it is part of the primary key for table [role]
[DEBUG] 2020-02-16 14:00:48.480 [http-nio-8080-exec-8] CollectionSecondPass - Second pass for collection: com.streammedia.entity.User.roles
[DEBUG] 2020-02-16 14:00:48.483 [http-nio-8080-exec-8] CollectionBinder - Binding a OneToMany: com.streammedia.entity.User.roles through a foreign key
[DEBUG] 2020-02-16 14:00:48.484 [http-nio-8080-exec-8] CollectionBinder - Mapping collection: com.streammedia.entity.User.roles -> Role
[DEBUG] 2020-02-16 14:00:48.486 [http-nio-8080-exec-8] TableBinder - Retrieving property com.streammedia.entity.Role.user
[DEBUG] 2020-02-16 14:00:48.486 [http-nio-8080-exec-8] CollectionSecondPass - Mapped collection key: username, one-to-many: com.streammedia.entity.Role
[DEBUG] 2020-02-16 14:00:48.486 [http-nio-8080-exec-8] InFlightMetadataCollectorImpl - Processing association property references
[DEBUG] 2020-02-16 14:00:48.486 [http-nio-8080-exec-8] InFlightMetadataCollectorImpl - Resolving reference to class: com.streammedia.entity.User
[DEBUG] 2020-02-16 14:00:48.490 [http-nio-8080-exec-8] InFlightMetadataCollectorImpl - Processing association property references
[DEBUG] 2020-02-16 14:00:48.490 [http-nio-8080-exec-8] InFlightMetadataCollectorImpl - Resolving reference to class: com.streammedia.entity.User
