[DEBUG] 2020-03-14 11:37:07.893 [http-nio-8080-exec-10] GenericDao - The list of Entities [FAQ(faqId=1, title=What is your best movie made?, category=Movies, description=The best movie made is what is life?, createdAt=2020-03-11T17:20:57, updatedAt=2020-03-11T17:21:05, user=User(userId=1, username=admin, email=admin@streammedia.com, password=466881cdec1517cb3f64f996221c406f4052cc8a2f7f1b55f4ff384cba64746b$1$7f8e02e89785d422ea2d90d30722781003ccc4eb0ba7e44bfdf7cf76f195cd78, firstName=Jeanne, lastName=Uwimana, birthdate=2015-01-04, picture=, gender=Other, biography=Biography))]
[INFO ] 2020-03-14 11:38:03.403 [http-nio-8080-exec-5] GenericDao - Searching for entity with username = admin
[DEBUG] 2020-03-14 11:38:03.446 [http-nio-8080-exec-5] FAQAdd - Adding FAQ: 
[DEBUG] 2020-03-14 11:38:03.657 [http-nio-8080-exec-5] GenericDao - A new user was Added with an Id2
[DEBUG] 2020-03-14 11:38:03.697 [http-nio-8080-exec-6] GenericDao - The list of Entities [FAQ(faqId=1, title=What is your best movie made?, category=Movies, description=The best movie made is what is life?, createdAt=2020-03-11T17:20:57, updatedAt=2020-03-11T17:21:05, user=User(userId=1, username=admin, email=admin@streammedia.com, password=466881cdec1517cb3f64f996221c406f4052cc8a2f7f1b55f4ff384cba64746b$1$7f8e02e89785d422ea2d90d30722781003ccc4eb0ba7e44bfdf7cf76f195cd78, firstName=Jeanne, lastName=Uwimana, birthdate=2015-01-04, picture=, gender=Other, biography=Biography)), FAQ(faqId=2, title=Where to find new trailers, category=Trailers, description=The Trailers are located under media drop-down menu., createdAt=2020-03-14T11:38:03, updatedAt=2020-03-14T11:38:03, user=User(userId=1, username=admin, email=admin@streammedia.com, password=466881cdec1517cb3f64f996221c406f4052cc8a2f7f1b55f4ff384cba64746b$1$7f8e02e89785d422ea2d90d30722781003ccc4eb0ba7e44bfdf7cf76f195cd78, firstName=Jeanne, lastName=Uwimana, birthdate=2015-01-04, picture=, gender=Other, biography=Biography))]
[DEBUG] 2020-03-14 11:38:05.587 [http-nio-8080-exec-7] GenericDao - Getting Entity by Id 2
[DEBUG] 2020-03-14 11:38:05.617 [http-nio-8080-exec-7] FAQDetails - Getting a Single FAQ FAQ(faqId=2, title=Where to find new trailers, category=Trailers, description=The Trailers are located under media drop-down menu., createdAt=2020-03-14T11:38:03, updatedAt=2020-03-14T11:38:03, user=User(userId=1, username=admin, email=admin@streammedia.com, password=466881cdec1517cb3f64f996221c406f4052cc8a2f7f1b55f4ff384cba64746b$1$7f8e02e89785d422ea2d90d30722781003ccc4eb0ba7e44bfdf7cf76f195cd78, firstName=Jeanne, lastName=Uwimana, birthdate=2015-01-04, picture=, gender=Other, biography=Biography))
[DEBUG] 2020-03-14 11:38:08.813 [http-nio-8080-exec-8] GenericDao - Getting Entity by Id 2
[DEBUG] 2020-03-14 11:41:49.883 [http-nio-8080-exec-3] GenericDao - Getting Entity by Id 2
[DEBUG] 2020-03-14 11:42:20.071 [http-nio-8080-exec-6] FAQEdit - Updating FAQ
[DEBUG] 2020-03-14 11:42:20.071 [http-nio-8080-exec-6] GenericDao - Getting Entity by Id 2
[DEBUG] 2020-03-14 11:42:20.090 [http-nio-8080-exec-6] GenericDao - Updating an Entity
[DEBUG] 2020-03-14 11:46:04.359 [http-nio-8080-exec-4] GenericDao - Getting Entity by Id 2
[DEBUG] 2020-03-14 11:46:16.876 [http-nio-8080-exec-6] FAQEdit - Updating FAQ
[DEBUG] 2020-03-14 11:46:16.877 [http-nio-8080-exec-6] GenericDao - Getting Entity by Id 2
[DEBUG] 2020-03-14 11:46:16.893 [http-nio-8080-exec-6] GenericDao - Updating an Entity
[DEBUG] 2020-03-14 11:46:21.702 [http-nio-8080-exec-7] GenericDao - Getting Entity by Id 2
[DEBUG] 2020-03-14 11:46:27.989 [http-nio-8080-exec-8] GenericDao - The list of Entities []
[DEBUG] 2020-03-14 11:46:27.989 [http-nio-8080-exec-8] TrailerList - Getting All Trailers servlet[]
[DEBUG] 2020-03-14 11:46:31.533 [http-nio-8080-exec-9] GenericDao - The list of Entities []
[DEBUG] 2020-03-14 11:46:31.533 [http-nio-8080-exec-9] TrailerList - Getting All Trailers servlet[]
[DEBUG] 2020-03-14 11:46:41.797 [http-nio-8080-exec-1] GenericDao - The list of Entities [FAQ(faqId=1, title=What is your best movie made?, category=Movies, description=The best movie made is what is life?, createdAt=2020-03-11T17:20:57, updatedAt=2020-03-11T17:21:05, user=User(userId=1, username=admin, email=admin@streammedia.com, password=466881cdec1517cb3f64f996221c406f4052cc8a2f7f1b55f4ff384cba64746b$1$7f8e02e89785d422ea2d90d30722781003ccc4eb0ba7e44bfdf7cf76f195cd78, firstName=Jeanne, lastName=Uwimana, birthdate=2015-01-04, picture=, gender=Other, biography=Biography)), FAQ(faqId=2, title=Where to find new trailers, category=Trailers, description=The Trailers are located under media drop-down menu.New trailers will be at the top., createdAt=2020-03-14T11:38:03, updatedAt=2020-03-14T11:46:17, user=User(userId=1, username=admin, email=admin@streammedia.com, password=466881cdec1517cb3f64f996221c406f4052cc8a2f7f1b55f4ff384cba64746b$1$7f8e02e89785d422ea2d90d30722781003ccc4eb0ba7e44bfdf7cf76f195cd78, firstName=Jeanne, lastName=Uwimana, birthdate=2015-01-04, picture=, gender=Other, biography=Biography))]
[DEBUG] 2020-03-14 11:46:44.232 [http-nio-8080-exec-3] GenericDao - Getting Entity by Id 2
[DEBUG] 2020-03-14 11:46:54.760 [http-nio-8080-exec-5] FAQEdit - Updating FAQ
[DEBUG] 2020-03-14 11:46:54.760 [http-nio-8080-exec-5] GenericDao - Getting Entity by Id 2
[DEBUG] 2020-03-14 11:46:54.799 [http-nio-8080-exec-5] GenericDao - Updating an Entity
[INFO ] 2020-03-14 11:48:39.459 [http-nio-8080-exec-6] GenericDao - Searching for entity with username = admin
[DEBUG] 2020-03-14 11:48:39.908 [http-nio-8080-exec-6] UserProfile - Remote User: admin
[DEBUG] 2020-03-14 11:48:42.726 [http-nio-8080-exec-7] GenericDao - The list of Entities [FAQ(faqId=1, title=What is your best movie made?, category=Movies, description=The best movie made is what is life?, createdAt=2020-03-11T17:20:57, updatedAt=2020-03-11T17:21:05, user=User(userId=1, username=admin, email=admin@streammedia.com, password=466881cdec1517cb3f64f996221c406f4052cc8a2f7f1b55f4ff384cba64746b$1$7f8e02e89785d422ea2d90d30722781003ccc4eb0ba7e44bfdf7cf76f195cd78, firstName=Jeanne, lastName=Uwimana, birthdate=2015-01-04, picture=, gender=Other, biography=Biography)), FAQ(faqId=2, title=Where to find new trailers, category=Trailers, description=The Trailers are located under media drop-down menu.New trailers will be at the top.More, createdAt=2020-03-14T11:38:03, updatedAt=2020-03-14T11:46:55, user=User(userId=1, username=admin, email=admin@streammedia.com, password=466881cdec1517cb3f64f996221c406f4052cc8a2f7f1b55f4ff384cba64746b$1$7f8e02e89785d422ea2d90d30722781003ccc4eb0ba7e44bfdf7cf76f195cd78, firstName=Jeanne, lastName=Uwimana, birthdate=2015-01-04, picture=, gender=Other, biography=Biography))]
[DEBUG] 2020-03-14 11:48:46.243 [http-nio-8080-exec-9] GenericDao - Getting Entity by Id 2
[DEBUG] 2020-03-14 11:48:51.360 [http-nio-8080-exec-10] FAQEdit - Updating FAQ
[DEBUG] 2020-03-14 11:48:51.361 [http-nio-8080-exec-10] GenericDao - Getting Entity by Id 2
[DEBUG] 2020-03-14 11:48:51.391 [http-nio-8080-exec-10] GenericDao - Updating an Entity
[DEBUG] 2020-03-14 11:48:51.487 [http-nio-8080-exec-1] GenericDao - The list of Entities [FAQ(faqId=1, title=What is your best movie made?, category=Movies, description=The best movie made is what is life?, createdAt=2020-03-11T17:20:57, updatedAt=2020-03-11T17:21:05, user=User(userId=1, username=admin, email=admin@streammedia.com, password=466881cdec1517cb3f64f996221c406f4052cc8a2f7f1b55f4ff384cba64746b$1$7f8e02e89785d422ea2d90d30722781003ccc4eb0ba7e44bfdf7cf76f195cd78, firstName=Jeanne, lastName=Uwimana, birthdate=2015-01-04, picture=, gender=Other, biography=Biography)), FAQ(faqId=2, title=Where to find new trailers, category=Trailers, description=The Trailers are located under media drop-down menu.New trailers will be at the top., createdAt=2020-03-14T11:38:03, updatedAt=2020-03-14T11:48:51, user=User(userId=1, username=admin, email=admin@streammedia.com, password=466881cdec1517cb3f64f996221c406f4052cc8a2f7f1b55f4ff384cba64746b$1$7f8e02e89785d422ea2d90d30722781003ccc4eb0ba7e44bfdf7cf76f195cd78, firstName=Jeanne, lastName=Uwimana, birthdate=2015-01-04, picture=, gender=Other, biography=Biography))]
[DEBUG] 2020-03-14 11:49:00.946 [http-nio-8080-exec-3] GenericDao - Getting Entity by Id 2
[DEBUG] 2020-03-14 11:49:00.964 [http-nio-8080-exec-3] FAQDetails - Getting a Single FAQ FAQ(faqId=2, title=Where to find new trailers, category=Trailers, description=The Trailers are located under media drop-down menu.New trailers will be at the top., createdAt=2020-03-14T11:38:03, updatedAt=2020-03-14T11:48:51, user=User(userId=1, username=admin, email=admin@streammedia.com, password=466881cdec1517cb3f64f996221c406f4052cc8a2f7f1b55f4ff384cba64746b$1$7f8e02e89785d422ea2d90d30722781003ccc4eb0ba7e44bfdf7cf76f195cd78, firstName=Jeanne, lastName=Uwimana, birthdate=2015-01-04, picture=, gender=Other, biography=Biography))
[DEBUG] 2020-03-14 11:49:19.104 [http-nio-8080-exec-5] FAQDelete - Delete FAQ
[DEBUG] 2020-03-14 11:49:19.105 [http-nio-8080-exec-5] GenericDao - Getting Entity by Id 2
[DEBUG] 2020-03-14 11:49:19.188 [http-nio-8080-exec-6] GenericDao - The list of Entities [FAQ(faqId=1, title=What is your best movie made?, category=Movies, description=The best movie made is what is life?, createdAt=2020-03-11T17:20:57, updatedAt=2020-03-11T17:21:05, user=User(userId=1, username=admin, email=admin@streammedia.com, password=466881cdec1517cb3f64f996221c406f4052cc8a2f7f1b55f4ff384cba64746b$1$7f8e02e89785d422ea2d90d30722781003ccc4eb0ba7e44bfdf7cf76f195cd78, firstName=Jeanne, lastName=Uwimana, birthdate=2015-01-04, picture=, gender=Other, biography=Biography))]
[INFO ] 2020-03-14 11:50:02.069 [http-nio-8080-exec-10] GenericDao - Searching for entity with username = admin
[DEBUG] 2020-03-14 11:50:02.108 [http-nio-8080-exec-10] FAQAdd - Adding FAQ: 
[DEBUG] 2020-03-14 11:50:02.140 [http-nio-8080-exec-10] GenericDao - A new user was Added with an Id3
[DEBUG] 2020-03-14 11:50:02.164 [http-nio-8080-exec-1] GenericDao - The list of Entities [FAQ(faqId=1, title=What is your best movie made?, category=Movies, description=The best movie made is what is life?, createdAt=2020-03-11T17:20:57, updatedAt=2020-03-11T17:21:05, user=User(userId=1, username=admin, email=admin@streammedia.com, password=466881cdec1517cb3f64f996221c406f4052cc8a2f7f1b55f4ff384cba64746b$1$7f8e02e89785d422ea2d90d30722781003ccc4eb0ba7e44bfdf7cf76f195cd78, firstName=Jeanne, lastName=Uwimana, birthdate=2015-01-04, picture=, gender=Other, biography=Biography)), FAQ(faqId=3, title=Where to find new trailers, category=Trailers, description=The Trailers are located under media drop-down menu.New trailers will be at the top., createdAt=2020-03-14T11:50:02, updatedAt=2020-03-14T11:50:02, user=User(userId=1, username=admin, email=admin@streammedia.com, password=466881cdec1517cb3f64f996221c406f4052cc8a2f7f1b55f4ff384cba64746b$1$7f8e02e89785d422ea2d90d30722781003ccc4eb0ba7e44bfdf7cf76f195cd78, firstName=Jeanne, lastName=Uwimana, birthdate=2015-01-04, picture=, gender=Other, biography=Biography))]
[DEBUG] 2020-03-14 11:50:04.305 [http-nio-8080-exec-2] GenericDao - Getting Entity by Id 1
[DEBUG] 2020-03-14 11:50:04.318 [http-nio-8080-exec-2] FAQDetails - Getting a Single FAQ FAQ(faqId=1, title=What is your best movie made?, category=Movies, description=The best movie made is what is life?, createdAt=2020-03-11T17:20:57, updatedAt=2020-03-11T17:21:05, user=User(userId=1, username=admin, email=admin@streammedia.com, password=466881cdec1517cb3f64f996221c406f4052cc8a2f7f1b55f4ff384cba64746b$1$7f8e02e89785d422ea2d90d30722781003ccc4eb0ba7e44bfdf7cf76f195cd78, firstName=Jeanne, lastName=Uwimana, birthdate=2015-01-04, picture=, gender=Other, biography=Biography))
[DEBUG] 2020-03-14 11:50:11.152 [http-nio-8080-exec-3] GenericDao - The list of Entities []
[DEBUG] 2020-03-14 11:50:11.152 [http-nio-8080-exec-3] TrailerList - Getting All Trailers servlet[]
